2023-12-12 07:03:49,624 [INFO] Activator:176 - 


2023-12-12 07:03:49,624 [INFO] Activator:177 - !SESSION log4j initialized
2023-12-12 07:03:53,809 [INFO] LogOutputStream:77 - [STDOUT_REDIRECT] 
2023-12-12 07:03:59,969 [INFO] ApplicationProperties:184 - Using Application install path: C:\ST\STM32CubeIDE_1.13.1\STM32CubeIDE\plugins\com.st.stm32cube.common.mx_6.9.1.202307191849
2023-12-12 07:03:59,983 [INFO] DbMcusXml:78 - Set database path to: C:\ST\STM32CubeIDE_1.13.1\STM32CubeIDE\plugins\com.st.stm32cube.common.mx_6.9.1.202307191849\\db\/mcu/
2023-12-12 07:03:59,984 [INFO] ApiDb:274 - Set plugin database path to: C:\ST\STM32CubeIDE_1.13.1\STM32CubeIDE\plugins\com.st.stm32cube.common.mx_6.9.1.202307191849\\db\/plugins/boardmanager/
2023-12-12 07:03:59,984 [WARN] ApiDb:259 - Overriding images path with different value:  => C:\ST\STM32CubeIDE_1.13.1\STM32CubeIDE\plugins\com.st.stm32cube.common.mx_6.9.1.202307191849\\db\/plugins/mcufinder/images/
2023-12-12 07:03:59,998 [INFO] ApiDb:250 - Set database path to: C:\Users\acer\.stmcufinder\plugins\mcufinder//mcu/
2023-12-12 07:03:59,998 [INFO] DbMcusAds:125 - Set database path to: C:\Users\acer\.stmcufinder\plugins\mcufinder//mcu/
2023-12-12 07:04:00,000 [INFO] CrossReferenceDbSqlite:203 - Set database path to: C:\Users\acer\.stmcufinder\plugins\mcufinder//mcu/cs/
2023-12-12 07:04:00,085 [INFO] RulesReader:64 - Compatibility file has been processed (293 Rules)
2023-12-12 07:04:00,158 [INFO] DbMcusXml:78 - Set database path to: C:\ST\STM32CubeIDE_1.13.1\STM32CubeIDE\plugins\com.st.stm32cube.common.mx_6.9.1.202307191849\\db\/mcu/
2023-12-12 07:04:00,159 [INFO] ApiDb:274 - Set plugin database path to: C:\ST\STM32CubeIDE_1.13.1\STM32CubeIDE\plugins\com.st.stm32cube.common.mx_6.9.1.202307191849\\db\/plugins/boardmanager/
2023-12-12 07:04:00,159 [INFO] ApiDb:261 - Set plugin images path to: C:\ST\STM32CubeIDE_1.13.1\STM32CubeIDE\plugins\com.st.stm32cube.common.mx_6.9.1.202307191849\\db\/plugins/mcufinder/images/
2023-12-12 07:04:00,159 [WARN] DbFile:41 - Overriding database path with different value: C:\Users\acer\.stmcufinder\plugins\mcufinder/ => C:\Users\acer\.stmcufinder\plugins\mcufinder
2023-12-12 07:04:00,159 [INFO] ApiDb:250 - Set database path to: C:\Users\acer\.stmcufinder\plugins\mcufinder//mcu/
2023-12-12 07:04:00,159 [WARN] DbFile:41 - Overriding database path with different value: C:\Users\acer\.stmcufinder\plugins\mcufinder/ => C:\Users\acer\.stmcufinder\plugins\mcufinder
2023-12-12 07:04:00,159 [INFO] DbMcusAds:125 - Set database path to: C:\Users\acer\.stmcufinder\plugins\mcufinder//mcu/
2023-12-12 07:04:00,159 [WARN] DbFile:41 - Overriding database path with different value: C:\Users\acer\.stmcufinder\plugins\mcufinder/ => C:\Users\acer\.stmcufinder\plugins\mcufinder
2023-12-12 07:04:00,159 [WARN] DbFile:41 - Overriding database path with different value: C:\Users\acer\.stmcufinder\plugins\mcufinder/ => C:\Users\acer\.stmcufinder\plugins\mcufinder
2023-12-12 07:04:00,160 [INFO] CrossReferenceDbSqlite:203 - Set database path to: C:\Users\acer\.stmcufinder\plugins\mcufinder//mcu/cs/
2023-12-12 07:04:00,214 [INFO] MainPanel:262 - HeapMemory: 268435456
2023-12-12 07:04:00,279 [INFO] DbMcusXml:78 - Set database path to: C:\ST\STM32CubeIDE_1.13.1\STM32CubeIDE\plugins\com.st.stm32cube.common.mx_6.9.1.202307191849\\db\/mcu/
2023-12-12 07:04:00,279 [INFO] ApiDb:274 - Set plugin database path to: C:\ST\STM32CubeIDE_1.13.1\STM32CubeIDE\plugins\com.st.stm32cube.common.mx_6.9.1.202307191849\\db\/plugins/boardmanager/
2023-12-12 07:04:00,279 [INFO] ApiDb:261 - Set plugin images path to: C:\ST\STM32CubeIDE_1.13.1\STM32CubeIDE\plugins\com.st.stm32cube.common.mx_6.9.1.202307191849\\db\/plugins/mcufinder/images/
2023-12-12 07:04:00,279 [WARN] DbFile:41 - Overriding database path with different value: C:\Users\acer\.stmcufinder\plugins\mcufinder/ => C:\Users\acer\.stmcufinder\plugins\mcufinder
2023-12-12 07:04:00,280 [INFO] ApiDb:250 - Set database path to: C:\Users\acer\.stmcufinder\plugins\mcufinder//mcu/
2023-12-12 07:04:00,280 [WARN] DbFile:41 - Overriding database path with different value: C:\Users\acer\.stmcufinder\plugins\mcufinder/ => C:\Users\acer\.stmcufinder\plugins\mcufinder
2023-12-12 07:04:00,280 [INFO] DbMcusAds:125 - Set database path to: C:\Users\acer\.stmcufinder\plugins\mcufinder//mcu/
2023-12-12 07:04:00,280 [WARN] DbFile:41 - Overriding database path with different value: C:\Users\acer\.stmcufinder\plugins\mcufinder/ => C:\Users\acer\.stmcufinder\plugins\mcufinder
2023-12-12 07:04:00,280 [WARN] DbFile:41 - Overriding database path with different value: C:\Users\acer\.stmcufinder\plugins\mcufinder/ => C:\Users\acer\.stmcufinder\plugins\mcufinder
2023-12-12 07:04:00,280 [INFO] CrossReferenceDbSqlite:203 - Set database path to: C:\Users\acer\.stmcufinder\plugins\mcufinder//mcu/cs/
2023-12-12 07:04:00,291 [INFO] ApplicationProperties:184 - Using Application install path: C:\ST\STM32CubeIDE_1.13.1\STM32CubeIDE\plugins\com.st.stm32cube.common.mx_6.9.1.202307191849
2023-12-12 07:04:00,292 [INFO] PluginManage:196 - Search for loadable plugins [exclusion list=, ]
2023-12-12 07:04:00,293 [INFO] PluginManage:310 - Check plugin analytics
2023-12-12 07:04:05,371 [INFO] AnalyticsPlugin:253 - Accepted Software Licenses: STM32CubeMX.6.9.1
2023-12-12 07:04:05,371 [INFO] AnalyticsPlugin:255 - Accepted CMSIS Pack Licenses: 
2023-12-12 07:04:05,371 [INFO] AnalyticsPlugin:257 - Accepted Firmware Licenses: FW.F4.1.27.0
2023-12-12 07:04:05,373 [INFO] PluginManage:359 - Loaded plugin analytics (category:tool,tabindex:-1)
2023-12-12 07:04:05,373 [INFO] PluginManage:310 - Check plugin cadmodel
2023-12-12 07:04:05,384 [INFO] CADModel:105 - Init CAD model plugin
2023-12-12 07:04:05,384 [INFO] PluginManage:359 - Loaded plugin cadmodel (category:power,tabindex:5)
2023-12-12 07:04:05,384 [INFO] PluginManage:310 - Check plugin clock
2023-12-12 07:04:05,396 [INFO] PluginManage:359 - Loaded plugin clock (category:base,tabindex:2)
2023-12-12 07:04:05,397 [INFO] PluginManage:310 - Check plugin ddr
2023-12-12 07:04:05,398 [INFO] PluginManage:359 - Loaded plugin ddr (category:tool,tabindex:6)
2023-12-12 07:04:05,398 [INFO] PluginManage:310 - Check plugin filemanager
2023-12-12 07:04:05,489 [INFO] PluginManage:359 - Loaded plugin filemanager (category:base,tabindex:10)
2023-12-12 07:04:05,489 [INFO] PluginManage:310 - Check plugin ipmanager
2023-12-12 07:04:05,494 [INFO] PluginManage:359 - Loaded plugin ipmanager (category:base,tabindex:5)
2023-12-12 07:04:05,494 [INFO] PluginManage:310 - Check plugin lpbam
2023-12-12 07:04:05,504 [INFO] PluginManage:359 - Loaded plugin lpbam (category:base,tabindex:0)
2023-12-12 07:04:05,504 [INFO] PluginManage:310 - Check plugin memorymap
2023-12-12 07:04:05,518 [INFO] PluginManage:359 - Loaded plugin memorymap (category:base,tabindex:4)
2023-12-12 07:04:05,518 [INFO] PluginManage:310 - Check plugin pinoutandconfiguration
2023-12-12 07:04:05,528 [INFO] PluginManage:359 - Loaded plugin pinoutandconfiguration (category:base,tabindex:1)
2023-12-12 07:04:05,528 [INFO] PluginManage:310 - Check plugin pinoutconfig
2023-12-12 07:04:05,597 [WARN] SupportedApi:132 - Cannot load RTOS API schema: s4s-elt-must-match.1: The content of 'definitions' must match (annotation?, (simpleType | complexType)?, (unique | key | keyref)*)). A problem was found starting at: attribute.
2023-12-12 07:04:05,691 [INFO] PluginManage:359 - Loaded plugin pinoutconfig (category:base,tabindex:0)
2023-12-12 07:04:05,691 [INFO] PluginManage:310 - Check plugin power
2023-12-12 07:04:05,706 [INFO] PluginManage:359 - Loaded plugin power (category:power,tabindex:4)
2023-12-12 07:04:05,706 [INFO] PluginManage:310 - Check plugin projectmanager
2023-12-12 07:04:05,716 [INFO] PluginManage:359 - Loaded plugin projectmanager (category:projectmanager,tabindex:3)
2023-12-12 07:04:05,716 [INFO] PluginManage:310 - Check plugin thirdparty
2023-12-12 07:04:05,907 [INFO] PluginManage:359 - Loaded plugin thirdparty (category:base,tabindex:-1)
2023-12-12 07:04:05,907 [WARN] IntegrityCheckThread:84 - waiting for thirdparty lock release [integrity check]
2023-12-12 07:04:05,908 [INFO] IntegrityCheckThread:86 - entering critical section [integrity check]
2023-12-12 07:04:05,908 [INFO] PluginManage:310 - Check plugin tools
2023-12-12 07:04:05,908 [INFO] ThirdPartyUpdaterWithRetryManager:70 - Updater plugin not ready yet. [1/15]
2023-12-12 07:04:05,928 [INFO] PluginManage:359 - Loaded plugin tools (category:base,tabindex:7)
2023-12-12 07:04:05,929 [INFO] PluginManage:310 - Check plugin tutovideos
2023-12-12 07:04:06,052 [INFO] PluginManage:359 - Loaded plugin tutovideos (category:base,tabindex:-1)
2023-12-12 07:04:06,052 [INFO] PluginManage:310 - Check plugin updater
2023-12-12 07:04:06,059 [INFO] PluginManage:359 - Loaded plugin updater (category:base,tabindex:12)
2023-12-12 07:04:06,060 [INFO] PluginManage:310 - Check plugin userauth
2023-12-12 07:04:06,062 [INFO] UserAuth:113 - Init User Auth plugin
2023-12-12 07:04:06,062 [INFO] PluginManage:359 - Loaded plugin userauth (category:base,tabindex:14)
2023-12-12 07:04:06,064 [INFO] PluginManage:283 - PluginManage : Loaded plugins [17]
2023-12-12 07:04:06,206 [INFO] PinOutPanel:1499 - setPackage(No Configuration,No Configuration)
2023-12-12 07:04:06,274 [INFO] CADModel:165 - CPN selected for project level
2023-12-12 07:04:06,274 [INFO] CADModel:114 - Register for checkConnection events
2023-12-12 07:04:06,291 [INFO] IPUIPlugin:80 - create IPUIPlugin
2023-12-12 07:04:06,291 [INFO] PluginManager:220 - loadIPPluginJar : add adc
2023-12-12 07:04:06,323 [INFO] IPUIPlugin:80 - create IPUIPlugin
2023-12-12 07:04:06,323 [INFO] PluginManager:220 - loadIPPluginJar : add aes
2023-12-12 07:04:06,348 [INFO] IPUIPlugin:80 - create IPUIPlugin
2023-12-12 07:04:06,348 [INFO] PluginManager:220 - loadIPPluginJar : add can
2023-12-12 07:04:06,363 [INFO] IPUIPlugin:80 - create IPUIPlugin
2023-12-12 07:04:06,364 [INFO] PluginManager:220 - loadIPPluginJar : add comp
2023-12-12 07:04:06,385 [INFO] IPUIPlugin:80 - create IPUIPlugin
2023-12-12 07:04:06,385 [INFO] PluginManager:220 - loadIPPluginJar : add cryp
2023-12-12 07:04:06,402 [INFO] IPUIPlugin:80 - create IPUIPlugin
2023-12-12 07:04:06,402 [INFO] PluginManager:220 - loadIPPluginJar : add dfsdm
2023-12-12 07:04:06,410 [INFO] IPUIPlugin:80 - create IPUIPlugin
2023-12-12 07:04:06,410 [INFO] PluginManager:220 - loadIPPluginJar : add dma
2023-12-12 07:04:06,434 [INFO] IPUIPlugin:80 - create IPUIPlugin
2023-12-12 07:04:06,434 [INFO] PluginManager:220 - loadIPPluginJar : add dma3
2023-12-12 07:04:06,446 [INFO] IPUIPlugin:80 - create IPUIPlugin
2023-12-12 07:04:06,446 [INFO] PluginManager:220 - loadIPPluginJar : add fatfs
2023-12-12 07:04:06,472 [INFO] IPUIPlugin:80 - create IPUIPlugin
2023-12-12 07:04:06,472 [INFO] PluginManager:220 - loadIPPluginJar : add fmc
2023-12-12 07:04:06,481 [INFO] IPUIPlugin:80 - create IPUIPlugin
2023-12-12 07:04:06,481 [INFO] PluginManager:220 - loadIPPluginJar : add freertos
2023-12-12 07:04:06,493 [INFO] IPUIPlugin:80 - create IPUIPlugin
2023-12-12 07:04:06,493 [INFO] PluginManager:220 - loadIPPluginJar : add genericplugin
2023-12-12 07:04:06,539 [INFO] IPUIPlugin:80 - create IPUIPlugin
2023-12-12 07:04:06,540 [INFO] PluginManager:220 - loadIPPluginJar : add gfxmmu
2023-12-12 07:04:06,612 [INFO] IPUIPlugin:80 - create IPUIPlugin
2023-12-12 07:04:06,612 [INFO] PluginManager:220 - loadIPPluginJar : add gic
2023-12-12 07:04:06,622 [INFO] IPUIPlugin:80 - create IPUIPlugin
2023-12-12 07:04:06,622 [INFO] PluginManager:220 - loadIPPluginJar : add gpio
2023-12-12 07:04:06,673 [INFO] IPUIPlugin:80 - create IPUIPlugin
2023-12-12 07:04:06,673 [INFO] PluginManager:220 - loadIPPluginJar : add gtzc
2023-12-12 07:04:06,691 [INFO] IPUIPlugin:80 - create IPUIPlugin
2023-12-12 07:04:06,691 [INFO] PluginManager:220 - loadIPPluginJar : add hash
2023-12-12 07:04:06,720 [INFO] IPUIPlugin:80 - create IPUIPlugin
2023-12-12 07:04:06,721 [INFO] PluginManager:220 - loadIPPluginJar : add i2c
2023-12-12 07:04:06,745 [INFO] IPUIPlugin:80 - create IPUIPlugin
2023-12-12 07:04:06,746 [INFO] PluginManager:220 - loadIPPluginJar : add i2s
2023-12-12 07:04:06,769 [INFO] IPUIPlugin:80 - create IPUIPlugin
2023-12-12 07:04:06,769 [INFO] PluginManager:220 - loadIPPluginJar : add i3c
2023-12-12 07:04:06,841 [INFO] IPUIPlugin:80 - create IPUIPlugin
2023-12-12 07:04:06,841 [INFO] PluginManager:220 - loadIPPluginJar : add ipddr
2023-12-12 07:04:06,892 [INFO] IPUIPlugin:80 - create IPUIPlugin
2023-12-12 07:04:06,892 [INFO] PluginManager:220 - loadIPPluginJar : add linkedlist
2023-12-12 07:04:06,920 [INFO] IPUIPlugin:80 - create IPUIPlugin
2023-12-12 07:04:06,920 [INFO] PluginManager:220 - loadIPPluginJar : add lorawan
2023-12-12 07:04:06,941 [INFO] IPUIPlugin:80 - create IPUIPlugin
2023-12-12 07:04:06,942 [INFO] PluginManager:220 - loadIPPluginJar : add ltdc
2023-12-12 07:04:06,951 [INFO] IPUIPlugin:80 - create IPUIPlugin
2023-12-12 07:04:06,951 [INFO] PluginManager:220 - loadIPPluginJar : add mdma
2023-12-12 07:04:06,961 [INFO] IPUIPlugin:80 - create IPUIPlugin
2023-12-12 07:04:06,961 [INFO] PluginManager:220 - loadIPPluginJar : add nvic
2023-12-12 07:04:06,980 [INFO] IPUIPlugin:80 - create IPUIPlugin
2023-12-12 07:04:06,980 [INFO] PluginManager:220 - loadIPPluginJar : add opamp
2023-12-12 07:04:07,011 [INFO] IPUIPlugin:80 - create IPUIPlugin
2023-12-12 07:04:07,011 [INFO] PluginManager:220 - loadIPPluginJar : add openamp
2023-12-12 07:04:07,035 [INFO] IPUIPlugin:80 - create IPUIPlugin
2023-12-12 07:04:07,035 [INFO] PluginManager:220 - loadIPPluginJar : add pdm2pcm
2023-12-12 07:04:07,044 [INFO] IPUIPlugin:80 - create IPUIPlugin
2023-12-12 07:04:07,045 [INFO] PluginManager:220 - loadIPPluginJar : add plateformsettings
2023-12-12 07:04:07,058 [INFO] IPUIPlugin:80 - create IPUIPlugin
2023-12-12 07:04:07,058 [INFO] PluginManager:220 - loadIPPluginJar : add quadspi
2023-12-12 07:04:07,066 [INFO] IPUIPlugin:80 - create IPUIPlugin
2023-12-12 07:04:07,066 [INFO] PluginManager:220 - loadIPPluginJar : add resmgrutility
2023-12-12 07:04:07,095 [INFO] IPUIPlugin:80 - create IPUIPlugin
2023-12-12 07:04:07,095 [INFO] PluginManager:220 - loadIPPluginJar : add sai
2023-12-12 07:04:07,114 [INFO] IPUIPlugin:80 - create IPUIPlugin
2023-12-12 07:04:07,115 [INFO] PluginManager:220 - loadIPPluginJar : add spi
2023-12-12 07:04:07,157 [INFO] IPUIPlugin:80 - create IPUIPlugin
2023-12-12 07:04:07,157 [INFO] PluginManager:220 - loadIPPluginJar : add stm32_wpan
2023-12-12 07:04:07,183 [INFO] IPUIPlugin:80 - create IPUIPlugin
2023-12-12 07:04:07,183 [INFO] PluginManager:220 - loadIPPluginJar : add tim
2023-12-12 07:04:07,224 [INFO] IPUIPlugin:80 - create IPUIPlugin
2023-12-12 07:04:07,224 [INFO] PluginManager:220 - loadIPPluginJar : add touchsensing
2023-12-12 07:04:07,239 [INFO] IPUIPlugin:80 - create IPUIPlugin
2023-12-12 07:04:07,239 [INFO] PluginManager:220 - loadIPPluginJar : add tracer_emb
2023-12-12 07:04:07,253 [INFO] IPUIPlugin:80 - create IPUIPlugin
2023-12-12 07:04:07,253 [INFO] PluginManager:220 - loadIPPluginJar : add ts
2023-12-12 07:04:07,266 [INFO] IPUIPlugin:80 - create IPUIPlugin
2023-12-12 07:04:07,266 [INFO] PluginManager:220 - loadIPPluginJar : add tsc
2023-12-12 07:04:07,279 [INFO] IPUIPlugin:80 - create IPUIPlugin
2023-12-12 07:04:07,280 [INFO] PluginManager:220 - loadIPPluginJar : add ucpd
2023-12-12 07:04:07,305 [INFO] IPUIPlugin:80 - create IPUIPlugin
2023-12-12 07:04:07,305 [INFO] PluginManager:220 - loadIPPluginJar : add usart
2023-12-12 07:04:07,329 [INFO] IPUIPlugin:80 - create IPUIPlugin
2023-12-12 07:04:07,329 [INFO] PluginManager:220 - loadIPPluginJar : add usbx
2023-12-12 07:04:07,440 [INFO] CADModel:165 - CPN selected for project level
2023-12-12 07:04:07,440 [INFO] CADModel:114 - Register for checkConnection events
2023-12-12 07:04:07,440 [FATAL] Updater:308 - Updater called before beeing initialized
2023-12-12 07:04:07,441 [ERROR] CADModel:125 - Updater not yet initialized, retry later 
2023-12-12 07:04:07,586 [INFO] CADModel:165 - CPN selected for project level
2023-12-12 07:04:07,586 [INFO] CADModel:114 - Register for checkConnection events
2023-12-12 07:04:07,586 [FATAL] Updater:308 - Updater called before beeing initialized
2023-12-12 07:04:07,587 [ERROR] CADModel:125 - Updater not yet initialized, retry later 
2023-12-12 07:04:07,590 [FATAL] Updater:308 - Updater called before beeing initialized
2023-12-12 07:04:07,668 [FATAL] Updater:308 - Updater called before beeing initialized
2023-12-12 07:04:07,678 [INFO] DbMcusAds:53 - JSON generation date=Tue Mar 07 15:50:55 ICT 2023 (1678179055335)
2023-12-12 07:04:07,678 [FATAL] Updater:308 - Updater called before beeing initialized
2023-12-12 07:04:07,730 [WARN] DetailPanel:346 - Failed to get advertising image, set to default
2023-12-12 07:04:07,799 [FATAL] Updater:308 - Updater called before beeing initialized
2023-12-12 07:04:07,800 [FATAL] Updater:308 - Updater called before beeing initialized
2023-12-12 07:04:07,800 [FATAL] Updater:308 - Updater called before beeing initialized
2023-12-12 07:04:07,800 [WARN] DetailPanel:346 - Failed to get advertising image, set to default
2023-12-12 07:04:07,802 [FATAL] Updater:308 - Updater called before beeing initialized
2023-12-12 07:04:07,850 [ERROR] Updater:1120 - MainUpdater not yet initialized. External WinMGr cannot be set.
2023-12-12 07:04:07,857 [INFO] Updater:1056 - Updater Version found : 6.9.1
2023-12-12 07:04:07,872 [INFO] ApplicationProperties:184 - Using Application install path: C:\ST\STM32CubeIDE_1.13.1\STM32CubeIDE\plugins\com.st.stm32cube.common.mx_6.9.1.202307191849
2023-12-12 07:04:08,224 [INFO] MainUpdater:2868 - connection check result : 10
2023-12-12 07:04:08,224 [INFO] MainUpdater:3562 - Updater definition file requires update
2023-12-12 07:04:08,225 [INFO] MainUpdater:285 - Updater Check For Update Now.
2023-12-12 07:04:08,225 [INFO] MicroXplorer:498 - Change Database Version : DB.6.0.91
2023-12-12 07:04:08,251 [INFO] McuFinderGlobals:63 - Set McuFinder mode to 2 (CubeIDE integrated)
2023-12-12 07:04:08,289 [INFO] ServerAccessManage:473 - Download File updaters.zip
2023-12-12 07:04:08,419 [INFO] FileExtend:240 - Unzip File : updaters.zip
2023-12-12 07:04:08,419 [INFO] FileExtend:255 - Standard Zip Deflate
2023-12-12 07:04:08,607 [INFO] ServerAccessManage:473 - Download File PacksControlFlags.xml
2023-12-12 07:04:08,679 [INFO] ServerAccessManage:473 - Download File cubemx.pidx
2023-12-12 07:04:08,752 [INFO] LoadServerUpdatesThread:373 - End of LoadServerUpdate Thread
2023-12-12 07:04:08,912 [INFO] CheckServerUpdateThread:120 - End of CheckServer Thread
2023-12-12 07:04:09,061 [WARN] PackLoader:240 - Cannot read IP mode file for STMicroelectronics.X-CUBE-SMBUS.2.1.0
2023-12-12 07:04:09,093 [WARN] PackLoader:240 - Cannot read IP mode file for STMicroelectronics.X-CUBE-AZRTOS-F7.1.1.0
2023-12-12 07:04:09,109 [WARN] PackLoader:240 - Cannot read IP mode file for STMicroelectronics.FP-SNS-MOTENV1.4.3.2
2023-12-12 07:04:09,127 [WARN] PackLoader:240 - Cannot read IP mode file for STMicroelectronics.FP-SNS-FLIGHT1.5.0.2
2023-12-12 07:04:09,144 [WARN] PackLoader:240 - Cannot read IP mode file for STMicroelectronics.X-CUBE-DISPLAY.3.0.0
2023-12-12 07:04:09,159 [WARN] PackLoader:240 - Cannot read IP mode file for STMicroelectronics.X-CUBE-BLE1.7.0.0
2023-12-12 07:04:09,171 [WARN] PackLoader:240 - Cannot read IP mode file for emotas.I-CUBE-CANOPEN.1.3.0
2023-12-12 07:04:09,180 [WARN] PackLoader:240 - Cannot read IP mode file for STMicroelectronics.X-CUBE-TOUCHGFX.4.22.0
2023-12-12 07:04:09,188 [WARN] PackLoader:240 - Cannot read IP mode file for STMicroelectronics.X-CUBE-TOUCHGFX.4.22.1
2023-12-12 07:04:09,196 [WARN] PackLoader:240 - Cannot read IP mode file for STMicroelectronics.FP-SNS-SMARTAG2.1.2.0
2023-12-12 07:04:09,209 [INFO] LogOutputStream:77 - [STDOUT_REDIRECT] 1 : Invalid condition id : UX_CORESTACK_Condition cause : null
2023-12-12 07:04:09,210 [INFO] LogOutputStream:77 - [STDOUT_REDIRECT] 1 : Invalid condition id : UX_CORESTACK_Condition cause : null
2023-12-12 07:04:09,210 [INFO] LogOutputStream:77 - [STDOUT_REDIRECT] 1 : Invalid condition id : UX_CORESTACK_Condition cause : null
2023-12-12 07:04:09,211 [INFO] LogOutputStream:77 - [STDOUT_REDIRECT] 1 : Invalid condition id : UX_CORESTACK_Condition cause : null
2023-12-12 07:04:09,212 [INFO] LogOutputStream:77 - [STDOUT_REDIRECT] 1 : Invalid condition id : UX_CORESTACK_Condition cause : null
2023-12-12 07:04:09,215 [WARN] PackLoader:240 - Cannot read IP mode file for STMicroelectronics.X-CUBE-AZRTOS-WL.2.0.0
2023-12-12 07:04:09,226 [WARN] PackLoader:240 - Cannot read IP mode file for WES.I-CUBE-Cesium.1.3.0
2023-12-12 07:04:09,238 [WARN] PackLoader:240 - Cannot read IP mode file for STMicroelectronics.X-CUBE-BLE2.3.3.0
2023-12-12 07:04:09,249 [WARN] PackLoader:240 - Cannot read IP mode file for STMicroelectronics.X-CUBE-ALGOBUILD.1.3.0
2023-12-12 07:04:09,270 [WARN] PackLoader:240 - Cannot read IP mode file for STMicroelectronics.X-CUBE-AZRTOS-G0.1.1.0
2023-12-12 07:04:09,283 [WARN] PackLoader:240 - Cannot read IP mode file for STMicroelectronics.X-CUBE-NFC4.3.0.0
2023-12-12 07:04:09,297 [WARN] PackLoader:240 - Cannot read IP mode file for STMicroelectronics.X-CUBE-BLEMGR.3.0.0
2023-12-12 07:04:09,306 [WARN] PackLoader:240 - Cannot read IP mode file for STMicroelectronics.FP-ATR-SIGFOX1.3.2.0
2023-12-12 07:04:09,334 [WARN] PackLoader:240 - Cannot read IP mode file for SEGGER.I-CUBE-embOS.1.3.1
2023-12-12 07:04:09,364 [WARN] PackLoader:240 - Cannot read IP mode file for STMicroelectronics.X-CUBE-GNSS1.6.0.0
2023-12-12 07:04:09,383 [WARN] PackLoader:240 - Cannot read IP mode file for STMicroelectronics.X-CUBE-AZRTOS-F4.1.1.0
2023-12-12 07:04:09,392 [WARN] PackLoader:240 - Cannot read IP mode file for wolfSSL.I-CUBE-wolfSSL.5.6.3
2023-12-12 07:04:09,413 [WARN] PackLoader:240 - Cannot read IP mode file for STMicroelectronics.X-CUBE-AZRTOS-L5.2.0.0
2023-12-12 07:04:09,450 [WARN] PackLoader:240 - Cannot read IP mode file for STMicroelectronics.X-CUBE-MEMS1.9.6.0
2023-12-12 07:04:09,551 [WARN] PackLoader:240 - Cannot read IP mode file for STMicroelectronics.X-CUBE-EEPRMA1.4.2.0
2023-12-12 07:04:09,559 [WARN] PackLoader:240 - Cannot read IP mode file for ITTIA_DB.I-CUBE-ITTIADB.8.8.0
2023-12-12 07:04:09,574 [WARN] PackLoader:240 - Cannot read IP mode file for STMicroelectronics.X-CUBE-BLEMGR.2.0.0
2023-12-12 07:04:09,602 [WARN] ConditionMgr:438 - getConditionDescription Invalid condition id : UX DEVICE CLASS RTOS Condition cause : null
2023-12-12 07:04:09,602 [WARN] ConditionMgr:438 - getConditionDescription Invalid condition id : UX DEVICE CLASS RTOS Condition cause : null
2023-12-12 07:04:09,604 [WARN] PackLoader:240 - Cannot read IP mode file for STMicroelectronics.X-CUBE-AZRTOS-H7.3.1.0
2023-12-12 07:04:09,604 [WARN] ConditionMgr:1039 - genDependencies : Invalid condition id : UX DEVICE CLASS RTOS Condition cause : null
2023-12-12 07:04:09,604 [WARN] ConditionMgr:1039 - genDependencies : Invalid condition id : UX DEVICE CLASS RTOS Condition cause : null
2023-12-12 07:04:09,605 [WARN] ConditionMgr:1039 - genDependencies : Invalid condition id : UX DEVICE CLASS RTOS Condition cause : null
2023-12-12 07:04:09,605 [WARN] ConditionMgr:1039 - genDependencies : Invalid condition id : UX DEVICE CLASS RTOS Condition cause : null
2023-12-12 07:04:09,605 [WARN] ConditionMgr:1039 - genDependencies : Invalid condition id : UX DEVICE CLASS RTOS Condition cause : null
2023-12-12 07:04:09,615 [WARN] PackLoader:240 - Cannot read IP mode file for STMicroelectronics.X-CUBE-NFC7.1.0.1
2023-12-12 07:04:09,624 [WARN] PackLoader:240 - Cannot read IP mode file for STMicroelectronics.X-CUBE-NFC6.3.0.0
2023-12-12 07:04:09,633 [WARN] PackLoader:240 - Cannot read IP mode file for STMicroelectronics.X-CUBE-EEPRMA1.4.1.0
2023-12-12 07:04:09,641 [WARN] PackLoader:240 - Cannot read IP mode file for STMicroelectronics.X-CUBE-AI.8.1.0
2023-12-12 07:04:09,661 [WARN] ConditionMgr:438 - getConditionDescription Invalid condition id : LAN8742 Phy interface Condition cause : null
2023-12-12 07:04:09,662 [WARN] PackLoader:240 - Cannot read IP mode file for STMicroelectronics.X-CUBE-AZRTOS-L4.2.0.0
2023-12-12 07:04:09,662 [WARN] ConditionMgr:1039 - genDependencies : Invalid condition id : LAN8742 Phy interface Condition cause : null
2023-12-12 07:04:09,663 [WARN] ConditionMgr:1039 - genDependencies : Invalid condition id : LAN8742 Phy interface Condition cause : null
2023-12-12 07:04:09,663 [WARN] ConditionMgr:1039 - genDependencies : Invalid condition id : LAN8742 Phy interface Condition cause : null
2023-12-12 07:04:09,673 [WARN] PackLoader:240 - Cannot read IP mode file for STMicroelectronics.X-CUBE-SFXS2LP1.4.0.0
2023-12-12 07:04:09,681 [WARN] PackLoader:240 - Cannot read IP mode file for STMicroelectronics.X-CUBE-ISPU.1.1.0
2023-12-12 07:04:09,697 [WARN] ConditionMgr:438 - getConditionDescription Invalid condition id : UX DEVICE CLASS RTOS Condition cause : null
2023-12-12 07:04:09,697 [WARN] ConditionMgr:438 - getConditionDescription Invalid condition id : UX DEVICE CLASS RTOS Condition cause : null
2023-12-12 07:04:09,699 [WARN] PackLoader:240 - Cannot read IP mode file for STMicroelectronics.X-CUBE-AZRTOS-WB.2.0.0
2023-12-12 07:04:09,699 [WARN] ConditionMgr:1039 - genDependencies : Invalid condition id : UX DEVICE CLASS RTOS Condition cause : null
2023-12-12 07:04:09,699 [WARN] ConditionMgr:1039 - genDependencies : Invalid condition id : UX DEVICE CLASS RTOS Condition cause : null
2023-12-12 07:04:09,700 [WARN] ConditionMgr:1039 - genDependencies : Invalid condition id : UX DEVICE CLASS RTOS Condition cause : null
2023-12-12 07:04:09,700 [WARN] ConditionMgr:1039 - genDependencies : Invalid condition id : UX DEVICE CLASS RTOS Condition cause : null
2023-12-12 07:04:09,700 [WARN] ConditionMgr:1039 - genDependencies : Invalid condition id : UX DEVICE CLASS RTOS Condition cause : null
2023-12-12 07:04:09,720 [WARN] PackLoader:240 - Cannot read IP mode file for STMicroelectronics.X-CUBE-SUBG2.5.0.0
2023-12-12 07:04:09,747 [WARN] PackLoader:240 - Cannot read IP mode file for STMicroelectronics.X-CUBE-TOF1.3.3.1
2023-12-12 07:04:09,781 [WARN] PackLoader:240 - Cannot read IP mode file for STMicroelectronics.X-CUBE-AZRTOS-G4.2.0.0
2023-12-12 07:04:09,800 [WARN] PackLoader:240 - Cannot read IP mode file for Infineon.AIROC-Wi-Fi-Bluetooth-STM32.1.5.1
2023-12-12 07:04:09,810 [WARN] PackLoader:240 - Cannot read IP mode file for STMicroelectronics.FP-SNS-MOTENVWB1.1.3.0
2023-12-12 07:04:09,818 [WARN] PackLoader:240 - Cannot read IP mode file for STMicroelectronics.FP-SNS-MOTENVWB1.1.3.1
2023-12-12 07:04:09,825 [WARN] PackLoader:240 - Cannot read IP mode file for STMicroelectronics.X-CUBE-ISPU.2.0.0
2023-12-12 07:04:09,859 [WARN] PackLoader:240 - Cannot read IP mode file for STMicroelectronics.X-CUBE-MEMS1.10.0.0
2023-12-12 07:04:09,921 [WARN] PackLoader:240 - Cannot read IP mode file for STMicroelectronics.X-CUBE-FREERTOS.1.1.0
2023-12-12 07:04:09,930 [WARN] PackLoader:240 - Cannot read IP mode file for portGmbH.I-Cube-SoM-uGOAL.1.1.0
2023-12-12 07:04:09,938 [WARN] PackLoader:240 - Cannot read IP mode file for STMicroelectronics.X-CUBE-ALS.1.0.1
2023-12-12 07:04:09,948 [WARN] PackLoader:240 - Cannot read IP mode file for STMicroelectronics.FP-ATR-ASTRA1.2.0.0
2023-12-12 07:04:09,962 [WARN] PackLoader:240 - Cannot read IP mode file for STMicroelectronics.X-CUBE-TOF1.3.4.0
2023-12-12 07:04:09,988 [WARN] PackLoader:240 - Cannot read IP mode file for STMicroelectronics.X-CUBE-AZRTOS-H7.3.2.0
2023-12-12 07:04:09,990 [INFO] ThirdParty:978 - Integrity check success = true
2023-12-12 07:04:09,990 [INFO] IntegrityCheckThread:100 - exiting critical section [integrity check]
2023-12-12 07:04:09,990 [INFO] IntegrityCheckThread:103 - End integrity checks thread
2023-12-12 07:04:28,874 [ERROR] LogOutputStream:75 - [STDERR_REDIRECT] SLF4J: Failed to load class "org.slf4j.impl.StaticLoggerBinder".
2023-12-12 07:04:28,874 [ERROR] LogOutputStream:75 - [STDERR_REDIRECT] SLF4J: Defaulting to no-operation (NOP) logger implementation
2023-12-12 07:04:28,874 [ERROR] LogOutputStream:75 - [STDERR_REDIRECT] SLF4J: See http://www.slf4j.org/codes.html#StaticLoggerBinder for further details.
2023-12-12 09:16:42,730 [INFO] Activator:176 - 


2023-12-12 09:16:42,745 [INFO] Activator:177 - !SESSION log4j initialized
2023-12-12 09:16:46,771 [INFO] LogOutputStream:77 - [STDOUT_REDIRECT] 
2023-12-12 09:16:52,820 [INFO] ApplicationProperties:184 - Using Application install path: C:\ST\STM32CubeIDE_1.13.1\STM32CubeIDE\plugins\com.st.stm32cube.common.mx_6.9.1.202307191849
2023-12-12 09:16:52,836 [INFO] DbMcusXml:78 - Set database path to: C:\ST\STM32CubeIDE_1.13.1\STM32CubeIDE\plugins\com.st.stm32cube.common.mx_6.9.1.202307191849\\db\/mcu/
2023-12-12 09:16:52,836 [INFO] ApiDb:274 - Set plugin database path to: C:\ST\STM32CubeIDE_1.13.1\STM32CubeIDE\plugins\com.st.stm32cube.common.mx_6.9.1.202307191849\\db\/plugins/boardmanager/
2023-12-12 09:16:52,836 [WARN] ApiDb:259 - Overriding images path with different value:  => C:\ST\STM32CubeIDE_1.13.1\STM32CubeIDE\plugins\com.st.stm32cube.common.mx_6.9.1.202307191849\\db\/plugins/mcufinder/images/
2023-12-12 09:16:52,847 [INFO] ApiDb:250 - Set database path to: C:\Users\acer\.stmcufinder\plugins\mcufinder//mcu/
2023-12-12 09:16:52,847 [INFO] DbMcusAds:125 - Set database path to: C:\Users\acer\.stmcufinder\plugins\mcufinder//mcu/
2023-12-12 09:16:52,849 [INFO] CrossReferenceDbSqlite:203 - Set database path to: C:\Users\acer\.stmcufinder\plugins\mcufinder//mcu/cs/
2023-12-12 09:16:52,937 [INFO] RulesReader:64 - Compatibility file has been processed (293 Rules)
2023-12-12 09:16:53,002 [INFO] DbMcusXml:78 - Set database path to: C:\ST\STM32CubeIDE_1.13.1\STM32CubeIDE\plugins\com.st.stm32cube.common.mx_6.9.1.202307191849\\db\/mcu/
2023-12-12 09:16:53,002 [INFO] ApiDb:274 - Set plugin database path to: C:\ST\STM32CubeIDE_1.13.1\STM32CubeIDE\plugins\com.st.stm32cube.common.mx_6.9.1.202307191849\\db\/plugins/boardmanager/
2023-12-12 09:16:53,002 [INFO] ApiDb:261 - Set plugin images path to: C:\ST\STM32CubeIDE_1.13.1\STM32CubeIDE\plugins\com.st.stm32cube.common.mx_6.9.1.202307191849\\db\/plugins/mcufinder/images/
2023-12-12 09:16:53,002 [WARN] DbFile:41 - Overriding database path with different value: C:\Users\acer\.stmcufinder\plugins\mcufinder/ => C:\Users\acer\.stmcufinder\plugins\mcufinder
2023-12-12 09:16:53,002 [INFO] ApiDb:250 - Set database path to: C:\Users\acer\.stmcufinder\plugins\mcufinder//mcu/
2023-12-12 09:16:53,002 [WARN] DbFile:41 - Overriding database path with different value: C:\Users\acer\.stmcufinder\plugins\mcufinder/ => C:\Users\acer\.stmcufinder\plugins\mcufinder
2023-12-12 09:16:53,002 [INFO] DbMcusAds:125 - Set database path to: C:\Users\acer\.stmcufinder\plugins\mcufinder//mcu/
2023-12-12 09:16:53,002 [WARN] DbFile:41 - Overriding database path with different value: C:\Users\acer\.stmcufinder\plugins\mcufinder/ => C:\Users\acer\.stmcufinder\plugins\mcufinder
2023-12-12 09:16:53,002 [WARN] DbFile:41 - Overriding database path with different value: C:\Users\acer\.stmcufinder\plugins\mcufinder/ => C:\Users\acer\.stmcufinder\plugins\mcufinder
2023-12-12 09:16:53,002 [INFO] CrossReferenceDbSqlite:203 - Set database path to: C:\Users\acer\.stmcufinder\plugins\mcufinder//mcu/cs/
2023-12-12 09:16:53,066 [INFO] MainPanel:262 - HeapMemory: 268435456
2023-12-12 09:16:53,140 [INFO] DbMcusXml:78 - Set database path to: C:\ST\STM32CubeIDE_1.13.1\STM32CubeIDE\plugins\com.st.stm32cube.common.mx_6.9.1.202307191849\\db\/mcu/
2023-12-12 09:16:53,140 [INFO] ApiDb:274 - Set plugin database path to: C:\ST\STM32CubeIDE_1.13.1\STM32CubeIDE\plugins\com.st.stm32cube.common.mx_6.9.1.202307191849\\db\/plugins/boardmanager/
2023-12-12 09:16:53,141 [INFO] ApiDb:261 - Set plugin images path to: C:\ST\STM32CubeIDE_1.13.1\STM32CubeIDE\plugins\com.st.stm32cube.common.mx_6.9.1.202307191849\\db\/plugins/mcufinder/images/
2023-12-12 09:16:53,141 [WARN] DbFile:41 - Overriding database path with different value: C:\Users\acer\.stmcufinder\plugins\mcufinder/ => C:\Users\acer\.stmcufinder\plugins\mcufinder
2023-12-12 09:16:53,141 [INFO] ApiDb:250 - Set database path to: C:\Users\acer\.stmcufinder\plugins\mcufinder//mcu/
2023-12-12 09:16:53,141 [WARN] DbFile:41 - Overriding database path with different value: C:\Users\acer\.stmcufinder\plugins\mcufinder/ => C:\Users\acer\.stmcufinder\plugins\mcufinder
2023-12-12 09:16:53,141 [INFO] DbMcusAds:125 - Set database path to: C:\Users\acer\.stmcufinder\plugins\mcufinder//mcu/
2023-12-12 09:16:53,141 [WARN] DbFile:41 - Overriding database path with different value: C:\Users\acer\.stmcufinder\plugins\mcufinder/ => C:\Users\acer\.stmcufinder\plugins\mcufinder
2023-12-12 09:16:53,141 [WARN] DbFile:41 - Overriding database path with different value: C:\Users\acer\.stmcufinder\plugins\mcufinder/ => C:\Users\acer\.stmcufinder\plugins\mcufinder
2023-12-12 09:16:53,141 [INFO] CrossReferenceDbSqlite:203 - Set database path to: C:\Users\acer\.stmcufinder\plugins\mcufinder//mcu/cs/
2023-12-12 09:16:53,154 [INFO] ApplicationProperties:184 - Using Application install path: C:\ST\STM32CubeIDE_1.13.1\STM32CubeIDE\plugins\com.st.stm32cube.common.mx_6.9.1.202307191849
2023-12-12 09:16:53,155 [INFO] PluginManage:196 - Search for loadable plugins [exclusion list=, ]
2023-12-12 09:16:53,156 [INFO] PluginManage:310 - Check plugin analytics
2023-12-12 09:16:58,259 [INFO] AnalyticsPlugin:253 - Accepted Software Licenses: STM32CubeMX.6.9.1
2023-12-12 09:16:58,259 [INFO] AnalyticsPlugin:255 - Accepted CMSIS Pack Licenses: 
2023-12-12 09:16:58,259 [INFO] AnalyticsPlugin:257 - Accepted Firmware Licenses: FW.F4.1.27.0
2023-12-12 09:16:58,261 [INFO] PluginManage:359 - Loaded plugin analytics (category:tool,tabindex:-1)
2023-12-12 09:16:58,261 [INFO] PluginManage:310 - Check plugin cadmodel
2023-12-12 09:16:58,274 [INFO] CADModel:105 - Init CAD model plugin
2023-12-12 09:16:58,274 [INFO] PluginManage:359 - Loaded plugin cadmodel (category:power,tabindex:5)
2023-12-12 09:16:58,275 [INFO] PluginManage:310 - Check plugin clock
2023-12-12 09:16:58,286 [INFO] PluginManage:359 - Loaded plugin clock (category:base,tabindex:2)
2023-12-12 09:16:58,287 [INFO] PluginManage:310 - Check plugin ddr
2023-12-12 09:16:58,288 [INFO] PluginManage:359 - Loaded plugin ddr (category:tool,tabindex:6)
2023-12-12 09:16:58,289 [INFO] PluginManage:310 - Check plugin filemanager
2023-12-12 09:16:58,386 [INFO] PluginManage:359 - Loaded plugin filemanager (category:base,tabindex:10)
2023-12-12 09:16:58,386 [INFO] PluginManage:310 - Check plugin ipmanager
2023-12-12 09:16:58,392 [INFO] PluginManage:359 - Loaded plugin ipmanager (category:base,tabindex:5)
2023-12-12 09:16:58,392 [INFO] PluginManage:310 - Check plugin lpbam
2023-12-12 09:16:58,404 [INFO] PluginManage:359 - Loaded plugin lpbam (category:base,tabindex:0)
2023-12-12 09:16:58,404 [INFO] PluginManage:310 - Check plugin memorymap
2023-12-12 09:16:58,421 [INFO] PluginManage:359 - Loaded plugin memorymap (category:base,tabindex:4)
2023-12-12 09:16:58,421 [INFO] PluginManage:310 - Check plugin pinoutandconfiguration
2023-12-12 09:16:58,433 [INFO] PluginManage:359 - Loaded plugin pinoutandconfiguration (category:base,tabindex:1)
2023-12-12 09:16:58,433 [INFO] PluginManage:310 - Check plugin pinoutconfig
2023-12-12 09:16:58,498 [WARN] SupportedApi:132 - Cannot load RTOS API schema: s4s-elt-must-match.1: The content of 'definitions' must match (annotation?, (simpleType | complexType)?, (unique | key | keyref)*)). A problem was found starting at: attribute.
2023-12-12 09:16:58,591 [INFO] PluginManage:359 - Loaded plugin pinoutconfig (category:base,tabindex:0)
2023-12-12 09:16:58,592 [INFO] PluginManage:310 - Check plugin power
2023-12-12 09:16:58,607 [INFO] PluginManage:359 - Loaded plugin power (category:power,tabindex:4)
2023-12-12 09:16:58,607 [INFO] PluginManage:310 - Check plugin projectmanager
2023-12-12 09:16:58,618 [INFO] PluginManage:359 - Loaded plugin projectmanager (category:projectmanager,tabindex:3)
2023-12-12 09:16:58,618 [INFO] PluginManage:310 - Check plugin thirdparty
2023-12-12 09:16:58,798 [INFO] PluginManage:359 - Loaded plugin thirdparty (category:base,tabindex:-1)
2023-12-12 09:16:58,798 [WARN] IntegrityCheckThread:84 - waiting for thirdparty lock release [integrity check]
2023-12-12 09:16:58,799 [INFO] PluginManage:310 - Check plugin tools
2023-12-12 09:16:58,799 [INFO] IntegrityCheckThread:86 - entering critical section [integrity check]
2023-12-12 09:16:58,799 [INFO] ThirdPartyUpdaterWithRetryManager:70 - Updater plugin not ready yet. [1/15]
2023-12-12 09:16:58,818 [INFO] PluginManage:359 - Loaded plugin tools (category:base,tabindex:7)
2023-12-12 09:16:58,818 [INFO] PluginManage:310 - Check plugin tutovideos
2023-12-12 09:16:58,949 [INFO] PluginManage:359 - Loaded plugin tutovideos (category:base,tabindex:-1)
2023-12-12 09:16:58,949 [INFO] PluginManage:310 - Check plugin updater
2023-12-12 09:16:58,958 [INFO] PluginManage:359 - Loaded plugin updater (category:base,tabindex:12)
2023-12-12 09:16:58,958 [INFO] PluginManage:310 - Check plugin userauth
2023-12-12 09:16:58,962 [INFO] UserAuth:113 - Init User Auth plugin
2023-12-12 09:16:58,962 [INFO] PluginManage:359 - Loaded plugin userauth (category:base,tabindex:14)
2023-12-12 09:16:58,963 [INFO] PluginManage:283 - PluginManage : Loaded plugins [17]
2023-12-12 09:16:59,116 [INFO] PinOutPanel:1499 - setPackage(No Configuration,No Configuration)
2023-12-12 09:16:59,189 [INFO] CADModel:165 - CPN selected for project level
2023-12-12 09:16:59,189 [INFO] CADModel:114 - Register for checkConnection events
2023-12-12 09:16:59,207 [INFO] IPUIPlugin:80 - create IPUIPlugin
2023-12-12 09:16:59,207 [INFO] PluginManager:220 - loadIPPluginJar : add adc
2023-12-12 09:16:59,234 [INFO] IPUIPlugin:80 - create IPUIPlugin
2023-12-12 09:16:59,234 [INFO] PluginManager:220 - loadIPPluginJar : add aes
2023-12-12 09:16:59,256 [INFO] IPUIPlugin:80 - create IPUIPlugin
2023-12-12 09:16:59,256 [INFO] PluginManager:220 - loadIPPluginJar : add can
2023-12-12 09:16:59,269 [INFO] IPUIPlugin:80 - create IPUIPlugin
2023-12-12 09:16:59,269 [INFO] PluginManager:220 - loadIPPluginJar : add comp
2023-12-12 09:16:59,286 [INFO] IPUIPlugin:80 - create IPUIPlugin
2023-12-12 09:16:59,286 [INFO] PluginManager:220 - loadIPPluginJar : add cryp
2023-12-12 09:16:59,301 [INFO] IPUIPlugin:80 - create IPUIPlugin
2023-12-12 09:16:59,301 [INFO] PluginManager:220 - loadIPPluginJar : add dfsdm
2023-12-12 09:16:59,310 [INFO] IPUIPlugin:80 - create IPUIPlugin
2023-12-12 09:16:59,311 [INFO] PluginManager:220 - loadIPPluginJar : add dma
2023-12-12 09:16:59,333 [INFO] IPUIPlugin:80 - create IPUIPlugin
2023-12-12 09:16:59,333 [INFO] PluginManager:220 - loadIPPluginJar : add dma3
2023-12-12 09:16:59,343 [INFO] IPUIPlugin:80 - create IPUIPlugin
2023-12-12 09:16:59,343 [INFO] PluginManager:220 - loadIPPluginJar : add fatfs
2023-12-12 09:16:59,368 [INFO] IPUIPlugin:80 - create IPUIPlugin
2023-12-12 09:16:59,369 [INFO] PluginManager:220 - loadIPPluginJar : add fmc
2023-12-12 09:16:59,378 [INFO] IPUIPlugin:80 - create IPUIPlugin
2023-12-12 09:16:59,378 [INFO] PluginManager:220 - loadIPPluginJar : add freertos
2023-12-12 09:16:59,389 [INFO] IPUIPlugin:80 - create IPUIPlugin
2023-12-12 09:16:59,389 [INFO] PluginManager:220 - loadIPPluginJar : add genericplugin
2023-12-12 09:16:59,438 [INFO] IPUIPlugin:80 - create IPUIPlugin
2023-12-12 09:16:59,438 [INFO] PluginManager:220 - loadIPPluginJar : add gfxmmu
2023-12-12 09:16:59,508 [INFO] IPUIPlugin:80 - create IPUIPlugin
2023-12-12 09:16:59,508 [INFO] PluginManager:220 - loadIPPluginJar : add gic
2023-12-12 09:16:59,520 [INFO] IPUIPlugin:80 - create IPUIPlugin
2023-12-12 09:16:59,520 [INFO] PluginManager:220 - loadIPPluginJar : add gpio
2023-12-12 09:16:59,571 [INFO] IPUIPlugin:80 - create IPUIPlugin
2023-12-12 09:16:59,571 [INFO] PluginManager:220 - loadIPPluginJar : add gtzc
2023-12-12 09:16:59,588 [INFO] IPUIPlugin:80 - create IPUIPlugin
2023-12-12 09:16:59,588 [INFO] PluginManager:220 - loadIPPluginJar : add hash
2023-12-12 09:16:59,616 [INFO] IPUIPlugin:80 - create IPUIPlugin
2023-12-12 09:16:59,616 [INFO] PluginManager:220 - loadIPPluginJar : add i2c
2023-12-12 09:16:59,646 [INFO] IPUIPlugin:80 - create IPUIPlugin
2023-12-12 09:16:59,646 [INFO] PluginManager:220 - loadIPPluginJar : add i2s
2023-12-12 09:16:59,669 [INFO] IPUIPlugin:80 - create IPUIPlugin
2023-12-12 09:16:59,670 [INFO] PluginManager:220 - loadIPPluginJar : add i3c
2023-12-12 09:16:59,728 [INFO] IPUIPlugin:80 - create IPUIPlugin
2023-12-12 09:16:59,728 [INFO] PluginManager:220 - loadIPPluginJar : add ipddr
2023-12-12 09:16:59,778 [INFO] IPUIPlugin:80 - create IPUIPlugin
2023-12-12 09:16:59,778 [INFO] PluginManager:220 - loadIPPluginJar : add linkedlist
2023-12-12 09:16:59,797 [INFO] IPUIPlugin:80 - create IPUIPlugin
2023-12-12 09:16:59,797 [INFO] PluginManager:220 - loadIPPluginJar : add lorawan
2023-12-12 09:16:59,816 [INFO] IPUIPlugin:80 - create IPUIPlugin
2023-12-12 09:16:59,816 [INFO] PluginManager:220 - loadIPPluginJar : add ltdc
2023-12-12 09:16:59,825 [INFO] IPUIPlugin:80 - create IPUIPlugin
2023-12-12 09:16:59,825 [INFO] PluginManager:220 - loadIPPluginJar : add mdma
2023-12-12 09:16:59,836 [INFO] IPUIPlugin:80 - create IPUIPlugin
2023-12-12 09:16:59,837 [INFO] PluginManager:220 - loadIPPluginJar : add nvic
2023-12-12 09:16:59,856 [INFO] IPUIPlugin:80 - create IPUIPlugin
2023-12-12 09:16:59,856 [INFO] PluginManager:220 - loadIPPluginJar : add opamp
2023-12-12 09:16:59,889 [INFO] IPUIPlugin:80 - create IPUIPlugin
2023-12-12 09:16:59,889 [INFO] PluginManager:220 - loadIPPluginJar : add openamp
2023-12-12 09:16:59,911 [INFO] IPUIPlugin:80 - create IPUIPlugin
2023-12-12 09:16:59,912 [INFO] PluginManager:220 - loadIPPluginJar : add pdm2pcm
2023-12-12 09:16:59,921 [INFO] IPUIPlugin:80 - create IPUIPlugin
2023-12-12 09:16:59,922 [INFO] PluginManager:220 - loadIPPluginJar : add plateformsettings
2023-12-12 09:16:59,934 [INFO] IPUIPlugin:80 - create IPUIPlugin
2023-12-12 09:16:59,934 [INFO] PluginManager:220 - loadIPPluginJar : add quadspi
2023-12-12 09:16:59,943 [INFO] IPUIPlugin:80 - create IPUIPlugin
2023-12-12 09:16:59,944 [INFO] PluginManager:220 - loadIPPluginJar : add resmgrutility
2023-12-12 09:16:59,969 [INFO] IPUIPlugin:80 - create IPUIPlugin
2023-12-12 09:16:59,969 [INFO] PluginManager:220 - loadIPPluginJar : add sai
2023-12-12 09:16:59,988 [INFO] IPUIPlugin:80 - create IPUIPlugin
2023-12-12 09:16:59,988 [INFO] PluginManager:220 - loadIPPluginJar : add spi
2023-12-12 09:17:00,021 [INFO] IPUIPlugin:80 - create IPUIPlugin
2023-12-12 09:17:00,021 [INFO] PluginManager:220 - loadIPPluginJar : add stm32_wpan
2023-12-12 09:17:00,036 [INFO] IPUIPlugin:80 - create IPUIPlugin
2023-12-12 09:17:00,036 [INFO] PluginManager:220 - loadIPPluginJar : add tim
2023-12-12 09:17:00,071 [INFO] IPUIPlugin:80 - create IPUIPlugin
2023-12-12 09:17:00,071 [INFO] PluginManager:220 - loadIPPluginJar : add touchsensing
2023-12-12 09:17:00,083 [INFO] IPUIPlugin:80 - create IPUIPlugin
2023-12-12 09:17:00,083 [INFO] PluginManager:220 - loadIPPluginJar : add tracer_emb
2023-12-12 09:17:00,095 [INFO] IPUIPlugin:80 - create IPUIPlugin
2023-12-12 09:17:00,095 [INFO] PluginManager:220 - loadIPPluginJar : add ts
2023-12-12 09:17:00,107 [INFO] IPUIPlugin:80 - create IPUIPlugin
2023-12-12 09:17:00,107 [INFO] PluginManager:220 - loadIPPluginJar : add tsc
2023-12-12 09:17:00,118 [INFO] IPUIPlugin:80 - create IPUIPlugin
2023-12-12 09:17:00,118 [INFO] PluginManager:220 - loadIPPluginJar : add ucpd
2023-12-12 09:17:00,141 [INFO] IPUIPlugin:80 - create IPUIPlugin
2023-12-12 09:17:00,141 [INFO] PluginManager:220 - loadIPPluginJar : add usart
2023-12-12 09:17:00,164 [INFO] IPUIPlugin:80 - create IPUIPlugin
2023-12-12 09:17:00,164 [INFO] PluginManager:220 - loadIPPluginJar : add usbx
2023-12-12 09:17:00,272 [INFO] CADModel:165 - CPN selected for project level
2023-12-12 09:17:00,272 [INFO] CADModel:114 - Register for checkConnection events
2023-12-12 09:17:00,272 [FATAL] Updater:308 - Updater called before beeing initialized
2023-12-12 09:17:00,272 [ERROR] CADModel:125 - Updater not yet initialized, retry later 
2023-12-12 09:17:00,385 [INFO] CADModel:165 - CPN selected for project level
2023-12-12 09:17:00,385 [INFO] CADModel:114 - Register for checkConnection events
2023-12-12 09:17:00,385 [FATAL] Updater:308 - Updater called before beeing initialized
2023-12-12 09:17:00,385 [ERROR] CADModel:125 - Updater not yet initialized, retry later 
2023-12-12 09:17:00,388 [FATAL] Updater:308 - Updater called before beeing initialized
2023-12-12 09:17:00,461 [FATAL] Updater:308 - Updater called before beeing initialized
2023-12-12 09:17:00,469 [INFO] DbMcusAds:53 - JSON generation date=Tue Mar 07 15:50:55 ICT 2023 (1678179055335)
2023-12-12 09:17:00,469 [FATAL] Updater:308 - Updater called before beeing initialized
2023-12-12 09:17:00,522 [WARN] DetailPanel:346 - Failed to get advertising image, set to default
2023-12-12 09:17:00,579 [FATAL] Updater:308 - Updater called before beeing initialized
2023-12-12 09:17:00,581 [FATAL] Updater:308 - Updater called before beeing initialized
2023-12-12 09:17:00,581 [FATAL] Updater:308 - Updater called before beeing initialized
2023-12-12 09:17:00,581 [WARN] DetailPanel:346 - Failed to get advertising image, set to default
2023-12-12 09:17:00,582 [FATAL] Updater:308 - Updater called before beeing initialized
2023-12-12 09:17:00,616 [ERROR] Updater:1120 - MainUpdater not yet initialized. External WinMGr cannot be set.
2023-12-12 09:17:00,622 [INFO] Updater:1056 - Updater Version found : 6.9.1
2023-12-12 09:17:00,636 [INFO] ApplicationProperties:184 - Using Application install path: C:\ST\STM32CubeIDE_1.13.1\STM32CubeIDE\plugins\com.st.stm32cube.common.mx_6.9.1.202307191849
2023-12-12 09:17:00,870 [INFO] MainUpdater:2868 - connection check result : 10
2023-12-12 09:17:00,872 [INFO] MainUpdater:285 - Updater Check For Update Now.
2023-12-12 09:17:00,872 [INFO] MicroXplorer:498 - Change Database Version : DB.6.0.91
2023-12-12 09:17:00,905 [INFO] McuFinderGlobals:63 - Set McuFinder mode to 2 (CubeIDE integrated)
2023-12-12 09:17:01,055 [INFO] CheckServerUpdateThread:120 - End of CheckServer Thread
2023-12-12 09:17:01,923 [WARN] PackLoader:240 - Cannot read IP mode file for STMicroelectronics.X-CUBE-SMBUS.2.1.0
2023-12-12 09:17:01,953 [WARN] PackLoader:240 - Cannot read IP mode file for STMicroelectronics.X-CUBE-AZRTOS-F7.1.1.0
2023-12-12 09:17:01,972 [WARN] PackLoader:240 - Cannot read IP mode file for STMicroelectronics.FP-SNS-MOTENV1.4.3.2
2023-12-12 09:17:01,983 [WARN] PackLoader:240 - Cannot read IP mode file for STMicroelectronics.FP-SNS-FLIGHT1.5.0.2
2023-12-12 09:17:01,998 [WARN] PackLoader:240 - Cannot read IP mode file for STMicroelectronics.X-CUBE-DISPLAY.3.0.0
2023-12-12 09:17:02,017 [WARN] PackLoader:240 - Cannot read IP mode file for STMicroelectronics.X-CUBE-BLE1.7.0.0
2023-12-12 09:17:02,026 [WARN] PackLoader:240 - Cannot read IP mode file for emotas.I-CUBE-CANOPEN.1.3.0
2023-12-12 09:17:02,037 [WARN] PackLoader:240 - Cannot read IP mode file for STMicroelectronics.X-CUBE-TOUCHGFX.4.22.0
2023-12-12 09:17:02,044 [WARN] PackLoader:240 - Cannot read IP mode file for STMicroelectronics.X-CUBE-TOUCHGFX.4.22.1
2023-12-12 09:17:02,053 [WARN] PackLoader:240 - Cannot read IP mode file for STMicroelectronics.FP-SNS-SMARTAG2.1.2.0
2023-12-12 09:17:02,067 [INFO] LogOutputStream:77 - [STDOUT_REDIRECT] 1 : Invalid condition id : UX_CORESTACK_Condition cause : null
2023-12-12 09:17:02,067 [INFO] LogOutputStream:77 - [STDOUT_REDIRECT] 1 : Invalid condition id : UX_CORESTACK_Condition cause : null
2023-12-12 09:17:02,068 [INFO] LogOutputStream:77 - [STDOUT_REDIRECT] 1 : Invalid condition id : UX_CORESTACK_Condition cause : null
2023-12-12 09:17:02,069 [INFO] LogOutputStream:77 - [STDOUT_REDIRECT] 1 : Invalid condition id : UX_CORESTACK_Condition cause : null
2023-12-12 09:17:02,070 [INFO] LogOutputStream:77 - [STDOUT_REDIRECT] 1 : Invalid condition id : UX_CORESTACK_Condition cause : null
2023-12-12 09:17:02,072 [WARN] PackLoader:240 - Cannot read IP mode file for STMicroelectronics.X-CUBE-AZRTOS-WL.2.0.0
2023-12-12 09:17:02,085 [WARN] PackLoader:240 - Cannot read IP mode file for WES.I-CUBE-Cesium.1.3.0
2023-12-12 09:17:02,095 [WARN] PackLoader:240 - Cannot read IP mode file for STMicroelectronics.X-CUBE-BLE2.3.3.0
2023-12-12 09:17:02,104 [WARN] PackLoader:240 - Cannot read IP mode file for STMicroelectronics.X-CUBE-ALGOBUILD.1.3.0
2023-12-12 09:17:02,122 [WARN] PackLoader:240 - Cannot read IP mode file for STMicroelectronics.X-CUBE-AZRTOS-G0.1.1.0
2023-12-12 09:17:02,133 [WARN] PackLoader:240 - Cannot read IP mode file for STMicroelectronics.X-CUBE-NFC4.3.0.0
2023-12-12 09:17:02,145 [WARN] PackLoader:240 - Cannot read IP mode file for STMicroelectronics.X-CUBE-BLEMGR.3.0.0
2023-12-12 09:17:02,153 [WARN] PackLoader:240 - Cannot read IP mode file for STMicroelectronics.FP-ATR-SIGFOX1.3.2.0
2023-12-12 09:17:02,175 [WARN] PackLoader:240 - Cannot read IP mode file for SEGGER.I-CUBE-embOS.1.3.1
2023-12-12 09:17:02,213 [WARN] PackLoader:240 - Cannot read IP mode file for STMicroelectronics.X-CUBE-GNSS1.6.0.0
2023-12-12 09:17:02,231 [WARN] PackLoader:240 - Cannot read IP mode file for STMicroelectronics.X-CUBE-AZRTOS-F4.1.1.0
2023-12-12 09:17:02,240 [WARN] PackLoader:240 - Cannot read IP mode file for wolfSSL.I-CUBE-wolfSSL.5.6.3
2023-12-12 09:17:02,258 [WARN] PackLoader:240 - Cannot read IP mode file for STMicroelectronics.X-CUBE-AZRTOS-L5.2.0.0
2023-12-12 09:17:02,289 [WARN] PackLoader:240 - Cannot read IP mode file for STMicroelectronics.X-CUBE-MEMS1.9.6.0
2023-12-12 09:17:02,401 [WARN] PackLoader:240 - Cannot read IP mode file for STMicroelectronics.X-CUBE-EEPRMA1.4.2.0
2023-12-12 09:17:02,411 [WARN] PackLoader:240 - Cannot read IP mode file for ITTIA_DB.I-CUBE-ITTIADB.8.8.0
2023-12-12 09:17:02,422 [WARN] PackLoader:240 - Cannot read IP mode file for STMicroelectronics.X-CUBE-BLEMGR.2.0.0
2023-12-12 09:17:02,442 [WARN] ConditionMgr:438 - getConditionDescription Invalid condition id : UX DEVICE CLASS RTOS Condition cause : null
2023-12-12 09:17:02,442 [WARN] ConditionMgr:438 - getConditionDescription Invalid condition id : UX DEVICE CLASS RTOS Condition cause : null
2023-12-12 09:17:02,444 [WARN] PackLoader:240 - Cannot read IP mode file for STMicroelectronics.X-CUBE-AZRTOS-H7.3.1.0
2023-12-12 09:17:02,445 [WARN] ConditionMgr:1039 - genDependencies : Invalid condition id : UX DEVICE CLASS RTOS Condition cause : null
2023-12-12 09:17:02,445 [WARN] ConditionMgr:1039 - genDependencies : Invalid condition id : UX DEVICE CLASS RTOS Condition cause : null
2023-12-12 09:17:02,446 [WARN] ConditionMgr:1039 - genDependencies : Invalid condition id : UX DEVICE CLASS RTOS Condition cause : null
2023-12-12 09:17:02,446 [WARN] ConditionMgr:1039 - genDependencies : Invalid condition id : UX DEVICE CLASS RTOS Condition cause : null
2023-12-12 09:17:02,446 [WARN] ConditionMgr:1039 - genDependencies : Invalid condition id : UX DEVICE CLASS RTOS Condition cause : null
2023-12-12 09:17:02,456 [WARN] PackLoader:240 - Cannot read IP mode file for STMicroelectronics.X-CUBE-NFC7.1.0.1
2023-12-12 09:17:02,465 [WARN] PackLoader:240 - Cannot read IP mode file for STMicroelectronics.X-CUBE-NFC6.3.0.0
2023-12-12 09:17:02,474 [WARN] PackLoader:240 - Cannot read IP mode file for STMicroelectronics.X-CUBE-EEPRMA1.4.1.0
2023-12-12 09:17:02,484 [WARN] PackLoader:240 - Cannot read IP mode file for STMicroelectronics.X-CUBE-AI.8.1.0
2023-12-12 09:17:02,501 [WARN] ConditionMgr:438 - getConditionDescription Invalid condition id : LAN8742 Phy interface Condition cause : null
2023-12-12 09:17:02,501 [WARN] PackLoader:240 - Cannot read IP mode file for STMicroelectronics.X-CUBE-AZRTOS-L4.2.0.0
2023-12-12 09:17:02,502 [WARN] ConditionMgr:1039 - genDependencies : Invalid condition id : LAN8742 Phy interface Condition cause : null
2023-12-12 09:17:02,502 [WARN] ConditionMgr:1039 - genDependencies : Invalid condition id : LAN8742 Phy interface Condition cause : null
2023-12-12 09:17:02,502 [WARN] ConditionMgr:1039 - genDependencies : Invalid condition id : LAN8742 Phy interface Condition cause : null
2023-12-12 09:17:02,512 [WARN] PackLoader:240 - Cannot read IP mode file for STMicroelectronics.X-CUBE-SFXS2LP1.4.0.0
2023-12-12 09:17:02,521 [WARN] PackLoader:240 - Cannot read IP mode file for STMicroelectronics.X-CUBE-ISPU.1.1.0
2023-12-12 09:17:02,535 [WARN] ConditionMgr:438 - getConditionDescription Invalid condition id : UX DEVICE CLASS RTOS Condition cause : null
2023-12-12 09:17:02,535 [WARN] ConditionMgr:438 - getConditionDescription Invalid condition id : UX DEVICE CLASS RTOS Condition cause : null
2023-12-12 09:17:02,536 [WARN] PackLoader:240 - Cannot read IP mode file for STMicroelectronics.X-CUBE-AZRTOS-WB.2.0.0
2023-12-12 09:17:02,537 [WARN] ConditionMgr:1039 - genDependencies : Invalid condition id : UX DEVICE CLASS RTOS Condition cause : null
2023-12-12 09:17:02,537 [WARN] ConditionMgr:1039 - genDependencies : Invalid condition id : UX DEVICE CLASS RTOS Condition cause : null
2023-12-12 09:17:02,537 [WARN] ConditionMgr:1039 - genDependencies : Invalid condition id : UX DEVICE CLASS RTOS Condition cause : null
2023-12-12 09:17:02,537 [WARN] ConditionMgr:1039 - genDependencies : Invalid condition id : UX DEVICE CLASS RTOS Condition cause : null
2023-12-12 09:17:02,537 [WARN] ConditionMgr:1039 - genDependencies : Invalid condition id : UX DEVICE CLASS RTOS Condition cause : null
2023-12-12 09:17:02,549 [WARN] PackLoader:240 - Cannot read IP mode file for STMicroelectronics.X-CUBE-SUBG2.5.0.0
2023-12-12 09:17:02,564 [WARN] PackLoader:240 - Cannot read IP mode file for STMicroelectronics.X-CUBE-TOF1.3.3.1
2023-12-12 09:17:02,592 [WARN] PackLoader:240 - Cannot read IP mode file for STMicroelectronics.X-CUBE-AZRTOS-G4.2.0.0
2023-12-12 09:17:02,638 [WARN] PackLoader:240 - Cannot read IP mode file for Infineon.AIROC-Wi-Fi-Bluetooth-STM32.1.5.1
2023-12-12 09:17:02,664 [WARN] PackLoader:240 - Cannot read IP mode file for STMicroelectronics.FP-SNS-MOTENVWB1.1.3.0
2023-12-12 09:17:02,678 [WARN] PackLoader:240 - Cannot read IP mode file for STMicroelectronics.FP-SNS-MOTENVWB1.1.3.1
2023-12-12 09:17:02,691 [WARN] PackLoader:240 - Cannot read IP mode file for STMicroelectronics.X-CUBE-ISPU.2.0.0
2023-12-12 09:17:02,734 [WARN] PackLoader:240 - Cannot read IP mode file for STMicroelectronics.X-CUBE-MEMS1.10.0.0
2023-12-12 09:17:02,804 [WARN] PackLoader:240 - Cannot read IP mode file for STMicroelectronics.X-CUBE-FREERTOS.1.1.0
2023-12-12 09:17:02,816 [WARN] PackLoader:240 - Cannot read IP mode file for portGmbH.I-Cube-SoM-uGOAL.1.1.0
2023-12-12 09:17:02,830 [WARN] PackLoader:240 - Cannot read IP mode file for STMicroelectronics.X-CUBE-ALS.1.0.1
2023-12-12 09:17:02,840 [WARN] PackLoader:240 - Cannot read IP mode file for STMicroelectronics.FP-ATR-ASTRA1.2.0.0
2023-12-12 09:17:02,855 [WARN] PackLoader:240 - Cannot read IP mode file for STMicroelectronics.X-CUBE-TOF1.3.4.0
2023-12-12 09:17:02,883 [WARN] PackLoader:240 - Cannot read IP mode file for STMicroelectronics.X-CUBE-AZRTOS-H7.3.2.0
2023-12-12 09:17:02,885 [INFO] ThirdParty:978 - Integrity check success = true
2023-12-12 09:17:02,886 [INFO] IntegrityCheckThread:100 - exiting critical section [integrity check]
2023-12-12 09:17:02,886 [INFO] IntegrityCheckThread:103 - End integrity checks thread
2023-12-12 09:17:22,146 [ERROR] LogOutputStream:75 - [STDERR_REDIRECT] SLF4J: Failed to load class "org.slf4j.impl.StaticLoggerBinder".
2023-12-12 09:17:22,146 [ERROR] LogOutputStream:75 - [STDERR_REDIRECT] SLF4J: Defaulting to no-operation (NOP) logger implementation
2023-12-12 09:17:22,146 [ERROR] LogOutputStream:75 - [STDERR_REDIRECT] SLF4J: See http://www.slf4j.org/codes.html#StaticLoggerBinder for further details.
