2023-12-19 22:22:25,264 [INFO] Activator:176 - 


2023-12-19 22:22:25,264 [INFO] Activator:177 - !SESSION log4j initialized
2023-12-19 22:22:38,364 [INFO] LogOutputStream:77 - [STDOUT_REDIRECT] 
2023-12-19 22:22:46,766 [INFO] ApplicationProperties:184 - Using Application install path: C:\ST\STM32CubeIDE_1.13.1\STM32CubeIDE\plugins\com.st.stm32cube.common.mx_6.9.1.202307191849
2023-12-19 22:22:46,798 [INFO] DbMcusXml:78 - Set database path to: C:\ST\STM32CubeIDE_1.13.1\STM32CubeIDE\plugins\com.st.stm32cube.common.mx_6.9.1.202307191849\\db\/mcu/
2023-12-19 22:22:46,798 [INFO] ApiDb:274 - Set plugin database path to: C:\ST\STM32CubeIDE_1.13.1\STM32CubeIDE\plugins\com.st.stm32cube.common.mx_6.9.1.202307191849\\db\/plugins/boardmanager/
2023-12-19 22:22:46,798 [WARN] ApiDb:259 - Overriding images path with different value:  => C:\ST\STM32CubeIDE_1.13.1\STM32CubeIDE\plugins\com.st.stm32cube.common.mx_6.9.1.202307191849\\db\/plugins/mcufinder/images/
2023-12-19 22:22:46,829 [INFO] ApiDb:250 - Set database path to: C:\Users\acer\.stmcufinder\plugins\mcufinder//mcu/
2023-12-19 22:22:46,829 [INFO] DbMcusAds:125 - Set database path to: C:\Users\acer\.stmcufinder\plugins\mcufinder//mcu/
2023-12-19 22:22:46,836 [INFO] CrossReferenceDbSqlite:203 - Set database path to: C:\Users\acer\.stmcufinder\plugins\mcufinder//mcu/cs/
2023-12-19 22:22:47,164 [INFO] RulesReader:64 - Compatibility file has been processed (293 Rules)
2023-12-19 22:22:47,305 [INFO] DbMcusXml:78 - Set database path to: C:\ST\STM32CubeIDE_1.13.1\STM32CubeIDE\plugins\com.st.stm32cube.common.mx_6.9.1.202307191849\\db\/mcu/
2023-12-19 22:22:47,305 [INFO] ApiDb:274 - Set plugin database path to: C:\ST\STM32CubeIDE_1.13.1\STM32CubeIDE\plugins\com.st.stm32cube.common.mx_6.9.1.202307191849\\db\/plugins/boardmanager/
2023-12-19 22:22:47,305 [INFO] ApiDb:261 - Set plugin images path to: C:\ST\STM32CubeIDE_1.13.1\STM32CubeIDE\plugins\com.st.stm32cube.common.mx_6.9.1.202307191849\\db\/plugins/mcufinder/images/
2023-12-19 22:22:47,305 [WARN] DbFile:41 - Overriding database path with different value: C:\Users\acer\.stmcufinder\plugins\mcufinder/ => C:\Users\acer\.stmcufinder\plugins\mcufinder
2023-12-19 22:22:47,305 [INFO] ApiDb:250 - Set database path to: C:\Users\acer\.stmcufinder\plugins\mcufinder//mcu/
2023-12-19 22:22:47,305 [WARN] DbFile:41 - Overriding database path with different value: C:\Users\acer\.stmcufinder\plugins\mcufinder/ => C:\Users\acer\.stmcufinder\plugins\mcufinder
2023-12-19 22:22:47,305 [INFO] DbMcusAds:125 - Set database path to: C:\Users\acer\.stmcufinder\plugins\mcufinder//mcu/
2023-12-19 22:22:47,305 [WARN] DbFile:41 - Overriding database path with different value: C:\Users\acer\.stmcufinder\plugins\mcufinder/ => C:\Users\acer\.stmcufinder\plugins\mcufinder
2023-12-19 22:22:47,305 [WARN] DbFile:41 - Overriding database path with different value: C:\Users\acer\.stmcufinder\plugins\mcufinder/ => C:\Users\acer\.stmcufinder\plugins\mcufinder
2023-12-19 22:22:47,305 [INFO] CrossReferenceDbSqlite:203 - Set database path to: C:\Users\acer\.stmcufinder\plugins\mcufinder//mcu/cs/
2023-12-19 22:22:47,525 [INFO] MainPanel:262 - HeapMemory: 268435456
2023-12-19 22:22:47,718 [INFO] DbMcusXml:78 - Set database path to: C:\ST\STM32CubeIDE_1.13.1\STM32CubeIDE\plugins\com.st.stm32cube.common.mx_6.9.1.202307191849\\db\/mcu/
2023-12-19 22:22:47,718 [INFO] ApiDb:274 - Set plugin database path to: C:\ST\STM32CubeIDE_1.13.1\STM32CubeIDE\plugins\com.st.stm32cube.common.mx_6.9.1.202307191849\\db\/plugins/boardmanager/
2023-12-19 22:22:47,718 [INFO] ApiDb:261 - Set plugin images path to: C:\ST\STM32CubeIDE_1.13.1\STM32CubeIDE\plugins\com.st.stm32cube.common.mx_6.9.1.202307191849\\db\/plugins/mcufinder/images/
2023-12-19 22:22:47,718 [WARN] DbFile:41 - Overriding database path with different value: C:\Users\acer\.stmcufinder\plugins\mcufinder/ => C:\Users\acer\.stmcufinder\plugins\mcufinder
2023-12-19 22:22:47,718 [INFO] ApiDb:250 - Set database path to: C:\Users\acer\.stmcufinder\plugins\mcufinder//mcu/
2023-12-19 22:22:47,718 [WARN] DbFile:41 - Overriding database path with different value: C:\Users\acer\.stmcufinder\plugins\mcufinder/ => C:\Users\acer\.stmcufinder\plugins\mcufinder
2023-12-19 22:22:47,718 [INFO] DbMcusAds:125 - Set database path to: C:\Users\acer\.stmcufinder\plugins\mcufinder//mcu/
2023-12-19 22:22:47,718 [WARN] DbFile:41 - Overriding database path with different value: C:\Users\acer\.stmcufinder\plugins\mcufinder/ => C:\Users\acer\.stmcufinder\plugins\mcufinder
2023-12-19 22:22:47,718 [WARN] DbFile:41 - Overriding database path with different value: C:\Users\acer\.stmcufinder\plugins\mcufinder/ => C:\Users\acer\.stmcufinder\plugins\mcufinder
2023-12-19 22:22:47,718 [INFO] CrossReferenceDbSqlite:203 - Set database path to: C:\Users\acer\.stmcufinder\plugins\mcufinder//mcu/cs/
2023-12-19 22:22:47,734 [INFO] ApplicationProperties:184 - Using Application install path: C:\ST\STM32CubeIDE_1.13.1\STM32CubeIDE\plugins\com.st.stm32cube.common.mx_6.9.1.202307191849
2023-12-19 22:22:47,750 [INFO] PluginManage:196 - Search for loadable plugins [exclusion list=, ]
2023-12-19 22:22:47,750 [INFO] PluginManage:310 - Check plugin analytics
2023-12-19 22:22:53,100 [INFO] AnalyticsPlugin:253 - Accepted Software Licenses: STM32CubeMX.6.9.1
2023-12-19 22:22:53,100 [INFO] AnalyticsPlugin:255 - Accepted CMSIS Pack Licenses: 
2023-12-19 22:22:53,100 [INFO] AnalyticsPlugin:257 - Accepted Firmware Licenses: FW.F4.1.27.0
2023-12-19 22:22:53,116 [INFO] PluginManage:359 - Loaded plugin analytics (category:tool,tabindex:-1)
2023-12-19 22:22:53,116 [INFO] PluginManage:310 - Check plugin cadmodel
2023-12-19 22:22:53,147 [INFO] CADModel:105 - Init CAD model plugin
2023-12-19 22:22:53,147 [INFO] PluginManage:359 - Loaded plugin cadmodel (category:power,tabindex:5)
2023-12-19 22:22:53,147 [INFO] PluginManage:310 - Check plugin clock
2023-12-19 22:22:53,162 [INFO] PluginManage:359 - Loaded plugin clock (category:base,tabindex:2)
2023-12-19 22:22:53,162 [INFO] PluginManage:310 - Check plugin ddr
2023-12-19 22:22:53,179 [INFO] PluginManage:359 - Loaded plugin ddr (category:tool,tabindex:6)
2023-12-19 22:22:53,179 [INFO] PluginManage:310 - Check plugin filemanager
2023-12-19 22:22:53,472 [INFO] PluginManage:359 - Loaded plugin filemanager (category:base,tabindex:10)
2023-12-19 22:22:53,472 [INFO] PluginManage:310 - Check plugin ipmanager
2023-12-19 22:22:53,478 [INFO] PluginManage:359 - Loaded plugin ipmanager (category:base,tabindex:5)
2023-12-19 22:22:53,478 [INFO] PluginManage:310 - Check plugin lpbam
2023-12-19 22:22:53,504 [INFO] PluginManage:359 - Loaded plugin lpbam (category:base,tabindex:0)
2023-12-19 22:22:53,504 [INFO] PluginManage:310 - Check plugin memorymap
2023-12-19 22:22:53,531 [INFO] PluginManage:359 - Loaded plugin memorymap (category:base,tabindex:4)
2023-12-19 22:22:53,531 [INFO] PluginManage:310 - Check plugin pinoutandconfiguration
2023-12-19 22:22:53,546 [INFO] PluginManage:359 - Loaded plugin pinoutandconfiguration (category:base,tabindex:1)
2023-12-19 22:22:53,546 [INFO] PluginManage:310 - Check plugin pinoutconfig
2023-12-19 22:22:53,730 [WARN] SupportedApi:132 - Cannot load RTOS API schema: s4s-elt-must-match.1: The content of 'definitions' must match (annotation?, (simpleType | complexType)?, (unique | key | keyref)*)). A problem was found starting at: attribute.
2023-12-19 22:22:53,982 [INFO] PluginManage:359 - Loaded plugin pinoutconfig (category:base,tabindex:0)
2023-12-19 22:22:53,982 [INFO] PluginManage:310 - Check plugin power
2023-12-19 22:22:54,017 [INFO] PluginManage:359 - Loaded plugin power (category:power,tabindex:4)
2023-12-19 22:22:54,017 [INFO] PluginManage:310 - Check plugin projectmanager
2023-12-19 22:22:54,058 [INFO] PluginManage:359 - Loaded plugin projectmanager (category:projectmanager,tabindex:3)
2023-12-19 22:22:54,058 [INFO] PluginManage:310 - Check plugin thirdparty
2023-12-19 22:22:54,719 [WARN] IntegrityCheckThread:84 - waiting for thirdparty lock release [integrity check]
2023-12-19 22:22:54,719 [INFO] IntegrityCheckThread:86 - entering critical section [integrity check]
2023-12-19 22:22:54,719 [INFO] ThirdPartyUpdaterWithRetryManager:70 - Updater plugin not ready yet. [1/15]
2023-12-19 22:22:54,719 [INFO] PluginManage:359 - Loaded plugin thirdparty (category:base,tabindex:-1)
2023-12-19 22:22:54,719 [INFO] PluginManage:310 - Check plugin tools
2023-12-19 22:22:54,735 [INFO] PluginManage:359 - Loaded plugin tools (category:base,tabindex:7)
2023-12-19 22:22:54,735 [INFO] PluginManage:310 - Check plugin tutovideos
2023-12-19 22:22:55,039 [INFO] PluginManage:359 - Loaded plugin tutovideos (category:base,tabindex:-1)
2023-12-19 22:22:55,039 [INFO] PluginManage:310 - Check plugin updater
2023-12-19 22:22:55,086 [INFO] PluginManage:359 - Loaded plugin updater (category:base,tabindex:12)
2023-12-19 22:22:55,086 [INFO] PluginManage:310 - Check plugin userauth
2023-12-19 22:22:55,102 [INFO] UserAuth:113 - Init User Auth plugin
2023-12-19 22:22:55,102 [INFO] PluginManage:359 - Loaded plugin userauth (category:base,tabindex:14)
2023-12-19 22:22:55,102 [INFO] PluginManage:283 - PluginManage : Loaded plugins [17]
2023-12-19 22:22:55,547 [INFO] PinOutPanel:1499 - setPackage(No Configuration,No Configuration)
2023-12-19 22:22:55,860 [INFO] CADModel:165 - CPN selected for project level
2023-12-19 22:22:55,860 [INFO] CADModel:114 - Register for checkConnection events
2023-12-19 22:22:55,891 [INFO] IPUIPlugin:80 - create IPUIPlugin
2023-12-19 22:22:55,891 [INFO] PluginManager:220 - loadIPPluginJar : add adc
2023-12-19 22:22:55,938 [INFO] IPUIPlugin:80 - create IPUIPlugin
2023-12-19 22:22:55,938 [INFO] PluginManager:220 - loadIPPluginJar : add aes
2023-12-19 22:22:56,002 [INFO] IPUIPlugin:80 - create IPUIPlugin
2023-12-19 22:22:56,002 [INFO] PluginManager:220 - loadIPPluginJar : add can
2023-12-19 22:22:56,045 [INFO] IPUIPlugin:80 - create IPUIPlugin
2023-12-19 22:22:56,045 [INFO] PluginManager:220 - loadIPPluginJar : add comp
2023-12-19 22:22:56,108 [INFO] IPUIPlugin:80 - create IPUIPlugin
2023-12-19 22:22:56,108 [INFO] PluginManager:220 - loadIPPluginJar : add cryp
2023-12-19 22:22:56,155 [INFO] IPUIPlugin:80 - create IPUIPlugin
2023-12-19 22:22:56,155 [INFO] PluginManager:220 - loadIPPluginJar : add dfsdm
2023-12-19 22:22:56,187 [INFO] IPUIPlugin:80 - create IPUIPlugin
2023-12-19 22:22:56,187 [INFO] PluginManager:220 - loadIPPluginJar : add dma
2023-12-19 22:22:56,265 [INFO] IPUIPlugin:80 - create IPUIPlugin
2023-12-19 22:22:56,265 [INFO] PluginManager:220 - loadIPPluginJar : add dma3
2023-12-19 22:22:56,312 [INFO] IPUIPlugin:80 - create IPUIPlugin
2023-12-19 22:22:56,312 [INFO] PluginManager:220 - loadIPPluginJar : add fatfs
2023-12-19 22:22:56,401 [INFO] IPUIPlugin:80 - create IPUIPlugin
2023-12-19 22:22:56,401 [INFO] PluginManager:220 - loadIPPluginJar : add fmc
2023-12-19 22:22:56,433 [INFO] IPUIPlugin:80 - create IPUIPlugin
2023-12-19 22:22:56,433 [INFO] PluginManager:220 - loadIPPluginJar : add freertos
2023-12-19 22:22:56,464 [INFO] IPUIPlugin:80 - create IPUIPlugin
2023-12-19 22:22:56,464 [INFO] PluginManager:220 - loadIPPluginJar : add genericplugin
2023-12-19 22:22:56,633 [INFO] IPUIPlugin:80 - create IPUIPlugin
2023-12-19 22:22:56,633 [INFO] PluginManager:220 - loadIPPluginJar : add gfxmmu
2023-12-19 22:22:56,912 [INFO] IPUIPlugin:80 - create IPUIPlugin
2023-12-19 22:22:56,912 [INFO] PluginManager:220 - loadIPPluginJar : add gic
2023-12-19 22:22:56,928 [INFO] IPUIPlugin:80 - create IPUIPlugin
2023-12-19 22:22:56,928 [INFO] PluginManager:220 - loadIPPluginJar : add gpio
2023-12-19 22:22:57,077 [INFO] IPUIPlugin:80 - create IPUIPlugin
2023-12-19 22:22:57,077 [INFO] PluginManager:220 - loadIPPluginJar : add gtzc
2023-12-19 22:22:57,140 [INFO] IPUIPlugin:80 - create IPUIPlugin
2023-12-19 22:22:57,140 [INFO] PluginManager:220 - loadIPPluginJar : add hash
2023-12-19 22:22:57,249 [INFO] IPUIPlugin:80 - create IPUIPlugin
2023-12-19 22:22:57,249 [INFO] PluginManager:220 - loadIPPluginJar : add i2c
2023-12-19 22:22:57,391 [INFO] IPUIPlugin:80 - create IPUIPlugin
2023-12-19 22:22:57,391 [INFO] PluginManager:220 - loadIPPluginJar : add i2s
2023-12-19 22:22:57,449 [INFO] IPUIPlugin:80 - create IPUIPlugin
2023-12-19 22:22:57,449 [INFO] PluginManager:220 - loadIPPluginJar : add i3c
2023-12-19 22:22:57,664 [INFO] IPUIPlugin:80 - create IPUIPlugin
2023-12-19 22:22:57,664 [INFO] PluginManager:220 - loadIPPluginJar : add ipddr
2023-12-19 22:22:57,727 [INFO] ThirdPartyUpdaterWithRetryManager:70 - Updater plugin not ready yet. [2/15]
2023-12-19 22:22:57,837 [INFO] IPUIPlugin:80 - create IPUIPlugin
2023-12-19 22:22:57,837 [INFO] PluginManager:220 - loadIPPluginJar : add linkedlist
2023-12-19 22:22:57,868 [INFO] IPUIPlugin:80 - create IPUIPlugin
2023-12-19 22:22:57,868 [INFO] PluginManager:220 - loadIPPluginJar : add lorawan
2023-12-19 22:22:57,899 [INFO] IPUIPlugin:80 - create IPUIPlugin
2023-12-19 22:22:57,899 [INFO] PluginManager:220 - loadIPPluginJar : add ltdc
2023-12-19 22:22:57,932 [INFO] IPUIPlugin:80 - create IPUIPlugin
2023-12-19 22:22:57,932 [INFO] PluginManager:220 - loadIPPluginJar : add mdma
2023-12-19 22:22:57,947 [INFO] IPUIPlugin:80 - create IPUIPlugin
2023-12-19 22:22:57,947 [INFO] PluginManager:220 - loadIPPluginJar : add nvic
2023-12-19 22:22:57,990 [INFO] IPUIPlugin:80 - create IPUIPlugin
2023-12-19 22:22:57,990 [INFO] PluginManager:220 - loadIPPluginJar : add opamp
2023-12-19 22:22:58,108 [INFO] IPUIPlugin:80 - create IPUIPlugin
2023-12-19 22:22:58,108 [INFO] PluginManager:220 - loadIPPluginJar : add openamp
2023-12-19 22:22:58,203 [INFO] IPUIPlugin:80 - create IPUIPlugin
2023-12-19 22:22:58,203 [INFO] PluginManager:220 - loadIPPluginJar : add pdm2pcm
2023-12-19 22:22:58,218 [INFO] IPUIPlugin:80 - create IPUIPlugin
2023-12-19 22:22:58,234 [INFO] PluginManager:220 - loadIPPluginJar : add plateformsettings
2023-12-19 22:22:58,265 [INFO] IPUIPlugin:80 - create IPUIPlugin
2023-12-19 22:22:58,265 [INFO] PluginManager:220 - loadIPPluginJar : add quadspi
2023-12-19 22:22:58,281 [INFO] IPUIPlugin:80 - create IPUIPlugin
2023-12-19 22:22:58,281 [INFO] PluginManager:220 - loadIPPluginJar : add resmgrutility
2023-12-19 22:22:58,375 [INFO] IPUIPlugin:80 - create IPUIPlugin
2023-12-19 22:22:58,375 [INFO] PluginManager:220 - loadIPPluginJar : add sai
2023-12-19 22:22:58,454 [INFO] IPUIPlugin:80 - create IPUIPlugin
2023-12-19 22:22:58,454 [INFO] PluginManager:220 - loadIPPluginJar : add spi
2023-12-19 22:22:58,539 [INFO] IPUIPlugin:80 - create IPUIPlugin
2023-12-19 22:22:58,539 [INFO] PluginManager:220 - loadIPPluginJar : add stm32_wpan
2023-12-19 22:22:58,586 [INFO] IPUIPlugin:80 - create IPUIPlugin
2023-12-19 22:22:58,586 [INFO] PluginManager:220 - loadIPPluginJar : add tim
2023-12-19 22:22:58,695 [INFO] IPUIPlugin:80 - create IPUIPlugin
2023-12-19 22:22:58,695 [INFO] PluginManager:220 - loadIPPluginJar : add touchsensing
2023-12-19 22:22:58,742 [INFO] IPUIPlugin:80 - create IPUIPlugin
2023-12-19 22:22:58,742 [INFO] PluginManager:220 - loadIPPluginJar : add tracer_emb
2023-12-19 22:22:58,758 [INFO] IPUIPlugin:80 - create IPUIPlugin
2023-12-19 22:22:58,758 [INFO] PluginManager:220 - loadIPPluginJar : add ts
2023-12-19 22:22:58,774 [INFO] IPUIPlugin:80 - create IPUIPlugin
2023-12-19 22:22:58,774 [INFO] PluginManager:220 - loadIPPluginJar : add tsc
2023-12-19 22:22:58,821 [INFO] IPUIPlugin:80 - create IPUIPlugin
2023-12-19 22:22:58,821 [INFO] PluginManager:220 - loadIPPluginJar : add ucpd
2023-12-19 22:22:58,916 [INFO] IPUIPlugin:80 - create IPUIPlugin
2023-12-19 22:22:58,916 [INFO] PluginManager:220 - loadIPPluginJar : add usart
2023-12-19 22:22:58,978 [INFO] IPUIPlugin:80 - create IPUIPlugin
2023-12-19 22:22:58,978 [INFO] PluginManager:220 - loadIPPluginJar : add usbx
2023-12-19 22:22:59,164 [INFO] CADModel:165 - CPN selected for project level
2023-12-19 22:22:59,164 [INFO] CADModel:114 - Register for checkConnection events
2023-12-19 22:22:59,164 [FATAL] Updater:308 - Updater called before beeing initialized
2023-12-19 22:22:59,164 [ERROR] CADModel:125 - Updater not yet initialized, retry later 
2023-12-19 22:22:59,438 [INFO] CADModel:165 - CPN selected for project level
2023-12-19 22:22:59,438 [INFO] CADModel:114 - Register for checkConnection events
2023-12-19 22:22:59,438 [FATAL] Updater:308 - Updater called before beeing initialized
2023-12-19 22:22:59,438 [ERROR] CADModel:125 - Updater not yet initialized, retry later 
2023-12-19 22:22:59,438 [FATAL] Updater:308 - Updater called before beeing initialized
2023-12-19 22:22:59,848 [FATAL] Updater:308 - Updater called before beeing initialized
2023-12-19 22:22:59,864 [INFO] DbMcusAds:53 - JSON generation date=Wed Nov 29 17:52:27 ICT 2023 (1701255147349)
2023-12-19 22:22:59,864 [FATAL] Updater:308 - Updater called before beeing initialized
2023-12-19 22:22:59,942 [WARN] DetailPanel:346 - Failed to get advertising image, set to default
2023-12-19 22:23:00,151 [FATAL] Updater:308 - Updater called before beeing initialized
2023-12-19 22:23:00,164 [FATAL] Updater:308 - Updater called before beeing initialized
2023-12-19 22:23:00,164 [FATAL] Updater:308 - Updater called before beeing initialized
2023-12-19 22:23:00,164 [WARN] DetailPanel:346 - Failed to get advertising image, set to default
2023-12-19 22:23:00,164 [FATAL] Updater:308 - Updater called before beeing initialized
2023-12-19 22:23:00,354 [ERROR] Updater:1120 - MainUpdater not yet initialized. External WinMGr cannot be set.
2023-12-19 22:23:00,370 [INFO] Updater:1056 - Updater Version found : 6.9.1
2023-12-19 22:23:00,385 [INFO] ApplicationProperties:184 - Using Application install path: C:\ST\STM32CubeIDE_1.13.1\STM32CubeIDE\plugins\com.st.stm32cube.common.mx_6.9.1.202307191849
2023-12-19 22:23:00,738 [INFO] ThirdPartyUpdaterWithRetryManager:70 - Updater plugin not ready yet. [3/15]
2023-12-19 22:23:01,469 [INFO] MainUpdater:2868 - connection check result : 10
2023-12-19 22:23:01,469 [INFO] MainUpdater:285 - Updater Check For Update Now.
2023-12-19 22:23:01,469 [INFO] MicroXplorer:498 - Change Database Version : DB.6.0.91
2023-12-19 22:23:01,500 [INFO] McuFinderGlobals:63 - Set McuFinder mode to 2 (CubeIDE integrated)
2023-12-19 22:23:01,870 [INFO] CheckServerUpdateThread:120 - End of CheckServer Thread
2023-12-19 22:23:04,186 [WARN] PackLoader:240 - Cannot read IP mode file for STMicroelectronics.X-CUBE-SMBUS.2.1.0
2023-12-19 22:23:04,217 [WARN] PackLoader:240 - Cannot read IP mode file for STMicroelectronics.X-CUBE-TOUCHGFX.4.23.0
2023-12-19 22:23:04,296 [WARN] PackLoader:240 - Cannot read IP mode file for STMicroelectronics.X-CUBE-AZRTOS-F7.1.1.0
2023-12-19 22:23:04,446 [WARN] PackLoader:240 - Cannot read IP mode file for STMicroelectronics.FP-SNS-MOTENV1.4.3.2
2023-12-19 22:23:04,462 [WARN] PackLoader:240 - Cannot read IP mode file for STMicroelectronics.FP-SNS-FLIGHT1.5.0.2
2023-12-19 22:23:04,493 [WARN] PackLoader:240 - Cannot read IP mode file for STMicroelectronics.X-CUBE-DISPLAY.3.0.0
2023-12-19 22:23:04,788 [WARN] PackLoader:240 - Cannot read IP mode file for STMicroelectronics.X-CUBE-BLE1.7.0.0
2023-12-19 22:23:04,804 [WARN] PackLoader:240 - Cannot read IP mode file for emotas.I-CUBE-CANOPEN.1.3.0
2023-12-19 22:23:04,820 [WARN] PackLoader:240 - Cannot read IP mode file for STMicroelectronics.X-CUBE-TOUCHGFX.4.22.0
2023-12-19 22:23:04,835 [WARN] PackLoader:240 - Cannot read IP mode file for STMicroelectronics.X-CUBE-TOUCHGFX.4.22.1
2023-12-19 22:23:04,852 [WARN] PackLoader:240 - Cannot read IP mode file for STMicroelectronics.FP-SNS-SMARTAG2.1.2.0
2023-12-19 22:23:04,879 [INFO] LogOutputStream:77 - [STDOUT_REDIRECT] 1 : Invalid condition id : UX_CORESTACK_Condition cause : null
2023-12-19 22:23:04,879 [INFO] LogOutputStream:77 - [STDOUT_REDIRECT] 1 : Invalid condition id : UX_CORESTACK_Condition cause : null
2023-12-19 22:23:04,879 [INFO] LogOutputStream:77 - [STDOUT_REDIRECT] 1 : Invalid condition id : UX_CORESTACK_Condition cause : null
2023-12-19 22:23:04,910 [INFO] LogOutputStream:77 - [STDOUT_REDIRECT] 1 : Invalid condition id : UX_CORESTACK_Condition cause : null
2023-12-19 22:23:04,910 [INFO] LogOutputStream:77 - [STDOUT_REDIRECT] 1 : Invalid condition id : UX_CORESTACK_Condition cause : null
2023-12-19 22:23:04,910 [WARN] PackLoader:240 - Cannot read IP mode file for STMicroelectronics.X-CUBE-AZRTOS-WL.2.0.0
2023-12-19 22:23:04,988 [WARN] PackLoader:240 - Cannot read IP mode file for WES.I-CUBE-Cesium.1.3.0
2023-12-19 22:23:05,020 [WARN] PackLoader:240 - Cannot read IP mode file for STMicroelectronics.X-CUBE-BLE2.3.3.0
2023-12-19 22:23:05,046 [WARN] PackLoader:240 - Cannot read IP mode file for STMicroelectronics.X-CUBE-ALGOBUILD.1.3.0
2023-12-19 22:23:05,108 [WARN] PackLoader:240 - Cannot read IP mode file for STMicroelectronics.X-CUBE-AZRTOS-G0.1.1.0
2023-12-19 22:23:05,124 [WARN] PackLoader:240 - Cannot read IP mode file for STMicroelectronics.X-CUBE-NFC4.3.0.0
2023-12-19 22:23:05,171 [WARN] PackLoader:240 - Cannot read IP mode file for STMicroelectronics.X-CUBE-BLEMGR.3.0.0
2023-12-19 22:23:05,186 [WARN] PackLoader:240 - Cannot read IP mode file for STMicroelectronics.FP-ATR-SIGFOX1.3.2.0
2023-12-19 22:23:05,311 [WARN] PackLoader:240 - Cannot read IP mode file for SEGGER.I-CUBE-embOS.1.3.1
2023-12-19 22:23:05,384 [WARN] PackLoader:240 - Cannot read IP mode file for STMicroelectronics.X-CUBE-GNSS1.6.0.0
2023-12-19 22:23:05,431 [WARN] PackLoader:240 - Cannot read IP mode file for STMicroelectronics.X-CUBE-AZRTOS-F4.1.1.0
2023-12-19 22:23:05,447 [WARN] PackLoader:240 - Cannot read IP mode file for wolfSSL.I-CUBE-wolfSSL.5.6.3
2023-12-19 22:23:05,494 [WARN] PackLoader:240 - Cannot read IP mode file for STMicroelectronics.X-CUBE-AZRTOS-L5.2.0.0
2023-12-19 22:23:05,554 [WARN] PackLoader:240 - Cannot read IP mode file for STMicroelectronics.X-CUBE-MEMS1.9.6.0
2023-12-19 22:23:05,757 [WARN] PackLoader:240 - Cannot read IP mode file for STMicroelectronics.X-CUBE-EEPRMA1.4.2.0
2023-12-19 22:23:05,788 [WARN] PackLoader:240 - Cannot read IP mode file for ITTIA_DB.I-CUBE-ITTIADB.8.8.0
2023-12-19 22:23:05,804 [WARN] PackLoader:240 - Cannot read IP mode file for STMicroelectronics.X-CUBE-BLEMGR.2.0.0
2023-12-19 22:23:05,835 [WARN] ConditionMgr:438 - getConditionDescription Invalid condition id : UX DEVICE CLASS RTOS Condition cause : null
2023-12-19 22:23:05,835 [WARN] ConditionMgr:438 - getConditionDescription Invalid condition id : UX DEVICE CLASS RTOS Condition cause : null
2023-12-19 22:23:05,851 [WARN] PackLoader:240 - Cannot read IP mode file for STMicroelectronics.X-CUBE-AZRTOS-H7.3.1.0
2023-12-19 22:23:05,852 [WARN] ConditionMgr:1039 - genDependencies : Invalid condition id : UX DEVICE CLASS RTOS Condition cause : null
2023-12-19 22:23:05,852 [WARN] ConditionMgr:1039 - genDependencies : Invalid condition id : UX DEVICE CLASS RTOS Condition cause : null
2023-12-19 22:23:05,852 [WARN] ConditionMgr:1039 - genDependencies : Invalid condition id : UX DEVICE CLASS RTOS Condition cause : null
2023-12-19 22:23:05,853 [WARN] ConditionMgr:1039 - genDependencies : Invalid condition id : UX DEVICE CLASS RTOS Condition cause : null
2023-12-19 22:23:05,853 [WARN] ConditionMgr:1039 - genDependencies : Invalid condition id : UX DEVICE CLASS RTOS Condition cause : null
2023-12-19 22:23:05,866 [WARN] PackLoader:240 - Cannot read IP mode file for STMicroelectronics.X-CUBE-NFC7.1.0.1
2023-12-19 22:23:05,887 [WARN] PackLoader:240 - Cannot read IP mode file for STMicroelectronics.X-CUBE-NFC6.3.0.0
2023-12-19 22:23:05,905 [WARN] PackLoader:240 - Cannot read IP mode file for STMicroelectronics.X-CUBE-EEPRMA1.4.1.0
2023-12-19 22:23:05,926 [WARN] PackLoader:240 - Cannot read IP mode file for STMicroelectronics.X-CUBE-AI.8.1.0
2023-12-19 22:23:05,974 [WARN] ConditionMgr:438 - getConditionDescription Invalid condition id : LAN8742 Phy interface Condition cause : null
2023-12-19 22:23:05,975 [WARN] PackLoader:240 - Cannot read IP mode file for STMicroelectronics.X-CUBE-AZRTOS-L4.2.0.0
2023-12-19 22:23:05,976 [WARN] ConditionMgr:1039 - genDependencies : Invalid condition id : LAN8742 Phy interface Condition cause : null
2023-12-19 22:23:05,976 [WARN] ConditionMgr:1039 - genDependencies : Invalid condition id : LAN8742 Phy interface Condition cause : null
2023-12-19 22:23:05,976 [WARN] ConditionMgr:1039 - genDependencies : Invalid condition id : LAN8742 Phy interface Condition cause : null
2023-12-19 22:23:05,991 [WARN] PackLoader:240 - Cannot read IP mode file for STMicroelectronics.X-CUBE-SFXS2LP1.4.0.0
2023-12-19 22:23:06,025 [WARN] PackLoader:240 - Cannot read IP mode file for STMicroelectronics.X-CUBE-ISPU.1.1.0
2023-12-19 22:23:06,053 [WARN] ConditionMgr:438 - getConditionDescription Invalid condition id : UX DEVICE CLASS RTOS Condition cause : null
2023-12-19 22:23:06,053 [WARN] ConditionMgr:438 - getConditionDescription Invalid condition id : UX DEVICE CLASS RTOS Condition cause : null
2023-12-19 22:23:06,053 [WARN] PackLoader:240 - Cannot read IP mode file for STMicroelectronics.X-CUBE-AZRTOS-WB.2.0.0
2023-12-19 22:23:06,053 [WARN] ConditionMgr:1039 - genDependencies : Invalid condition id : UX DEVICE CLASS RTOS Condition cause : null
2023-12-19 22:23:06,053 [WARN] ConditionMgr:1039 - genDependencies : Invalid condition id : UX DEVICE CLASS RTOS Condition cause : null
2023-12-19 22:23:06,053 [WARN] ConditionMgr:1039 - genDependencies : Invalid condition id : UX DEVICE CLASS RTOS Condition cause : null
2023-12-19 22:23:06,053 [WARN] ConditionMgr:1039 - genDependencies : Invalid condition id : UX DEVICE CLASS RTOS Condition cause : null
2023-12-19 22:23:06,053 [WARN] ConditionMgr:1039 - genDependencies : Invalid condition id : UX DEVICE CLASS RTOS Condition cause : null
2023-12-19 22:23:06,089 [WARN] PackLoader:240 - Cannot read IP mode file for STMicroelectronics.X-CUBE-SUBG2.5.0.0
2023-12-19 22:23:06,118 [WARN] PackLoader:240 - Cannot read IP mode file for STMicroelectronics.X-CUBE-TOF1.3.3.1
2023-12-19 22:23:06,162 [WARN] PackLoader:240 - Cannot read IP mode file for STMicroelectronics.X-CUBE-AZRTOS-G4.2.0.0
2023-12-19 22:23:06,184 [WARN] PackLoader:240 - Cannot read IP mode file for Infineon.AIROC-Wi-Fi-Bluetooth-STM32.1.5.1
2023-12-19 22:23:06,201 [WARN] PackLoader:240 - Cannot read IP mode file for STMicroelectronics.FP-SNS-MOTENVWB1.1.3.0
2023-12-19 22:23:06,238 [WARN] PackLoader:240 - Cannot read IP mode file for STMicroelectronics.FP-SNS-MOTENVWB1.1.3.1
2023-12-19 22:23:06,254 [WARN] PackLoader:240 - Cannot read IP mode file for STMicroelectronics.X-CUBE-ISPU.2.0.0
2023-12-19 22:23:06,368 [WARN] PackLoader:240 - Cannot read IP mode file for STMicroelectronics.X-CUBE-MEMS1.10.0.0
2023-12-19 22:23:06,552 [WARN] PackLoader:240 - Cannot read IP mode file for STMicroelectronics.X-CUBE-FREERTOS.1.1.0
2023-12-19 22:23:06,596 [WARN] PackLoader:240 - Cannot read IP mode file for portGmbH.I-Cube-SoM-uGOAL.1.1.0
2023-12-19 22:23:06,606 [WARN] PackLoader:240 - Cannot read IP mode file for STMicroelectronics.X-CUBE-ALS.1.0.1
2023-12-19 22:23:06,640 [WARN] PackLoader:240 - Cannot read IP mode file for STMicroelectronics.FP-ATR-ASTRA1.2.0.0
2023-12-19 22:23:06,662 [WARN] PackLoader:240 - Cannot read IP mode file for STMicroelectronics.X-CUBE-TOF1.3.4.0
2023-12-19 22:23:06,697 [WARN] PackLoader:240 - Cannot read IP mode file for STMicroelectronics.X-CUBE-AZRTOS-H7.3.2.0
2023-12-19 22:23:06,707 [INFO] ThirdParty:978 - Integrity check success = true
2023-12-19 22:23:06,707 [INFO] IntegrityCheckThread:100 - exiting critical section [integrity check]
2023-12-19 22:23:06,707 [INFO] IntegrityCheckThread:103 - End integrity checks thread
2023-12-19 22:23:24,067 [ERROR] LogOutputStream:75 - [STDERR_REDIRECT] SLF4J: Failed to load class "org.slf4j.impl.StaticLoggerBinder".
2023-12-19 22:23:24,067 [ERROR] LogOutputStream:75 - [STDERR_REDIRECT] SLF4J: Defaulting to no-operation (NOP) logger implementation
2023-12-19 22:23:24,082 [ERROR] LogOutputStream:75 - [STDERR_REDIRECT] SLF4J: See http://www.slf4j.org/codes.html#StaticLoggerBinder for further details.
