2023-11-29 12:46:32,080 [INFO] Activator:176 - 


2023-11-29 12:46:32,083 [INFO] Activator:177 - !SESSION log4j initialized
2023-11-29 12:46:36,010 [INFO] LogOutputStream:77 - [STDOUT_REDIRECT] 
2023-11-29 12:46:41,829 [INFO] ApplicationProperties:184 - Using Application install path: C:\ST\STM32CubeIDE_1.13.1\STM32CubeIDE\plugins\com.st.stm32cube.common.mx_6.9.1.202307191849
2023-11-29 12:46:41,848 [INFO] DbMcusXml:78 - Set database path to: C:\ST\STM32CubeIDE_1.13.1\STM32CubeIDE\plugins\com.st.stm32cube.common.mx_6.9.1.202307191849\\db\/mcu/
2023-11-29 12:46:41,849 [INFO] ApiDb:274 - Set plugin database path to: C:\ST\STM32CubeIDE_1.13.1\STM32CubeIDE\plugins\com.st.stm32cube.common.mx_6.9.1.202307191849\\db\/plugins/boardmanager/
2023-11-29 12:46:41,849 [WARN] ApiDb:259 - Overriding images path with different value:  => C:\ST\STM32CubeIDE_1.13.1\STM32CubeIDE\plugins\com.st.stm32cube.common.mx_6.9.1.202307191849\\db\/plugins/mcufinder/images/
2023-11-29 12:46:41,864 [INFO] ApiDb:250 - Set database path to: C:\Users\acer\.stmcufinder\plugins\mcufinder//mcu/
2023-11-29 12:46:41,866 [INFO] DbMcusAds:125 - Set database path to: C:\Users\acer\.stmcufinder\plugins\mcufinder//mcu/
2023-11-29 12:46:41,868 [INFO] CrossReferenceDbSqlite:203 - Set database path to: C:\Users\acer\.stmcufinder\plugins\mcufinder//mcu/cs/
2023-11-29 12:46:41,960 [INFO] RulesReader:64 - Compatibility file has been processed (293 Rules)
2023-11-29 12:46:42,026 [INFO] DbMcusXml:78 - Set database path to: C:\ST\STM32CubeIDE_1.13.1\STM32CubeIDE\plugins\com.st.stm32cube.common.mx_6.9.1.202307191849\\db\/mcu/
2023-11-29 12:46:42,027 [INFO] ApiDb:274 - Set plugin database path to: C:\ST\STM32CubeIDE_1.13.1\STM32CubeIDE\plugins\com.st.stm32cube.common.mx_6.9.1.202307191849\\db\/plugins/boardmanager/
2023-11-29 12:46:42,027 [INFO] ApiDb:261 - Set plugin images path to: C:\ST\STM32CubeIDE_1.13.1\STM32CubeIDE\plugins\com.st.stm32cube.common.mx_6.9.1.202307191849\\db\/plugins/mcufinder/images/
2023-11-29 12:46:42,027 [WARN] DbFile:41 - Overriding database path with different value: C:\Users\acer\.stmcufinder\plugins\mcufinder/ => C:\Users\acer\.stmcufinder\plugins\mcufinder
2023-11-29 12:46:42,027 [INFO] ApiDb:250 - Set database path to: C:\Users\acer\.stmcufinder\plugins\mcufinder//mcu/
2023-11-29 12:46:42,027 [WARN] DbFile:41 - Overriding database path with different value: C:\Users\acer\.stmcufinder\plugins\mcufinder/ => C:\Users\acer\.stmcufinder\plugins\mcufinder
2023-11-29 12:46:42,027 [INFO] DbMcusAds:125 - Set database path to: C:\Users\acer\.stmcufinder\plugins\mcufinder//mcu/
2023-11-29 12:46:42,027 [WARN] DbFile:41 - Overriding database path with different value: C:\Users\acer\.stmcufinder\plugins\mcufinder/ => C:\Users\acer\.stmcufinder\plugins\mcufinder
2023-11-29 12:46:42,028 [WARN] DbFile:41 - Overriding database path with different value: C:\Users\acer\.stmcufinder\plugins\mcufinder/ => C:\Users\acer\.stmcufinder\plugins\mcufinder
2023-11-29 12:46:42,028 [INFO] CrossReferenceDbSqlite:203 - Set database path to: C:\Users\acer\.stmcufinder\plugins\mcufinder//mcu/cs/
2023-11-29 12:46:42,104 [INFO] MainPanel:262 - HeapMemory: 268435456
2023-11-29 12:46:42,137 [INFO] McuFinderGlobals:63 - Set McuFinder mode to 2 (CubeIDE integrated)
2023-11-29 12:46:42,182 [INFO] DbMcusXml:78 - Set database path to: C:\ST\STM32CubeIDE_1.13.1\STM32CubeIDE\plugins\com.st.stm32cube.common.mx_6.9.1.202307191849\\db\/mcu/
2023-11-29 12:46:42,182 [INFO] ApiDb:274 - Set plugin database path to: C:\ST\STM32CubeIDE_1.13.1\STM32CubeIDE\plugins\com.st.stm32cube.common.mx_6.9.1.202307191849\\db\/plugins/boardmanager/
2023-11-29 12:46:42,182 [INFO] ApiDb:261 - Set plugin images path to: C:\ST\STM32CubeIDE_1.13.1\STM32CubeIDE\plugins\com.st.stm32cube.common.mx_6.9.1.202307191849\\db\/plugins/mcufinder/images/
2023-11-29 12:46:42,183 [WARN] DbFile:41 - Overriding database path with different value: C:\Users\acer\.stmcufinder\plugins\mcufinder/ => C:\Users\acer\.stmcufinder\plugins\mcufinder
2023-11-29 12:46:42,183 [INFO] ApiDb:250 - Set database path to: C:\Users\acer\.stmcufinder\plugins\mcufinder//mcu/
2023-11-29 12:46:42,183 [WARN] DbFile:41 - Overriding database path with different value: C:\Users\acer\.stmcufinder\plugins\mcufinder/ => C:\Users\acer\.stmcufinder\plugins\mcufinder
2023-11-29 12:46:42,183 [INFO] DbMcusAds:125 - Set database path to: C:\Users\acer\.stmcufinder\plugins\mcufinder//mcu/
2023-11-29 12:46:42,183 [WARN] DbFile:41 - Overriding database path with different value: C:\Users\acer\.stmcufinder\plugins\mcufinder/ => C:\Users\acer\.stmcufinder\plugins\mcufinder
2023-11-29 12:46:42,183 [WARN] DbFile:41 - Overriding database path with different value: C:\Users\acer\.stmcufinder\plugins\mcufinder/ => C:\Users\acer\.stmcufinder\plugins\mcufinder
2023-11-29 12:46:42,183 [INFO] CrossReferenceDbSqlite:203 - Set database path to: C:\Users\acer\.stmcufinder\plugins\mcufinder//mcu/cs/
2023-11-29 12:46:42,194 [INFO] ApplicationProperties:184 - Using Application install path: C:\ST\STM32CubeIDE_1.13.1\STM32CubeIDE\plugins\com.st.stm32cube.common.mx_6.9.1.202307191849
2023-11-29 12:46:42,195 [INFO] PluginManage:196 - Search for loadable plugins [exclusion list=, ]
2023-11-29 12:46:42,196 [INFO] PluginManage:310 - Check plugin analytics
2023-11-29 12:46:47,277 [INFO] AnalyticsPlugin:253 - Accepted Software Licenses: STM32CubeMX.6.9.1
2023-11-29 12:46:47,278 [INFO] AnalyticsPlugin:255 - Accepted CMSIS Pack Licenses: 
2023-11-29 12:46:47,278 [INFO] AnalyticsPlugin:257 - Accepted Firmware Licenses: FW.F4.1.27.0
2023-11-29 12:46:47,280 [INFO] PluginManage:359 - Loaded plugin analytics (category:tool,tabindex:-1)
2023-11-29 12:46:47,280 [INFO] PluginManage:310 - Check plugin cadmodel
2023-11-29 12:46:47,297 [INFO] CADModel:105 - Init CAD model plugin
2023-11-29 12:46:47,297 [INFO] PluginManage:359 - Loaded plugin cadmodel (category:power,tabindex:5)
2023-11-29 12:46:47,297 [INFO] PluginManage:310 - Check plugin clock
2023-11-29 12:46:47,313 [INFO] PluginManage:359 - Loaded plugin clock (category:base,tabindex:2)
2023-11-29 12:46:47,313 [INFO] PluginManage:310 - Check plugin ddr
2023-11-29 12:46:47,314 [INFO] PluginManage:359 - Loaded plugin ddr (category:tool,tabindex:6)
2023-11-29 12:46:47,314 [INFO] PluginManage:310 - Check plugin filemanager
2023-11-29 12:46:47,413 [INFO] PluginManage:359 - Loaded plugin filemanager (category:base,tabindex:10)
2023-11-29 12:46:47,414 [INFO] PluginManage:310 - Check plugin ipmanager
2023-11-29 12:46:47,419 [INFO] PluginManage:359 - Loaded plugin ipmanager (category:base,tabindex:5)
2023-11-29 12:46:47,419 [INFO] PluginManage:310 - Check plugin lpbam
2023-11-29 12:46:47,435 [INFO] PluginManage:359 - Loaded plugin lpbam (category:base,tabindex:0)
2023-11-29 12:46:47,435 [INFO] PluginManage:310 - Check plugin memorymap
2023-11-29 12:46:47,453 [INFO] PluginManage:359 - Loaded plugin memorymap (category:base,tabindex:4)
2023-11-29 12:46:47,453 [INFO] PluginManage:310 - Check plugin pinoutandconfiguration
2023-11-29 12:46:47,466 [INFO] PluginManage:359 - Loaded plugin pinoutandconfiguration (category:base,tabindex:1)
2023-11-29 12:46:47,466 [INFO] PluginManage:310 - Check plugin pinoutconfig
2023-11-29 12:46:47,548 [WARN] SupportedApi:132 - Cannot load RTOS API schema: s4s-elt-must-match.1: The content of 'definitions' must match (annotation?, (simpleType | complexType)?, (unique | key | keyref)*)). A problem was found starting at: attribute.
2023-11-29 12:46:47,656 [INFO] PluginManage:359 - Loaded plugin pinoutconfig (category:base,tabindex:0)
2023-11-29 12:46:47,657 [INFO] PluginManage:310 - Check plugin power
2023-11-29 12:46:47,672 [INFO] PluginManage:359 - Loaded plugin power (category:power,tabindex:4)
2023-11-29 12:46:47,672 [INFO] PluginManage:310 - Check plugin projectmanager
2023-11-29 12:46:47,683 [INFO] PluginManage:359 - Loaded plugin projectmanager (category:projectmanager,tabindex:3)
2023-11-29 12:46:47,683 [INFO] PluginManage:310 - Check plugin thirdparty
2023-11-29 12:46:47,870 [INFO] PluginManage:359 - Loaded plugin thirdparty (category:base,tabindex:-1)
2023-11-29 12:46:47,871 [INFO] PluginManage:310 - Check plugin tools
2023-11-29 12:46:47,871 [WARN] IntegrityCheckThread:84 - waiting for thirdparty lock release [integrity check]
2023-11-29 12:46:47,871 [INFO] IntegrityCheckThread:86 - entering critical section [integrity check]
2023-11-29 12:46:47,871 [INFO] ThirdPartyUpdaterWithRetryManager:70 - Updater plugin not ready yet. [1/15]
2023-11-29 12:46:47,891 [INFO] PluginManage:359 - Loaded plugin tools (category:base,tabindex:7)
2023-11-29 12:46:47,891 [INFO] PluginManage:310 - Check plugin tutovideos
2023-11-29 12:46:48,019 [INFO] PluginManage:359 - Loaded plugin tutovideos (category:base,tabindex:-1)
2023-11-29 12:46:48,019 [INFO] PluginManage:310 - Check plugin updater
2023-11-29 12:46:48,029 [INFO] PluginManage:359 - Loaded plugin updater (category:base,tabindex:12)
2023-11-29 12:46:48,029 [INFO] PluginManage:310 - Check plugin userauth
2023-11-29 12:46:48,033 [INFO] UserAuth:113 - Init User Auth plugin
2023-11-29 12:46:48,033 [INFO] PluginManage:359 - Loaded plugin userauth (category:base,tabindex:14)
2023-11-29 12:46:48,034 [INFO] PluginManage:283 - PluginManage : Loaded plugins [17]
2023-11-29 12:46:48,188 [INFO] PinOutPanel:1499 - setPackage(No Configuration,No Configuration)
2023-11-29 12:46:48,260 [INFO] CADModel:165 - CPN selected for project level
2023-11-29 12:46:48,260 [INFO] CADModel:114 - Register for checkConnection events
2023-11-29 12:46:48,278 [INFO] IPUIPlugin:80 - create IPUIPlugin
2023-11-29 12:46:48,278 [INFO] PluginManager:220 - loadIPPluginJar : add adc
2023-11-29 12:46:48,300 [INFO] IPUIPlugin:80 - create IPUIPlugin
2023-11-29 12:46:48,301 [INFO] PluginManager:220 - loadIPPluginJar : add aes
2023-11-29 12:46:48,322 [INFO] IPUIPlugin:80 - create IPUIPlugin
2023-11-29 12:46:48,322 [INFO] PluginManager:220 - loadIPPluginJar : add can
2023-11-29 12:46:48,340 [INFO] IPUIPlugin:80 - create IPUIPlugin
2023-11-29 12:46:48,340 [INFO] PluginManager:220 - loadIPPluginJar : add comp
2023-11-29 12:46:48,359 [INFO] IPUIPlugin:80 - create IPUIPlugin
2023-11-29 12:46:48,359 [INFO] PluginManager:220 - loadIPPluginJar : add cryp
2023-11-29 12:46:48,378 [INFO] IPUIPlugin:80 - create IPUIPlugin
2023-11-29 12:46:48,379 [INFO] PluginManager:220 - loadIPPluginJar : add dfsdm
2023-11-29 12:46:48,390 [INFO] IPUIPlugin:80 - create IPUIPlugin
2023-11-29 12:46:48,391 [INFO] PluginManager:220 - loadIPPluginJar : add dma
2023-11-29 12:46:48,414 [INFO] IPUIPlugin:80 - create IPUIPlugin
2023-11-29 12:46:48,414 [INFO] PluginManager:220 - loadIPPluginJar : add dma3
2023-11-29 12:46:48,426 [INFO] IPUIPlugin:80 - create IPUIPlugin
2023-11-29 12:46:48,426 [INFO] PluginManager:220 - loadIPPluginJar : add fatfs
2023-11-29 12:46:48,455 [INFO] IPUIPlugin:80 - create IPUIPlugin
2023-11-29 12:46:48,455 [INFO] PluginManager:220 - loadIPPluginJar : add fmc
2023-11-29 12:46:48,468 [INFO] IPUIPlugin:80 - create IPUIPlugin
2023-11-29 12:46:48,468 [INFO] PluginManager:220 - loadIPPluginJar : add freertos
2023-11-29 12:46:48,481 [INFO] IPUIPlugin:80 - create IPUIPlugin
2023-11-29 12:46:48,481 [INFO] PluginManager:220 - loadIPPluginJar : add genericplugin
2023-11-29 12:46:48,531 [INFO] IPUIPlugin:80 - create IPUIPlugin
2023-11-29 12:46:48,531 [INFO] PluginManager:220 - loadIPPluginJar : add gfxmmu
2023-11-29 12:46:48,603 [INFO] IPUIPlugin:80 - create IPUIPlugin
2023-11-29 12:46:48,603 [INFO] PluginManager:220 - loadIPPluginJar : add gic
2023-11-29 12:46:48,611 [INFO] IPUIPlugin:80 - create IPUIPlugin
2023-11-29 12:46:48,611 [INFO] PluginManager:220 - loadIPPluginJar : add gpio
2023-11-29 12:46:48,661 [INFO] IPUIPlugin:80 - create IPUIPlugin
2023-11-29 12:46:48,661 [INFO] PluginManager:220 - loadIPPluginJar : add gtzc
2023-11-29 12:46:48,679 [INFO] IPUIPlugin:80 - create IPUIPlugin
2023-11-29 12:46:48,679 [INFO] PluginManager:220 - loadIPPluginJar : add hash
2023-11-29 12:46:48,708 [INFO] IPUIPlugin:80 - create IPUIPlugin
2023-11-29 12:46:48,708 [INFO] PluginManager:220 - loadIPPluginJar : add i2c
2023-11-29 12:46:48,730 [INFO] IPUIPlugin:80 - create IPUIPlugin
2023-11-29 12:46:48,730 [INFO] PluginManager:220 - loadIPPluginJar : add i2s
2023-11-29 12:46:48,752 [INFO] IPUIPlugin:80 - create IPUIPlugin
2023-11-29 12:46:48,752 [INFO] PluginManager:220 - loadIPPluginJar : add i3c
2023-11-29 12:46:48,812 [INFO] IPUIPlugin:80 - create IPUIPlugin
2023-11-29 12:46:48,812 [INFO] PluginManager:220 - loadIPPluginJar : add ipddr
2023-11-29 12:46:48,866 [INFO] IPUIPlugin:80 - create IPUIPlugin
2023-11-29 12:46:48,867 [INFO] PluginManager:220 - loadIPPluginJar : add linkedlist
2023-11-29 12:46:48,886 [INFO] IPUIPlugin:80 - create IPUIPlugin
2023-11-29 12:46:48,886 [INFO] PluginManager:220 - loadIPPluginJar : add lorawan
2023-11-29 12:46:48,907 [INFO] IPUIPlugin:80 - create IPUIPlugin
2023-11-29 12:46:48,907 [INFO] PluginManager:220 - loadIPPluginJar : add ltdc
2023-11-29 12:46:48,920 [INFO] IPUIPlugin:80 - create IPUIPlugin
2023-11-29 12:46:48,920 [INFO] PluginManager:220 - loadIPPluginJar : add mdma
2023-11-29 12:46:48,930 [INFO] IPUIPlugin:80 - create IPUIPlugin
2023-11-29 12:46:48,930 [INFO] PluginManager:220 - loadIPPluginJar : add nvic
2023-11-29 12:46:48,955 [INFO] IPUIPlugin:80 - create IPUIPlugin
2023-11-29 12:46:48,955 [INFO] PluginManager:220 - loadIPPluginJar : add opamp
2023-11-29 12:46:48,987 [INFO] IPUIPlugin:80 - create IPUIPlugin
2023-11-29 12:46:48,987 [INFO] PluginManager:220 - loadIPPluginJar : add openamp
2023-11-29 12:46:49,011 [INFO] IPUIPlugin:80 - create IPUIPlugin
2023-11-29 12:46:49,012 [INFO] PluginManager:220 - loadIPPluginJar : add pdm2pcm
2023-11-29 12:46:49,023 [INFO] IPUIPlugin:80 - create IPUIPlugin
2023-11-29 12:46:49,024 [INFO] PluginManager:220 - loadIPPluginJar : add plateformsettings
2023-11-29 12:46:49,036 [INFO] IPUIPlugin:80 - create IPUIPlugin
2023-11-29 12:46:49,036 [INFO] PluginManager:220 - loadIPPluginJar : add quadspi
2023-11-29 12:46:49,044 [INFO] IPUIPlugin:80 - create IPUIPlugin
2023-11-29 12:46:49,044 [INFO] PluginManager:220 - loadIPPluginJar : add resmgrutility
2023-11-29 12:46:49,069 [INFO] IPUIPlugin:80 - create IPUIPlugin
2023-11-29 12:46:49,069 [INFO] PluginManager:220 - loadIPPluginJar : add sai
2023-11-29 12:46:49,089 [INFO] IPUIPlugin:80 - create IPUIPlugin
2023-11-29 12:46:49,089 [INFO] PluginManager:220 - loadIPPluginJar : add spi
2023-11-29 12:46:49,123 [INFO] IPUIPlugin:80 - create IPUIPlugin
2023-11-29 12:46:49,123 [INFO] PluginManager:220 - loadIPPluginJar : add stm32_wpan
2023-11-29 12:46:49,136 [INFO] IPUIPlugin:80 - create IPUIPlugin
2023-11-29 12:46:49,136 [INFO] PluginManager:220 - loadIPPluginJar : add tim
2023-11-29 12:46:49,166 [INFO] IPUIPlugin:80 - create IPUIPlugin
2023-11-29 12:46:49,166 [INFO] PluginManager:220 - loadIPPluginJar : add touchsensing
2023-11-29 12:46:49,178 [INFO] IPUIPlugin:80 - create IPUIPlugin
2023-11-29 12:46:49,178 [INFO] PluginManager:220 - loadIPPluginJar : add tracer_emb
2023-11-29 12:46:49,191 [INFO] IPUIPlugin:80 - create IPUIPlugin
2023-11-29 12:46:49,191 [INFO] PluginManager:220 - loadIPPluginJar : add ts
2023-11-29 12:46:49,202 [INFO] IPUIPlugin:80 - create IPUIPlugin
2023-11-29 12:46:49,202 [INFO] PluginManager:220 - loadIPPluginJar : add tsc
2023-11-29 12:46:49,214 [INFO] IPUIPlugin:80 - create IPUIPlugin
2023-11-29 12:46:49,215 [INFO] PluginManager:220 - loadIPPluginJar : add ucpd
2023-11-29 12:46:49,239 [INFO] IPUIPlugin:80 - create IPUIPlugin
2023-11-29 12:46:49,239 [INFO] PluginManager:220 - loadIPPluginJar : add usart
2023-11-29 12:46:49,262 [INFO] IPUIPlugin:80 - create IPUIPlugin
2023-11-29 12:46:49,262 [INFO] PluginManager:220 - loadIPPluginJar : add usbx
2023-11-29 12:46:49,369 [INFO] CADModel:165 - CPN selected for project level
2023-11-29 12:46:49,369 [INFO] CADModel:114 - Register for checkConnection events
2023-11-29 12:46:49,369 [FATAL] Updater:308 - Updater called before beeing initialized
2023-11-29 12:46:49,369 [ERROR] CADModel:125 - Updater not yet initialized, retry later 
2023-11-29 12:46:49,481 [INFO] CADModel:165 - CPN selected for project level
2023-11-29 12:46:49,481 [INFO] CADModel:114 - Register for checkConnection events
2023-11-29 12:46:49,481 [FATAL] Updater:308 - Updater called before beeing initialized
2023-11-29 12:46:49,481 [ERROR] CADModel:125 - Updater not yet initialized, retry later 
2023-11-29 12:46:49,484 [FATAL] Updater:308 - Updater called before beeing initialized
2023-11-29 12:46:49,547 [FATAL] Updater:308 - Updater called before beeing initialized
2023-11-29 12:46:49,555 [INFO] DbMcusAds:53 - JSON generation date=Tue Mar 07 15:50:55 ICT 2023 (1678179055335)
2023-11-29 12:46:49,555 [FATAL] Updater:308 - Updater called before beeing initialized
2023-11-29 12:46:49,605 [WARN] DetailPanel:346 - Failed to get advertising image, set to default
2023-11-29 12:46:49,664 [FATAL] Updater:308 - Updater called before beeing initialized
2023-11-29 12:46:49,666 [FATAL] Updater:308 - Updater called before beeing initialized
2023-11-29 12:46:49,666 [FATAL] Updater:308 - Updater called before beeing initialized
2023-11-29 12:46:49,666 [WARN] DetailPanel:346 - Failed to get advertising image, set to default
2023-11-29 12:46:49,667 [FATAL] Updater:308 - Updater called before beeing initialized
2023-11-29 12:46:49,703 [ERROR] Updater:1120 - MainUpdater not yet initialized. External WinMGr cannot be set.
2023-11-29 12:46:49,710 [INFO] Updater:1056 - Updater Version found : 6.9.1
2023-11-29 12:46:49,726 [INFO] ApplicationProperties:184 - Using Application install path: C:\ST\STM32CubeIDE_1.13.1\STM32CubeIDE\plugins\com.st.stm32cube.common.mx_6.9.1.202307191849
2023-11-29 12:46:49,983 [INFO] MainUpdater:2868 - connection check result : 10
2023-11-29 12:46:49,984 [INFO] MainUpdater:285 - Updater Check For Update Now.
2023-11-29 12:46:49,984 [INFO] MicroXplorer:498 - Change Database Version : DB.6.0.91
2023-11-29 12:46:49,999 [INFO] McuFinderGlobals:63 - Set McuFinder mode to 2 (CubeIDE integrated)
2023-11-29 12:46:50,160 [INFO] CheckServerUpdateThread:120 - End of CheckServer Thread
2023-11-29 12:46:50,212 [INFO] MainUpdater:2868 - connection check result : 10
2023-11-29 12:46:50,222 [INFO] MainUpdater:2868 - connection check result : 10
2023-11-29 12:46:50,353 [INFO] MicroXplorer:468 - Change Database Path : 
2023-11-29 12:46:50,353 [INFO] MicroXplorer:498 - Change Database Version : DB.6.0.91
2023-11-29 12:46:50,356 [WARN] ThirdParty:871 - waiting for thirdparty lock release [close project]
2023-11-29 12:46:51,014 [WARN] PackLoader:240 - Cannot read IP mode file for STMicroelectronics.X-CUBE-SMBUS.2.1.0
2023-11-29 12:46:51,039 [WARN] PackLoader:240 - Cannot read IP mode file for STMicroelectronics.X-CUBE-AZRTOS-F7.1.1.0
2023-11-29 12:46:51,055 [WARN] PackLoader:240 - Cannot read IP mode file for STMicroelectronics.FP-SNS-MOTENV1.4.3.2
2023-11-29 12:46:51,065 [WARN] PackLoader:240 - Cannot read IP mode file for STMicroelectronics.FP-SNS-FLIGHT1.5.0.2
2023-11-29 12:46:51,080 [WARN] PackLoader:240 - Cannot read IP mode file for STMicroelectronics.X-CUBE-DISPLAY.3.0.0
2023-11-29 12:46:51,097 [WARN] PackLoader:240 - Cannot read IP mode file for STMicroelectronics.X-CUBE-BLE1.7.0.0
2023-11-29 12:46:51,105 [WARN] PackLoader:240 - Cannot read IP mode file for emotas.I-CUBE-CANOPEN.1.3.0
2023-11-29 12:46:51,116 [WARN] PackLoader:240 - Cannot read IP mode file for STMicroelectronics.X-CUBE-TOUCHGFX.4.22.0
2023-11-29 12:46:51,124 [WARN] PackLoader:240 - Cannot read IP mode file for STMicroelectronics.X-CUBE-TOUCHGFX.4.22.1
2023-11-29 12:46:51,134 [WARN] PackLoader:240 - Cannot read IP mode file for STMicroelectronics.FP-SNS-SMARTAG2.1.2.0
2023-11-29 12:46:51,148 [INFO] LogOutputStream:77 - [STDOUT_REDIRECT] 1 : Invalid condition id : UX_CORESTACK_Condition cause : null
2023-11-29 12:46:51,148 [INFO] LogOutputStream:77 - [STDOUT_REDIRECT] 1 : Invalid condition id : UX_CORESTACK_Condition cause : null
2023-11-29 12:46:51,148 [INFO] LogOutputStream:77 - [STDOUT_REDIRECT] 1 : Invalid condition id : UX_CORESTACK_Condition cause : null
2023-11-29 12:46:51,150 [INFO] LogOutputStream:77 - [STDOUT_REDIRECT] 1 : Invalid condition id : UX_CORESTACK_Condition cause : null
2023-11-29 12:46:51,151 [INFO] LogOutputStream:77 - [STDOUT_REDIRECT] 1 : Invalid condition id : UX_CORESTACK_Condition cause : null
2023-11-29 12:46:51,153 [WARN] PackLoader:240 - Cannot read IP mode file for STMicroelectronics.X-CUBE-AZRTOS-WL.2.0.0
2023-11-29 12:46:51,163 [WARN] PackLoader:240 - Cannot read IP mode file for WES.I-CUBE-Cesium.1.3.0
2023-11-29 12:46:51,170 [WARN] PackLoader:240 - Cannot read IP mode file for STMicroelectronics.X-CUBE-BLE2.3.3.0
2023-11-29 12:46:51,179 [WARN] PackLoader:240 - Cannot read IP mode file for STMicroelectronics.X-CUBE-ALGOBUILD.1.3.0
2023-11-29 12:46:51,196 [WARN] PackLoader:240 - Cannot read IP mode file for STMicroelectronics.X-CUBE-AZRTOS-G0.1.1.0
2023-11-29 12:46:51,205 [WARN] PackLoader:240 - Cannot read IP mode file for STMicroelectronics.X-CUBE-NFC4.3.0.0
2023-11-29 12:46:51,216 [WARN] PackLoader:240 - Cannot read IP mode file for STMicroelectronics.X-CUBE-BLEMGR.3.0.0
2023-11-29 12:46:51,225 [WARN] PackLoader:240 - Cannot read IP mode file for STMicroelectronics.FP-ATR-SIGFOX1.3.2.0
2023-11-29 12:46:51,249 [WARN] PackLoader:240 - Cannot read IP mode file for SEGGER.I-CUBE-embOS.1.3.1
2023-11-29 12:46:51,278 [WARN] PackLoader:240 - Cannot read IP mode file for STMicroelectronics.X-CUBE-GNSS1.6.0.0
2023-11-29 12:46:51,295 [WARN] PackLoader:240 - Cannot read IP mode file for STMicroelectronics.X-CUBE-AZRTOS-F4.1.1.0
2023-11-29 12:46:51,304 [WARN] PackLoader:240 - Cannot read IP mode file for wolfSSL.I-CUBE-wolfSSL.5.6.3
2023-11-29 12:46:51,323 [WARN] PackLoader:240 - Cannot read IP mode file for STMicroelectronics.X-CUBE-AZRTOS-L5.2.0.0
2023-11-29 12:46:51,352 [WARN] PackLoader:240 - Cannot read IP mode file for STMicroelectronics.X-CUBE-MEMS1.9.6.0
2023-11-29 12:46:51,435 [WARN] PackLoader:240 - Cannot read IP mode file for STMicroelectronics.X-CUBE-EEPRMA1.4.2.0
2023-11-29 12:46:51,445 [WARN] PackLoader:240 - Cannot read IP mode file for ITTIA_DB.I-CUBE-ITTIADB.8.8.0
2023-11-29 12:46:51,456 [WARN] PackLoader:240 - Cannot read IP mode file for STMicroelectronics.X-CUBE-BLEMGR.2.0.0
2023-11-29 12:46:51,477 [WARN] ConditionMgr:438 - getConditionDescription Invalid condition id : UX DEVICE CLASS RTOS Condition cause : null
2023-11-29 12:46:51,477 [WARN] ConditionMgr:438 - getConditionDescription Invalid condition id : UX DEVICE CLASS RTOS Condition cause : null
2023-11-29 12:46:51,478 [WARN] PackLoader:240 - Cannot read IP mode file for STMicroelectronics.X-CUBE-AZRTOS-H7.3.1.0
2023-11-29 12:46:51,479 [WARN] ConditionMgr:1039 - genDependencies : Invalid condition id : UX DEVICE CLASS RTOS Condition cause : null
2023-11-29 12:46:51,479 [WARN] ConditionMgr:1039 - genDependencies : Invalid condition id : UX DEVICE CLASS RTOS Condition cause : null
2023-11-29 12:46:51,480 [WARN] ConditionMgr:1039 - genDependencies : Invalid condition id : UX DEVICE CLASS RTOS Condition cause : null
2023-11-29 12:46:51,480 [WARN] ConditionMgr:1039 - genDependencies : Invalid condition id : UX DEVICE CLASS RTOS Condition cause : null
2023-11-29 12:46:51,480 [WARN] ConditionMgr:1039 - genDependencies : Invalid condition id : UX DEVICE CLASS RTOS Condition cause : null
2023-11-29 12:46:51,489 [WARN] PackLoader:240 - Cannot read IP mode file for STMicroelectronics.X-CUBE-NFC7.1.0.1
2023-11-29 12:46:51,498 [WARN] PackLoader:240 - Cannot read IP mode file for STMicroelectronics.X-CUBE-NFC6.3.0.0
2023-11-29 12:46:51,507 [WARN] PackLoader:240 - Cannot read IP mode file for STMicroelectronics.X-CUBE-EEPRMA1.4.1.0
2023-11-29 12:46:51,515 [WARN] PackLoader:240 - Cannot read IP mode file for STMicroelectronics.X-CUBE-AI.8.1.0
2023-11-29 12:46:51,531 [WARN] ConditionMgr:438 - getConditionDescription Invalid condition id : LAN8742 Phy interface Condition cause : null
2023-11-29 12:46:51,532 [WARN] PackLoader:240 - Cannot read IP mode file for STMicroelectronics.X-CUBE-AZRTOS-L4.2.0.0
2023-11-29 12:46:51,532 [WARN] ConditionMgr:1039 - genDependencies : Invalid condition id : LAN8742 Phy interface Condition cause : null
2023-11-29 12:46:51,533 [WARN] ConditionMgr:1039 - genDependencies : Invalid condition id : LAN8742 Phy interface Condition cause : null
2023-11-29 12:46:51,533 [WARN] ConditionMgr:1039 - genDependencies : Invalid condition id : LAN8742 Phy interface Condition cause : null
2023-11-29 12:46:51,542 [WARN] PackLoader:240 - Cannot read IP mode file for STMicroelectronics.X-CUBE-SFXS2LP1.4.0.0
2023-11-29 12:46:51,551 [WARN] PackLoader:240 - Cannot read IP mode file for STMicroelectronics.X-CUBE-ISPU.1.1.0
2023-11-29 12:46:51,565 [WARN] ConditionMgr:438 - getConditionDescription Invalid condition id : UX DEVICE CLASS RTOS Condition cause : null
2023-11-29 12:46:51,565 [WARN] ConditionMgr:438 - getConditionDescription Invalid condition id : UX DEVICE CLASS RTOS Condition cause : null
2023-11-29 12:46:51,566 [WARN] PackLoader:240 - Cannot read IP mode file for STMicroelectronics.X-CUBE-AZRTOS-WB.2.0.0
2023-11-29 12:46:51,566 [WARN] ConditionMgr:1039 - genDependencies : Invalid condition id : UX DEVICE CLASS RTOS Condition cause : null
2023-11-29 12:46:51,566 [WARN] ConditionMgr:1039 - genDependencies : Invalid condition id : UX DEVICE CLASS RTOS Condition cause : null
2023-11-29 12:46:51,566 [WARN] ConditionMgr:1039 - genDependencies : Invalid condition id : UX DEVICE CLASS RTOS Condition cause : null
2023-11-29 12:46:51,567 [WARN] ConditionMgr:1039 - genDependencies : Invalid condition id : UX DEVICE CLASS RTOS Condition cause : null
2023-11-29 12:46:51,567 [WARN] ConditionMgr:1039 - genDependencies : Invalid condition id : UX DEVICE CLASS RTOS Condition cause : null
2023-11-29 12:46:51,581 [WARN] PackLoader:240 - Cannot read IP mode file for STMicroelectronics.X-CUBE-SUBG2.5.0.0
2023-11-29 12:46:51,600 [WARN] PackLoader:240 - Cannot read IP mode file for STMicroelectronics.X-CUBE-TOF1.3.3.1
2023-11-29 12:46:51,630 [WARN] PackLoader:240 - Cannot read IP mode file for STMicroelectronics.X-CUBE-AZRTOS-G4.2.0.0
2023-11-29 12:46:51,646 [WARN] PackLoader:240 - Cannot read IP mode file for Infineon.AIROC-Wi-Fi-Bluetooth-STM32.1.5.1
2023-11-29 12:46:51,662 [WARN] PackLoader:240 - Cannot read IP mode file for STMicroelectronics.FP-SNS-MOTENVWB1.1.3.0
2023-11-29 12:46:51,691 [WARN] PackLoader:240 - Cannot read IP mode file for STMicroelectronics.X-CUBE-MEMS1.10.0.0
2023-11-29 12:46:51,753 [WARN] PackLoader:240 - Cannot read IP mode file for STMicroelectronics.X-CUBE-FREERTOS.1.1.0
2023-11-29 12:46:51,764 [WARN] PackLoader:240 - Cannot read IP mode file for portGmbH.I-Cube-SoM-uGOAL.1.1.0
2023-11-29 12:46:51,774 [WARN] PackLoader:240 - Cannot read IP mode file for STMicroelectronics.X-CUBE-ALS.1.0.1
2023-11-29 12:46:51,782 [WARN] PackLoader:240 - Cannot read IP mode file for STMicroelectronics.FP-ATR-ASTRA1.2.0.0
2023-11-29 12:46:51,796 [WARN] PackLoader:240 - Cannot read IP mode file for STMicroelectronics.X-CUBE-TOF1.3.4.0
2023-11-29 12:46:51,801 [INFO] ThirdParty:978 - Integrity check success = true
2023-11-29 12:46:51,802 [INFO] IntegrityCheckThread:100 - exiting critical section [integrity check]
2023-11-29 12:46:51,802 [INFO] IntegrityCheckThread:103 - End integrity checks thread
2023-11-29 12:46:51,802 [INFO] ThirdParty:873 - entering critical section [close project]
2023-11-29 12:46:51,804 [INFO] ThirdParty:883 - exiting critical section [close project]
2023-11-29 12:46:51,808 [INFO] PinOutPanel:1499 - setPackage(No Configuration,No Configuration)
2023-11-29 12:46:51,814 [INFO] UtilMem:75 - Begin LoadConfig() Used Memory: 208872056 Bytes (268435456)
2023-11-29 12:46:51,816 [INFO] MicroXplorer:468 - Change Database Path : 
2023-11-29 12:46:51,816 [INFO] MicroXplorer:498 - Change Database Version : DB.6.0.91
2023-11-29 12:46:51,816 [INFO] OpenFileManager:308 - Change cursor
2023-11-29 12:46:51,872 [INFO] Mcu:1946 - Initializing MCU STM32F103C(8-B)Tx STM32F103C8Tx STM32F103C8T6
2023-11-29 12:46:52,680 [INFO] Context:659 - Trying to add GPIOservice into a context  which must be forbidden
2023-11-29 12:46:53,015 [INFO] RtosManager:555 - Registered RTOS mode: class=CMSIS, group=RTOS, mode=CMSIS_V1, owner=FREERTOS
2023-11-29 12:46:53,015 [INFO] RtosManager:555 - Registered RTOS mode: class=CMSIS, group=RTOS2, mode=CMSIS_V2, owner=FREERTOS
2023-11-29 12:46:53,015 [INFO] RtosManager:555 - Registered RTOS mode: class=RTOS, group=Core, mode=CMSIS_V1, owner=FREERTOS
2023-11-29 12:46:53,015 [INFO] RtosManager:555 - Registered RTOS mode: class=RTOS, group=Core, mode=CMSIS_V2, owner=FREERTOS
2023-11-29 12:46:53,015 [WARN] ModelIntegratedComponent:184 - Missing modes for component STMicroelectronics:FreeRTOS:0.0.1:STMicroelectronics:RTOS:FreeRTOS:Core:::10.2.0:
2023-11-29 12:46:53,025 [WARN] ModelIntegratedComponent:63 - No mode defined for component null
2023-11-29 12:46:53,025 [WARN] ModelIntegratedComponent:63 - No mode defined for component null
2023-11-29 12:46:53,025 [WARN] ModelIntegratedComponent:63 - No mode defined for component null
2023-11-29 12:46:53,025 [WARN] ModelIntegratedComponent:63 - No mode defined for component null
2023-11-29 12:46:53,025 [WARN] ModelIntegratedComponent:63 - No mode defined for component null
2023-11-29 12:46:53,025 [WARN] ModelIntegratedComponent:63 - No mode defined for component null
2023-11-29 12:46:53,025 [WARN] ModelIntegratedComponent:63 - No mode defined for component null
2023-11-29 12:46:53,025 [WARN] ModelIntegratedComponent:63 - No mode defined for component null
2023-11-29 12:46:53,025 [WARN] ModelIntegratedComponent:63 - No mode defined for component null
2023-11-29 12:46:53,025 [WARN] ModelIntegratedComponent:63 - No mode defined for component null
2023-11-29 12:46:53,025 [WARN] ModelIntegratedComponent:63 - No mode defined for component null
2023-11-29 12:46:53,025 [WARN] ModelIntegratedComponent:63 - No mode defined for component null
2023-11-29 12:46:53,025 [WARN] ModelIntegratedComponent:63 - No mode defined for component null
2023-11-29 12:46:53,025 [WARN] ModelIntegratedComponent:63 - No mode defined for component null
2023-11-29 12:46:53,025 [WARN] ModelIntegratedComponent:63 - No mode defined for component null
2023-11-29 12:46:53,025 [WARN] ModelIntegratedComponent:63 - No mode defined for component null
2023-11-29 12:46:53,026 [WARN] ModelIntegratedComponent:63 - No mode defined for component null
2023-11-29 12:46:53,026 [WARN] ModelIntegratedComponent:63 - No mode defined for component null
2023-11-29 12:46:53,026 [WARN] ModelIntegratedComponent:63 - No mode defined for component null
2023-11-29 12:46:53,026 [WARN] ModelIntegratedComponent:63 - No mode defined for component null
2023-11-29 12:46:53,026 [WARN] ModelIntegratedComponent:63 - No mode defined for component null
2023-11-29 12:46:53,026 [WARN] ModelIntegratedComponent:63 - No mode defined for component null
2023-11-29 12:46:53,026 [WARN] ModelIntegratedComponent:63 - No mode defined for component null
2023-11-29 12:46:53,026 [WARN] ModelIntegratedComponent:63 - No mode defined for component null
2023-11-29 12:46:53,026 [WARN] ModelIntegratedComponent:63 - No mode defined for component null
2023-11-29 12:46:53,026 [WARN] ModelIntegratedComponent:63 - No mode defined for component null
2023-11-29 12:46:53,026 [WARN] ModelIntegratedComponent:63 - No mode defined for component null
2023-11-29 12:46:53,026 [WARN] ModelIntegratedComponent:63 - No mode defined for component null
2023-11-29 12:46:53,026 [WARN] ModelIntegratedComponent:63 - No mode defined for component null
2023-11-29 12:46:53,026 [WARN] ModelIntegratedComponent:63 - No mode defined for component null
2023-11-29 12:46:53,026 [WARN] ModelIntegratedComponent:63 - No mode defined for component null
2023-11-29 12:46:53,026 [WARN] ModelIntegratedComponent:63 - No mode defined for component null
2023-11-29 12:46:53,026 [WARN] ModelIntegratedComponent:63 - No mode defined for component null
2023-11-29 12:46:53,086 [INFO] ThirdPartyModel:298 - Start build external matchings
2023-11-29 12:46:53,376 [INFO] ThirdPartyModel:316 - End build external matchings
2023-11-29 12:46:53,395 [INFO] ImportTextPane:194 - (OptionalMessage_ERROR) IP (RCC) : Parameter (ADCFreqValue) has invalid value (36000000)
2023-11-29 12:46:53,395 [INFO] ImportTextPane:194 - (OptionalMessage_ERROR) IP (RCC) : Invalid parameter (FamilyName)
2023-11-29 12:46:53,395 [INFO] ImportTextPane:194 - (OptionalMessage_ERROR) IP (RCC) : Parameter (MCOFreq_Value) has invalid value (72000000)
2023-11-29 12:46:53,396 [INFO] ImportTextPane:194 - (OptionalMessage_ERROR) IP (RCC) : Parameter (USBFreq_Value) has invalid value (72000000)
2023-11-29 12:46:53,548 [INFO] UtilMem:75 - End LoadConfig() Used Memory: 267482560 Bytes (316669952)
2023-11-29 12:46:53,666 [INFO] ApiDb:581 - Connected to CubeFinder SQLite database (C:\Users\acer\.stmcufinder\plugins\mcufinder\mcu\cube-finder-db.db)
2023-11-29 12:46:53,717 [INFO] ApiDb:668 - CubeFinder database Data Model version=2.1
2023-11-29 12:46:53,719 [INFO] ApiDb:669 - CubeFinder database Configuration version=3.0.37
2023-11-29 12:46:53,719 [INFO] ApiDb:670 - CubeFinder database generation date=2023-10-13 (1697197505)
2023-11-29 12:46:53,719 [INFO] ApiDb:671 - CubeFinder database FW Pack versions=[FP-ATR-ASTRA1_V2.0.0, FP-SNS-FLIGHT1_V5.0.1, FP-SNS-FLIGHT1_V5.0.2, FP-SNS-MOTENV1_V4.3.1, FP-SNS-MOTENV1_V4.3.2, FP-SNS-SMARTAG2_V1.2.0, I-CUBE-ITTIADB_V8.6.3-1, STM32Cube_FW_C0_V1.1.0, STM32Cube_FW_F4_V1.27.1, STM32Cube_FW_F7_V1.17.0, STM32Cube_FW_G0_V1.6.1, STM32Cube_FW_G4_V1.5.1, STM32Cube_FW_H5_V0.5.1, STM32Cube_FW_H5_V1.1.1, STM32Cube_FW_H7_V1.11.0, STM32Cube_FW_L0_V1.12.2, STM32Cube_FW_L5_V1.5.0, STM32Cube_FW_U5_V1.3.0, STM32Cube_FW_U5_V1.3.0RC4, STM32Cube_FW_WBA_V1.0.0RC1, STM32Cube_FW_WBA_V1.1.0RC1, STM32Cube_FW_WBA_V1.1.1, STM32Cube_FW_WB_V1.15.0RC1, STM32Cube_FW_WB_V1.16.0, STM32Cube_FW_WB_V1.16.0RC2, STM32Cube_FW_WB_V1.17.3, STM32Cube_FW_WL_V1.3.0, X-CUBE-ALGOBUILD_V1.3.0, X-CUBE-ALS_V1.0.1, X-CUBE-AZRTOS-F4_V1.1.0, X-CUBE-AZRTOS-F7_V1.1.0, X-CUBE-AZRTOS-G0_V1.1.0, X-CUBE-AZRTOS-G4_V2.0.0, X-CUBE-AZRTOS-H7_V3.1.0, X-CUBE-AZRTOS-L4_V1.0.0, X-CUBE-AZRTOS-L4_V2.0.0, X-CUBE-AZRTOS-L5_V1.1.0, X-CUBE-AZRTOS-WB_V2.0.0, X-CUBE-AZRTOS-WL_V2.0.0, X-CUBE-BLE1_V7.0.0, X-CUBE-BLE2_V3.3.0, X-CUBE-BLEMGR_V2.0.0, X-CUBE-EEPRMA1_V4.1.0, X-CUBE-FREERTOS_V1.1.0, X-CUBE-GNSS1_V6.0.0, X-CUBE-MEMS1_V10.0.0, X-CUBE-MEMS1_V9.1.0, X-CUBE-MEMS1_V9.4.0, X-CUBE-MEMS1_V9.6.0, X-CUBE-NFC4_V3.0.0, X-CUBE-NFC7_V1.0.1, X-CUBE-SFXS2LP1_V4.0.0, X-CUBE-SUBG2_V5.0.0, X-CUBE-TOF1_V3.3.1]
2023-11-29 12:46:55,061 [INFO] ApiDb:240 - Found 323 in-development CPN: [B-G473E-ZEST1S, B-WB1M-WPAN1, B-WL5M-SUBG1, NUCLEO-C031C6, NUCLEO-H503RB, NUCLEO-H563ZI, NUCLEO-U545RE-Q, NUCLEO-U5A5ZJ-Q, NUCLEO-WBA52CG, STEVAL-PROTEUS1, STEVAL-SMARTAG2, STEVAL-STWINBX1, STM320518-EVAL, STM32C0116-DK, STM32C011D6Y3TR, STM32C011D6Y6TR, STM32C011F4P3, STM32C011F4P6, STM32C011F4U3, STM32C011F4U6TR, STM32C011F6P3, STM32C011F6P6, STM32C011F6U3, STM32C011F6U6TR, STM32C011J4M3, STM32C011J4M6, STM32C011J6M3, STM32C011J6M6, STM32C0316-DK, STM32C031C4T3, STM32C031C4T6, STM32C031C4U3, STM32C031C4U6, STM32C031C6T3, STM32C031C6T6, STM32C031C6U3, STM32C031C6U6, STM32C031F4P3, STM32C031F4P6, STM32C031F6P3, STM32C031F6P6, STM32C031G4U3, STM32C031G4U6, STM32C031G6U3, STM32C031G6U6, STM32C031K4T3, STM32C031K4T6, STM32C031K4U3, STM32C031K4U6, STM32C031K6T3, STM32C031K6T6, STM32C031K6U3, STM32C031K6U6, STM32G071K8TXN, STM32G071K8UXN, STM32G081GBU6N, STM32G081KBT6N, STM32G081KBUXN, STM32G0B1CCT6N, STM32G0B1KCT6, STM32G0B1NEY6TR, STM32G0B1RCT6N, STM32G0C1CCT6, STM32G0C1CCT6N, STM32G0C1CCU6N, STM32G0C1CET6N, STM32G0C1CEU6N, STM32G0C1KCT6, STM32G0C1NEY6TR, STM32G0C1RCI6N, STM32G0C1RCT6N, STM32G0C1REI6N, STM32G0C1RET6N, STM32G0C1VCI6, STM32G0C1VEI6, STM32G471CCT6, STM32G471CCU6, STM32G471CET3, STM32G471CET6, STM32G471CEU3, STM32G471CEU6, STM32G471MCT6, STM32G471MET3, STM32G471MET6, STM32G471MEY6TR, STM32G471QCT6, STM32G471QET3, STM32G471RCT6, STM32G471RET3, STM32G471RET6, STM32G471VCH6, STM32G471VCI6, STM32G471VCT6, STM32G471VEH3, STM32G471VEH6, STM32G471VEI3, STM32G471VEI6, STM32G471VET3, STM32G471VET6, STM32G474CCT6, STM32H503CBT6, STM32H503CBU6, STM32H503EBY6TR, STM32H503KBU6, STM32H503RBT6, STM32H562AGI6, STM32H562AII6, STM32H562IGK6, STM32H562IGT6, STM32H562IIK6, STM32H562IIT6, STM32H562RGT6, STM32H562RGV6, STM32H562RIT6, STM32H562RIV6, STM32H562VGT6, STM32H562VIT6, STM32H562ZGT6, STM32H562ZIT6, STM32H563AGI6, STM32H563AII3Q, STM32H563AII6, STM32H563IGK6, STM32H563IGT6, STM32H563IIK3Q, STM32H563IIK6, STM32H563IIT3Q, STM32H563IIT6, STM32H563MIY3QTR, STM32H563RGT6, STM32H563RGV6, STM32H563RIT6, STM32H563RIV6, STM32H563VGT6, STM32H563VIT3Q, STM32H563VIT6, STM32H563ZGT6, STM32H563ZIT3Q, STM32H563ZIT6, STM32H573AII3Q, STM32H573AII6, STM32H573I-DK, STM32H573IIK3Q, STM32H573IIK6, STM32H573IIT3Q, STM32H573IIT6, STM32H573MIY3QTR, STM32H573RIT6, STM32H573RIV6, STM32H573VIT3Q, STM32H573VIT6, STM32H573ZIT3Q, STM32H573ZIT6, STM32L4R5QGI6STR, STM32MP131AAE3, STM32MP131AAF3, STM32MP131AAG3, STM32MP131CAE3, STM32MP131CAF3, STM32MP131CAG3, STM32MP131DAE7, STM32MP131DAF7, STM32MP131DAG7, STM32MP131FAE7, STM32MP131FAF7, STM32MP131FAG7, STM32MP133AAE3, STM32MP133AAF3, STM32MP133AAG3, STM32MP133CAE3, STM32MP133CAF3, STM32MP133CAG3, STM32MP133DAE7, STM32MP133DAF7, STM32MP133DAG7, STM32MP133FAE7, STM32MP133FAF7, STM32MP133FAG7, STM32MP135AAE3, STM32MP135AAF3, STM32MP135AAG3, STM32MP135CAE3, STM32MP135CAF3, STM32MP135CAG3, STM32MP135DAE7, STM32MP135DAF7, STM32MP135DAG7, STM32MP135F-DK, STM32MP135FAE7, STM32MP135FAF7, STM32MP135FAF7T, STM32MP135FAF7U, STM32MP135FAG7, STM32U535CBT6, STM32U535CBT6Q, STM32U535CBU6, STM32U535CBU6Q, STM32U535CCT6, STM32U535CCT6Q, STM32U535CCU6, STM32U535CCU6Q, STM32U535CET6, STM32U535CET6Q, STM32U535CEU6, STM32U535CEU6Q, STM32U535JEY6QTR, STM32U535NCY6QTR, STM32U535NEY6QTR, STM32U535RBI6, STM32U535RBI6Q, STM32U535RBT6, STM32U535RBT6Q, STM32U535RCI6, STM32U535RCI6Q, STM32U535RCT6, STM32U535RCT6Q, STM32U535REI6, STM32U535REI6Q, STM32U535RET6, STM32U535RET6Q, STM32U535VCI6, STM32U535VCI6Q, STM32U535VCT6, STM32U535VCT6Q, STM32U535VEI6, STM32U535VEI6Q, STM32U535VET6, STM32U535VET6Q, STM32U545CET6, STM32U545CET6Q, STM32U545CEU6, STM32U545CEU6Q, STM32U545JEY6QTR, STM32U545NEY6QTR, STM32U545REI6, STM32U545REI6Q, STM32U545RET6, STM32U545RET6Q, STM32U545VEI6, STM32U545VEI6Q, STM32U545VET6, STM32U545VET6Q, STM32U595AIH6, STM32U595AIH6Q, STM32U595AJH6, STM32U595AJH6Q, STM32U595QII6, STM32U595QII6Q, STM32U595QJI6, STM32U595QJI6Q, STM32U595RIT6, STM32U595RIT6Q, STM32U595RJT6, STM32U595RJT6Q, STM32U595VIT6, STM32U595VIT6Q, STM32U595VJT6, STM32U595VJT6Q, STM32U595ZIT6, STM32U595ZIT6Q, STM32U595ZIY6QTR, STM32U595ZJT6, STM32U595ZJT6Q, STM32U595ZJY6QTR, STM32U599BJY6QTR, STM32U599NIH6Q, STM32U599NJH6Q, STM32U599VIT6Q, STM32U599VJT6, STM32U599VJT6Q, STM32U599ZIT6Q, STM32U599ZIY6QTR, STM32U599ZJT6Q, STM32U599ZJY6QTR, STM32U5A5AJH6, STM32U5A5AJH6Q, STM32U5A5QJI6, STM32U5A5QJI6Q, STM32U5A5RJT6, STM32U5A5RJT6Q, STM32U5A5VJT6, STM32U5A5VJT6Q, STM32U5A5ZJT6, STM32U5A5ZJT6Q, STM32U5A5ZJY6QTR, STM32U5A9BJY6QTR, STM32U5A9J-DK, STM32U5A9NJH6Q, STM32U5A9VJT6Q, STM32U5A9ZJT6Q, STM32U5A9ZJY6QTR, STM32U5F7VIT6, STM32U5F7VIT6Q, STM32U5F7VJT6, STM32U5F7VJT6Q, STM32U5F9BJY6QTR, STM32U5F9NJH6Q, STM32U5F9VIT6Q, STM32U5F9VJT6Q, STM32U5F9ZIJ6QTR, STM32U5F9ZIT6Q, STM32U5F9ZJJ6QTR, STM32U5F9ZJT6Q, STM32U5G7VJT6, STM32U5G7VJT6Q, STM32U5G9BJY6QTR, STM32U5G9J-DK1, STM32U5G9J-DK2, STM32U5G9NJH6Q, STM32U5G9VJT6Q, STM32U5G9ZJJ6QTR, STM32U5G9ZJT6Q, STM32WB1MMCH6, STM32WBA52CEU6, STM32WBA52CEU6T, STM32WBA52CGU6, STM32WBA52CGU6T, STM32WBA52KEU6, STM32WBA52KEU6T, STM32WBA52KGU6, STM32WBA52KGU6T, STM32WL5MOCH6, STM32WL5MOCH6TR]
2023-11-29 12:46:55,064 [INFO] DbMcus:217 - Found 3848 MCUs, 3848 are supported
2023-11-29 12:46:55,065 [INFO] ApiDb:423 - Load user favorites file C:\Users\acer/.stm32cubeide/favorites.mcus.txt: 0 item(s)
2023-11-29 12:46:55,065 [INFO] ApiDb:427 - User favorites MCUs=[]
2023-11-29 12:46:55,065 [INFO] DbMcus:223 - Set 0 / 0 favorites MCUs
2023-11-29 12:46:55,294 [WARN] ThirdParty:833 - waiting for thirdparty lock release [change project]
2023-11-29 12:46:55,294 [INFO] ThirdParty:835 - entering critical section [change project]
2023-11-29 12:46:55,294 [INFO] ThirdParty:1030 - CMSIS Pack Vendor :STMicroelectronics X-CUBE-ISPU 1.1.0
2023-11-29 12:46:55,294 [INFO] ThirdParty:1030 - CMSIS Pack Vendor :STMicroelectronics USBPD 4.1
2023-11-29 12:46:55,294 [INFO] ThirdParty:1030 - CMSIS Pack Vendor :STMicroelectronics X-CUBE-GNSS1 6.0.0
2023-11-29 12:46:55,294 [INFO] ThirdParty:1030 - CMSIS Pack Vendor :STMicroelectronics USB_HOST 2.0.0
2023-11-29 12:46:55,294 [INFO] ThirdParty:1030 - CMSIS Pack Vendor :STMicroelectronics X-CUBE-AZRTOS-F4 1.1.0
2023-11-29 12:46:55,294 [INFO] ThirdParty:1030 - CMSIS Pack Vendor :STMicroelectronics LIBJPEG 8.0.0
2023-11-29 12:46:55,294 [INFO] ThirdParty:1030 - CMSIS Pack Vendor :wolfSSL I-CUBE-wolfSSL 5.6.3
2023-11-29 12:46:55,294 [INFO] ThirdParty:1030 - CMSIS Pack Vendor :STMicroelectronics X-CUBE-SMBUS 2.1.0
2023-11-29 12:46:55,294 [INFO] ThirdParty:1030 - CMSIS Pack Vendor :STMicroelectronics USB_DEVICE 3.0.0
2023-11-29 12:46:55,294 [INFO] ThirdParty:1030 - CMSIS Pack Vendor :STMicroelectronics X-CUBE-AZRTOS-WB 2.0.0
2023-11-29 12:46:55,294 [INFO] ThirdParty:1030 - CMSIS Pack Vendor :STMicroelectronics X-CUBE-AZRTOS-F7 1.1.0
2023-11-29 12:46:55,294 [INFO] ThirdParty:1030 - CMSIS Pack Vendor :STMicroelectronics X-CUBE-AZRTOS-L5 2.0.0
2023-11-29 12:46:55,294 [INFO] ThirdParty:1030 - CMSIS Pack Vendor :STMicroelectronics USB_DEVICE 2.0.0
2023-11-29 12:46:55,294 [INFO] ThirdParty:1030 - CMSIS Pack Vendor :STMicroelectronics X-CUBE-MEMS1 9.6.0
2023-11-29 12:46:55,294 [INFO] ThirdParty:1030 - CMSIS Pack Vendor :STMicroelectronics X-CUBE-EEPRMA1 4.2.0
2023-11-29 12:46:55,294 [INFO] ThirdParty:1030 - CMSIS Pack Vendor :ITTIA_DB I-CUBE-ITTIADB 8.8.0
2023-11-29 12:46:55,294 [INFO] ThirdParty:1030 - CMSIS Pack Vendor :STMicroelectronics FP-SNS-MOTENV1 4.3.2
2023-11-29 12:46:55,294 [INFO] ThirdParty:1030 - CMSIS Pack Vendor :STMicroelectronics X-CUBE-ALGOBUILD 1.3.0
2023-11-29 12:46:55,294 [INFO] ThirdParty:1030 - CMSIS Pack Vendor :STMicroelectronics FreeRTOS 0.0.1
2023-11-29 12:46:55,294 [INFO] ThirdParty:1030 - CMSIS Pack Vendor :STMicroelectronics X-CUBE-AZRTOS-G0 1.1.0
2023-11-29 12:46:55,294 [INFO] ThirdParty:1030 - CMSIS Pack Vendor :STMicroelectronics X-CUBE-BLEMGR 2.0.0
2023-11-29 12:46:55,294 [INFO] ThirdParty:1030 - CMSIS Pack Vendor :STMicroelectronics X-CUBE-NFC4 3.0.0
2023-11-29 12:46:55,294 [INFO] ThirdParty:1030 - CMSIS Pack Vendor :STMicroelectronics X-CUBE-SUBG2 5.0.0
2023-11-29 12:46:55,294 [INFO] ThirdParty:1030 - CMSIS Pack Vendor :STMicroelectronics STM32_WPAN 1.0.0
2023-11-29 12:46:55,294 [INFO] ThirdParty:1030 - CMSIS Pack Vendor :STMicroelectronics lwIP 2.0.3
2023-11-29 12:46:55,294 [INFO] ThirdParty:1030 - CMSIS Pack Vendor :STMicroelectronics FP-SNS-FLIGHT1 5.0.2
2023-11-29 12:46:55,294 [INFO] ThirdParty:1030 - CMSIS Pack Vendor :STMicroelectronics USB_HOST 1.0.0
2023-11-29 12:46:55,294 [INFO] ThirdParty:1030 - CMSIS Pack Vendor :STMicroelectronics X-CUBE-TOF1 3.3.1
2023-11-29 12:46:55,294 [INFO] ThirdParty:1030 - CMSIS Pack Vendor :STMicroelectronics X-CUBE-AZRTOS-G4 2.0.0
2023-11-29 12:46:55,294 [INFO] ThirdParty:1030 - CMSIS Pack Vendor :STMicroelectronics PDM2PCM 3.1.0
2023-11-29 12:46:55,294 [INFO] ThirdParty:1030 - CMSIS Pack Vendor :STMicroelectronics X-CUBE-AZRTOS-H7 3.1.0
2023-11-29 12:46:55,294 [INFO] ThirdParty:1030 - CMSIS Pack Vendor :Infineon AIROC-Wi-Fi-Bluetooth-STM32 1.5.1
2023-11-29 12:46:55,294 [INFO] ThirdParty:1030 - CMSIS Pack Vendor :STMicroelectronics X-CUBE-BLEMGR 3.0.0
2023-11-29 12:46:55,294 [INFO] ThirdParty:1030 - CMSIS Pack Vendor :STMicroelectronics PDM2PCM 3.3.0
2023-11-29 12:46:55,294 [INFO] ThirdParty:1030 - CMSIS Pack Vendor :STMicroelectronics X-CUBE-DISPLAY 3.0.0
2023-11-29 12:46:55,294 [INFO] ThirdParty:1030 - CMSIS Pack Vendor :STMicroelectronics FP-SNS-MOTENVWB1 1.3.0
2023-11-29 12:46:55,294 [INFO] ThirdParty:1030 - CMSIS Pack Vendor :STMicroelectronics X-CUBE-BLE1 7.0.0
2023-11-29 12:46:55,294 [INFO] ThirdParty:1030 - CMSIS Pack Vendor :STMicroelectronics FP-ATR-SIGFOX1 3.2.0
2023-11-29 12:46:55,294 [INFO] ThirdParty:1030 - CMSIS Pack Vendor :STMicroelectronics HAL Drivers 0.0.0
2023-11-29 12:46:55,294 [INFO] ThirdParty:1030 - CMSIS Pack Vendor :STMicroelectronics MBEDTLS 2.16.2
2023-11-29 12:46:55,294 [INFO] ThirdParty:1030 - CMSIS Pack Vendor :emotas I-CUBE-CANOPEN 1.3.0
2023-11-29 12:46:55,294 [INFO] ThirdParty:1030 - CMSIS Pack Vendor :STMicroelectronics X-CUBE-MEMS1 10.0.0
2023-11-29 12:46:55,294 [INFO] ThirdParty:1030 - CMSIS Pack Vendor :STMicroelectronics X-CUBE-FREERTOS 1.1.0
2023-11-29 12:46:55,294 [INFO] ThirdParty:1030 - CMSIS Pack Vendor :STMicroelectronics X-CUBE-TOUCHGFX 4.22.0
2023-11-29 12:46:55,294 [INFO] ThirdParty:1030 - CMSIS Pack Vendor :STMicroelectronics X-CUBE-NFC7 1.0.1
2023-11-29 12:46:55,294 [INFO] ThirdParty:1030 - CMSIS Pack Vendor :STMicroelectronics MBEDTLS 2.14.1
2023-11-29 12:46:55,294 [INFO] ThirdParty:1030 - CMSIS Pack Vendor :STMicroelectronics X-CUBE-TOUCHGFX 4.22.1
2023-11-29 12:46:55,294 [INFO] ThirdParty:1030 - CMSIS Pack Vendor :STMicroelectronics X-CUBE-NFC6 3.0.0
2023-11-29 12:46:55,294 [INFO] ThirdParty:1030 - CMSIS Pack Vendor :STMicroelectronics X-CUBE-EEPRMA1 4.1.0
2023-11-29 12:46:55,294 [INFO] ThirdParty:1030 - CMSIS Pack Vendor :portGmbH I-Cube-SoM-uGOAL 1.1.0
2023-11-29 12:46:55,294 [INFO] ThirdParty:1030 - CMSIS Pack Vendor :STMicroelectronics X-CUBE-ALS 1.0.1
2023-11-29 12:46:55,296 [INFO] ThirdParty:1030 - CMSIS Pack Vendor :STMicroelectronics ThreadX 1.0.0
2023-11-29 12:46:55,296 [INFO] ThirdParty:1030 - CMSIS Pack Vendor :STMicroelectronics FP-SNS-SMARTAG2 1.2.0
2023-11-29 12:46:55,296 [INFO] ThirdParty:1030 - CMSIS Pack Vendor :STMicroelectronics X-CUBE-AZRTOS-WL 2.0.0
2023-11-29 12:46:55,296 [INFO] ThirdParty:1030 - CMSIS Pack Vendor :SEGGER I-CUBE-embOS 1.3.1
2023-11-29 12:46:55,296 [INFO] ThirdParty:1030 - CMSIS Pack Vendor :STMicroelectronics USB_DEVICE 1.0.0
2023-11-29 12:46:55,296 [INFO] ThirdParty:1030 - CMSIS Pack Vendor :STMicroelectronics X-CUBE-AI 8.1.0
2023-11-29 12:46:55,296 [INFO] ThirdParty:1030 - CMSIS Pack Vendor :STMicroelectronics X-CUBE-AZRTOS-L4 2.0.0
2023-11-29 12:46:55,296 [INFO] ThirdParty:1030 - CMSIS Pack Vendor :STMicroelectronics ThreadX 0.0.2
2023-11-29 12:46:55,296 [INFO] ThirdParty:1030 - CMSIS Pack Vendor :WES I-CUBE-Cesium 1.3.0
2023-11-29 12:46:55,296 [INFO] ThirdParty:1030 - CMSIS Pack Vendor :STMicroelectronics FP-ATR-ASTRA1 2.0.0
2023-11-29 12:46:55,296 [INFO] ThirdParty:1030 - CMSIS Pack Vendor :STMicroelectronics lwIP 2.1.2
2023-11-29 12:46:55,296 [INFO] ThirdParty:1030 - CMSIS Pack Vendor :STMicroelectronics X-CUBE-SFXS2LP1 4.0.0
2023-11-29 12:46:55,296 [INFO] ThirdParty:1030 - CMSIS Pack Vendor :STMicroelectronics X-CUBE-BLE2 3.3.0
2023-11-29 12:46:55,296 [INFO] ThirdParty:1030 - CMSIS Pack Vendor :STMicroelectronics X-CUBE-TOF1 3.4.0
2023-11-29 12:46:55,296 [INFO] ThirdParty:1030 - CMSIS Pack Vendor :STMicroelectronics PDM2PCM 3.2.0
2023-11-29 12:46:55,296 [INFO] ThirdParty:841 - exiting critical section [change project]
2023-11-29 12:46:55,480 [INFO] PinOutPanel:1499 - setPackage(No Configuration,No Configuration)
2023-11-29 12:46:55,481 [INFO] PinOutPanel:1499 - setPackage(STM32F103C8Tx,LQFP48)
2023-11-29 12:46:55,816 [INFO] UtilMem:75 - Before build in PCC Used Memory: 168449536 Bytes (316669952)
2023-11-29 12:46:56,726 [INFO] UtilMem:75 - After build in PCC Used Memory: 225594880 Bytes (316669952)
2023-11-29 12:46:56,745 [INFO] IPUIPlugin:80 - create IPUIPlugin
2023-11-29 12:46:56,745 [INFO] IPUIPlugin:80 - create IPUIPlugin
2023-11-29 12:46:56,745 [INFO] IPUIPlugin:80 - create IPUIPlugin
2023-11-29 12:46:56,745 [INFO] IPUIPlugin:80 - create IPUIPlugin
2023-11-29 12:46:56,746 [INFO] IPUIPlugin:80 - create IPUIPlugin
2023-11-29 12:46:56,746 [INFO] IPUIPlugin:80 - create IPUIPlugin
2023-11-29 12:46:56,746 [INFO] IPUIPlugin:80 - create IPUIPlugin
2023-11-29 12:46:56,746 [INFO] IPUIPlugin:80 - create IPUIPlugin
2023-11-29 12:46:56,746 [INFO] IPUIPlugin:80 - create IPUIPlugin
2023-11-29 12:46:56,746 [INFO] IPUIPlugin:80 - create IPUIPlugin
2023-11-29 12:46:56,746 [INFO] IPUIPlugin:80 - create IPUIPlugin
2023-11-29 12:46:56,746 [INFO] IPUIPlugin:80 - create IPUIPlugin
2023-11-29 12:46:56,746 [INFO] IPUIPlugin:80 - create IPUIPlugin
2023-11-29 12:46:56,746 [INFO] IPUIPlugin:80 - create IPUIPlugin
2023-11-29 12:46:56,746 [INFO] IPUIPlugin:80 - create IPUIPlugin
2023-11-29 12:46:56,746 [INFO] IPUIPlugin:80 - create IPUIPlugin
2023-11-29 12:46:56,746 [INFO] IPUIPlugin:80 - create IPUIPlugin
2023-11-29 12:46:56,746 [INFO] IPUIPlugin:80 - create IPUIPlugin
2023-11-29 12:46:56,746 [INFO] IPUIPlugin:80 - create IPUIPlugin
2023-11-29 12:46:56,747 [INFO] IPUIPlugin:80 - create IPUIPlugin
2023-11-29 12:46:56,747 [INFO] IPUIPlugin:80 - create IPUIPlugin
2023-11-29 12:46:56,747 [INFO] IPUIPlugin:80 - create IPUIPlugin
2023-11-29 12:46:56,747 [INFO] IPUIPlugin:80 - create IPUIPlugin
2023-11-29 12:46:56,747 [INFO] IPUIPlugin:80 - create IPUIPlugin
2023-11-29 12:46:56,747 [INFO] IPUIPlugin:80 - create IPUIPlugin
2023-11-29 12:46:56,747 [INFO] IPUIPlugin:80 - create IPUIPlugin
2023-11-29 12:46:56,747 [INFO] IPUIPlugin:80 - create IPUIPlugin
2023-11-29 12:46:56,760 [WARN] IP:2114 - I2C_Coeff_DF not found: check if there is a RefParameter without a condition.
2023-11-29 12:46:56,760 [WARN] IP:2114 - Analog_Filter not found: check if there is a RefParameter without a condition.
2023-11-29 12:46:56,972 [INFO] CADModel:165 - CPN selected for project levelSTM32F103C8T6
2023-11-29 12:46:56,972 [INFO] CADModel:114 - Register for checkConnection events
2023-11-29 12:46:57,025 [INFO] OpenFileManager:328 - Restore cursor
2023-11-29 12:46:57,149 [WARN] IP:2114 - I2C_Coeff_DF not found: check if there is a RefParameter without a condition.
2023-11-29 12:46:57,150 [WARN] IP:2114 - Analog_Filter not found: check if there is a RefParameter without a condition.
2023-11-29 12:46:57,150 [WARN] IP:2114 - I2C_Coeff_DF not found: check if there is a RefParameter without a condition.
2023-11-29 12:46:57,150 [WARN] IP:2114 - Analog_Filter not found: check if there is a RefParameter without a condition.
2023-11-29 12:47:10,675 [ERROR] LogOutputStream:75 - [STDERR_REDIRECT] SLF4J: Failed to load class "org.slf4j.impl.StaticLoggerBinder".
2023-11-29 12:47:10,676 [ERROR] LogOutputStream:75 - [STDERR_REDIRECT] SLF4J: Defaulting to no-operation (NOP) logger implementation
2023-11-29 12:47:10,676 [ERROR] LogOutputStream:75 - [STDERR_REDIRECT] SLF4J: See http://www.slf4j.org/codes.html#StaticLoggerBinder for further details.
2023-11-29 12:47:11,370 [WARN] IP:2114 - I2C_Coeff_DF not found: check if there is a RefParameter without a condition.
2023-11-29 12:47:11,370 [WARN] IP:2114 - Analog_Filter not found: check if there is a RefParameter without a condition.
2023-11-29 12:47:11,370 [WARN] IP:2114 - I2C_Coeff_DF not found: check if there is a RefParameter without a condition.
2023-11-29 12:47:11,370 [WARN] IP:2114 - Analog_Filter not found: check if there is a RefParameter without a condition.
2023-11-29 12:47:11,406 [WARN] IP:2114 - I2C_Coeff_DF not found: check if there is a RefParameter without a condition.
2023-11-29 12:47:11,406 [WARN] IP:2114 - Analog_Filter not found: check if there is a RefParameter without a condition.
2023-11-29 12:47:11,444 [WARN] IP:2114 - I2C_Coeff_DF not found: check if there is a RefParameter without a condition.
2023-11-29 12:47:11,444 [WARN] IP:2114 - Analog_Filter not found: check if there is a RefParameter without a condition.
2023-11-29 12:47:15,173 [INFO] Gpio:273 - dependency for GPIO [I2C1, RCC, SPI2]
2023-11-29 12:48:03,713 [INFO] Gpio:273 - dependency for GPIO [I2C1, RCC, SPI2]
2023-11-29 12:48:03,746 [INFO] NvicIntPanel:101 - NVIC parent = com.st.microxplorer.plugins.ip.nvic.MultiNvicIntPanel[,0,0,0x0,invalid,layout=javax.swing.BoxLayout,alignmentX=0.0,alignmentY=0.0,border=,flags=9,maximumSize=,minimumSize=,preferredSize=]
2023-11-29 12:48:03,786 [WARN] IP:2114 - I2C_Coeff_DF not found: check if there is a RefParameter without a condition.
2023-11-29 12:48:03,786 [WARN] IP:2114 - Analog_Filter not found: check if there is a RefParameter without a condition.
2023-11-29 12:48:03,786 [WARN] IP:2114 - I2C_Coeff_DF not found: check if there is a RefParameter without a condition.
2023-11-29 12:48:03,786 [WARN] IP:2114 - Analog_Filter not found: check if there is a RefParameter without a condition.
2023-11-29 12:48:03,798 [WARN] IP:2114 - I2C_Coeff_DF not found: check if there is a RefParameter without a condition.
2023-11-29 12:48:03,799 [WARN] IP:2114 - Analog_Filter not found: check if there is a RefParameter without a condition.
2023-11-29 12:48:03,811 [WARN] IP:2114 - I2C_Coeff_DF not found: check if there is a RefParameter without a condition.
2023-11-29 12:48:03,811 [WARN] IP:2114 - Analog_Filter not found: check if there is a RefParameter without a condition.
2023-11-29 12:48:03,822 [INFO] Gpio:273 - dependency for GPIO [I2C1, RCC, SPI2]
2023-11-29 12:48:03,862 [INFO] NvicIntPanel:101 - NVIC parent = com.st.microxplorer.plugins.ip.nvic.MultiNvicIntPanel[,0,0,0x0,invalid,layout=javax.swing.BoxLayout,alignmentX=0.0,alignmentY=0.0,border=,flags=9,maximumSize=,minimumSize=,preferredSize=]
2023-11-29 12:48:21,081 [INFO] Gpio:273 - dependency for GPIO [I2C1, RCC, SPI2]
2023-11-29 12:48:21,126 [INFO] NvicIntPanel:101 - NVIC parent = com.st.microxplorer.plugins.ip.nvic.MultiNvicIntPanel[,0,0,0x0,invalid,layout=javax.swing.BoxLayout,alignmentX=0.0,alignmentY=0.0,border=,flags=9,maximumSize=,minimumSize=,preferredSize=]
2023-11-29 12:48:21,194 [WARN] IP:2114 - I2C_Coeff_DF not found: check if there is a RefParameter without a condition.
2023-11-29 12:48:21,194 [WARN] IP:2114 - Analog_Filter not found: check if there is a RefParameter without a condition.
2023-11-29 12:48:21,195 [WARN] IP:2114 - I2C_Coeff_DF not found: check if there is a RefParameter without a condition.
2023-11-29 12:48:21,195 [WARN] IP:2114 - Analog_Filter not found: check if there is a RefParameter without a condition.
2023-11-29 12:48:21,207 [WARN] IP:2114 - I2C_Coeff_DF not found: check if there is a RefParameter without a condition.
2023-11-29 12:48:21,207 [WARN] IP:2114 - Analog_Filter not found: check if there is a RefParameter without a condition.
2023-11-29 12:48:21,220 [WARN] IP:2114 - I2C_Coeff_DF not found: check if there is a RefParameter without a condition.
2023-11-29 12:48:21,220 [WARN] IP:2114 - Analog_Filter not found: check if there is a RefParameter without a condition.
2023-11-29 12:48:21,229 [INFO] Gpio:273 - dependency for GPIO [I2C1, RCC, SPI2]
2023-11-29 12:48:21,284 [INFO] NvicIntPanel:101 - NVIC parent = com.st.microxplorer.plugins.ip.nvic.MultiNvicIntPanel[,0,0,0x0,invalid,layout=javax.swing.BoxLayout,alignmentX=0.0,alignmentY=0.0,border=,flags=9,maximumSize=,minimumSize=,preferredSize=]
2023-11-29 13:01:40,893 [INFO] UtilMem:75 - End SaveConfig() Used Memory: 697200408 Bytes (1073741824)
2023-11-29 13:01:44,570 [INFO] UtilMem:75 - End SaveConfig() Used Memory: 713117352 Bytes (1073741824)
2023-11-29 13:01:46,584 [INFO] UtilMem:75 - End SaveConfig() Used Memory: 527775744 Bytes (1073741824)
2023-11-29 13:01:46,884 [INFO] BlockDiagram:2759 - set Specific Code input for plugin: SPI
2023-11-29 13:01:46,884 [INFO] BlockDiagram:2759 - set Specific Code input for plugin: NVIC
2023-11-29 13:01:46,884 [INFO] BlockDiagram:2759 - set Specific Code input for plugin: TIM1_8F1
2023-11-29 13:01:46,884 [INFO] BlockDiagram:2759 - set Specific Code input for plugin: TIM1_8F1
2023-11-29 13:01:46,884 [INFO] BlockDiagram:2759 - set Specific Code input for plugin: TIM1_8F1
2023-11-29 13:01:46,884 [INFO] BlockDiagram:2759 - set Specific Code input for plugin: SYS
2023-11-29 13:01:46,885 [INFO] BlockDiagram:2759 - set Specific Code input for plugin: GPIO
2023-11-29 13:01:46,885 [INFO] BlockDiagram:2759 - set Specific Code input for plugin: RCC
2023-11-29 13:01:46,885 [INFO] BlockDiagram:2759 - set Specific Code input for plugin: I2C
2023-11-29 13:01:46,886 [INFO] CodeGenerator:799 - code generatio: config db path: C:\ST\STM32CubeIDE_1.13.1\STM32CubeIDE\plugins\com.st.stm32cube.common.mx_6.9.1.202307191849\\db\
2023-11-29 13:01:46,899 [WARN] IP:2114 - I2C_Coeff_DF not found: check if there is a RefParameter without a condition.
2023-11-29 13:01:46,899 [WARN] IP:2114 - Analog_Filter not found: check if there is a RefParameter without a condition.
2023-11-29 13:01:47,083 [INFO] CodeEngine:255 - oldGeneratedFile, D:\My-Projects\Git\Temperature-Humidity-Supervisor\LoRa_Sender_Node\MXTmpFiles\license.tmp_save
2023-11-29 13:01:47,723 [INFO] CodeEngine:279 - Generated code: D:\My-Projects\Git\Temperature-Humidity-Supervisor\LoRa_Sender_Node\MXTmpFiles\license.tmp
2023-11-29 13:01:47,932 [INFO] CodeEngine:255 - oldGeneratedFile, D:\My-Projects\Git\Temperature-Humidity-Supervisor\LoRa_Sender_Node\MXTmpFiles\gpio.tmp_save
2023-11-29 13:01:48,077 [INFO] CodeEngine:279 - Generated code: D:\My-Projects\Git\Temperature-Humidity-Supervisor\LoRa_Sender_Node\MXTmpFiles\gpio.tmp
2023-11-29 13:01:48,367 [INFO] CodeEngine:255 - oldGeneratedFile, D:\My-Projects\Git\Temperature-Humidity-Supervisor\LoRa_Sender_Node\Core\Src\stm32f1xx_it.c_save
2023-11-29 13:01:48,531 [INFO] CodeEngine:279 - Generated code: D:\My-Projects\Git\Temperature-Humidity-Supervisor\LoRa_Sender_Node\Core\Src\stm32f1xx_it.c
2023-11-29 13:01:48,551 [INFO] CodeEngine:255 - oldGeneratedFile, D:\My-Projects\Git\Temperature-Humidity-Supervisor\LoRa_Sender_Node\Core\Inc\stm32f1xx_it.h_save
2023-11-29 13:01:48,618 [INFO] CodeEngine:279 - Generated code: D:\My-Projects\Git\Temperature-Humidity-Supervisor\LoRa_Sender_Node\Core\Inc\stm32f1xx_it.h
2023-11-29 13:01:48,640 [INFO] CodeEngine:255 - oldGeneratedFile, D:\My-Projects\Git\Temperature-Humidity-Supervisor\LoRa_Sender_Node\Core\Src\stm32f1xx_hal_msp.c_save
2023-11-29 13:01:48,810 [INFO] CodeEngine:279 - Generated code: D:\My-Projects\Git\Temperature-Humidity-Supervisor\LoRa_Sender_Node\Core\Src\stm32f1xx_hal_msp.c
2023-11-29 13:01:48,818 [INFO] CodeEngine:255 - oldGeneratedFile, D:\My-Projects\Git\Temperature-Humidity-Supervisor\LoRa_Sender_Node\MXTmpFiles\system.tmp_save
2023-11-29 13:01:48,883 [INFO] CodeEngine:279 - Generated code: D:\My-Projects\Git\Temperature-Humidity-Supervisor\LoRa_Sender_Node\MXTmpFiles\system.tmp
2023-11-29 13:01:48,907 [INFO] CodeEngine:311 - oldGeneratedFile, D:\My-Projects\Git\Temperature-Humidity-Supervisor\LoRa_Sender_Node\Core\Inc\stm32f1xx_hal_conf.h_save
2023-11-29 13:01:49,014 [INFO] CodeEngine:335 - Generated code: D:\My-Projects\Git\Temperature-Humidity-Supervisor\LoRa_Sender_Node\Core\Inc\stm32f1xx_hal_conf.h
2023-11-29 13:01:49,053 [WARN] IPConfigManager:3431 - IP not found : TIM
2023-11-29 13:01:49,054 [WARN] CodeGenerator:3760 - IP not found : null
2023-11-29 13:01:49,072 [INFO] CodeEngine:255 - oldGeneratedFile, D:\My-Projects\Git\Temperature-Humidity-Supervisor\LoRa_Sender_Node\Core\Inc\main.h_save
2023-11-29 13:01:49,205 [INFO] CodeEngine:279 - Generated code: D:\My-Projects\Git\Temperature-Humidity-Supervisor\LoRa_Sender_Node\Core\Inc\main.h
2023-11-29 13:01:49,241 [INFO] CodeEngine:255 - oldGeneratedFile, D:\My-Projects\Git\Temperature-Humidity-Supervisor\LoRa_Sender_Node\Core\Src\main.c_save
2023-11-29 13:01:49,408 [INFO] CodeEngine:279 - Generated code: D:\My-Projects\Git\Temperature-Humidity-Supervisor\LoRa_Sender_Node\Core\Src\main.c
2023-11-29 13:01:49,880 [INFO] ProjectBuilder:3064 - Time for Copy HAL[1] : 99mS.
2023-11-29 13:01:49,884 [INFO] ProjectBuilder:4404 - Project Generator version: 4.1.0
2023-11-29 13:01:49,996 [INFO] ConfigFileManager:1457 - The Die is : DIE410
2023-11-29 13:01:50,011 [INFO] ApiDbMcu:507 - Load IP Config File for FATFS
2023-11-29 13:01:50,018 [INFO] ApiDbMcu:507 - Load IP Config File for FREERTOS
2023-11-29 13:01:50,026 [INFO] ApiDbMcu:507 - Load IP Config File for USB_DEVICE
2023-11-29 13:01:50,767 [INFO] LogOutputStream:77 - [STDOUT_REDIRECT] 
2023-11-29 13:01:51,913 [INFO] ProjectBuilder:4626 - Time for Generating toolchain IDE Files: 2028mS.
2023-11-29 13:01:51,914 [INFO] ProjectBuilder:2935 - Time for Copy CMSIS : 0mS.
2023-11-29 13:01:51,915 [INFO] ProjectBuilder:2935 - Time for Copy CMSIS : 0mS.
2023-11-29 14:19:00,824 [INFO] Gpio:273 - dependency for GPIO [I2C1, RCC, SPI2]
2023-11-29 14:19:00,876 [INFO] NvicIntPanel:101 - NVIC parent = com.st.microxplorer.plugins.ip.nvic.MultiNvicIntPanel[,0,0,0x0,invalid,layout=javax.swing.BoxLayout,alignmentX=0.0,alignmentY=0.0,border=,flags=9,maximumSize=,minimumSize=,preferredSize=]
2023-11-29 14:19:00,927 [WARN] IP:2114 - I2C_Coeff_DF not found: check if there is a RefParameter without a condition.
2023-11-29 14:19:00,927 [WARN] IP:2114 - Analog_Filter not found: check if there is a RefParameter without a condition.
2023-11-29 14:19:00,927 [WARN] IP:2114 - I2C_Coeff_DF not found: check if there is a RefParameter without a condition.
2023-11-29 14:19:00,927 [WARN] IP:2114 - Analog_Filter not found: check if there is a RefParameter without a condition.
2023-11-29 14:19:00,943 [WARN] IP:2114 - I2C_Coeff_DF not found: check if there is a RefParameter without a condition.
2023-11-29 14:19:00,943 [WARN] IP:2114 - Analog_Filter not found: check if there is a RefParameter without a condition.
2023-11-29 14:19:00,955 [WARN] IP:2114 - I2C_Coeff_DF not found: check if there is a RefParameter without a condition.
2023-11-29 14:19:00,955 [WARN] IP:2114 - Analog_Filter not found: check if there is a RefParameter without a condition.
2023-11-29 14:19:00,962 [INFO] Gpio:273 - dependency for GPIO [I2C1, RCC, SPI2]
2023-11-29 14:19:00,981 [INFO] NvicIntPanel:101 - NVIC parent = com.st.microxplorer.plugins.ip.nvic.MultiNvicIntPanel[,0,0,0x0,invalid,layout=javax.swing.BoxLayout,alignmentX=0.0,alignmentY=0.0,border=,flags=9,maximumSize=,minimumSize=,preferredSize=]
2023-11-29 14:19:16,455 [INFO] UtilMem:75 - End SaveConfig() Used Memory: 793038136 Bytes (1073741824)
2023-11-29 14:19:18,020 [INFO] UtilMem:75 - End SaveConfig() Used Memory: 600977224 Bytes (1073741824)
2023-11-29 14:19:19,667 [INFO] UtilMem:75 - End SaveConfig() Used Memory: 641823744 Bytes (1073741824)
2023-11-29 14:19:19,777 [INFO] BlockDiagram:2759 - set Specific Code input for plugin: SPI
2023-11-29 14:19:19,777 [INFO] BlockDiagram:2759 - set Specific Code input for plugin: NVIC
2023-11-29 14:19:19,777 [INFO] BlockDiagram:2759 - set Specific Code input for plugin: TIM1_8F1
2023-11-29 14:19:19,777 [INFO] BlockDiagram:2759 - set Specific Code input for plugin: TIM1_8F1
2023-11-29 14:19:19,777 [INFO] BlockDiagram:2759 - set Specific Code input for plugin: TIM1_8F1
2023-11-29 14:19:19,777 [INFO] BlockDiagram:2759 - set Specific Code input for plugin: SYS
2023-11-29 14:19:19,778 [INFO] BlockDiagram:2759 - set Specific Code input for plugin: GPIO
2023-11-29 14:19:19,778 [INFO] BlockDiagram:2759 - set Specific Code input for plugin: RCC
2023-11-29 14:19:19,778 [INFO] BlockDiagram:2759 - set Specific Code input for plugin: I2C
2023-11-29 14:19:19,778 [INFO] CodeGenerator:799 - code generatio: config db path: C:\ST\STM32CubeIDE_1.13.1\STM32CubeIDE\plugins\com.st.stm32cube.common.mx_6.9.1.202307191849\\db\
2023-11-29 14:19:19,778 [WARN] IP:2114 - I2C_Coeff_DF not found: check if there is a RefParameter without a condition.
2023-11-29 14:19:19,779 [WARN] IP:2114 - Analog_Filter not found: check if there is a RefParameter without a condition.
2023-11-29 14:19:19,838 [INFO] CodeEngine:255 - oldGeneratedFile, D:\My-Projects\Git\Temperature-Humidity-Supervisor\LoRa_Sender_Node\MXTmpFiles\license.tmp_save
2023-11-29 14:19:19,963 [INFO] CodeEngine:279 - Generated code: D:\My-Projects\Git\Temperature-Humidity-Supervisor\LoRa_Sender_Node\MXTmpFiles\license.tmp
2023-11-29 14:19:19,981 [INFO] CodeEngine:255 - oldGeneratedFile, D:\My-Projects\Git\Temperature-Humidity-Supervisor\LoRa_Sender_Node\MXTmpFiles\gpio.tmp_save
2023-11-29 14:19:20,098 [INFO] CodeEngine:279 - Generated code: D:\My-Projects\Git\Temperature-Humidity-Supervisor\LoRa_Sender_Node\MXTmpFiles\gpio.tmp
2023-11-29 14:19:20,188 [INFO] CodeEngine:255 - oldGeneratedFile, D:\My-Projects\Git\Temperature-Humidity-Supervisor\LoRa_Sender_Node\Core\Src\stm32f1xx_it.c_save
2023-11-29 14:19:20,399 [INFO] CodeEngine:279 - Generated code: D:\My-Projects\Git\Temperature-Humidity-Supervisor\LoRa_Sender_Node\Core\Src\stm32f1xx_it.c
2023-11-29 14:19:20,417 [INFO] CodeEngine:255 - oldGeneratedFile, D:\My-Projects\Git\Temperature-Humidity-Supervisor\LoRa_Sender_Node\Core\Inc\stm32f1xx_it.h_save
2023-11-29 14:19:20,472 [INFO] CodeEngine:279 - Generated code: D:\My-Projects\Git\Temperature-Humidity-Supervisor\LoRa_Sender_Node\Core\Inc\stm32f1xx_it.h
2023-11-29 14:19:20,486 [INFO] CodeEngine:255 - oldGeneratedFile, D:\My-Projects\Git\Temperature-Humidity-Supervisor\LoRa_Sender_Node\Core\Src\stm32f1xx_hal_msp.c_save
2023-11-29 14:19:20,600 [INFO] CodeEngine:279 - Generated code: D:\My-Projects\Git\Temperature-Humidity-Supervisor\LoRa_Sender_Node\Core\Src\stm32f1xx_hal_msp.c
2023-11-29 14:19:20,603 [INFO] CodeEngine:255 - oldGeneratedFile, D:\My-Projects\Git\Temperature-Humidity-Supervisor\LoRa_Sender_Node\MXTmpFiles\system.tmp_save
2023-11-29 14:19:20,658 [INFO] CodeEngine:279 - Generated code: D:\My-Projects\Git\Temperature-Humidity-Supervisor\LoRa_Sender_Node\MXTmpFiles\system.tmp
2023-11-29 14:19:20,679 [INFO] CodeEngine:311 - oldGeneratedFile, D:\My-Projects\Git\Temperature-Humidity-Supervisor\LoRa_Sender_Node\Core\Inc\stm32f1xx_hal_conf.h_save
2023-11-29 14:19:20,802 [INFO] CodeEngine:335 - Generated code: D:\My-Projects\Git\Temperature-Humidity-Supervisor\LoRa_Sender_Node\Core\Inc\stm32f1xx_hal_conf.h
2023-11-29 14:19:20,825 [WARN] IPConfigManager:3431 - IP not found : TIM
2023-11-29 14:19:20,826 [WARN] CodeGenerator:3760 - IP not found : null
2023-11-29 14:19:20,839 [INFO] CodeEngine:255 - oldGeneratedFile, D:\My-Projects\Git\Temperature-Humidity-Supervisor\LoRa_Sender_Node\Core\Inc\main.h_save
2023-11-29 14:19:20,985 [INFO] CodeEngine:279 - Generated code: D:\My-Projects\Git\Temperature-Humidity-Supervisor\LoRa_Sender_Node\Core\Inc\main.h
2023-11-29 14:19:21,003 [INFO] CodeEngine:255 - oldGeneratedFile, D:\My-Projects\Git\Temperature-Humidity-Supervisor\LoRa_Sender_Node\Core\Src\main.c_save
2023-11-29 14:19:21,119 [INFO] CodeEngine:279 - Generated code: D:\My-Projects\Git\Temperature-Humidity-Supervisor\LoRa_Sender_Node\Core\Src\main.c
2023-11-29 14:19:21,434 [INFO] ProjectBuilder:3064 - Time for Copy HAL[1] : 73mS.
2023-11-29 14:19:21,436 [INFO] ProjectBuilder:4404 - Project Generator version: 4.1.0
2023-11-29 14:19:21,528 [INFO] ConfigFileManager:1457 - The Die is : DIE410
2023-11-29 14:19:22,396 [INFO] ProjectBuilder:4626 - Time for Generating toolchain IDE Files: 960mS.
2023-11-29 14:19:22,396 [INFO] ProjectBuilder:2935 - Time for Copy CMSIS : 0mS.
2023-11-29 14:19:22,398 [INFO] ProjectBuilder:2935 - Time for Copy CMSIS : 0mS.
2023-11-29 14:33:24,723 [INFO] Gpio:273 - dependency for GPIO [I2C1, RCC, SPI2]
2023-11-29 14:33:24,748 [INFO] NvicIntPanel:101 - NVIC parent = com.st.microxplorer.plugins.ip.nvic.MultiNvicIntPanel[,0,0,0x0,invalid,layout=javax.swing.BoxLayout,alignmentX=0.0,alignmentY=0.0,border=,flags=9,maximumSize=,minimumSize=,preferredSize=]
2023-11-29 14:33:24,776 [WARN] IP:2114 - I2C_Coeff_DF not found: check if there is a RefParameter without a condition.
2023-11-29 14:33:24,776 [WARN] IP:2114 - Analog_Filter not found: check if there is a RefParameter without a condition.
2023-11-29 14:33:24,776 [WARN] IP:2114 - I2C_Coeff_DF not found: check if there is a RefParameter without a condition.
2023-11-29 14:33:24,776 [WARN] IP:2114 - Analog_Filter not found: check if there is a RefParameter without a condition.
2023-11-29 14:33:24,785 [WARN] IP:2114 - I2C_Coeff_DF not found: check if there is a RefParameter without a condition.
2023-11-29 14:33:24,785 [WARN] IP:2114 - Analog_Filter not found: check if there is a RefParameter without a condition.
2023-11-29 14:33:24,794 [WARN] IP:2114 - I2C_Coeff_DF not found: check if there is a RefParameter without a condition.
2023-11-29 14:33:24,794 [WARN] IP:2114 - Analog_Filter not found: check if there is a RefParameter without a condition.
2023-11-29 14:33:24,800 [INFO] Gpio:273 - dependency for GPIO [I2C1, RCC, SPI2]
2023-11-29 14:33:24,827 [INFO] NvicIntPanel:101 - NVIC parent = com.st.microxplorer.plugins.ip.nvic.MultiNvicIntPanel[,0,0,0x0,invalid,layout=javax.swing.BoxLayout,alignmentX=0.0,alignmentY=0.0,border=,flags=9,maximumSize=,minimumSize=,preferredSize=]
2023-11-29 14:33:31,848 [INFO] UtilMem:75 - End SaveConfig() Used Memory: 625888208 Bytes (1073741824)
2023-11-29 14:33:32,862 [INFO] UtilMem:75 - End SaveConfig() Used Memory: 576340992 Bytes (1073741824)
2023-11-29 14:33:34,145 [INFO] UtilMem:75 - End SaveConfig() Used Memory: 603603968 Bytes (1073741824)
2023-11-29 14:33:34,282 [INFO] BlockDiagram:2759 - set Specific Code input for plugin: SPI
2023-11-29 14:33:34,282 [INFO] BlockDiagram:2759 - set Specific Code input for plugin: NVIC
2023-11-29 14:33:34,282 [INFO] BlockDiagram:2759 - set Specific Code input for plugin: TIM1_8F1
2023-11-29 14:33:34,282 [INFO] BlockDiagram:2759 - set Specific Code input for plugin: TIM1_8F1
2023-11-29 14:33:34,282 [INFO] BlockDiagram:2759 - set Specific Code input for plugin: TIM1_8F1
2023-11-29 14:33:34,282 [INFO] BlockDiagram:2759 - set Specific Code input for plugin: SYS
2023-11-29 14:33:34,282 [INFO] BlockDiagram:2759 - set Specific Code input for plugin: GPIO
2023-11-29 14:33:34,282 [INFO] BlockDiagram:2759 - set Specific Code input for plugin: RCC
2023-11-29 14:33:34,282 [INFO] BlockDiagram:2759 - set Specific Code input for plugin: I2C
2023-11-29 14:33:34,283 [INFO] CodeGenerator:799 - code generatio: config db path: C:\ST\STM32CubeIDE_1.13.1\STM32CubeIDE\plugins\com.st.stm32cube.common.mx_6.9.1.202307191849\\db\
2023-11-29 14:33:34,283 [WARN] IP:2114 - I2C_Coeff_DF not found: check if there is a RefParameter without a condition.
2023-11-29 14:33:34,283 [WARN] IP:2114 - Analog_Filter not found: check if there is a RefParameter without a condition.
2023-11-29 14:33:34,380 [INFO] CodeEngine:255 - oldGeneratedFile, D:\My-Projects\Git\Temperature-Humidity-Supervisor\LoRa_Sender_Node\MXTmpFiles\license.tmp_save
2023-11-29 14:33:34,461 [INFO] CodeEngine:279 - Generated code: D:\My-Projects\Git\Temperature-Humidity-Supervisor\LoRa_Sender_Node\MXTmpFiles\license.tmp
2023-11-29 14:33:34,473 [INFO] CodeEngine:255 - oldGeneratedFile, D:\My-Projects\Git\Temperature-Humidity-Supervisor\LoRa_Sender_Node\MXTmpFiles\gpio.tmp_save
2023-11-29 14:33:34,595 [INFO] CodeEngine:279 - Generated code: D:\My-Projects\Git\Temperature-Humidity-Supervisor\LoRa_Sender_Node\MXTmpFiles\gpio.tmp
2023-11-29 14:33:34,669 [INFO] CodeEngine:255 - oldGeneratedFile, D:\My-Projects\Git\Temperature-Humidity-Supervisor\LoRa_Sender_Node\Core\Src\stm32f1xx_it.c_save
2023-11-29 14:33:34,792 [INFO] CodeEngine:279 - Generated code: D:\My-Projects\Git\Temperature-Humidity-Supervisor\LoRa_Sender_Node\Core\Src\stm32f1xx_it.c
2023-11-29 14:33:34,799 [INFO] CodeEngine:255 - oldGeneratedFile, D:\My-Projects\Git\Temperature-Humidity-Supervisor\LoRa_Sender_Node\Core\Inc\stm32f1xx_it.h_save
2023-11-29 14:33:34,862 [INFO] CodeEngine:279 - Generated code: D:\My-Projects\Git\Temperature-Humidity-Supervisor\LoRa_Sender_Node\Core\Inc\stm32f1xx_it.h
2023-11-29 14:33:34,880 [INFO] CodeEngine:255 - oldGeneratedFile, D:\My-Projects\Git\Temperature-Humidity-Supervisor\LoRa_Sender_Node\Core\Src\stm32f1xx_hal_msp.c_save
2023-11-29 14:33:34,986 [INFO] CodeEngine:279 - Generated code: D:\My-Projects\Git\Temperature-Humidity-Supervisor\LoRa_Sender_Node\Core\Src\stm32f1xx_hal_msp.c
2023-11-29 14:33:34,987 [INFO] CodeEngine:255 - oldGeneratedFile, D:\My-Projects\Git\Temperature-Humidity-Supervisor\LoRa_Sender_Node\MXTmpFiles\system.tmp_save
2023-11-29 14:33:35,018 [INFO] CodeEngine:279 - Generated code: D:\My-Projects\Git\Temperature-Humidity-Supervisor\LoRa_Sender_Node\MXTmpFiles\system.tmp
2023-11-29 14:33:35,037 [INFO] CodeEngine:311 - oldGeneratedFile, D:\My-Projects\Git\Temperature-Humidity-Supervisor\LoRa_Sender_Node\Core\Inc\stm32f1xx_hal_conf.h_save
2023-11-29 14:33:35,158 [INFO] CodeEngine:335 - Generated code: D:\My-Projects\Git\Temperature-Humidity-Supervisor\LoRa_Sender_Node\Core\Inc\stm32f1xx_hal_conf.h
2023-11-29 14:33:35,174 [WARN] IPConfigManager:3431 - IP not found : TIM
2023-11-29 14:33:35,175 [WARN] CodeGenerator:3760 - IP not found : null
2023-11-29 14:33:35,195 [INFO] CodeEngine:255 - oldGeneratedFile, D:\My-Projects\Git\Temperature-Humidity-Supervisor\LoRa_Sender_Node\Core\Inc\main.h_save
2023-11-29 14:33:35,353 [INFO] CodeEngine:279 - Generated code: D:\My-Projects\Git\Temperature-Humidity-Supervisor\LoRa_Sender_Node\Core\Inc\main.h
2023-11-29 14:33:35,385 [INFO] CodeEngine:255 - oldGeneratedFile, D:\My-Projects\Git\Temperature-Humidity-Supervisor\LoRa_Sender_Node\Core\Src\main.c_save
2023-11-29 14:33:35,503 [INFO] CodeEngine:279 - Generated code: D:\My-Projects\Git\Temperature-Humidity-Supervisor\LoRa_Sender_Node\Core\Src\main.c
2023-11-29 14:33:35,812 [INFO] ProjectBuilder:3064 - Time for Copy HAL[1] : 85mS.
2023-11-29 14:33:35,814 [INFO] ProjectBuilder:4404 - Project Generator version: 4.1.0
2023-11-29 14:33:35,902 [INFO] ConfigFileManager:1457 - The Die is : DIE410
2023-11-29 14:33:36,647 [INFO] ProjectBuilder:4626 - Time for Generating toolchain IDE Files: 833mS.
2023-11-29 14:33:36,648 [INFO] ProjectBuilder:2935 - Time for Copy CMSIS : 1mS.
2023-11-29 14:33:36,649 [INFO] ProjectBuilder:2935 - Time for Copy CMSIS : 0mS.
2023-11-29 14:37:37,605 [INFO] Gpio:273 - dependency for GPIO [I2C1, RCC, SPI2]
2023-11-29 14:37:37,622 [INFO] NvicIntPanel:101 - NVIC parent = com.st.microxplorer.plugins.ip.nvic.MultiNvicIntPanel[,0,0,0x0,invalid,layout=javax.swing.BoxLayout,alignmentX=0.0,alignmentY=0.0,border=,flags=9,maximumSize=,minimumSize=,preferredSize=]
2023-11-29 14:37:37,650 [WARN] IP:2114 - I2C_Coeff_DF not found: check if there is a RefParameter without a condition.
2023-11-29 14:37:37,650 [WARN] IP:2114 - Analog_Filter not found: check if there is a RefParameter without a condition.
2023-11-29 14:37:37,650 [WARN] IP:2114 - I2C_Coeff_DF not found: check if there is a RefParameter without a condition.
2023-11-29 14:37:37,650 [WARN] IP:2114 - Analog_Filter not found: check if there is a RefParameter without a condition.
2023-11-29 14:37:37,659 [WARN] IP:2114 - I2C_Coeff_DF not found: check if there is a RefParameter without a condition.
2023-11-29 14:37:37,659 [WARN] IP:2114 - Analog_Filter not found: check if there is a RefParameter without a condition.
2023-11-29 14:37:37,668 [WARN] IP:2114 - I2C_Coeff_DF not found: check if there is a RefParameter without a condition.
2023-11-29 14:37:37,668 [WARN] IP:2114 - Analog_Filter not found: check if there is a RefParameter without a condition.
2023-11-29 14:37:37,674 [INFO] Gpio:273 - dependency for GPIO [I2C1, RCC, SPI2]
2023-11-29 14:37:37,693 [INFO] NvicIntPanel:101 - NVIC parent = com.st.microxplorer.plugins.ip.nvic.MultiNvicIntPanel[,0,0,0x0,invalid,layout=javax.swing.BoxLayout,alignmentX=0.0,alignmentY=0.0,border=,flags=9,maximumSize=,minimumSize=,preferredSize=]
2023-11-29 14:37:40,838 [INFO] UtilMem:75 - End SaveConfig() Used Memory: 759723640 Bytes (1073741824)
2023-11-29 14:37:41,774 [INFO] UtilMem:75 - End SaveConfig() Used Memory: 773778304 Bytes (1073741824)
2023-11-29 14:37:42,998 [INFO] UtilMem:75 - End SaveConfig() Used Memory: 805006984 Bytes (1073741824)
2023-11-29 14:37:43,106 [INFO] BlockDiagram:2759 - set Specific Code input for plugin: SPI
2023-11-29 14:37:43,106 [INFO] BlockDiagram:2759 - set Specific Code input for plugin: NVIC
2023-11-29 14:37:43,106 [INFO] BlockDiagram:2759 - set Specific Code input for plugin: TIM1_8F1
2023-11-29 14:37:43,106 [INFO] BlockDiagram:2759 - set Specific Code input for plugin: TIM1_8F1
2023-11-29 14:37:43,106 [INFO] BlockDiagram:2759 - set Specific Code input for plugin: TIM1_8F1
2023-11-29 14:37:43,106 [INFO] BlockDiagram:2759 - set Specific Code input for plugin: SYS
2023-11-29 14:37:43,106 [INFO] BlockDiagram:2759 - set Specific Code input for plugin: GPIO
2023-11-29 14:37:43,106 [INFO] BlockDiagram:2759 - set Specific Code input for plugin: RCC
2023-11-29 14:37:43,106 [INFO] BlockDiagram:2759 - set Specific Code input for plugin: I2C
2023-11-29 14:37:43,107 [INFO] CodeGenerator:799 - code generatio: config db path: C:\ST\STM32CubeIDE_1.13.1\STM32CubeIDE\plugins\com.st.stm32cube.common.mx_6.9.1.202307191849\\db\
2023-11-29 14:37:43,108 [WARN] IP:2114 - I2C_Coeff_DF not found: check if there is a RefParameter without a condition.
2023-11-29 14:37:43,108 [WARN] IP:2114 - Analog_Filter not found: check if there is a RefParameter without a condition.
2023-11-29 14:37:43,163 [INFO] CodeEngine:255 - oldGeneratedFile, D:\My-Projects\Git\Temperature-Humidity-Supervisor\LoRa_Sender_Node\MXTmpFiles\license.tmp_save
2023-11-29 14:37:43,259 [INFO] CodeEngine:279 - Generated code: D:\My-Projects\Git\Temperature-Humidity-Supervisor\LoRa_Sender_Node\MXTmpFiles\license.tmp
2023-11-29 14:37:43,272 [INFO] CodeEngine:255 - oldGeneratedFile, D:\My-Projects\Git\Temperature-Humidity-Supervisor\LoRa_Sender_Node\MXTmpFiles\gpio.tmp_save
2023-11-29 14:37:43,414 [INFO] CodeEngine:279 - Generated code: D:\My-Projects\Git\Temperature-Humidity-Supervisor\LoRa_Sender_Node\MXTmpFiles\gpio.tmp
2023-11-29 14:37:43,548 [INFO] CodeEngine:255 - oldGeneratedFile, D:\My-Projects\Git\Temperature-Humidity-Supervisor\LoRa_Sender_Node\Core\Src\stm32f1xx_it.c_save
2023-11-29 14:37:43,644 [INFO] CodeEngine:279 - Generated code: D:\My-Projects\Git\Temperature-Humidity-Supervisor\LoRa_Sender_Node\Core\Src\stm32f1xx_it.c
2023-11-29 14:37:43,649 [INFO] CodeEngine:255 - oldGeneratedFile, D:\My-Projects\Git\Temperature-Humidity-Supervisor\LoRa_Sender_Node\Core\Inc\stm32f1xx_it.h_save
2023-11-29 14:37:43,682 [INFO] CodeEngine:279 - Generated code: D:\My-Projects\Git\Temperature-Humidity-Supervisor\LoRa_Sender_Node\Core\Inc\stm32f1xx_it.h
2023-11-29 14:37:43,704 [INFO] CodeEngine:255 - oldGeneratedFile, D:\My-Projects\Git\Temperature-Humidity-Supervisor\LoRa_Sender_Node\Core\Src\stm32f1xx_hal_msp.c_save
2023-11-29 14:37:43,822 [INFO] CodeEngine:279 - Generated code: D:\My-Projects\Git\Temperature-Humidity-Supervisor\LoRa_Sender_Node\Core\Src\stm32f1xx_hal_msp.c
2023-11-29 14:37:43,824 [INFO] CodeEngine:255 - oldGeneratedFile, D:\My-Projects\Git\Temperature-Humidity-Supervisor\LoRa_Sender_Node\MXTmpFiles\system.tmp_save
2023-11-29 14:37:43,855 [INFO] CodeEngine:279 - Generated code: D:\My-Projects\Git\Temperature-Humidity-Supervisor\LoRa_Sender_Node\MXTmpFiles\system.tmp
2023-11-29 14:37:43,879 [INFO] CodeEngine:311 - oldGeneratedFile, D:\My-Projects\Git\Temperature-Humidity-Supervisor\LoRa_Sender_Node\Core\Inc\stm32f1xx_hal_conf.h_save
2023-11-29 14:37:44,013 [INFO] CodeEngine:335 - Generated code: D:\My-Projects\Git\Temperature-Humidity-Supervisor\LoRa_Sender_Node\Core\Inc\stm32f1xx_hal_conf.h
2023-11-29 14:37:44,038 [WARN] IPConfigManager:3431 - IP not found : TIM
2023-11-29 14:37:44,038 [WARN] CodeGenerator:3760 - IP not found : null
2023-11-29 14:37:44,046 [INFO] CodeEngine:255 - oldGeneratedFile, D:\My-Projects\Git\Temperature-Humidity-Supervisor\LoRa_Sender_Node\Core\Inc\main.h_save
2023-11-29 14:37:44,147 [INFO] CodeEngine:279 - Generated code: D:\My-Projects\Git\Temperature-Humidity-Supervisor\LoRa_Sender_Node\Core\Inc\main.h
2023-11-29 14:37:44,171 [INFO] CodeEngine:255 - oldGeneratedFile, D:\My-Projects\Git\Temperature-Humidity-Supervisor\LoRa_Sender_Node\Core\Src\main.c_save
2023-11-29 14:37:44,284 [INFO] CodeEngine:279 - Generated code: D:\My-Projects\Git\Temperature-Humidity-Supervisor\LoRa_Sender_Node\Core\Src\main.c
2023-11-29 14:37:44,584 [INFO] ProjectBuilder:3064 - Time for Copy HAL[1] : 91mS.
2023-11-29 14:37:44,585 [INFO] ProjectBuilder:4404 - Project Generator version: 4.1.0
2023-11-29 14:37:44,722 [INFO] ConfigFileManager:1457 - The Die is : DIE410
2023-11-29 14:37:45,401 [INFO] ProjectBuilder:4626 - Time for Generating toolchain IDE Files: 816mS.
2023-11-29 14:37:45,418 [INFO] ProjectBuilder:2935 - Time for Copy CMSIS : 17mS.
2023-11-29 14:37:45,419 [INFO] ProjectBuilder:2935 - Time for Copy CMSIS : 0mS.
2023-11-29 14:55:07,777 [INFO] Gpio:273 - dependency for GPIO [I2C1, RCC, SPI2]
2023-11-29 14:55:07,798 [INFO] NvicIntPanel:101 - NVIC parent = com.st.microxplorer.plugins.ip.nvic.MultiNvicIntPanel[,0,0,0x0,invalid,layout=javax.swing.BoxLayout,alignmentX=0.0,alignmentY=0.0,border=,flags=9,maximumSize=,minimumSize=,preferredSize=]
2023-11-29 14:55:07,826 [WARN] IP:2114 - I2C_Coeff_DF not found: check if there is a RefParameter without a condition.
2023-11-29 14:55:07,826 [WARN] IP:2114 - Analog_Filter not found: check if there is a RefParameter without a condition.
2023-11-29 14:55:07,826 [WARN] IP:2114 - I2C_Coeff_DF not found: check if there is a RefParameter without a condition.
2023-11-29 14:55:07,826 [WARN] IP:2114 - Analog_Filter not found: check if there is a RefParameter without a condition.
2023-11-29 14:55:07,835 [WARN] IP:2114 - I2C_Coeff_DF not found: check if there is a RefParameter without a condition.
2023-11-29 14:55:07,836 [WARN] IP:2114 - Analog_Filter not found: check if there is a RefParameter without a condition.
2023-11-29 14:55:07,845 [WARN] IP:2114 - I2C_Coeff_DF not found: check if there is a RefParameter without a condition.
2023-11-29 14:55:07,845 [WARN] IP:2114 - Analog_Filter not found: check if there is a RefParameter without a condition.
2023-11-29 14:55:07,856 [INFO] Gpio:273 - dependency for GPIO [I2C1, RCC, SPI2]
2023-11-29 14:55:07,882 [INFO] NvicIntPanel:101 - NVIC parent = com.st.microxplorer.plugins.ip.nvic.MultiNvicIntPanel[,0,0,0x0,invalid,layout=javax.swing.BoxLayout,alignmentX=0.0,alignmentY=0.0,border=,flags=9,maximumSize=,minimumSize=,preferredSize=]
2023-11-29 14:55:10,714 [INFO] Gpio:273 - dependency for GPIO [I2C1, RCC, SPI2]
2023-11-29 14:55:10,747 [INFO] NvicIntPanel:101 - NVIC parent = com.st.microxplorer.plugins.ip.nvic.MultiNvicIntPanel[,0,0,0x0,invalid,layout=javax.swing.BoxLayout,alignmentX=0.0,alignmentY=0.0,border=,flags=9,maximumSize=,minimumSize=,preferredSize=]
2023-11-29 14:55:10,790 [WARN] IP:2114 - I2C_Coeff_DF not found: check if there is a RefParameter without a condition.
2023-11-29 14:55:10,790 [WARN] IP:2114 - Analog_Filter not found: check if there is a RefParameter without a condition.
2023-11-29 14:55:10,790 [WARN] IP:2114 - I2C_Coeff_DF not found: check if there is a RefParameter without a condition.
2023-11-29 14:55:10,790 [WARN] IP:2114 - Analog_Filter not found: check if there is a RefParameter without a condition.
2023-11-29 14:55:10,802 [WARN] IP:2114 - I2C_Coeff_DF not found: check if there is a RefParameter without a condition.
2023-11-29 14:55:10,802 [WARN] IP:2114 - Analog_Filter not found: check if there is a RefParameter without a condition.
2023-11-29 14:55:10,813 [WARN] IP:2114 - I2C_Coeff_DF not found: check if there is a RefParameter without a condition.
2023-11-29 14:55:10,813 [WARN] IP:2114 - Analog_Filter not found: check if there is a RefParameter without a condition.
2023-11-29 14:55:10,836 [INFO] Gpio:273 - dependency for GPIO [I2C1, RCC, SPI2]
2023-11-29 14:55:10,860 [INFO] NvicIntPanel:101 - NVIC parent = com.st.microxplorer.plugins.ip.nvic.MultiNvicIntPanel[,0,0,0x0,invalid,layout=javax.swing.BoxLayout,alignmentX=0.0,alignmentY=0.0,border=,flags=9,maximumSize=,minimumSize=,preferredSize=]
2023-11-29 14:55:15,332 [INFO] Gpio:273 - dependency for GPIO [I2C1, RCC, SPI2]
2023-11-29 14:55:15,348 [INFO] NvicIntPanel:101 - NVIC parent = com.st.microxplorer.plugins.ip.nvic.MultiNvicIntPanel[,0,0,0x0,invalid,layout=javax.swing.BoxLayout,alignmentX=0.0,alignmentY=0.0,border=,flags=9,maximumSize=,minimumSize=,preferredSize=]
2023-11-29 14:55:15,376 [WARN] IP:2114 - I2C_Coeff_DF not found: check if there is a RefParameter without a condition.
2023-11-29 14:55:15,376 [WARN] IP:2114 - Analog_Filter not found: check if there is a RefParameter without a condition.
2023-11-29 14:55:15,376 [WARN] IP:2114 - I2C_Coeff_DF not found: check if there is a RefParameter without a condition.
2023-11-29 14:55:15,376 [WARN] IP:2114 - Analog_Filter not found: check if there is a RefParameter without a condition.
2023-11-29 14:55:15,385 [WARN] IP:2114 - I2C_Coeff_DF not found: check if there is a RefParameter without a condition.
2023-11-29 14:55:15,385 [WARN] IP:2114 - Analog_Filter not found: check if there is a RefParameter without a condition.
2023-11-29 14:55:15,393 [WARN] IP:2114 - I2C_Coeff_DF not found: check if there is a RefParameter without a condition.
2023-11-29 14:55:15,394 [WARN] IP:2114 - Analog_Filter not found: check if there is a RefParameter without a condition.
2023-11-29 14:55:15,399 [INFO] Gpio:273 - dependency for GPIO [I2C1, RCC, SPI2]
2023-11-29 14:55:15,417 [INFO] NvicIntPanel:101 - NVIC parent = com.st.microxplorer.plugins.ip.nvic.MultiNvicIntPanel[,0,0,0x0,invalid,layout=javax.swing.BoxLayout,alignmentX=0.0,alignmentY=0.0,border=,flags=9,maximumSize=,minimumSize=,preferredSize=]
2023-11-29 14:55:22,281 [INFO] UtilMem:75 - End SaveConfig() Used Memory: 837558824 Bytes (1073741824)
2023-11-29 14:55:23,340 [INFO] UtilMem:75 - End SaveConfig() Used Memory: 583616728 Bytes (1073741824)
2023-11-29 14:55:25,103 [INFO] UtilMem:75 - End SaveConfig() Used Memory: 630955736 Bytes (1073741824)
2023-11-29 14:55:25,211 [INFO] BlockDiagram:2759 - set Specific Code input for plugin: SPI
2023-11-29 14:55:25,211 [INFO] BlockDiagram:2759 - set Specific Code input for plugin: NVIC
2023-11-29 14:55:25,211 [INFO] BlockDiagram:2759 - set Specific Code input for plugin: TIM1_8F1
2023-11-29 14:55:25,211 [INFO] BlockDiagram:2759 - set Specific Code input for plugin: TIM1_8F1
2023-11-29 14:55:25,211 [INFO] BlockDiagram:2759 - set Specific Code input for plugin: TIM1_8F1
2023-11-29 14:55:25,211 [INFO] BlockDiagram:2759 - set Specific Code input for plugin: SYS
2023-11-29 14:55:25,211 [INFO] BlockDiagram:2759 - set Specific Code input for plugin: GPIO
2023-11-29 14:55:25,211 [INFO] BlockDiagram:2759 - set Specific Code input for plugin: RCC
2023-11-29 14:55:25,211 [INFO] BlockDiagram:2759 - set Specific Code input for plugin: I2C
2023-11-29 14:55:25,211 [INFO] CodeGenerator:799 - code generatio: config db path: C:\ST\STM32CubeIDE_1.13.1\STM32CubeIDE\plugins\com.st.stm32cube.common.mx_6.9.1.202307191849\\db\
2023-11-29 14:55:25,212 [WARN] IP:2114 - I2C_Coeff_DF not found: check if there is a RefParameter without a condition.
2023-11-29 14:55:25,212 [WARN] IP:2114 - Analog_Filter not found: check if there is a RefParameter without a condition.
2023-11-29 14:55:25,297 [INFO] CodeEngine:255 - oldGeneratedFile, D:\My-Projects\Git\Temperature-Humidity-Supervisor\LoRa_Sender_Node\MXTmpFiles\license.tmp_save
2023-11-29 14:55:25,365 [INFO] CodeEngine:279 - Generated code: D:\My-Projects\Git\Temperature-Humidity-Supervisor\LoRa_Sender_Node\MXTmpFiles\license.tmp
2023-11-29 14:55:25,387 [INFO] CodeEngine:255 - oldGeneratedFile, D:\My-Projects\Git\Temperature-Humidity-Supervisor\LoRa_Sender_Node\MXTmpFiles\gpio.tmp_save
2023-11-29 14:55:25,530 [INFO] CodeEngine:279 - Generated code: D:\My-Projects\Git\Temperature-Humidity-Supervisor\LoRa_Sender_Node\MXTmpFiles\gpio.tmp
2023-11-29 14:55:25,652 [INFO] CodeEngine:255 - oldGeneratedFile, D:\My-Projects\Git\Temperature-Humidity-Supervisor\LoRa_Sender_Node\Core\Src\stm32f1xx_it.c_save
2023-11-29 14:55:25,837 [INFO] CodeEngine:279 - Generated code: D:\My-Projects\Git\Temperature-Humidity-Supervisor\LoRa_Sender_Node\Core\Src\stm32f1xx_it.c
2023-11-29 14:55:25,845 [INFO] CodeEngine:255 - oldGeneratedFile, D:\My-Projects\Git\Temperature-Humidity-Supervisor\LoRa_Sender_Node\Core\Inc\stm32f1xx_it.h_save
2023-11-29 14:55:25,881 [INFO] CodeEngine:279 - Generated code: D:\My-Projects\Git\Temperature-Humidity-Supervisor\LoRa_Sender_Node\Core\Inc\stm32f1xx_it.h
2023-11-29 14:55:25,904 [INFO] CodeEngine:255 - oldGeneratedFile, D:\My-Projects\Git\Temperature-Humidity-Supervisor\LoRa_Sender_Node\Core\Src\stm32f1xx_hal_msp.c_save
2023-11-29 14:55:25,971 [INFO] CodeEngine:279 - Generated code: D:\My-Projects\Git\Temperature-Humidity-Supervisor\LoRa_Sender_Node\Core\Src\stm32f1xx_hal_msp.c
2023-11-29 14:55:25,980 [INFO] CodeEngine:255 - oldGeneratedFile, D:\My-Projects\Git\Temperature-Humidity-Supervisor\LoRa_Sender_Node\MXTmpFiles\system.tmp_save
2023-11-29 14:55:26,010 [INFO] CodeEngine:279 - Generated code: D:\My-Projects\Git\Temperature-Humidity-Supervisor\LoRa_Sender_Node\MXTmpFiles\system.tmp
2023-11-29 14:55:26,042 [INFO] CodeEngine:311 - oldGeneratedFile, D:\My-Projects\Git\Temperature-Humidity-Supervisor\LoRa_Sender_Node\Core\Inc\stm32f1xx_hal_conf.h_save
2023-11-29 14:55:26,198 [INFO] CodeEngine:335 - Generated code: D:\My-Projects\Git\Temperature-Humidity-Supervisor\LoRa_Sender_Node\Core\Inc\stm32f1xx_hal_conf.h
2023-11-29 14:55:26,218 [WARN] IPConfigManager:3431 - IP not found : TIM
2023-11-29 14:55:26,218 [WARN] CodeGenerator:3760 - IP not found : null
2023-11-29 14:55:26,236 [INFO] CodeEngine:255 - oldGeneratedFile, D:\My-Projects\Git\Temperature-Humidity-Supervisor\LoRa_Sender_Node\Core\Inc\main.h_save
2023-11-29 14:55:26,378 [INFO] CodeEngine:279 - Generated code: D:\My-Projects\Git\Temperature-Humidity-Supervisor\LoRa_Sender_Node\Core\Inc\main.h
2023-11-29 14:55:26,418 [INFO] CodeEngine:255 - oldGeneratedFile, D:\My-Projects\Git\Temperature-Humidity-Supervisor\LoRa_Sender_Node\Core\Src\main.c_save
2023-11-29 14:55:26,536 [INFO] CodeEngine:279 - Generated code: D:\My-Projects\Git\Temperature-Humidity-Supervisor\LoRa_Sender_Node\Core\Src\main.c
2023-11-29 14:55:26,851 [INFO] ProjectBuilder:3064 - Time for Copy HAL[1] : 86mS.
2023-11-29 14:55:26,852 [INFO] ProjectBuilder:4404 - Project Generator version: 4.1.0
2023-11-29 14:55:26,945 [INFO] ConfigFileManager:1457 - The Die is : DIE410
2023-11-29 14:55:27,862 [INFO] ProjectBuilder:4626 - Time for Generating toolchain IDE Files: 1010mS.
2023-11-29 14:55:27,863 [INFO] ProjectBuilder:2935 - Time for Copy CMSIS : 1mS.
2023-11-29 14:55:27,865 [INFO] ProjectBuilder:2935 - Time for Copy CMSIS : 0mS.
2023-11-29 15:41:17,571 [WARN] IP:2114 - I2C_Coeff_DF not found: check if there is a RefParameter without a condition.
2023-11-29 15:41:17,571 [WARN] IP:2114 - Analog_Filter not found: check if there is a RefParameter without a condition.
2023-11-29 15:41:17,572 [WARN] IP:2114 - I2C_Coeff_DF not found: check if there is a RefParameter without a condition.
2023-11-29 15:41:17,572 [WARN] IP:2114 - Analog_Filter not found: check if there is a RefParameter without a condition.
2023-11-29 15:41:17,581 [WARN] IP:2114 - I2C_Coeff_DF not found: check if there is a RefParameter without a condition.
2023-11-29 15:41:17,581 [WARN] IP:2114 - Analog_Filter not found: check if there is a RefParameter without a condition.
2023-11-29 15:41:17,592 [WARN] IP:2114 - I2C_Coeff_DF not found: check if there is a RefParameter without a condition.
2023-11-29 15:41:17,592 [WARN] IP:2114 - Analog_Filter not found: check if there is a RefParameter without a condition.
2023-11-29 15:42:32,688 [WARN] IP:2114 - I2C_Coeff_DF not found: check if there is a RefParameter without a condition.
2023-11-29 15:42:32,688 [WARN] IP:2114 - Analog_Filter not found: check if there is a RefParameter without a condition.
2023-11-29 15:42:32,688 [WARN] IP:2114 - I2C_Coeff_DF not found: check if there is a RefParameter without a condition.
2023-11-29 15:42:32,688 [WARN] IP:2114 - Analog_Filter not found: check if there is a RefParameter without a condition.
2023-11-29 15:42:32,699 [WARN] IP:2114 - I2C_Coeff_DF not found: check if there is a RefParameter without a condition.
2023-11-29 15:42:32,699 [WARN] IP:2114 - Analog_Filter not found: check if there is a RefParameter without a condition.
2023-11-29 15:42:32,710 [WARN] IP:2114 - I2C_Coeff_DF not found: check if there is a RefParameter without a condition.
2023-11-29 15:42:32,710 [WARN] IP:2114 - Analog_Filter not found: check if there is a RefParameter without a condition.
2023-11-29 15:42:39,023 [WARN] IP:2114 - I2C_Coeff_DF not found: check if there is a RefParameter without a condition.
2023-11-29 15:42:39,023 [WARN] IP:2114 - Analog_Filter not found: check if there is a RefParameter without a condition.
2023-11-29 15:42:39,023 [WARN] IP:2114 - I2C_Coeff_DF not found: check if there is a RefParameter without a condition.
2023-11-29 15:42:39,023 [WARN] IP:2114 - Analog_Filter not found: check if there is a RefParameter without a condition.
2023-11-29 15:42:39,032 [WARN] IP:2114 - I2C_Coeff_DF not found: check if there is a RefParameter without a condition.
2023-11-29 15:42:39,032 [WARN] IP:2114 - Analog_Filter not found: check if there is a RefParameter without a condition.
2023-11-29 15:42:39,042 [WARN] IP:2114 - I2C_Coeff_DF not found: check if there is a RefParameter without a condition.
2023-11-29 15:42:39,042 [WARN] IP:2114 - Analog_Filter not found: check if there is a RefParameter without a condition.
2023-11-29 15:49:24,504 [INFO] Gpio:273 - dependency for GPIO [I2C1, RCC, SPI2]
2023-11-29 15:49:55,356 [INFO] UtilMem:75 - End SaveConfig() Used Memory: 674829672 Bytes (1073741824)
2023-11-29 15:49:56,260 [INFO] UtilMem:75 - End SaveConfig() Used Memory: 690337304 Bytes (1073741824)
2023-11-29 15:49:57,725 [INFO] UtilMem:75 - End SaveConfig() Used Memory: 720727888 Bytes (1073741824)
2023-11-29 15:49:57,838 [INFO] BlockDiagram:2759 - set Specific Code input for plugin: SPI
2023-11-29 15:49:57,838 [INFO] BlockDiagram:2759 - set Specific Code input for plugin: NVIC
2023-11-29 15:49:57,838 [INFO] BlockDiagram:2759 - set Specific Code input for plugin: TIM1_8F1
2023-11-29 15:49:57,838 [INFO] BlockDiagram:2759 - set Specific Code input for plugin: TIM1_8F1
2023-11-29 15:49:57,838 [INFO] BlockDiagram:2759 - set Specific Code input for plugin: TIM1_8F1
2023-11-29 15:49:57,838 [INFO] BlockDiagram:2759 - set Specific Code input for plugin: SYS
2023-11-29 15:49:57,838 [INFO] BlockDiagram:2759 - set Specific Code input for plugin: GPIO
2023-11-29 15:49:57,838 [INFO] BlockDiagram:2759 - set Specific Code input for plugin: RCC
2023-11-29 15:49:57,838 [INFO] BlockDiagram:2759 - set Specific Code input for plugin: I2C
2023-11-29 15:49:57,838 [INFO] CodeGenerator:799 - code generatio: config db path: C:\ST\STM32CubeIDE_1.13.1\STM32CubeIDE\plugins\com.st.stm32cube.common.mx_6.9.1.202307191849\\db\
2023-11-29 15:49:57,840 [WARN] IP:2114 - I2C_Coeff_DF not found: check if there is a RefParameter without a condition.
2023-11-29 15:49:57,840 [WARN] IP:2114 - Analog_Filter not found: check if there is a RefParameter without a condition.
2023-11-29 15:49:57,923 [INFO] CodeEngine:255 - oldGeneratedFile, D:\My-Projects\Git\Temperature-Humidity-Supervisor\LoRa_Sender_Node\MXTmpFiles\license.tmp_save
2023-11-29 15:49:58,013 [INFO] CodeEngine:279 - Generated code: D:\My-Projects\Git\Temperature-Humidity-Supervisor\LoRa_Sender_Node\MXTmpFiles\license.tmp
2023-11-29 15:49:58,037 [INFO] CodeEngine:255 - oldGeneratedFile, D:\My-Projects\Git\Temperature-Humidity-Supervisor\LoRa_Sender_Node\MXTmpFiles\gpio.tmp_save
2023-11-29 15:49:58,141 [INFO] CodeEngine:279 - Generated code: D:\My-Projects\Git\Temperature-Humidity-Supervisor\LoRa_Sender_Node\MXTmpFiles\gpio.tmp
2023-11-29 15:49:58,247 [INFO] CodeEngine:255 - oldGeneratedFile, D:\My-Projects\Git\Temperature-Humidity-Supervisor\LoRa_Sender_Node\Core\Src\stm32f1xx_it.c_save
2023-11-29 15:49:58,487 [INFO] CodeEngine:279 - Generated code: D:\My-Projects\Git\Temperature-Humidity-Supervisor\LoRa_Sender_Node\Core\Src\stm32f1xx_it.c
2023-11-29 15:49:58,526 [INFO] CodeEngine:255 - oldGeneratedFile, D:\My-Projects\Git\Temperature-Humidity-Supervisor\LoRa_Sender_Node\Core\Inc\stm32f1xx_it.h_save
2023-11-29 15:49:58,609 [INFO] CodeEngine:279 - Generated code: D:\My-Projects\Git\Temperature-Humidity-Supervisor\LoRa_Sender_Node\Core\Inc\stm32f1xx_it.h
2023-11-29 15:49:58,638 [INFO] CodeEngine:255 - oldGeneratedFile, D:\My-Projects\Git\Temperature-Humidity-Supervisor\LoRa_Sender_Node\Core\Src\stm32f1xx_hal_msp.c_save
2023-11-29 15:49:58,761 [INFO] CodeEngine:279 - Generated code: D:\My-Projects\Git\Temperature-Humidity-Supervisor\LoRa_Sender_Node\Core\Src\stm32f1xx_hal_msp.c
2023-11-29 15:49:58,767 [INFO] CodeEngine:255 - oldGeneratedFile, D:\My-Projects\Git\Temperature-Humidity-Supervisor\LoRa_Sender_Node\MXTmpFiles\system.tmp_save
2023-11-29 15:49:58,821 [INFO] CodeEngine:279 - Generated code: D:\My-Projects\Git\Temperature-Humidity-Supervisor\LoRa_Sender_Node\MXTmpFiles\system.tmp
2023-11-29 15:49:58,844 [INFO] CodeEngine:311 - oldGeneratedFile, D:\My-Projects\Git\Temperature-Humidity-Supervisor\LoRa_Sender_Node\Core\Inc\stm32f1xx_hal_conf.h_save
2023-11-29 15:49:59,001 [INFO] CodeEngine:335 - Generated code: D:\My-Projects\Git\Temperature-Humidity-Supervisor\LoRa_Sender_Node\Core\Inc\stm32f1xx_hal_conf.h
2023-11-29 15:49:59,026 [WARN] IPConfigManager:3431 - IP not found : TIM
2023-11-29 15:49:59,027 [WARN] CodeGenerator:3760 - IP not found : null
2023-11-29 15:49:59,050 [INFO] CodeEngine:255 - oldGeneratedFile, D:\My-Projects\Git\Temperature-Humidity-Supervisor\LoRa_Sender_Node\Core\Inc\main.h_save
2023-11-29 15:49:59,178 [INFO] CodeEngine:279 - Generated code: D:\My-Projects\Git\Temperature-Humidity-Supervisor\LoRa_Sender_Node\Core\Inc\main.h
2023-11-29 15:49:59,217 [INFO] CodeEngine:255 - oldGeneratedFile, D:\My-Projects\Git\Temperature-Humidity-Supervisor\LoRa_Sender_Node\Core\Src\main.c_save
2023-11-29 15:49:59,340 [INFO] CodeEngine:279 - Generated code: D:\My-Projects\Git\Temperature-Humidity-Supervisor\LoRa_Sender_Node\Core\Src\main.c
2023-11-29 15:49:59,637 [INFO] ProjectBuilder:3064 - Time for Copy HAL[1] : 70mS.
2023-11-29 15:49:59,638 [INFO] ProjectBuilder:4404 - Project Generator version: 4.1.0
2023-11-29 15:49:59,733 [INFO] ConfigFileManager:1457 - The Die is : DIE410
2023-11-29 15:50:00,790 [INFO] ProjectBuilder:4626 - Time for Generating toolchain IDE Files: 1152mS.
2023-11-29 15:50:00,790 [INFO] ProjectBuilder:2935 - Time for Copy CMSIS : 0mS.
2023-11-29 15:50:00,791 [INFO] ProjectBuilder:2935 - Time for Copy CMSIS : 0mS.
