2023-12-08 09:46:15,837 [INFO] Activator:176 - 


2023-12-08 09:46:15,844 [INFO] Activator:177 - !SESSION log4j initialized
2023-12-08 09:46:25,725 [INFO] LogOutputStream:77 - [STDOUT_REDIRECT] 
2023-12-08 09:46:33,291 [INFO] ApplicationProperties:184 - Using Application install path: C:\ST\STM32CubeIDE_1.13.1\STM32CubeIDE\plugins\com.st.stm32cube.common.mx_6.9.1.202307191849
2023-12-08 09:46:33,321 [INFO] DbMcusXml:78 - Set database path to: C:\ST\STM32CubeIDE_1.13.1\STM32CubeIDE\plugins\com.st.stm32cube.common.mx_6.9.1.202307191849\\db\/mcu/
2023-12-08 09:46:33,323 [INFO] ApiDb:274 - Set plugin database path to: C:\ST\STM32CubeIDE_1.13.1\STM32CubeIDE\plugins\com.st.stm32cube.common.mx_6.9.1.202307191849\\db\/plugins/boardmanager/
2023-12-08 09:46:33,330 [WARN] ApiDb:259 - Overriding images path with different value:  => C:\ST\STM32CubeIDE_1.13.1\STM32CubeIDE\plugins\com.st.stm32cube.common.mx_6.9.1.202307191849\\db\/plugins/mcufinder/images/
2023-12-08 09:46:33,359 [INFO] ApiDb:250 - Set database path to: C:\Users\acer\.stmcufinder\plugins\mcufinder//mcu/
2023-12-08 09:46:33,360 [INFO] DbMcusAds:125 - Set database path to: C:\Users\acer\.stmcufinder\plugins\mcufinder//mcu/
2023-12-08 09:46:33,363 [INFO] CrossReferenceDbSqlite:203 - Set database path to: C:\Users\acer\.stmcufinder\plugins\mcufinder//mcu/cs/
2023-12-08 09:46:33,638 [INFO] RulesReader:64 - Compatibility file has been processed (293 Rules)
2023-12-08 09:46:33,794 [INFO] DbMcusXml:78 - Set database path to: C:\ST\STM32CubeIDE_1.13.1\STM32CubeIDE\plugins\com.st.stm32cube.common.mx_6.9.1.202307191849\\db\/mcu/
2023-12-08 09:46:33,794 [INFO] ApiDb:274 - Set plugin database path to: C:\ST\STM32CubeIDE_1.13.1\STM32CubeIDE\plugins\com.st.stm32cube.common.mx_6.9.1.202307191849\\db\/plugins/boardmanager/
2023-12-08 09:46:33,795 [INFO] ApiDb:261 - Set plugin images path to: C:\ST\STM32CubeIDE_1.13.1\STM32CubeIDE\plugins\com.st.stm32cube.common.mx_6.9.1.202307191849\\db\/plugins/mcufinder/images/
2023-12-08 09:46:33,795 [WARN] DbFile:41 - Overriding database path with different value: C:\Users\acer\.stmcufinder\plugins\mcufinder/ => C:\Users\acer\.stmcufinder\plugins\mcufinder
2023-12-08 09:46:33,795 [INFO] ApiDb:250 - Set database path to: C:\Users\acer\.stmcufinder\plugins\mcufinder//mcu/
2023-12-08 09:46:33,795 [WARN] DbFile:41 - Overriding database path with different value: C:\Users\acer\.stmcufinder\plugins\mcufinder/ => C:\Users\acer\.stmcufinder\plugins\mcufinder
2023-12-08 09:46:33,796 [INFO] DbMcusAds:125 - Set database path to: C:\Users\acer\.stmcufinder\plugins\mcufinder//mcu/
2023-12-08 09:46:33,796 [WARN] DbFile:41 - Overriding database path with different value: C:\Users\acer\.stmcufinder\plugins\mcufinder/ => C:\Users\acer\.stmcufinder\plugins\mcufinder
2023-12-08 09:46:33,796 [WARN] DbFile:41 - Overriding database path with different value: C:\Users\acer\.stmcufinder\plugins\mcufinder/ => C:\Users\acer\.stmcufinder\plugins\mcufinder
2023-12-08 09:46:33,796 [INFO] CrossReferenceDbSqlite:203 - Set database path to: C:\Users\acer\.stmcufinder\plugins\mcufinder//mcu/cs/
2023-12-08 09:46:34,001 [INFO] MainPanel:262 - HeapMemory: 268435456
2023-12-08 09:46:34,189 [INFO] DbMcusXml:78 - Set database path to: C:\ST\STM32CubeIDE_1.13.1\STM32CubeIDE\plugins\com.st.stm32cube.common.mx_6.9.1.202307191849\\db\/mcu/
2023-12-08 09:46:34,189 [INFO] ApiDb:274 - Set plugin database path to: C:\ST\STM32CubeIDE_1.13.1\STM32CubeIDE\plugins\com.st.stm32cube.common.mx_6.9.1.202307191849\\db\/plugins/boardmanager/
2023-12-08 09:46:34,189 [INFO] ApiDb:261 - Set plugin images path to: C:\ST\STM32CubeIDE_1.13.1\STM32CubeIDE\plugins\com.st.stm32cube.common.mx_6.9.1.202307191849\\db\/plugins/mcufinder/images/
2023-12-08 09:46:34,189 [WARN] DbFile:41 - Overriding database path with different value: C:\Users\acer\.stmcufinder\plugins\mcufinder/ => C:\Users\acer\.stmcufinder\plugins\mcufinder
2023-12-08 09:46:34,189 [INFO] ApiDb:250 - Set database path to: C:\Users\acer\.stmcufinder\plugins\mcufinder//mcu/
2023-12-08 09:46:34,189 [WARN] DbFile:41 - Overriding database path with different value: C:\Users\acer\.stmcufinder\plugins\mcufinder/ => C:\Users\acer\.stmcufinder\plugins\mcufinder
2023-12-08 09:46:34,190 [INFO] DbMcusAds:125 - Set database path to: C:\Users\acer\.stmcufinder\plugins\mcufinder//mcu/
2023-12-08 09:46:34,190 [WARN] DbFile:41 - Overriding database path with different value: C:\Users\acer\.stmcufinder\plugins\mcufinder/ => C:\Users\acer\.stmcufinder\plugins\mcufinder
2023-12-08 09:46:34,190 [WARN] DbFile:41 - Overriding database path with different value: C:\Users\acer\.stmcufinder\plugins\mcufinder/ => C:\Users\acer\.stmcufinder\plugins\mcufinder
2023-12-08 09:46:34,190 [INFO] CrossReferenceDbSqlite:203 - Set database path to: C:\Users\acer\.stmcufinder\plugins\mcufinder//mcu/cs/
2023-12-08 09:46:34,205 [INFO] ApplicationProperties:184 - Using Application install path: C:\ST\STM32CubeIDE_1.13.1\STM32CubeIDE\plugins\com.st.stm32cube.common.mx_6.9.1.202307191849
2023-12-08 09:46:34,206 [INFO] PluginManage:196 - Search for loadable plugins [exclusion list=, ]
2023-12-08 09:46:34,207 [INFO] PluginManage:310 - Check plugin analytics
2023-12-08 09:46:39,453 [INFO] AnalyticsPlugin:253 - Accepted Software Licenses: STM32CubeMX.6.9.1
2023-12-08 09:46:39,453 [INFO] AnalyticsPlugin:255 - Accepted CMSIS Pack Licenses: 
2023-12-08 09:46:39,453 [INFO] AnalyticsPlugin:257 - Accepted Firmware Licenses: FW.F4.1.27.0
2023-12-08 09:46:39,460 [INFO] PluginManage:359 - Loaded plugin analytics (category:tool,tabindex:-1)
2023-12-08 09:46:39,461 [INFO] PluginManage:310 - Check plugin cadmodel
2023-12-08 09:46:39,489 [INFO] CADModel:105 - Init CAD model plugin
2023-12-08 09:46:39,490 [INFO] PluginManage:359 - Loaded plugin cadmodel (category:power,tabindex:5)
2023-12-08 09:46:39,490 [INFO] PluginManage:310 - Check plugin clock
2023-12-08 09:46:39,515 [INFO] PluginManage:359 - Loaded plugin clock (category:base,tabindex:2)
2023-12-08 09:46:39,515 [INFO] PluginManage:310 - Check plugin ddr
2023-12-08 09:46:39,518 [INFO] PluginManage:359 - Loaded plugin ddr (category:tool,tabindex:6)
2023-12-08 09:46:39,518 [INFO] PluginManage:310 - Check plugin filemanager
2023-12-08 09:46:39,723 [INFO] PluginManage:359 - Loaded plugin filemanager (category:base,tabindex:10)
2023-12-08 09:46:39,724 [INFO] PluginManage:310 - Check plugin ipmanager
2023-12-08 09:46:39,730 [INFO] PluginManage:359 - Loaded plugin ipmanager (category:base,tabindex:5)
2023-12-08 09:46:39,730 [INFO] PluginManage:310 - Check plugin lpbam
2023-12-08 09:46:39,751 [INFO] PluginManage:359 - Loaded plugin lpbam (category:base,tabindex:0)
2023-12-08 09:46:39,752 [INFO] PluginManage:310 - Check plugin memorymap
2023-12-08 09:46:39,834 [INFO] PluginManage:359 - Loaded plugin memorymap (category:base,tabindex:4)
2023-12-08 09:46:39,834 [INFO] PluginManage:310 - Check plugin pinoutandconfiguration
2023-12-08 09:46:39,881 [INFO] PluginManage:359 - Loaded plugin pinoutandconfiguration (category:base,tabindex:1)
2023-12-08 09:46:39,881 [INFO] PluginManage:310 - Check plugin pinoutconfig
2023-12-08 09:46:40,032 [WARN] SupportedApi:132 - Cannot load RTOS API schema: s4s-elt-must-match.1: The content of 'definitions' must match (annotation?, (simpleType | complexType)?, (unique | key | keyref)*)). A problem was found starting at: attribute.
2023-12-08 09:46:40,298 [INFO] PluginManage:359 - Loaded plugin pinoutconfig (category:base,tabindex:0)
2023-12-08 09:46:40,298 [INFO] PluginManage:310 - Check plugin power
2023-12-08 09:46:40,319 [INFO] PluginManage:359 - Loaded plugin power (category:power,tabindex:4)
2023-12-08 09:46:40,319 [INFO] PluginManage:310 - Check plugin projectmanager
2023-12-08 09:46:40,369 [INFO] PluginManage:359 - Loaded plugin projectmanager (category:projectmanager,tabindex:3)
2023-12-08 09:46:40,369 [INFO] PluginManage:310 - Check plugin thirdparty
2023-12-08 09:46:40,888 [INFO] PluginManage:359 - Loaded plugin thirdparty (category:base,tabindex:-1)
2023-12-08 09:46:40,888 [WARN] IntegrityCheckThread:84 - waiting for thirdparty lock release [integrity check]
2023-12-08 09:46:40,888 [INFO] PluginManage:310 - Check plugin tools
2023-12-08 09:46:40,888 [INFO] IntegrityCheckThread:86 - entering critical section [integrity check]
2023-12-08 09:46:40,889 [INFO] ThirdPartyUpdaterWithRetryManager:70 - Updater plugin not ready yet. [1/15]
2023-12-08 09:46:40,957 [INFO] PluginManage:359 - Loaded plugin tools (category:base,tabindex:7)
2023-12-08 09:46:40,957 [INFO] PluginManage:310 - Check plugin tutovideos
2023-12-08 09:46:41,253 [INFO] PluginManage:359 - Loaded plugin tutovideos (category:base,tabindex:-1)
2023-12-08 09:46:41,253 [INFO] PluginManage:310 - Check plugin updater
2023-12-08 09:46:41,278 [INFO] PluginManage:359 - Loaded plugin updater (category:base,tabindex:12)
2023-12-08 09:46:41,278 [INFO] PluginManage:310 - Check plugin userauth
2023-12-08 09:46:41,304 [INFO] UserAuth:113 - Init User Auth plugin
2023-12-08 09:46:41,304 [INFO] PluginManage:359 - Loaded plugin userauth (category:base,tabindex:14)
2023-12-08 09:46:41,305 [INFO] PluginManage:283 - PluginManage : Loaded plugins [17]
2023-12-08 09:46:41,682 [INFO] PinOutPanel:1499 - setPackage(No Configuration,No Configuration)
2023-12-08 09:46:41,842 [INFO] CADModel:165 - CPN selected for project level
2023-12-08 09:46:41,844 [INFO] CADModel:114 - Register for checkConnection events
2023-12-08 09:46:41,894 [INFO] IPUIPlugin:80 - create IPUIPlugin
2023-12-08 09:46:41,894 [INFO] PluginManager:220 - loadIPPluginJar : add adc
2023-12-08 09:46:41,956 [INFO] IPUIPlugin:80 - create IPUIPlugin
2023-12-08 09:46:41,956 [INFO] PluginManager:220 - loadIPPluginJar : add aes
2023-12-08 09:46:42,039 [INFO] IPUIPlugin:80 - create IPUIPlugin
2023-12-08 09:46:42,040 [INFO] PluginManager:220 - loadIPPluginJar : add can
2023-12-08 09:46:42,085 [INFO] IPUIPlugin:80 - create IPUIPlugin
2023-12-08 09:46:42,085 [INFO] PluginManager:220 - loadIPPluginJar : add comp
2023-12-08 09:46:42,140 [INFO] IPUIPlugin:80 - create IPUIPlugin
2023-12-08 09:46:42,140 [INFO] PluginManager:220 - loadIPPluginJar : add cryp
2023-12-08 09:46:42,192 [INFO] IPUIPlugin:80 - create IPUIPlugin
2023-12-08 09:46:42,192 [INFO] PluginManager:220 - loadIPPluginJar : add dfsdm
2023-12-08 09:46:42,208 [INFO] IPUIPlugin:80 - create IPUIPlugin
2023-12-08 09:46:42,209 [INFO] PluginManager:220 - loadIPPluginJar : add dma
2023-12-08 09:46:42,291 [INFO] IPUIPlugin:80 - create IPUIPlugin
2023-12-08 09:46:42,291 [INFO] PluginManager:220 - loadIPPluginJar : add dma3
2023-12-08 09:46:42,334 [INFO] IPUIPlugin:80 - create IPUIPlugin
2023-12-08 09:46:42,334 [INFO] PluginManager:220 - loadIPPluginJar : add fatfs
2023-12-08 09:46:42,434 [INFO] IPUIPlugin:80 - create IPUIPlugin
2023-12-08 09:46:42,434 [INFO] PluginManager:220 - loadIPPluginJar : add fmc
2023-12-08 09:46:42,454 [INFO] IPUIPlugin:80 - create IPUIPlugin
2023-12-08 09:46:42,454 [INFO] PluginManager:220 - loadIPPluginJar : add freertos
2023-12-08 09:46:42,483 [INFO] IPUIPlugin:80 - create IPUIPlugin
2023-12-08 09:46:42,483 [INFO] PluginManager:220 - loadIPPluginJar : add genericplugin
2023-12-08 09:46:42,625 [INFO] IPUIPlugin:80 - create IPUIPlugin
2023-12-08 09:46:42,625 [INFO] PluginManager:220 - loadIPPluginJar : add gfxmmu
2023-12-08 09:46:42,862 [INFO] IPUIPlugin:80 - create IPUIPlugin
2023-12-08 09:46:42,864 [INFO] PluginManager:220 - loadIPPluginJar : add gic
2023-12-08 09:46:42,884 [INFO] IPUIPlugin:80 - create IPUIPlugin
2023-12-08 09:46:42,884 [INFO] PluginManager:220 - loadIPPluginJar : add gpio
2023-12-08 09:46:43,037 [INFO] IPUIPlugin:80 - create IPUIPlugin
2023-12-08 09:46:43,037 [INFO] PluginManager:220 - loadIPPluginJar : add gtzc
2023-12-08 09:46:43,089 [INFO] IPUIPlugin:80 - create IPUIPlugin
2023-12-08 09:46:43,089 [INFO] PluginManager:220 - loadIPPluginJar : add hash
2023-12-08 09:46:43,197 [INFO] IPUIPlugin:80 - create IPUIPlugin
2023-12-08 09:46:43,198 [INFO] PluginManager:220 - loadIPPluginJar : add i2c
2023-12-08 09:46:43,277 [INFO] IPUIPlugin:80 - create IPUIPlugin
2023-12-08 09:46:43,277 [INFO] PluginManager:220 - loadIPPluginJar : add i2s
2023-12-08 09:46:43,349 [INFO] IPUIPlugin:80 - create IPUIPlugin
2023-12-08 09:46:43,349 [INFO] PluginManager:220 - loadIPPluginJar : add i3c
2023-12-08 09:46:43,530 [INFO] IPUIPlugin:80 - create IPUIPlugin
2023-12-08 09:46:43,530 [INFO] PluginManager:220 - loadIPPluginJar : add ipddr
2023-12-08 09:46:43,716 [INFO] IPUIPlugin:80 - create IPUIPlugin
2023-12-08 09:46:43,716 [INFO] PluginManager:220 - loadIPPluginJar : add linkedlist
2023-12-08 09:46:43,781 [INFO] IPUIPlugin:80 - create IPUIPlugin
2023-12-08 09:46:43,782 [INFO] PluginManager:220 - loadIPPluginJar : add lorawan
2023-12-08 09:46:43,853 [INFO] IPUIPlugin:80 - create IPUIPlugin
2023-12-08 09:46:43,853 [INFO] PluginManager:220 - loadIPPluginJar : add ltdc
2023-12-08 09:46:43,880 [INFO] IPUIPlugin:80 - create IPUIPlugin
2023-12-08 09:46:43,880 [INFO] PluginManager:220 - loadIPPluginJar : add mdma
2023-12-08 09:46:43,891 [INFO] ThirdPartyUpdaterWithRetryManager:70 - Updater plugin not ready yet. [2/15]
2023-12-08 09:46:43,896 [INFO] IPUIPlugin:80 - create IPUIPlugin
2023-12-08 09:46:43,896 [INFO] PluginManager:220 - loadIPPluginJar : add nvic
2023-12-08 09:46:43,958 [INFO] IPUIPlugin:80 - create IPUIPlugin
2023-12-08 09:46:43,958 [INFO] PluginManager:220 - loadIPPluginJar : add opamp
2023-12-08 09:46:44,070 [INFO] IPUIPlugin:80 - create IPUIPlugin
2023-12-08 09:46:44,070 [INFO] PluginManager:220 - loadIPPluginJar : add openamp
2023-12-08 09:46:44,153 [INFO] IPUIPlugin:80 - create IPUIPlugin
2023-12-08 09:46:44,153 [INFO] PluginManager:220 - loadIPPluginJar : add pdm2pcm
2023-12-08 09:46:44,169 [INFO] IPUIPlugin:80 - create IPUIPlugin
2023-12-08 09:46:44,173 [INFO] PluginManager:220 - loadIPPluginJar : add plateformsettings
2023-12-08 09:46:44,199 [INFO] IPUIPlugin:80 - create IPUIPlugin
2023-12-08 09:46:44,199 [INFO] PluginManager:220 - loadIPPluginJar : add quadspi
2023-12-08 09:46:44,214 [INFO] IPUIPlugin:80 - create IPUIPlugin
2023-12-08 09:46:44,215 [INFO] PluginManager:220 - loadIPPluginJar : add resmgrutility
2023-12-08 09:46:44,285 [INFO] IPUIPlugin:80 - create IPUIPlugin
2023-12-08 09:46:44,285 [INFO] PluginManager:220 - loadIPPluginJar : add sai
2023-12-08 09:46:44,353 [INFO] IPUIPlugin:80 - create IPUIPlugin
2023-12-08 09:46:44,354 [INFO] PluginManager:220 - loadIPPluginJar : add spi
2023-12-08 09:46:44,452 [INFO] IPUIPlugin:80 - create IPUIPlugin
2023-12-08 09:46:44,452 [INFO] PluginManager:220 - loadIPPluginJar : add stm32_wpan
2023-12-08 09:46:44,491 [INFO] IPUIPlugin:80 - create IPUIPlugin
2023-12-08 09:46:44,491 [INFO] PluginManager:220 - loadIPPluginJar : add tim
2023-12-08 09:46:44,577 [INFO] IPUIPlugin:80 - create IPUIPlugin
2023-12-08 09:46:44,577 [INFO] PluginManager:220 - loadIPPluginJar : add touchsensing
2023-12-08 09:46:44,625 [INFO] IPUIPlugin:80 - create IPUIPlugin
2023-12-08 09:46:44,625 [INFO] PluginManager:220 - loadIPPluginJar : add tracer_emb
2023-12-08 09:46:44,664 [INFO] IPUIPlugin:80 - create IPUIPlugin
2023-12-08 09:46:44,664 [INFO] PluginManager:220 - loadIPPluginJar : add ts
2023-12-08 09:46:44,709 [INFO] IPUIPlugin:80 - create IPUIPlugin
2023-12-08 09:46:44,710 [INFO] PluginManager:220 - loadIPPluginJar : add tsc
2023-12-08 09:46:44,757 [INFO] IPUIPlugin:80 - create IPUIPlugin
2023-12-08 09:46:44,757 [INFO] PluginManager:220 - loadIPPluginJar : add ucpd
2023-12-08 09:46:44,846 [INFO] IPUIPlugin:80 - create IPUIPlugin
2023-12-08 09:46:44,846 [INFO] PluginManager:220 - loadIPPluginJar : add usart
2023-12-08 09:46:44,933 [INFO] IPUIPlugin:80 - create IPUIPlugin
2023-12-08 09:46:44,933 [INFO] PluginManager:220 - loadIPPluginJar : add usbx
2023-12-08 09:46:45,097 [INFO] CADModel:165 - CPN selected for project level
2023-12-08 09:46:45,097 [INFO] CADModel:114 - Register for checkConnection events
2023-12-08 09:46:45,098 [FATAL] Updater:308 - Updater called before beeing initialized
2023-12-08 09:46:45,098 [ERROR] CADModel:125 - Updater not yet initialized, retry later 
2023-12-08 09:46:45,347 [INFO] CADModel:165 - CPN selected for project level
2023-12-08 09:46:45,347 [INFO] CADModel:114 - Register for checkConnection events
2023-12-08 09:46:45,348 [FATAL] Updater:308 - Updater called before beeing initialized
2023-12-08 09:46:45,348 [ERROR] CADModel:125 - Updater not yet initialized, retry later 
2023-12-08 09:46:45,353 [FATAL] Updater:308 - Updater called before beeing initialized
2023-12-08 09:46:45,547 [FATAL] Updater:308 - Updater called before beeing initialized
2023-12-08 09:46:45,565 [INFO] DbMcusAds:53 - JSON generation date=Tue Mar 07 15:50:55 ICT 2023 (1678179055335)
2023-12-08 09:46:45,566 [FATAL] Updater:308 - Updater called before beeing initialized
2023-12-08 09:46:45,683 [WARN] DetailPanel:346 - Failed to get advertising image, set to default
2023-12-08 09:46:45,884 [FATAL] Updater:308 - Updater called before beeing initialized
2023-12-08 09:46:45,887 [FATAL] Updater:308 - Updater called before beeing initialized
2023-12-08 09:46:45,887 [FATAL] Updater:308 - Updater called before beeing initialized
2023-12-08 09:46:45,888 [WARN] DetailPanel:346 - Failed to get advertising image, set to default
2023-12-08 09:46:45,889 [FATAL] Updater:308 - Updater called before beeing initialized
2023-12-08 09:46:45,972 [ERROR] Updater:1120 - MainUpdater not yet initialized. External WinMGr cannot be set.
2023-12-08 09:46:45,983 [INFO] Updater:1056 - Updater Version found : 6.9.1
2023-12-08 09:46:46,009 [INFO] ApplicationProperties:184 - Using Application install path: C:\ST\STM32CubeIDE_1.13.1\STM32CubeIDE\plugins\com.st.stm32cube.common.mx_6.9.1.202307191849
2023-12-08 09:46:46,681 [INFO] MainUpdater:2868 - connection check result : 10
2023-12-08 09:46:46,681 [INFO] MainUpdater:285 - Updater Check For Update Now.
2023-12-08 09:46:46,682 [INFO] MicroXplorer:498 - Change Database Version : DB.6.0.91
2023-12-08 09:46:46,701 [INFO] McuFinderGlobals:63 - Set McuFinder mode to 2 (CubeIDE integrated)
2023-12-08 09:46:46,902 [WARN] MainUpdater:1189 - Updater busy. Cannot search thirdparties
2023-12-08 09:46:46,903 [INFO] ThirdPartyUpdaterWithRetryManager:96 - Updater plugin is busy. [1/15]
2023-12-08 09:46:46,937 [INFO] CheckServerUpdateThread:120 - End of CheckServer Thread
2023-12-08 09:46:50,350 [WARN] PackLoader:240 - Cannot read IP mode file for STMicroelectronics.X-CUBE-SMBUS.2.1.0
2023-12-08 09:46:50,535 [WARN] PackLoader:240 - Cannot read IP mode file for STMicroelectronics.X-CUBE-AZRTOS-F7.1.1.0
2023-12-08 09:46:50,590 [WARN] PackLoader:240 - Cannot read IP mode file for STMicroelectronics.FP-SNS-MOTENV1.4.3.2
2023-12-08 09:46:50,626 [WARN] PackLoader:240 - Cannot read IP mode file for STMicroelectronics.FP-SNS-FLIGHT1.5.0.2
2023-12-08 09:46:50,704 [WARN] PackLoader:240 - Cannot read IP mode file for STMicroelectronics.X-CUBE-DISPLAY.3.0.0
2023-12-08 09:46:50,734 [WARN] PackLoader:240 - Cannot read IP mode file for STMicroelectronics.X-CUBE-BLE1.7.0.0
2023-12-08 09:46:50,745 [WARN] PackLoader:240 - Cannot read IP mode file for emotas.I-CUBE-CANOPEN.1.3.0
2023-12-08 09:46:50,756 [WARN] PackLoader:240 - Cannot read IP mode file for STMicroelectronics.X-CUBE-TOUCHGFX.4.22.0
2023-12-08 09:46:50,763 [WARN] PackLoader:240 - Cannot read IP mode file for STMicroelectronics.X-CUBE-TOUCHGFX.4.22.1
2023-12-08 09:46:50,779 [WARN] PackLoader:240 - Cannot read IP mode file for STMicroelectronics.FP-SNS-SMARTAG2.1.2.0
2023-12-08 09:46:50,845 [INFO] LogOutputStream:77 - [STDOUT_REDIRECT] 1 : Invalid condition id : UX_CORESTACK_Condition cause : null
2023-12-08 09:46:50,845 [INFO] LogOutputStream:77 - [STDOUT_REDIRECT] 1 : Invalid condition id : UX_CORESTACK_Condition cause : null
2023-12-08 09:46:50,847 [INFO] LogOutputStream:77 - [STDOUT_REDIRECT] 1 : Invalid condition id : UX_CORESTACK_Condition cause : null
2023-12-08 09:46:50,850 [INFO] LogOutputStream:77 - [STDOUT_REDIRECT] 1 : Invalid condition id : UX_CORESTACK_Condition cause : null
2023-12-08 09:46:50,852 [INFO] LogOutputStream:77 - [STDOUT_REDIRECT] 1 : Invalid condition id : UX_CORESTACK_Condition cause : null
2023-12-08 09:46:50,858 [WARN] PackLoader:240 - Cannot read IP mode file for STMicroelectronics.X-CUBE-AZRTOS-WL.2.0.0
2023-12-08 09:46:50,886 [WARN] PackLoader:240 - Cannot read IP mode file for WES.I-CUBE-Cesium.1.3.0
2023-12-08 09:46:50,927 [WARN] PackLoader:240 - Cannot read IP mode file for STMicroelectronics.X-CUBE-BLE2.3.3.0
2023-12-08 09:46:50,936 [WARN] PackLoader:240 - Cannot read IP mode file for STMicroelectronics.X-CUBE-ALGOBUILD.1.3.0
2023-12-08 09:46:50,981 [WARN] PackLoader:240 - Cannot read IP mode file for STMicroelectronics.X-CUBE-AZRTOS-G0.1.1.0
2023-12-08 09:46:51,004 [WARN] PackLoader:240 - Cannot read IP mode file for STMicroelectronics.X-CUBE-NFC4.3.0.0
2023-12-08 09:46:51,073 [WARN] PackLoader:240 - Cannot read IP mode file for STMicroelectronics.X-CUBE-BLEMGR.3.0.0
2023-12-08 09:46:51,094 [WARN] PackLoader:240 - Cannot read IP mode file for STMicroelectronics.FP-ATR-SIGFOX1.3.2.0
2023-12-08 09:46:51,208 [WARN] PackLoader:240 - Cannot read IP mode file for SEGGER.I-CUBE-embOS.1.3.1
2023-12-08 09:46:51,298 [WARN] PackLoader:240 - Cannot read IP mode file for STMicroelectronics.X-CUBE-GNSS1.6.0.0
2023-12-08 09:46:51,340 [WARN] PackLoader:240 - Cannot read IP mode file for STMicroelectronics.X-CUBE-AZRTOS-F4.1.1.0
2023-12-08 09:46:51,364 [WARN] PackLoader:240 - Cannot read IP mode file for wolfSSL.I-CUBE-wolfSSL.5.6.3
2023-12-08 09:46:51,414 [WARN] PackLoader:240 - Cannot read IP mode file for STMicroelectronics.X-CUBE-AZRTOS-L5.2.0.0
2023-12-08 09:46:51,508 [WARN] PackLoader:240 - Cannot read IP mode file for STMicroelectronics.X-CUBE-MEMS1.9.6.0
2023-12-08 09:46:51,769 [WARN] PackLoader:240 - Cannot read IP mode file for STMicroelectronics.X-CUBE-EEPRMA1.4.2.0
2023-12-08 09:46:51,786 [WARN] PackLoader:240 - Cannot read IP mode file for ITTIA_DB.I-CUBE-ITTIADB.8.8.0
2023-12-08 09:46:51,804 [WARN] PackLoader:240 - Cannot read IP mode file for STMicroelectronics.X-CUBE-BLEMGR.2.0.0
2023-12-08 09:46:51,844 [WARN] ConditionMgr:438 - getConditionDescription Invalid condition id : UX DEVICE CLASS RTOS Condition cause : null
2023-12-08 09:46:51,844 [WARN] ConditionMgr:438 - getConditionDescription Invalid condition id : UX DEVICE CLASS RTOS Condition cause : null
2023-12-08 09:46:51,848 [WARN] PackLoader:240 - Cannot read IP mode file for STMicroelectronics.X-CUBE-AZRTOS-H7.3.1.0
2023-12-08 09:46:51,849 [WARN] ConditionMgr:1039 - genDependencies : Invalid condition id : UX DEVICE CLASS RTOS Condition cause : null
2023-12-08 09:46:51,850 [WARN] ConditionMgr:1039 - genDependencies : Invalid condition id : UX DEVICE CLASS RTOS Condition cause : null
2023-12-08 09:46:51,850 [WARN] ConditionMgr:1039 - genDependencies : Invalid condition id : UX DEVICE CLASS RTOS Condition cause : null
2023-12-08 09:46:51,851 [WARN] ConditionMgr:1039 - genDependencies : Invalid condition id : UX DEVICE CLASS RTOS Condition cause : null
2023-12-08 09:46:51,851 [WARN] ConditionMgr:1039 - genDependencies : Invalid condition id : UX DEVICE CLASS RTOS Condition cause : null
2023-12-08 09:46:51,864 [WARN] PackLoader:240 - Cannot read IP mode file for STMicroelectronics.X-CUBE-NFC7.1.0.1
2023-12-08 09:46:51,885 [WARN] PackLoader:240 - Cannot read IP mode file for STMicroelectronics.X-CUBE-NFC6.3.0.0
2023-12-08 09:46:51,901 [WARN] PackLoader:240 - Cannot read IP mode file for STMicroelectronics.X-CUBE-EEPRMA1.4.1.0
2023-12-08 09:46:51,921 [WARN] PackLoader:240 - Cannot read IP mode file for STMicroelectronics.X-CUBE-AI.8.1.0
2023-12-08 09:46:51,971 [WARN] ConditionMgr:438 - getConditionDescription Invalid condition id : LAN8742 Phy interface Condition cause : null
2023-12-08 09:46:51,972 [WARN] PackLoader:240 - Cannot read IP mode file for STMicroelectronics.X-CUBE-AZRTOS-L4.2.0.0
2023-12-08 09:46:51,973 [WARN] ConditionMgr:1039 - genDependencies : Invalid condition id : LAN8742 Phy interface Condition cause : null
2023-12-08 09:46:51,974 [WARN] ConditionMgr:1039 - genDependencies : Invalid condition id : LAN8742 Phy interface Condition cause : null
2023-12-08 09:46:51,975 [WARN] ConditionMgr:1039 - genDependencies : Invalid condition id : LAN8742 Phy interface Condition cause : null
2023-12-08 09:46:52,064 [WARN] PackLoader:240 - Cannot read IP mode file for STMicroelectronics.X-CUBE-SFXS2LP1.4.0.0
2023-12-08 09:46:52,084 [WARN] PackLoader:240 - Cannot read IP mode file for STMicroelectronics.X-CUBE-ISPU.1.1.0
2023-12-08 09:46:52,116 [WARN] ConditionMgr:438 - getConditionDescription Invalid condition id : UX DEVICE CLASS RTOS Condition cause : null
2023-12-08 09:46:52,116 [WARN] ConditionMgr:438 - getConditionDescription Invalid condition id : UX DEVICE CLASS RTOS Condition cause : null
2023-12-08 09:46:52,119 [WARN] PackLoader:240 - Cannot read IP mode file for STMicroelectronics.X-CUBE-AZRTOS-WB.2.0.0
2023-12-08 09:46:52,119 [WARN] ConditionMgr:1039 - genDependencies : Invalid condition id : UX DEVICE CLASS RTOS Condition cause : null
2023-12-08 09:46:52,119 [WARN] ConditionMgr:1039 - genDependencies : Invalid condition id : UX DEVICE CLASS RTOS Condition cause : null
2023-12-08 09:46:52,120 [WARN] ConditionMgr:1039 - genDependencies : Invalid condition id : UX DEVICE CLASS RTOS Condition cause : null
2023-12-08 09:46:52,120 [WARN] ConditionMgr:1039 - genDependencies : Invalid condition id : UX DEVICE CLASS RTOS Condition cause : null
2023-12-08 09:46:52,120 [WARN] ConditionMgr:1039 - genDependencies : Invalid condition id : UX DEVICE CLASS RTOS Condition cause : null
2023-12-08 09:46:52,140 [WARN] PackLoader:240 - Cannot read IP mode file for STMicroelectronics.X-CUBE-SUBG2.5.0.0
2023-12-08 09:46:52,193 [WARN] PackLoader:240 - Cannot read IP mode file for STMicroelectronics.X-CUBE-TOF1.3.3.1
2023-12-08 09:46:52,248 [WARN] PackLoader:240 - Cannot read IP mode file for STMicroelectronics.X-CUBE-AZRTOS-G4.2.0.0
2023-12-08 09:46:52,272 [WARN] PackLoader:240 - Cannot read IP mode file for Infineon.AIROC-Wi-Fi-Bluetooth-STM32.1.5.1
2023-12-08 09:46:52,291 [WARN] PackLoader:240 - Cannot read IP mode file for STMicroelectronics.FP-SNS-MOTENVWB1.1.3.0
2023-12-08 09:46:52,302 [WARN] PackLoader:240 - Cannot read IP mode file for STMicroelectronics.FP-SNS-MOTENVWB1.1.3.1
2023-12-08 09:46:52,318 [WARN] PackLoader:240 - Cannot read IP mode file for STMicroelectronics.X-CUBE-ISPU.2.0.0
2023-12-08 09:46:52,386 [WARN] PackLoader:240 - Cannot read IP mode file for STMicroelectronics.X-CUBE-MEMS1.10.0.0
2023-12-08 09:46:52,724 [WARN] PackLoader:240 - Cannot read IP mode file for STMicroelectronics.X-CUBE-FREERTOS.1.1.0
2023-12-08 09:46:52,772 [WARN] PackLoader:240 - Cannot read IP mode file for portGmbH.I-Cube-SoM-uGOAL.1.1.0
2023-12-08 09:46:52,791 [WARN] PackLoader:240 - Cannot read IP mode file for STMicroelectronics.X-CUBE-ALS.1.0.1
2023-12-08 09:46:52,806 [WARN] PackLoader:240 - Cannot read IP mode file for STMicroelectronics.FP-ATR-ASTRA1.2.0.0
2023-12-08 09:46:52,833 [WARN] PackLoader:240 - Cannot read IP mode file for STMicroelectronics.X-CUBE-TOF1.3.4.0
2023-12-08 09:46:52,888 [WARN] PackLoader:240 - Cannot read IP mode file for STMicroelectronics.X-CUBE-AZRTOS-H7.3.2.0
2023-12-08 09:46:52,892 [INFO] ThirdParty:978 - Integrity check success = true
2023-12-08 09:46:52,893 [INFO] IntegrityCheckThread:100 - exiting critical section [integrity check]
2023-12-08 09:46:52,893 [INFO] IntegrityCheckThread:103 - End integrity checks thread
2023-12-08 09:47:08,726 [ERROR] LogOutputStream:75 - [STDERR_REDIRECT] SLF4J: Failed to load class "org.slf4j.impl.StaticLoggerBinder".
2023-12-08 09:47:08,726 [ERROR] LogOutputStream:75 - [STDERR_REDIRECT] SLF4J: Defaulting to no-operation (NOP) logger implementation
2023-12-08 09:47:08,728 [ERROR] LogOutputStream:75 - [STDERR_REDIRECT] SLF4J: See http://www.slf4j.org/codes.html#StaticLoggerBinder for further details.
