2023-12-15 22:25:48,263 [INFO] Activator:176 - 


2023-12-15 22:25:48,266 [INFO] Activator:177 - !SESSION log4j initialized
2023-12-15 22:25:52,380 [INFO] LogOutputStream:77 - [STDOUT_REDIRECT] 
2023-12-15 22:25:58,492 [INFO] ApplicationProperties:184 - Using Application install path: C:\ST\STM32CubeIDE_1.13.1\STM32CubeIDE\plugins\com.st.stm32cube.common.mx_6.9.1.202307191849
2023-12-15 22:25:58,505 [INFO] DbMcusXml:78 - Set database path to: C:\ST\STM32CubeIDE_1.13.1\STM32CubeIDE\plugins\com.st.stm32cube.common.mx_6.9.1.202307191849\\db\/mcu/
2023-12-15 22:25:58,506 [INFO] ApiDb:274 - Set plugin database path to: C:\ST\STM32CubeIDE_1.13.1\STM32CubeIDE\plugins\com.st.stm32cube.common.mx_6.9.1.202307191849\\db\/plugins/boardmanager/
2023-12-15 22:25:58,506 [WARN] ApiDb:259 - Overriding images path with different value:  => C:\ST\STM32CubeIDE_1.13.1\STM32CubeIDE\plugins\com.st.stm32cube.common.mx_6.9.1.202307191849\\db\/plugins/mcufinder/images/
2023-12-15 22:25:58,519 [INFO] ApiDb:250 - Set database path to: C:\Users\acer\.stmcufinder\plugins\mcufinder//mcu/
2023-12-15 22:25:58,520 [INFO] DbMcusAds:125 - Set database path to: C:\Users\acer\.stmcufinder\plugins\mcufinder//mcu/
2023-12-15 22:25:58,522 [INFO] CrossReferenceDbSqlite:203 - Set database path to: C:\Users\acer\.stmcufinder\plugins\mcufinder//mcu/cs/
2023-12-15 22:25:58,613 [INFO] RulesReader:64 - Compatibility file has been processed (293 Rules)
2023-12-15 22:25:58,686 [INFO] DbMcusXml:78 - Set database path to: C:\ST\STM32CubeIDE_1.13.1\STM32CubeIDE\plugins\com.st.stm32cube.common.mx_6.9.1.202307191849\\db\/mcu/
2023-12-15 22:25:58,686 [INFO] ApiDb:274 - Set plugin database path to: C:\ST\STM32CubeIDE_1.13.1\STM32CubeIDE\plugins\com.st.stm32cube.common.mx_6.9.1.202307191849\\db\/plugins/boardmanager/
2023-12-15 22:25:58,686 [INFO] ApiDb:261 - Set plugin images path to: C:\ST\STM32CubeIDE_1.13.1\STM32CubeIDE\plugins\com.st.stm32cube.common.mx_6.9.1.202307191849\\db\/plugins/mcufinder/images/
2023-12-15 22:25:58,686 [WARN] DbFile:41 - Overriding database path with different value: C:\Users\acer\.stmcufinder\plugins\mcufinder/ => C:\Users\acer\.stmcufinder\plugins\mcufinder
2023-12-15 22:25:58,686 [INFO] ApiDb:250 - Set database path to: C:\Users\acer\.stmcufinder\plugins\mcufinder//mcu/
2023-12-15 22:25:58,686 [WARN] DbFile:41 - Overriding database path with different value: C:\Users\acer\.stmcufinder\plugins\mcufinder/ => C:\Users\acer\.stmcufinder\plugins\mcufinder
2023-12-15 22:25:58,686 [INFO] DbMcusAds:125 - Set database path to: C:\Users\acer\.stmcufinder\plugins\mcufinder//mcu/
2023-12-15 22:25:58,686 [WARN] DbFile:41 - Overriding database path with different value: C:\Users\acer\.stmcufinder\plugins\mcufinder/ => C:\Users\acer\.stmcufinder\plugins\mcufinder
2023-12-15 22:25:58,686 [WARN] DbFile:41 - Overriding database path with different value: C:\Users\acer\.stmcufinder\plugins\mcufinder/ => C:\Users\acer\.stmcufinder\plugins\mcufinder
2023-12-15 22:25:58,687 [INFO] CrossReferenceDbSqlite:203 - Set database path to: C:\Users\acer\.stmcufinder\plugins\mcufinder//mcu/cs/
2023-12-15 22:25:58,749 [INFO] MainPanel:262 - HeapMemory: 268435456
2023-12-15 22:25:58,825 [INFO] DbMcusXml:78 - Set database path to: C:\ST\STM32CubeIDE_1.13.1\STM32CubeIDE\plugins\com.st.stm32cube.common.mx_6.9.1.202307191849\\db\/mcu/
2023-12-15 22:25:58,825 [INFO] ApiDb:274 - Set plugin database path to: C:\ST\STM32CubeIDE_1.13.1\STM32CubeIDE\plugins\com.st.stm32cube.common.mx_6.9.1.202307191849\\db\/plugins/boardmanager/
2023-12-15 22:25:58,825 [INFO] ApiDb:261 - Set plugin images path to: C:\ST\STM32CubeIDE_1.13.1\STM32CubeIDE\plugins\com.st.stm32cube.common.mx_6.9.1.202307191849\\db\/plugins/mcufinder/images/
2023-12-15 22:25:58,826 [WARN] DbFile:41 - Overriding database path with different value: C:\Users\acer\.stmcufinder\plugins\mcufinder/ => C:\Users\acer\.stmcufinder\plugins\mcufinder
2023-12-15 22:25:58,826 [INFO] ApiDb:250 - Set database path to: C:\Users\acer\.stmcufinder\plugins\mcufinder//mcu/
2023-12-15 22:25:58,826 [WARN] DbFile:41 - Overriding database path with different value: C:\Users\acer\.stmcufinder\plugins\mcufinder/ => C:\Users\acer\.stmcufinder\plugins\mcufinder
2023-12-15 22:25:58,826 [INFO] DbMcusAds:125 - Set database path to: C:\Users\acer\.stmcufinder\plugins\mcufinder//mcu/
2023-12-15 22:25:58,826 [WARN] DbFile:41 - Overriding database path with different value: C:\Users\acer\.stmcufinder\plugins\mcufinder/ => C:\Users\acer\.stmcufinder\plugins\mcufinder
2023-12-15 22:25:58,826 [WARN] DbFile:41 - Overriding database path with different value: C:\Users\acer\.stmcufinder\plugins\mcufinder/ => C:\Users\acer\.stmcufinder\plugins\mcufinder
2023-12-15 22:25:58,826 [INFO] CrossReferenceDbSqlite:203 - Set database path to: C:\Users\acer\.stmcufinder\plugins\mcufinder//mcu/cs/
2023-12-15 22:25:58,841 [INFO] ApplicationProperties:184 - Using Application install path: C:\ST\STM32CubeIDE_1.13.1\STM32CubeIDE\plugins\com.st.stm32cube.common.mx_6.9.1.202307191849
2023-12-15 22:25:58,842 [INFO] PluginManage:196 - Search for loadable plugins [exclusion list=, ]
2023-12-15 22:25:58,844 [INFO] PluginManage:310 - Check plugin analytics
2023-12-15 22:26:03,924 [INFO] AnalyticsPlugin:253 - Accepted Software Licenses: STM32CubeMX.6.9.1
2023-12-15 22:26:03,924 [INFO] AnalyticsPlugin:255 - Accepted CMSIS Pack Licenses: 
2023-12-15 22:26:03,924 [INFO] AnalyticsPlugin:257 - Accepted Firmware Licenses: FW.F4.1.27.0
2023-12-15 22:26:03,927 [INFO] PluginManage:359 - Loaded plugin analytics (category:tool,tabindex:-1)
2023-12-15 22:26:03,927 [INFO] PluginManage:310 - Check plugin cadmodel
2023-12-15 22:26:03,937 [INFO] CADModel:105 - Init CAD model plugin
2023-12-15 22:26:03,938 [INFO] PluginManage:359 - Loaded plugin cadmodel (category:power,tabindex:5)
2023-12-15 22:26:03,938 [INFO] PluginManage:310 - Check plugin clock
2023-12-15 22:26:03,952 [INFO] PluginManage:359 - Loaded plugin clock (category:base,tabindex:2)
2023-12-15 22:26:03,952 [INFO] PluginManage:310 - Check plugin ddr
2023-12-15 22:26:03,954 [INFO] PluginManage:359 - Loaded plugin ddr (category:tool,tabindex:6)
2023-12-15 22:26:03,954 [INFO] PluginManage:310 - Check plugin filemanager
2023-12-15 22:26:04,062 [INFO] PluginManage:359 - Loaded plugin filemanager (category:base,tabindex:10)
2023-12-15 22:26:04,062 [INFO] PluginManage:310 - Check plugin ipmanager
2023-12-15 22:26:04,068 [INFO] PluginManage:359 - Loaded plugin ipmanager (category:base,tabindex:5)
2023-12-15 22:26:04,068 [INFO] PluginManage:310 - Check plugin lpbam
2023-12-15 22:26:04,084 [INFO] PluginManage:359 - Loaded plugin lpbam (category:base,tabindex:0)
2023-12-15 22:26:04,084 [INFO] PluginManage:310 - Check plugin memorymap
2023-12-15 22:26:04,100 [INFO] PluginManage:359 - Loaded plugin memorymap (category:base,tabindex:4)
2023-12-15 22:26:04,100 [INFO] PluginManage:310 - Check plugin pinoutandconfiguration
2023-12-15 22:26:04,112 [INFO] PluginManage:359 - Loaded plugin pinoutandconfiguration (category:base,tabindex:1)
2023-12-15 22:26:04,114 [INFO] PluginManage:310 - Check plugin pinoutconfig
2023-12-15 22:26:04,183 [WARN] SupportedApi:132 - Cannot load RTOS API schema: s4s-elt-must-match.1: The content of 'definitions' must match (annotation?, (simpleType | complexType)?, (unique | key | keyref)*)). A problem was found starting at: attribute.
2023-12-15 22:26:04,281 [INFO] PluginManage:359 - Loaded plugin pinoutconfig (category:base,tabindex:0)
2023-12-15 22:26:04,281 [INFO] PluginManage:310 - Check plugin power
2023-12-15 22:26:04,297 [INFO] PluginManage:359 - Loaded plugin power (category:power,tabindex:4)
2023-12-15 22:26:04,297 [INFO] PluginManage:310 - Check plugin projectmanager
2023-12-15 22:26:04,310 [INFO] PluginManage:359 - Loaded plugin projectmanager (category:projectmanager,tabindex:3)
2023-12-15 22:26:04,310 [INFO] PluginManage:310 - Check plugin thirdparty
2023-12-15 22:26:04,499 [INFO] PluginManage:359 - Loaded plugin thirdparty (category:base,tabindex:-1)
2023-12-15 22:26:04,499 [WARN] IntegrityCheckThread:84 - waiting for thirdparty lock release [integrity check]
2023-12-15 22:26:04,500 [INFO] PluginManage:310 - Check plugin tools
2023-12-15 22:26:04,500 [INFO] IntegrityCheckThread:86 - entering critical section [integrity check]
2023-12-15 22:26:04,500 [INFO] ThirdPartyUpdaterWithRetryManager:70 - Updater plugin not ready yet. [1/15]
2023-12-15 22:26:04,521 [INFO] PluginManage:359 - Loaded plugin tools (category:base,tabindex:7)
2023-12-15 22:26:04,523 [INFO] PluginManage:310 - Check plugin tutovideos
2023-12-15 22:26:04,661 [INFO] PluginManage:359 - Loaded plugin tutovideos (category:base,tabindex:-1)
2023-12-15 22:26:04,661 [INFO] PluginManage:310 - Check plugin updater
2023-12-15 22:26:04,669 [INFO] PluginManage:359 - Loaded plugin updater (category:base,tabindex:12)
2023-12-15 22:26:04,669 [INFO] PluginManage:310 - Check plugin userauth
2023-12-15 22:26:04,674 [INFO] UserAuth:113 - Init User Auth plugin
2023-12-15 22:26:04,674 [INFO] PluginManage:359 - Loaded plugin userauth (category:base,tabindex:14)
2023-12-15 22:26:04,674 [INFO] PluginManage:283 - PluginManage : Loaded plugins [17]
2023-12-15 22:26:04,837 [INFO] PinOutPanel:1499 - setPackage(No Configuration,No Configuration)
2023-12-15 22:26:04,916 [INFO] CADModel:165 - CPN selected for project level
2023-12-15 22:26:04,916 [INFO] CADModel:114 - Register for checkConnection events
2023-12-15 22:26:04,938 [INFO] IPUIPlugin:80 - create IPUIPlugin
2023-12-15 22:26:04,938 [INFO] PluginManager:220 - loadIPPluginJar : add adc
2023-12-15 22:26:04,959 [INFO] IPUIPlugin:80 - create IPUIPlugin
2023-12-15 22:26:04,959 [INFO] PluginManager:220 - loadIPPluginJar : add aes
2023-12-15 22:26:04,986 [INFO] IPUIPlugin:80 - create IPUIPlugin
2023-12-15 22:26:04,986 [INFO] PluginManager:220 - loadIPPluginJar : add can
2023-12-15 22:26:05,000 [INFO] IPUIPlugin:80 - create IPUIPlugin
2023-12-15 22:26:05,000 [INFO] PluginManager:220 - loadIPPluginJar : add comp
2023-12-15 22:26:05,022 [INFO] IPUIPlugin:80 - create IPUIPlugin
2023-12-15 22:26:05,022 [INFO] PluginManager:220 - loadIPPluginJar : add cryp
2023-12-15 22:26:05,041 [INFO] IPUIPlugin:80 - create IPUIPlugin
2023-12-15 22:26:05,041 [INFO] PluginManager:220 - loadIPPluginJar : add dfsdm
2023-12-15 22:26:05,052 [INFO] IPUIPlugin:80 - create IPUIPlugin
2023-12-15 22:26:05,053 [INFO] PluginManager:220 - loadIPPluginJar : add dma
2023-12-15 22:26:05,078 [INFO] IPUIPlugin:80 - create IPUIPlugin
2023-12-15 22:26:05,078 [INFO] PluginManager:220 - loadIPPluginJar : add dma3
2023-12-15 22:26:05,092 [INFO] IPUIPlugin:80 - create IPUIPlugin
2023-12-15 22:26:05,092 [INFO] PluginManager:220 - loadIPPluginJar : add fatfs
2023-12-15 22:26:05,120 [INFO] IPUIPlugin:80 - create IPUIPlugin
2023-12-15 22:26:05,121 [INFO] PluginManager:220 - loadIPPluginJar : add fmc
2023-12-15 22:26:05,136 [INFO] IPUIPlugin:80 - create IPUIPlugin
2023-12-15 22:26:05,136 [INFO] PluginManager:220 - loadIPPluginJar : add freertos
2023-12-15 22:26:05,149 [INFO] IPUIPlugin:80 - create IPUIPlugin
2023-12-15 22:26:05,150 [INFO] PluginManager:220 - loadIPPluginJar : add genericplugin
2023-12-15 22:26:05,205 [INFO] IPUIPlugin:80 - create IPUIPlugin
2023-12-15 22:26:05,205 [INFO] PluginManager:220 - loadIPPluginJar : add gfxmmu
2023-12-15 22:26:05,280 [INFO] IPUIPlugin:80 - create IPUIPlugin
2023-12-15 22:26:05,281 [INFO] PluginManager:220 - loadIPPluginJar : add gic
2023-12-15 22:26:05,293 [INFO] IPUIPlugin:80 - create IPUIPlugin
2023-12-15 22:26:05,293 [INFO] PluginManager:220 - loadIPPluginJar : add gpio
2023-12-15 22:26:05,347 [INFO] IPUIPlugin:80 - create IPUIPlugin
2023-12-15 22:26:05,347 [INFO] PluginManager:220 - loadIPPluginJar : add gtzc
2023-12-15 22:26:05,366 [INFO] IPUIPlugin:80 - create IPUIPlugin
2023-12-15 22:26:05,366 [INFO] PluginManager:220 - loadIPPluginJar : add hash
2023-12-15 22:26:05,398 [INFO] IPUIPlugin:80 - create IPUIPlugin
2023-12-15 22:26:05,398 [INFO] PluginManager:220 - loadIPPluginJar : add i2c
2023-12-15 22:26:05,428 [INFO] IPUIPlugin:80 - create IPUIPlugin
2023-12-15 22:26:05,428 [INFO] PluginManager:220 - loadIPPluginJar : add i2s
2023-12-15 22:26:05,454 [INFO] IPUIPlugin:80 - create IPUIPlugin
2023-12-15 22:26:05,454 [INFO] PluginManager:220 - loadIPPluginJar : add i3c
2023-12-15 22:26:05,517 [INFO] IPUIPlugin:80 - create IPUIPlugin
2023-12-15 22:26:05,517 [INFO] PluginManager:220 - loadIPPluginJar : add ipddr
2023-12-15 22:26:05,576 [INFO] IPUIPlugin:80 - create IPUIPlugin
2023-12-15 22:26:05,576 [INFO] PluginManager:220 - loadIPPluginJar : add linkedlist
2023-12-15 22:26:05,597 [INFO] IPUIPlugin:80 - create IPUIPlugin
2023-12-15 22:26:05,598 [INFO] PluginManager:220 - loadIPPluginJar : add lorawan
2023-12-15 22:26:05,624 [INFO] IPUIPlugin:80 - create IPUIPlugin
2023-12-15 22:26:05,624 [INFO] PluginManager:220 - loadIPPluginJar : add ltdc
2023-12-15 22:26:05,636 [INFO] IPUIPlugin:80 - create IPUIPlugin
2023-12-15 22:26:05,637 [INFO] PluginManager:220 - loadIPPluginJar : add mdma
2023-12-15 22:26:05,651 [INFO] IPUIPlugin:80 - create IPUIPlugin
2023-12-15 22:26:05,651 [INFO] PluginManager:220 - loadIPPluginJar : add nvic
2023-12-15 22:26:05,676 [INFO] IPUIPlugin:80 - create IPUIPlugin
2023-12-15 22:26:05,676 [INFO] PluginManager:220 - loadIPPluginJar : add opamp
2023-12-15 22:26:05,719 [INFO] IPUIPlugin:80 - create IPUIPlugin
2023-12-15 22:26:05,719 [INFO] PluginManager:220 - loadIPPluginJar : add openamp
2023-12-15 22:26:05,745 [INFO] IPUIPlugin:80 - create IPUIPlugin
2023-12-15 22:26:05,745 [INFO] PluginManager:220 - loadIPPluginJar : add pdm2pcm
2023-12-15 22:26:05,755 [INFO] IPUIPlugin:80 - create IPUIPlugin
2023-12-15 22:26:05,757 [INFO] PluginManager:220 - loadIPPluginJar : add plateformsettings
2023-12-15 22:26:05,776 [INFO] IPUIPlugin:80 - create IPUIPlugin
2023-12-15 22:26:05,776 [INFO] PluginManager:220 - loadIPPluginJar : add quadspi
2023-12-15 22:26:05,786 [INFO] IPUIPlugin:80 - create IPUIPlugin
2023-12-15 22:26:05,787 [INFO] PluginManager:220 - loadIPPluginJar : add resmgrutility
2023-12-15 22:26:05,815 [INFO] IPUIPlugin:80 - create IPUIPlugin
2023-12-15 22:26:05,815 [INFO] PluginManager:220 - loadIPPluginJar : add sai
2023-12-15 22:26:05,837 [INFO] IPUIPlugin:80 - create IPUIPlugin
2023-12-15 22:26:05,837 [INFO] PluginManager:220 - loadIPPluginJar : add spi
2023-12-15 22:26:05,878 [INFO] IPUIPlugin:80 - create IPUIPlugin
2023-12-15 22:26:05,878 [INFO] PluginManager:220 - loadIPPluginJar : add stm32_wpan
2023-12-15 22:26:05,897 [INFO] IPUIPlugin:80 - create IPUIPlugin
2023-12-15 22:26:05,897 [INFO] PluginManager:220 - loadIPPluginJar : add tim
2023-12-15 22:26:05,938 [INFO] IPUIPlugin:80 - create IPUIPlugin
2023-12-15 22:26:05,938 [INFO] PluginManager:220 - loadIPPluginJar : add touchsensing
2023-12-15 22:26:05,953 [INFO] IPUIPlugin:80 - create IPUIPlugin
2023-12-15 22:26:05,953 [INFO] PluginManager:220 - loadIPPluginJar : add tracer_emb
2023-12-15 22:26:05,967 [INFO] IPUIPlugin:80 - create IPUIPlugin
2023-12-15 22:26:05,967 [INFO] PluginManager:220 - loadIPPluginJar : add ts
2023-12-15 22:26:05,981 [INFO] IPUIPlugin:80 - create IPUIPlugin
2023-12-15 22:26:05,981 [INFO] PluginManager:220 - loadIPPluginJar : add tsc
2023-12-15 22:26:05,994 [INFO] IPUIPlugin:80 - create IPUIPlugin
2023-12-15 22:26:05,994 [INFO] PluginManager:220 - loadIPPluginJar : add ucpd
2023-12-15 22:26:06,020 [INFO] IPUIPlugin:80 - create IPUIPlugin
2023-12-15 22:26:06,021 [INFO] PluginManager:220 - loadIPPluginJar : add usart
2023-12-15 22:26:06,045 [INFO] IPUIPlugin:80 - create IPUIPlugin
2023-12-15 22:26:06,046 [INFO] PluginManager:220 - loadIPPluginJar : add usbx
2023-12-15 22:26:06,153 [INFO] CADModel:165 - CPN selected for project level
2023-12-15 22:26:06,153 [INFO] CADModel:114 - Register for checkConnection events
2023-12-15 22:26:06,153 [FATAL] Updater:308 - Updater called before beeing initialized
2023-12-15 22:26:06,153 [ERROR] CADModel:125 - Updater not yet initialized, retry later 
2023-12-15 22:26:06,262 [INFO] CADModel:165 - CPN selected for project level
2023-12-15 22:26:06,262 [INFO] CADModel:114 - Register for checkConnection events
2023-12-15 22:26:06,262 [FATAL] Updater:308 - Updater called before beeing initialized
2023-12-15 22:26:06,262 [ERROR] CADModel:125 - Updater not yet initialized, retry later 
2023-12-15 22:26:06,266 [FATAL] Updater:308 - Updater called before beeing initialized
2023-12-15 22:26:06,340 [FATAL] Updater:308 - Updater called before beeing initialized
2023-12-15 22:26:06,351 [INFO] DbMcusAds:53 - JSON generation date=Tue Mar 07 15:50:55 ICT 2023 (1678179055335)
2023-12-15 22:26:06,351 [FATAL] Updater:308 - Updater called before beeing initialized
2023-12-15 22:26:06,417 [WARN] DetailPanel:346 - Failed to get advertising image, set to default
2023-12-15 22:26:06,480 [FATAL] Updater:308 - Updater called before beeing initialized
2023-12-15 22:26:06,482 [FATAL] Updater:308 - Updater called before beeing initialized
2023-12-15 22:26:06,482 [FATAL] Updater:308 - Updater called before beeing initialized
2023-12-15 22:26:06,482 [WARN] DetailPanel:346 - Failed to get advertising image, set to default
2023-12-15 22:26:06,483 [FATAL] Updater:308 - Updater called before beeing initialized
2023-12-15 22:26:06,523 [ERROR] Updater:1120 - MainUpdater not yet initialized. External WinMGr cannot be set.
2023-12-15 22:26:06,530 [INFO] Updater:1056 - Updater Version found : 6.9.1
2023-12-15 22:26:06,544 [INFO] ApplicationProperties:184 - Using Application install path: C:\ST\STM32CubeIDE_1.13.1\STM32CubeIDE\plugins\com.st.stm32cube.common.mx_6.9.1.202307191849
2023-12-15 22:26:06,852 [INFO] MainUpdater:2868 - connection check result : 10
2023-12-15 22:26:06,853 [INFO] MainUpdater:285 - Updater Check For Update Now.
2023-12-15 22:26:06,853 [INFO] MicroXplorer:498 - Change Database Version : DB.6.0.91
2023-12-15 22:26:06,874 [INFO] McuFinderGlobals:63 - Set McuFinder mode to 2 (CubeIDE integrated)
2023-12-15 22:26:07,024 [INFO] CheckServerUpdateThread:120 - End of CheckServer Thread
2023-12-15 22:26:07,627 [WARN] PackLoader:240 - Cannot read IP mode file for STMicroelectronics.X-CUBE-SMBUS.2.1.0
2023-12-15 22:26:07,660 [WARN] PackLoader:240 - Cannot read IP mode file for STMicroelectronics.X-CUBE-AZRTOS-F7.1.1.0
2023-12-15 22:26:07,675 [WARN] PackLoader:240 - Cannot read IP mode file for STMicroelectronics.FP-SNS-MOTENV1.4.3.2
2023-12-15 22:26:07,686 [WARN] PackLoader:240 - Cannot read IP mode file for STMicroelectronics.FP-SNS-FLIGHT1.5.0.2
2023-12-15 22:26:07,697 [WARN] PackLoader:240 - Cannot read IP mode file for STMicroelectronics.X-CUBE-DISPLAY.3.0.0
2023-12-15 22:26:07,715 [WARN] PackLoader:240 - Cannot read IP mode file for STMicroelectronics.X-CUBE-BLE1.7.0.0
2023-12-15 22:26:07,724 [WARN] PackLoader:240 - Cannot read IP mode file for emotas.I-CUBE-CANOPEN.1.3.0
2023-12-15 22:26:07,735 [WARN] PackLoader:240 - Cannot read IP mode file for STMicroelectronics.X-CUBE-TOUCHGFX.4.22.0
2023-12-15 22:26:07,742 [WARN] PackLoader:240 - Cannot read IP mode file for STMicroelectronics.X-CUBE-TOUCHGFX.4.22.1
2023-12-15 22:26:07,751 [WARN] PackLoader:240 - Cannot read IP mode file for STMicroelectronics.FP-SNS-SMARTAG2.1.2.0
2023-12-15 22:26:07,765 [INFO] LogOutputStream:77 - [STDOUT_REDIRECT] 1 : Invalid condition id : UX_CORESTACK_Condition cause : null
2023-12-15 22:26:07,765 [INFO] LogOutputStream:77 - [STDOUT_REDIRECT] 1 : Invalid condition id : UX_CORESTACK_Condition cause : null
2023-12-15 22:26:07,766 [INFO] LogOutputStream:77 - [STDOUT_REDIRECT] 1 : Invalid condition id : UX_CORESTACK_Condition cause : null
2023-12-15 22:26:07,766 [INFO] LogOutputStream:77 - [STDOUT_REDIRECT] 1 : Invalid condition id : UX_CORESTACK_Condition cause : null
2023-12-15 22:26:07,768 [INFO] LogOutputStream:77 - [STDOUT_REDIRECT] 1 : Invalid condition id : UX_CORESTACK_Condition cause : null
2023-12-15 22:26:07,770 [WARN] PackLoader:240 - Cannot read IP mode file for STMicroelectronics.X-CUBE-AZRTOS-WL.2.0.0
2023-12-15 22:26:07,781 [WARN] PackLoader:240 - Cannot read IP mode file for WES.I-CUBE-Cesium.1.3.0
2023-12-15 22:26:07,790 [WARN] PackLoader:240 - Cannot read IP mode file for STMicroelectronics.X-CUBE-BLE2.3.3.0
2023-12-15 22:26:07,800 [WARN] PackLoader:240 - Cannot read IP mode file for STMicroelectronics.X-CUBE-ALGOBUILD.1.3.0
2023-12-15 22:26:07,819 [WARN] PackLoader:240 - Cannot read IP mode file for STMicroelectronics.X-CUBE-AZRTOS-G0.1.1.0
2023-12-15 22:26:07,837 [WARN] PackLoader:240 - Cannot read IP mode file for STMicroelectronics.X-CUBE-NFC4.3.0.0
2023-12-15 22:26:07,852 [WARN] PackLoader:240 - Cannot read IP mode file for STMicroelectronics.X-CUBE-BLEMGR.3.0.0
2023-12-15 22:26:07,862 [WARN] PackLoader:240 - Cannot read IP mode file for STMicroelectronics.FP-ATR-SIGFOX1.3.2.0
2023-12-15 22:26:07,893 [WARN] PackLoader:240 - Cannot read IP mode file for SEGGER.I-CUBE-embOS.1.3.1
2023-12-15 22:26:07,924 [WARN] PackLoader:240 - Cannot read IP mode file for STMicroelectronics.X-CUBE-GNSS1.6.0.0
2023-12-15 22:26:07,951 [WARN] PackLoader:240 - Cannot read IP mode file for STMicroelectronics.X-CUBE-AZRTOS-F4.1.1.0
2023-12-15 22:26:07,960 [WARN] PackLoader:240 - Cannot read IP mode file for wolfSSL.I-CUBE-wolfSSL.5.6.3
2023-12-15 22:26:07,979 [WARN] PackLoader:240 - Cannot read IP mode file for STMicroelectronics.X-CUBE-AZRTOS-L5.2.0.0
2023-12-15 22:26:08,007 [WARN] PackLoader:240 - Cannot read IP mode file for STMicroelectronics.X-CUBE-MEMS1.9.6.0
2023-12-15 22:26:08,096 [WARN] PackLoader:240 - Cannot read IP mode file for STMicroelectronics.X-CUBE-EEPRMA1.4.2.0
2023-12-15 22:26:08,107 [WARN] PackLoader:240 - Cannot read IP mode file for ITTIA_DB.I-CUBE-ITTIADB.8.8.0
2023-12-15 22:26:08,122 [WARN] PackLoader:240 - Cannot read IP mode file for STMicroelectronics.X-CUBE-BLEMGR.2.0.0
2023-12-15 22:26:08,167 [WARN] ConditionMgr:438 - getConditionDescription Invalid condition id : UX DEVICE CLASS RTOS Condition cause : null
2023-12-15 22:26:08,167 [WARN] ConditionMgr:438 - getConditionDescription Invalid condition id : UX DEVICE CLASS RTOS Condition cause : null
2023-12-15 22:26:08,175 [WARN] PackLoader:240 - Cannot read IP mode file for STMicroelectronics.X-CUBE-AZRTOS-H7.3.1.0
2023-12-15 22:26:08,175 [WARN] ConditionMgr:1039 - genDependencies : Invalid condition id : UX DEVICE CLASS RTOS Condition cause : null
2023-12-15 22:26:08,175 [WARN] ConditionMgr:1039 - genDependencies : Invalid condition id : UX DEVICE CLASS RTOS Condition cause : null
2023-12-15 22:26:08,175 [WARN] ConditionMgr:1039 - genDependencies : Invalid condition id : UX DEVICE CLASS RTOS Condition cause : null
2023-12-15 22:26:08,175 [WARN] ConditionMgr:1039 - genDependencies : Invalid condition id : UX DEVICE CLASS RTOS Condition cause : null
2023-12-15 22:26:08,175 [WARN] ConditionMgr:1039 - genDependencies : Invalid condition id : UX DEVICE CLASS RTOS Condition cause : null
2023-12-15 22:26:08,185 [WARN] PackLoader:240 - Cannot read IP mode file for STMicroelectronics.X-CUBE-NFC7.1.0.1
2023-12-15 22:26:08,197 [WARN] PackLoader:240 - Cannot read IP mode file for STMicroelectronics.X-CUBE-NFC6.3.0.0
2023-12-15 22:26:08,208 [WARN] PackLoader:240 - Cannot read IP mode file for STMicroelectronics.X-CUBE-EEPRMA1.4.1.0
2023-12-15 22:26:08,218 [WARN] PackLoader:240 - Cannot read IP mode file for STMicroelectronics.X-CUBE-AI.8.1.0
2023-12-15 22:26:08,236 [WARN] ConditionMgr:438 - getConditionDescription Invalid condition id : LAN8742 Phy interface Condition cause : null
2023-12-15 22:26:08,237 [WARN] PackLoader:240 - Cannot read IP mode file for STMicroelectronics.X-CUBE-AZRTOS-L4.2.0.0
2023-12-15 22:26:08,238 [WARN] ConditionMgr:1039 - genDependencies : Invalid condition id : LAN8742 Phy interface Condition cause : null
2023-12-15 22:26:08,238 [WARN] ConditionMgr:1039 - genDependencies : Invalid condition id : LAN8742 Phy interface Condition cause : null
2023-12-15 22:26:08,238 [WARN] ConditionMgr:1039 - genDependencies : Invalid condition id : LAN8742 Phy interface Condition cause : null
2023-12-15 22:26:08,248 [WARN] PackLoader:240 - Cannot read IP mode file for STMicroelectronics.X-CUBE-SFXS2LP1.4.0.0
2023-12-15 22:26:08,258 [WARN] PackLoader:240 - Cannot read IP mode file for STMicroelectronics.X-CUBE-ISPU.1.1.0
2023-12-15 22:26:08,274 [WARN] ConditionMgr:438 - getConditionDescription Invalid condition id : UX DEVICE CLASS RTOS Condition cause : null
2023-12-15 22:26:08,274 [WARN] ConditionMgr:438 - getConditionDescription Invalid condition id : UX DEVICE CLASS RTOS Condition cause : null
2023-12-15 22:26:08,275 [WARN] PackLoader:240 - Cannot read IP mode file for STMicroelectronics.X-CUBE-AZRTOS-WB.2.0.0
2023-12-15 22:26:08,276 [WARN] ConditionMgr:1039 - genDependencies : Invalid condition id : UX DEVICE CLASS RTOS Condition cause : null
2023-12-15 22:26:08,276 [WARN] ConditionMgr:1039 - genDependencies : Invalid condition id : UX DEVICE CLASS RTOS Condition cause : null
2023-12-15 22:26:08,276 [WARN] ConditionMgr:1039 - genDependencies : Invalid condition id : UX DEVICE CLASS RTOS Condition cause : null
2023-12-15 22:26:08,276 [WARN] ConditionMgr:1039 - genDependencies : Invalid condition id : UX DEVICE CLASS RTOS Condition cause : null
2023-12-15 22:26:08,276 [WARN] ConditionMgr:1039 - genDependencies : Invalid condition id : UX DEVICE CLASS RTOS Condition cause : null
2023-12-15 22:26:08,292 [WARN] PackLoader:240 - Cannot read IP mode file for STMicroelectronics.X-CUBE-SUBG2.5.0.0
2023-12-15 22:26:08,308 [WARN] PackLoader:240 - Cannot read IP mode file for STMicroelectronics.X-CUBE-TOF1.3.3.1
2023-12-15 22:26:08,331 [WARN] PackLoader:240 - Cannot read IP mode file for STMicroelectronics.X-CUBE-AZRTOS-G4.2.0.0
2023-12-15 22:26:08,355 [WARN] PackLoader:240 - Cannot read IP mode file for Infineon.AIROC-Wi-Fi-Bluetooth-STM32.1.5.1
2023-12-15 22:26:08,375 [WARN] PackLoader:240 - Cannot read IP mode file for STMicroelectronics.FP-SNS-MOTENVWB1.1.3.0
2023-12-15 22:26:08,386 [WARN] PackLoader:240 - Cannot read IP mode file for STMicroelectronics.FP-SNS-MOTENVWB1.1.3.1
2023-12-15 22:26:08,394 [WARN] PackLoader:240 - Cannot read IP mode file for STMicroelectronics.X-CUBE-ISPU.2.0.0
2023-12-15 22:26:08,420 [WARN] PackLoader:240 - Cannot read IP mode file for STMicroelectronics.X-CUBE-MEMS1.10.0.0
2023-12-15 22:26:08,502 [WARN] PackLoader:240 - Cannot read IP mode file for STMicroelectronics.X-CUBE-FREERTOS.1.1.0
2023-12-15 22:26:08,513 [WARN] PackLoader:240 - Cannot read IP mode file for portGmbH.I-Cube-SoM-uGOAL.1.1.0
2023-12-15 22:26:08,521 [WARN] PackLoader:240 - Cannot read IP mode file for STMicroelectronics.X-CUBE-ALS.1.0.1
2023-12-15 22:26:08,533 [WARN] PackLoader:240 - Cannot read IP mode file for STMicroelectronics.FP-ATR-ASTRA1.2.0.0
2023-12-15 22:26:08,545 [WARN] PackLoader:240 - Cannot read IP mode file for STMicroelectronics.X-CUBE-TOF1.3.4.0
2023-12-15 22:26:08,566 [WARN] PackLoader:240 - Cannot read IP mode file for STMicroelectronics.X-CUBE-AZRTOS-H7.3.2.0
2023-12-15 22:26:08,568 [INFO] ThirdParty:978 - Integrity check success = true
2023-12-15 22:26:08,568 [INFO] IntegrityCheckThread:100 - exiting critical section [integrity check]
2023-12-15 22:26:08,568 [INFO] IntegrityCheckThread:103 - End integrity checks thread
2023-12-15 22:26:19,795 [INFO] McuFinderGlobals:63 - Set McuFinder mode to 2 (CubeIDE integrated)
2023-12-15 22:26:19,811 [INFO] MainUpdater:2868 - connection check result : 10
2023-12-15 22:26:19,815 [INFO] MainUpdater:2868 - connection check result : 10
2023-12-15 22:26:19,939 [INFO] MicroXplorer:468 - Change Database Path : 
2023-12-15 22:26:19,940 [INFO] MicroXplorer:498 - Change Database Version : DB.6.0.91
2023-12-15 22:26:19,942 [WARN] ThirdParty:871 - waiting for thirdparty lock release [close project]
2023-12-15 22:26:19,942 [INFO] ThirdParty:873 - entering critical section [close project]
2023-12-15 22:26:19,942 [INFO] ThirdParty:883 - exiting critical section [close project]
2023-12-15 22:26:19,944 [INFO] PinOutPanel:1499 - setPackage(No Configuration,No Configuration)
2023-12-15 22:26:19,949 [INFO] UtilMem:75 - Begin LoadConfig() Used Memory: 211492528 Bytes (268435456)
2023-12-15 22:26:19,949 [INFO] MicroXplorer:468 - Change Database Path : 
2023-12-15 22:26:19,949 [INFO] MicroXplorer:498 - Change Database Version : DB.6.0.91
2023-12-15 22:26:19,949 [INFO] OpenFileManager:308 - Change cursor
2023-12-15 22:26:19,978 [INFO] Mcu:1946 - Initializing MCU STM32F103C(8-B)Tx STM32F103C8Tx STM32F103C8T6
2023-12-15 22:26:20,600 [INFO] Context:659 - Trying to add GPIOservice into a context  which must be forbidden
2023-12-15 22:26:20,904 [INFO] RtosManager:555 - Registered RTOS mode: class=CMSIS, group=RTOS, mode=CMSIS_V1, owner=FREERTOS
2023-12-15 22:26:20,904 [INFO] RtosManager:555 - Registered RTOS mode: class=CMSIS, group=RTOS2, mode=CMSIS_V2, owner=FREERTOS
2023-12-15 22:26:20,905 [INFO] RtosManager:555 - Registered RTOS mode: class=RTOS, group=Core, mode=CMSIS_V1, owner=FREERTOS
2023-12-15 22:26:20,905 [INFO] RtosManager:555 - Registered RTOS mode: class=RTOS, group=Core, mode=CMSIS_V2, owner=FREERTOS
2023-12-15 22:26:20,905 [WARN] ModelIntegratedComponent:184 - Missing modes for component STMicroelectronics:FreeRTOS:0.0.1:STMicroelectronics:RTOS:FreeRTOS:Core:::10.2.0:
2023-12-15 22:26:20,919 [WARN] ModelIntegratedComponent:63 - No mode defined for component null
2023-12-15 22:26:20,919 [WARN] ModelIntegratedComponent:63 - No mode defined for component null
2023-12-15 22:26:20,919 [WARN] ModelIntegratedComponent:63 - No mode defined for component null
2023-12-15 22:26:20,919 [WARN] ModelIntegratedComponent:63 - No mode defined for component null
2023-12-15 22:26:20,919 [WARN] ModelIntegratedComponent:63 - No mode defined for component null
2023-12-15 22:26:20,919 [WARN] ModelIntegratedComponent:63 - No mode defined for component null
2023-12-15 22:26:20,919 [WARN] ModelIntegratedComponent:63 - No mode defined for component null
2023-12-15 22:26:20,919 [WARN] ModelIntegratedComponent:63 - No mode defined for component null
2023-12-15 22:26:20,919 [WARN] ModelIntegratedComponent:63 - No mode defined for component null
2023-12-15 22:26:20,919 [WARN] ModelIntegratedComponent:63 - No mode defined for component null
2023-12-15 22:26:20,919 [WARN] ModelIntegratedComponent:63 - No mode defined for component null
2023-12-15 22:26:20,919 [WARN] ModelIntegratedComponent:63 - No mode defined for component null
2023-12-15 22:26:20,919 [WARN] ModelIntegratedComponent:63 - No mode defined for component null
2023-12-15 22:26:20,920 [WARN] ModelIntegratedComponent:63 - No mode defined for component null
2023-12-15 22:26:20,920 [WARN] ModelIntegratedComponent:63 - No mode defined for component null
2023-12-15 22:26:20,920 [WARN] ModelIntegratedComponent:63 - No mode defined for component null
2023-12-15 22:26:20,920 [WARN] ModelIntegratedComponent:63 - No mode defined for component null
2023-12-15 22:26:20,920 [WARN] ModelIntegratedComponent:63 - No mode defined for component null
2023-12-15 22:26:20,920 [WARN] ModelIntegratedComponent:63 - No mode defined for component null
2023-12-15 22:26:20,920 [WARN] ModelIntegratedComponent:63 - No mode defined for component null
2023-12-15 22:26:20,920 [WARN] ModelIntegratedComponent:63 - No mode defined for component null
2023-12-15 22:26:20,920 [WARN] ModelIntegratedComponent:63 - No mode defined for component null
2023-12-15 22:26:20,920 [WARN] ModelIntegratedComponent:63 - No mode defined for component null
2023-12-15 22:26:20,920 [WARN] ModelIntegratedComponent:63 - No mode defined for component null
2023-12-15 22:26:20,920 [WARN] ModelIntegratedComponent:63 - No mode defined for component null
2023-12-15 22:26:20,920 [WARN] ModelIntegratedComponent:63 - No mode defined for component null
2023-12-15 22:26:20,920 [WARN] ModelIntegratedComponent:63 - No mode defined for component null
2023-12-15 22:26:20,920 [WARN] ModelIntegratedComponent:63 - No mode defined for component null
2023-12-15 22:26:20,920 [WARN] ModelIntegratedComponent:63 - No mode defined for component null
2023-12-15 22:26:20,920 [WARN] ModelIntegratedComponent:63 - No mode defined for component null
2023-12-15 22:26:20,920 [WARN] ModelIntegratedComponent:63 - No mode defined for component null
2023-12-15 22:26:20,920 [WARN] ModelIntegratedComponent:63 - No mode defined for component null
2023-12-15 22:26:20,920 [WARN] ModelIntegratedComponent:63 - No mode defined for component null
2023-12-15 22:26:20,982 [INFO] ThirdPartyModel:298 - Start build external matchings
2023-12-15 22:26:21,338 [INFO] ThirdPartyModel:316 - End build external matchings
2023-12-15 22:26:21,353 [INFO] ImportTextPane:194 - (OptionalMessage_ERROR) IP (RCC) : Parameter (ADCFreqValue) has invalid value (36000000)
2023-12-15 22:26:21,354 [INFO] ImportTextPane:194 - (OptionalMessage_ERROR) IP (RCC) : Invalid parameter (FamilyName)
2023-12-15 22:26:21,354 [INFO] ImportTextPane:194 - (OptionalMessage_ERROR) IP (RCC) : Parameter (MCOFreq_Value) has invalid value (72000000)
2023-12-15 22:26:21,354 [INFO] ImportTextPane:194 - (OptionalMessage_ERROR) IP (RCC) : Parameter (USBFreq_Value) has invalid value (72000000)
2023-12-15 22:26:21,508 [INFO] UtilMem:75 - End LoadConfig() Used Memory: 143228616 Bytes (335544320)
2023-12-15 22:26:21,630 [INFO] ApiDb:581 - Connected to CubeFinder SQLite database (C:\Users\acer\.stmcufinder\plugins\mcufinder\mcu\cube-finder-db.db)
2023-12-15 22:26:21,687 [INFO] ApiDb:668 - CubeFinder database Data Model version=2.1
2023-12-15 22:26:21,687 [INFO] ApiDb:669 - CubeFinder database Configuration version=3.0.37
2023-12-15 22:26:21,687 [INFO] ApiDb:670 - CubeFinder database generation date=2023-10-13 (1697197505)
2023-12-15 22:26:21,688 [INFO] ApiDb:671 - CubeFinder database FW Pack versions=[FP-ATR-ASTRA1_V2.0.0, FP-SNS-FLIGHT1_V5.0.1, FP-SNS-FLIGHT1_V5.0.2, FP-SNS-MOTENV1_V4.3.1, FP-SNS-MOTENV1_V4.3.2, FP-SNS-SMARTAG2_V1.2.0, I-CUBE-ITTIADB_V8.6.3-1, STM32Cube_FW_C0_V1.1.0, STM32Cube_FW_F4_V1.27.1, STM32Cube_FW_F7_V1.17.0, STM32Cube_FW_G0_V1.6.1, STM32Cube_FW_G4_V1.5.1, STM32Cube_FW_H5_V0.5.1, STM32Cube_FW_H5_V1.1.1, STM32Cube_FW_H7_V1.11.0, STM32Cube_FW_L0_V1.12.2, STM32Cube_FW_L5_V1.5.0, STM32Cube_FW_U5_V1.3.0, STM32Cube_FW_U5_V1.3.0RC4, STM32Cube_FW_WBA_V1.0.0RC1, STM32Cube_FW_WBA_V1.1.0RC1, STM32Cube_FW_WBA_V1.1.1, STM32Cube_FW_WB_V1.15.0RC1, STM32Cube_FW_WB_V1.16.0, STM32Cube_FW_WB_V1.16.0RC2, STM32Cube_FW_WB_V1.17.3, STM32Cube_FW_WL_V1.3.0, X-CUBE-ALGOBUILD_V1.3.0, X-CUBE-ALS_V1.0.1, X-CUBE-AZRTOS-F4_V1.1.0, X-CUBE-AZRTOS-F7_V1.1.0, X-CUBE-AZRTOS-G0_V1.1.0, X-CUBE-AZRTOS-G4_V2.0.0, X-CUBE-AZRTOS-H7_V3.1.0, X-CUBE-AZRTOS-L4_V1.0.0, X-CUBE-AZRTOS-L4_V2.0.0, X-CUBE-AZRTOS-L5_V1.1.0, X-CUBE-AZRTOS-WB_V2.0.0, X-CUBE-AZRTOS-WL_V2.0.0, X-CUBE-BLE1_V7.0.0, X-CUBE-BLE2_V3.3.0, X-CUBE-BLEMGR_V2.0.0, X-CUBE-EEPRMA1_V4.1.0, X-CUBE-FREERTOS_V1.1.0, X-CUBE-GNSS1_V6.0.0, X-CUBE-MEMS1_V10.0.0, X-CUBE-MEMS1_V9.1.0, X-CUBE-MEMS1_V9.4.0, X-CUBE-MEMS1_V9.6.0, X-CUBE-NFC4_V3.0.0, X-CUBE-NFC7_V1.0.1, X-CUBE-SFXS2LP1_V4.0.0, X-CUBE-SUBG2_V5.0.0, X-CUBE-TOF1_V3.3.1]
2023-12-15 22:26:23,121 [INFO] ApiDb:240 - Found 323 in-development CPN: [B-G473E-ZEST1S, B-WB1M-WPAN1, B-WL5M-SUBG1, NUCLEO-C031C6, NUCLEO-H503RB, NUCLEO-H563ZI, NUCLEO-U545RE-Q, NUCLEO-U5A5ZJ-Q, NUCLEO-WBA52CG, STEVAL-PROTEUS1, STEVAL-SMARTAG2, STEVAL-STWINBX1, STM320518-EVAL, STM32C0116-DK, STM32C011D6Y3TR, STM32C011D6Y6TR, STM32C011F4P3, STM32C011F4P6, STM32C011F4U3, STM32C011F4U6TR, STM32C011F6P3, STM32C011F6P6, STM32C011F6U3, STM32C011F6U6TR, STM32C011J4M3, STM32C011J4M6, STM32C011J6M3, STM32C011J6M6, STM32C0316-DK, STM32C031C4T3, STM32C031C4T6, STM32C031C4U3, STM32C031C4U6, STM32C031C6T3, STM32C031C6T6, STM32C031C6U3, STM32C031C6U6, STM32C031F4P3, STM32C031F4P6, STM32C031F6P3, STM32C031F6P6, STM32C031G4U3, STM32C031G4U6, STM32C031G6U3, STM32C031G6U6, STM32C031K4T3, STM32C031K4T6, STM32C031K4U3, STM32C031K4U6, STM32C031K6T3, STM32C031K6T6, STM32C031K6U3, STM32C031K6U6, STM32G071K8TXN, STM32G071K8UXN, STM32G081GBU6N, STM32G081KBT6N, STM32G081KBUXN, STM32G0B1CCT6N, STM32G0B1KCT6, STM32G0B1NEY6TR, STM32G0B1RCT6N, STM32G0C1CCT6, STM32G0C1CCT6N, STM32G0C1CCU6N, STM32G0C1CET6N, STM32G0C1CEU6N, STM32G0C1KCT6, STM32G0C1NEY6TR, STM32G0C1RCI6N, STM32G0C1RCT6N, STM32G0C1REI6N, STM32G0C1RET6N, STM32G0C1VCI6, STM32G0C1VEI6, STM32G471CCT6, STM32G471CCU6, STM32G471CET3, STM32G471CET6, STM32G471CEU3, STM32G471CEU6, STM32G471MCT6, STM32G471MET3, STM32G471MET6, STM32G471MEY6TR, STM32G471QCT6, STM32G471QET3, STM32G471RCT6, STM32G471RET3, STM32G471RET6, STM32G471VCH6, STM32G471VCI6, STM32G471VCT6, STM32G471VEH3, STM32G471VEH6, STM32G471VEI3, STM32G471VEI6, STM32G471VET3, STM32G471VET6, STM32G474CCT6, STM32H503CBT6, STM32H503CBU6, STM32H503EBY6TR, STM32H503KBU6, STM32H503RBT6, STM32H562AGI6, STM32H562AII6, STM32H562IGK6, STM32H562IGT6, STM32H562IIK6, STM32H562IIT6, STM32H562RGT6, STM32H562RGV6, STM32H562RIT6, STM32H562RIV6, STM32H562VGT6, STM32H562VIT6, STM32H562ZGT6, STM32H562ZIT6, STM32H563AGI6, STM32H563AII3Q, STM32H563AII6, STM32H563IGK6, STM32H563IGT6, STM32H563IIK3Q, STM32H563IIK6, STM32H563IIT3Q, STM32H563IIT6, STM32H563MIY3QTR, STM32H563RGT6, STM32H563RGV6, STM32H563RIT6, STM32H563RIV6, STM32H563VGT6, STM32H563VIT3Q, STM32H563VIT6, STM32H563ZGT6, STM32H563ZIT3Q, STM32H563ZIT6, STM32H573AII3Q, STM32H573AII6, STM32H573I-DK, STM32H573IIK3Q, STM32H573IIK6, STM32H573IIT3Q, STM32H573IIT6, STM32H573MIY3QTR, STM32H573RIT6, STM32H573RIV6, STM32H573VIT3Q, STM32H573VIT6, STM32H573ZIT3Q, STM32H573ZIT6, STM32L4R5QGI6STR, STM32MP131AAE3, STM32MP131AAF3, STM32MP131AAG3, STM32MP131CAE3, STM32MP131CAF3, STM32MP131CAG3, STM32MP131DAE7, STM32MP131DAF7, STM32MP131DAG7, STM32MP131FAE7, STM32MP131FAF7, STM32MP131FAG7, STM32MP133AAE3, STM32MP133AAF3, STM32MP133AAG3, STM32MP133CAE3, STM32MP133CAF3, STM32MP133CAG3, STM32MP133DAE7, STM32MP133DAF7, STM32MP133DAG7, STM32MP133FAE7, STM32MP133FAF7, STM32MP133FAG7, STM32MP135AAE3, STM32MP135AAF3, STM32MP135AAG3, STM32MP135CAE3, STM32MP135CAF3, STM32MP135CAG3, STM32MP135DAE7, STM32MP135DAF7, STM32MP135DAG7, STM32MP135F-DK, STM32MP135FAE7, STM32MP135FAF7, STM32MP135FAF7T, STM32MP135FAF7U, STM32MP135FAG7, STM32U535CBT6, STM32U535CBT6Q, STM32U535CBU6, STM32U535CBU6Q, STM32U535CCT6, STM32U535CCT6Q, STM32U535CCU6, STM32U535CCU6Q, STM32U535CET6, STM32U535CET6Q, STM32U535CEU6, STM32U535CEU6Q, STM32U535JEY6QTR, STM32U535NCY6QTR, STM32U535NEY6QTR, STM32U535RBI6, STM32U535RBI6Q, STM32U535RBT6, STM32U535RBT6Q, STM32U535RCI6, STM32U535RCI6Q, STM32U535RCT6, STM32U535RCT6Q, STM32U535REI6, STM32U535REI6Q, STM32U535RET6, STM32U535RET6Q, STM32U535VCI6, STM32U535VCI6Q, STM32U535VCT6, STM32U535VCT6Q, STM32U535VEI6, STM32U535VEI6Q, STM32U535VET6, STM32U535VET6Q, STM32U545CET6, STM32U545CET6Q, STM32U545CEU6, STM32U545CEU6Q, STM32U545JEY6QTR, STM32U545NEY6QTR, STM32U545REI6, STM32U545REI6Q, STM32U545RET6, STM32U545RET6Q, STM32U545VEI6, STM32U545VEI6Q, STM32U545VET6, STM32U545VET6Q, STM32U595AIH6, STM32U595AIH6Q, STM32U595AJH6, STM32U595AJH6Q, STM32U595QII6, STM32U595QII6Q, STM32U595QJI6, STM32U595QJI6Q, STM32U595RIT6, STM32U595RIT6Q, STM32U595RJT6, STM32U595RJT6Q, STM32U595VIT6, STM32U595VIT6Q, STM32U595VJT6, STM32U595VJT6Q, STM32U595ZIT6, STM32U595ZIT6Q, STM32U595ZIY6QTR, STM32U595ZJT6, STM32U595ZJT6Q, STM32U595ZJY6QTR, STM32U599BJY6QTR, STM32U599NIH6Q, STM32U599NJH6Q, STM32U599VIT6Q, STM32U599VJT6, STM32U599VJT6Q, STM32U599ZIT6Q, STM32U599ZIY6QTR, STM32U599ZJT6Q, STM32U599ZJY6QTR, STM32U5A5AJH6, STM32U5A5AJH6Q, STM32U5A5QJI6, STM32U5A5QJI6Q, STM32U5A5RJT6, STM32U5A5RJT6Q, STM32U5A5VJT6, STM32U5A5VJT6Q, STM32U5A5ZJT6, STM32U5A5ZJT6Q, STM32U5A5ZJY6QTR, STM32U5A9BJY6QTR, STM32U5A9J-DK, STM32U5A9NJH6Q, STM32U5A9VJT6Q, STM32U5A9ZJT6Q, STM32U5A9ZJY6QTR, STM32U5F7VIT6, STM32U5F7VIT6Q, STM32U5F7VJT6, STM32U5F7VJT6Q, STM32U5F9BJY6QTR, STM32U5F9NJH6Q, STM32U5F9VIT6Q, STM32U5F9VJT6Q, STM32U5F9ZIJ6QTR, STM32U5F9ZIT6Q, STM32U5F9ZJJ6QTR, STM32U5F9ZJT6Q, STM32U5G7VJT6, STM32U5G7VJT6Q, STM32U5G9BJY6QTR, STM32U5G9J-DK1, STM32U5G9J-DK2, STM32U5G9NJH6Q, STM32U5G9VJT6Q, STM32U5G9ZJJ6QTR, STM32U5G9ZJT6Q, STM32WB1MMCH6, STM32WBA52CEU6, STM32WBA52CEU6T, STM32WBA52CGU6, STM32WBA52CGU6T, STM32WBA52KEU6, STM32WBA52KEU6T, STM32WBA52KGU6, STM32WBA52KGU6T, STM32WL5MOCH6, STM32WL5MOCH6TR]
2023-12-15 22:26:23,124 [INFO] DbMcus:217 - Found 3848 MCUs, 3848 are supported
2023-12-15 22:26:23,124 [INFO] ApiDb:423 - Load user favorites file C:\Users\acer/.stm32cubeide/favorites.mcus.txt: 0 item(s)
2023-12-15 22:26:23,124 [INFO] ApiDb:427 - User favorites MCUs=[]
2023-12-15 22:26:23,124 [INFO] DbMcus:223 - Set 0 / 0 favorites MCUs
2023-12-15 22:26:23,347 [WARN] ThirdParty:833 - waiting for thirdparty lock release [change project]
2023-12-15 22:26:23,347 [INFO] ThirdParty:835 - entering critical section [change project]
2023-12-15 22:26:23,348 [INFO] ThirdParty:1030 - CMSIS Pack Vendor :STMicroelectronics X-CUBE-ISPU 1.1.0
2023-12-15 22:26:23,348 [INFO] ThirdParty:1030 - CMSIS Pack Vendor :STMicroelectronics USBPD 4.1
2023-12-15 22:26:23,348 [INFO] ThirdParty:1030 - CMSIS Pack Vendor :STMicroelectronics X-CUBE-GNSS1 6.0.0
2023-12-15 22:26:23,348 [INFO] ThirdParty:1030 - CMSIS Pack Vendor :STMicroelectronics USB_HOST 2.0.0
2023-12-15 22:26:23,348 [INFO] ThirdParty:1030 - CMSIS Pack Vendor :STMicroelectronics X-CUBE-AZRTOS-F4 1.1.0
2023-12-15 22:26:23,348 [INFO] ThirdParty:1030 - CMSIS Pack Vendor :STMicroelectronics LIBJPEG 8.0.0
2023-12-15 22:26:23,348 [INFO] ThirdParty:1030 - CMSIS Pack Vendor :wolfSSL I-CUBE-wolfSSL 5.6.3
2023-12-15 22:26:23,348 [INFO] ThirdParty:1030 - CMSIS Pack Vendor :STMicroelectronics X-CUBE-SMBUS 2.1.0
2023-12-15 22:26:23,348 [INFO] ThirdParty:1030 - CMSIS Pack Vendor :STMicroelectronics USB_DEVICE 3.0.0
2023-12-15 22:26:23,348 [INFO] ThirdParty:1030 - CMSIS Pack Vendor :STMicroelectronics X-CUBE-AZRTOS-WB 2.0.0
2023-12-15 22:26:23,348 [INFO] ThirdParty:1030 - CMSIS Pack Vendor :STMicroelectronics X-CUBE-AZRTOS-F7 1.1.0
2023-12-15 22:26:23,348 [INFO] ThirdParty:1030 - CMSIS Pack Vendor :STMicroelectronics X-CUBE-AZRTOS-L5 2.0.0
2023-12-15 22:26:23,348 [INFO] ThirdParty:1030 - CMSIS Pack Vendor :STMicroelectronics USB_DEVICE 2.0.0
2023-12-15 22:26:23,348 [INFO] ThirdParty:1030 - CMSIS Pack Vendor :STMicroelectronics X-CUBE-MEMS1 9.6.0
2023-12-15 22:26:23,348 [INFO] ThirdParty:1030 - CMSIS Pack Vendor :STMicroelectronics X-CUBE-EEPRMA1 4.2.0
2023-12-15 22:26:23,348 [INFO] ThirdParty:1030 - CMSIS Pack Vendor :ITTIA_DB I-CUBE-ITTIADB 8.8.0
2023-12-15 22:26:23,348 [INFO] ThirdParty:1030 - CMSIS Pack Vendor :STMicroelectronics FP-SNS-MOTENV1 4.3.2
2023-12-15 22:26:23,348 [INFO] ThirdParty:1030 - CMSIS Pack Vendor :STMicroelectronics X-CUBE-ALGOBUILD 1.3.0
2023-12-15 22:26:23,348 [INFO] ThirdParty:1030 - CMSIS Pack Vendor :STMicroelectronics FreeRTOS 0.0.1
2023-12-15 22:26:23,348 [INFO] ThirdParty:1030 - CMSIS Pack Vendor :STMicroelectronics X-CUBE-AZRTOS-G0 1.1.0
2023-12-15 22:26:23,348 [INFO] ThirdParty:1030 - CMSIS Pack Vendor :STMicroelectronics X-CUBE-BLEMGR 2.0.0
2023-12-15 22:26:23,348 [INFO] ThirdParty:1030 - CMSIS Pack Vendor :STMicroelectronics X-CUBE-NFC4 3.0.0
2023-12-15 22:26:23,348 [INFO] ThirdParty:1030 - CMSIS Pack Vendor :STMicroelectronics X-CUBE-SUBG2 5.0.0
2023-12-15 22:26:23,348 [INFO] ThirdParty:1030 - CMSIS Pack Vendor :STMicroelectronics STM32_WPAN 1.0.0
2023-12-15 22:26:23,348 [INFO] ThirdParty:1030 - CMSIS Pack Vendor :STMicroelectronics lwIP 2.0.3
2023-12-15 22:26:23,348 [INFO] ThirdParty:1030 - CMSIS Pack Vendor :STMicroelectronics FP-SNS-FLIGHT1 5.0.2
2023-12-15 22:26:23,348 [INFO] ThirdParty:1030 - CMSIS Pack Vendor :STMicroelectronics USB_HOST 1.0.0
2023-12-15 22:26:23,348 [INFO] ThirdParty:1030 - CMSIS Pack Vendor :STMicroelectronics X-CUBE-TOF1 3.3.1
2023-12-15 22:26:23,348 [INFO] ThirdParty:1030 - CMSIS Pack Vendor :STMicroelectronics X-CUBE-AZRTOS-G4 2.0.0
2023-12-15 22:26:23,348 [INFO] ThirdParty:1030 - CMSIS Pack Vendor :STMicroelectronics PDM2PCM 3.1.0
2023-12-15 22:26:23,348 [INFO] ThirdParty:1030 - CMSIS Pack Vendor :STMicroelectronics X-CUBE-AZRTOS-H7 3.1.0
2023-12-15 22:26:23,348 [INFO] ThirdParty:1030 - CMSIS Pack Vendor :Infineon AIROC-Wi-Fi-Bluetooth-STM32 1.5.1
2023-12-15 22:26:23,348 [INFO] ThirdParty:1030 - CMSIS Pack Vendor :STMicroelectronics X-CUBE-BLEMGR 3.0.0
2023-12-15 22:26:23,348 [INFO] ThirdParty:1030 - CMSIS Pack Vendor :STMicroelectronics PDM2PCM 3.3.0
2023-12-15 22:26:23,348 [INFO] ThirdParty:1030 - CMSIS Pack Vendor :STMicroelectronics X-CUBE-DISPLAY 3.0.0
2023-12-15 22:26:23,348 [INFO] ThirdParty:1030 - CMSIS Pack Vendor :STMicroelectronics FP-SNS-MOTENVWB1 1.3.0
2023-12-15 22:26:23,348 [INFO] ThirdParty:1030 - CMSIS Pack Vendor :STMicroelectronics FP-SNS-MOTENVWB1 1.3.1
2023-12-15 22:26:23,348 [INFO] ThirdParty:1030 - CMSIS Pack Vendor :STMicroelectronics X-CUBE-BLE1 7.0.0
2023-12-15 22:26:23,348 [INFO] ThirdParty:1030 - CMSIS Pack Vendor :STMicroelectronics FP-ATR-SIGFOX1 3.2.0
2023-12-15 22:26:23,349 [INFO] ThirdParty:1030 - CMSIS Pack Vendor :STMicroelectronics X-CUBE-ISPU 2.0.0
2023-12-15 22:26:23,349 [INFO] ThirdParty:1030 - CMSIS Pack Vendor :STMicroelectronics HAL Drivers 0.0.0
2023-12-15 22:26:23,349 [INFO] ThirdParty:1030 - CMSIS Pack Vendor :STMicroelectronics MBEDTLS 2.16.2
2023-12-15 22:26:23,349 [INFO] ThirdParty:1030 - CMSIS Pack Vendor :emotas I-CUBE-CANOPEN 1.3.0
2023-12-15 22:26:23,349 [INFO] ThirdParty:1030 - CMSIS Pack Vendor :STMicroelectronics X-CUBE-MEMS1 10.0.0
2023-12-15 22:26:23,349 [INFO] ThirdParty:1030 - CMSIS Pack Vendor :STMicroelectronics X-CUBE-FREERTOS 1.1.0
2023-12-15 22:26:23,349 [INFO] ThirdParty:1030 - CMSIS Pack Vendor :STMicroelectronics X-CUBE-TOUCHGFX 4.22.0
2023-12-15 22:26:23,349 [INFO] ThirdParty:1030 - CMSIS Pack Vendor :STMicroelectronics X-CUBE-NFC7 1.0.1
2023-12-15 22:26:23,349 [INFO] ThirdParty:1030 - CMSIS Pack Vendor :STMicroelectronics MBEDTLS 2.14.1
2023-12-15 22:26:23,349 [INFO] ThirdParty:1030 - CMSIS Pack Vendor :STMicroelectronics X-CUBE-TOUCHGFX 4.22.1
2023-12-15 22:26:23,349 [INFO] ThirdParty:1030 - CMSIS Pack Vendor :STMicroelectronics X-CUBE-NFC6 3.0.0
2023-12-15 22:26:23,349 [INFO] ThirdParty:1030 - CMSIS Pack Vendor :STMicroelectronics X-CUBE-EEPRMA1 4.1.0
2023-12-15 22:26:23,349 [INFO] ThirdParty:1030 - CMSIS Pack Vendor :portGmbH I-Cube-SoM-uGOAL 1.1.0
2023-12-15 22:26:23,349 [INFO] ThirdParty:1030 - CMSIS Pack Vendor :STMicroelectronics X-CUBE-ALS 1.0.1
2023-12-15 22:26:23,349 [INFO] ThirdParty:1030 - CMSIS Pack Vendor :STMicroelectronics ThreadX 1.0.0
2023-12-15 22:26:23,349 [INFO] ThirdParty:1030 - CMSIS Pack Vendor :STMicroelectronics FP-SNS-SMARTAG2 1.2.0
2023-12-15 22:26:23,349 [INFO] ThirdParty:1030 - CMSIS Pack Vendor :STMicroelectronics X-CUBE-AZRTOS-WL 2.0.0
2023-12-15 22:26:23,349 [INFO] ThirdParty:1030 - CMSIS Pack Vendor :SEGGER I-CUBE-embOS 1.3.1
2023-12-15 22:26:23,349 [INFO] ThirdParty:1030 - CMSIS Pack Vendor :STMicroelectronics USB_DEVICE 1.0.0
2023-12-15 22:26:23,349 [INFO] ThirdParty:1030 - CMSIS Pack Vendor :STMicroelectronics X-CUBE-AI 8.1.0
2023-12-15 22:26:23,349 [INFO] ThirdParty:1030 - CMSIS Pack Vendor :STMicroelectronics X-CUBE-AZRTOS-L4 2.0.0
2023-12-15 22:26:23,349 [INFO] ThirdParty:1030 - CMSIS Pack Vendor :STMicroelectronics ThreadX 0.0.2
2023-12-15 22:26:23,349 [INFO] ThirdParty:1030 - CMSIS Pack Vendor :WES I-CUBE-Cesium 1.3.0
2023-12-15 22:26:23,349 [INFO] ThirdParty:1030 - CMSIS Pack Vendor :STMicroelectronics FP-ATR-ASTRA1 2.0.0
2023-12-15 22:26:23,349 [INFO] ThirdParty:1030 - CMSIS Pack Vendor :STMicroelectronics lwIP 2.1.2
2023-12-15 22:26:23,349 [INFO] ThirdParty:1030 - CMSIS Pack Vendor :STMicroelectronics X-CUBE-SFXS2LP1 4.0.0
2023-12-15 22:26:23,349 [INFO] ThirdParty:1030 - CMSIS Pack Vendor :STMicroelectronics X-CUBE-BLE2 3.3.0
2023-12-15 22:26:23,349 [INFO] ThirdParty:1030 - CMSIS Pack Vendor :STMicroelectronics X-CUBE-TOF1 3.4.0
2023-12-15 22:26:23,349 [INFO] ThirdParty:1030 - CMSIS Pack Vendor :STMicroelectronics X-CUBE-AZRTOS-H7 3.2.0
2023-12-15 22:26:23,349 [INFO] ThirdParty:1030 - CMSIS Pack Vendor :STMicroelectronics PDM2PCM 3.2.0
2023-12-15 22:26:23,349 [INFO] ThirdParty:841 - exiting critical section [change project]
2023-12-15 22:26:23,533 [INFO] PinOutPanel:1499 - setPackage(No Configuration,No Configuration)
2023-12-15 22:26:23,533 [INFO] PinOutPanel:1499 - setPackage(STM32F103C8Tx,LQFP48)
2023-12-15 22:26:23,851 [INFO] UtilMem:75 - Before build in PCC Used Memory: 198641136 Bytes (335544320)
2023-12-15 22:26:24,763 [INFO] UtilMem:75 - After build in PCC Used Memory: 256835056 Bytes (335544320)
2023-12-15 22:26:24,781 [INFO] IPUIPlugin:80 - create IPUIPlugin
2023-12-15 22:26:24,781 [INFO] IPUIPlugin:80 - create IPUIPlugin
2023-12-15 22:26:24,781 [INFO] IPUIPlugin:80 - create IPUIPlugin
2023-12-15 22:26:24,781 [INFO] IPUIPlugin:80 - create IPUIPlugin
2023-12-15 22:26:24,781 [INFO] IPUIPlugin:80 - create IPUIPlugin
2023-12-15 22:26:24,781 [INFO] IPUIPlugin:80 - create IPUIPlugin
2023-12-15 22:26:24,781 [INFO] IPUIPlugin:80 - create IPUIPlugin
2023-12-15 22:26:24,781 [INFO] IPUIPlugin:80 - create IPUIPlugin
2023-12-15 22:26:24,781 [INFO] IPUIPlugin:80 - create IPUIPlugin
2023-12-15 22:26:24,782 [INFO] IPUIPlugin:80 - create IPUIPlugin
2023-12-15 22:26:24,782 [INFO] IPUIPlugin:80 - create IPUIPlugin
2023-12-15 22:26:24,782 [INFO] IPUIPlugin:80 - create IPUIPlugin
2023-12-15 22:26:24,782 [INFO] IPUIPlugin:80 - create IPUIPlugin
2023-12-15 22:26:24,782 [INFO] IPUIPlugin:80 - create IPUIPlugin
2023-12-15 22:26:24,782 [INFO] IPUIPlugin:80 - create IPUIPlugin
2023-12-15 22:26:24,782 [INFO] IPUIPlugin:80 - create IPUIPlugin
2023-12-15 22:26:24,782 [INFO] IPUIPlugin:80 - create IPUIPlugin
2023-12-15 22:26:24,782 [INFO] IPUIPlugin:80 - create IPUIPlugin
2023-12-15 22:26:24,782 [INFO] IPUIPlugin:80 - create IPUIPlugin
2023-12-15 22:26:24,782 [INFO] IPUIPlugin:80 - create IPUIPlugin
2023-12-15 22:26:24,782 [INFO] IPUIPlugin:80 - create IPUIPlugin
2023-12-15 22:26:24,783 [INFO] IPUIPlugin:80 - create IPUIPlugin
2023-12-15 22:26:24,783 [INFO] IPUIPlugin:80 - create IPUIPlugin
2023-12-15 22:26:24,783 [INFO] IPUIPlugin:80 - create IPUIPlugin
2023-12-15 22:26:24,783 [INFO] IPUIPlugin:80 - create IPUIPlugin
2023-12-15 22:26:24,783 [INFO] IPUIPlugin:80 - create IPUIPlugin
2023-12-15 22:26:24,783 [INFO] IPUIPlugin:80 - create IPUIPlugin
2023-12-15 22:26:24,795 [WARN] IP:2114 - I2C_Coeff_DF not found: check if there is a RefParameter without a condition.
2023-12-15 22:26:24,795 [WARN] IP:2114 - Analog_Filter not found: check if there is a RefParameter without a condition.
2023-12-15 22:26:25,012 [INFO] CADModel:165 - CPN selected for project levelSTM32F103C8T6
2023-12-15 22:26:25,012 [INFO] CADModel:114 - Register for checkConnection events
2023-12-15 22:26:25,063 [INFO] OpenFileManager:328 - Restore cursor
2023-12-15 22:26:25,169 [WARN] IP:2114 - I2C_Coeff_DF not found: check if there is a RefParameter without a condition.
2023-12-15 22:26:25,169 [WARN] IP:2114 - Analog_Filter not found: check if there is a RefParameter without a condition.
2023-12-15 22:26:25,169 [WARN] IP:2114 - I2C_Coeff_DF not found: check if there is a RefParameter without a condition.
2023-12-15 22:26:25,169 [WARN] IP:2114 - Analog_Filter not found: check if there is a RefParameter without a condition.
2023-12-15 22:26:27,489 [ERROR] LogOutputStream:75 - [STDERR_REDIRECT] SLF4J: Failed to load class "org.slf4j.impl.StaticLoggerBinder".
2023-12-15 22:26:27,489 [ERROR] LogOutputStream:75 - [STDERR_REDIRECT] SLF4J: Defaulting to no-operation (NOP) logger implementation
2023-12-15 22:26:27,491 [ERROR] LogOutputStream:75 - [STDERR_REDIRECT] SLF4J: See http://www.slf4j.org/codes.html#StaticLoggerBinder for further details.
2023-12-15 22:40:17,270 [INFO] UtilMem:75 - End SaveConfig() Used Memory: 709605520 Bytes (1001390080)
2023-12-15 22:40:18,611 [INFO] UtilMem:75 - End SaveConfig() Used Memory: 722188432 Bytes (1001390080)
2023-12-15 22:40:20,224 [INFO] UtilMem:75 - End SaveConfig() Used Memory: 747209240 Bytes (1001390080)
2023-12-15 22:40:20,536 [INFO] BlockDiagram:2759 - set Specific Code input for plugin: SPI
2023-12-15 22:40:20,536 [INFO] BlockDiagram:2759 - set Specific Code input for plugin: NVIC
2023-12-15 22:40:20,536 [INFO] BlockDiagram:2759 - set Specific Code input for plugin: TIM1_8F1
2023-12-15 22:40:20,536 [INFO] BlockDiagram:2759 - set Specific Code input for plugin: TIM1_8F1
2023-12-15 22:40:20,537 [INFO] BlockDiagram:2759 - set Specific Code input for plugin: TIM1_8F1
2023-12-15 22:40:20,537 [INFO] BlockDiagram:2759 - set Specific Code input for plugin: SYS
2023-12-15 22:40:20,537 [INFO] BlockDiagram:2759 - set Specific Code input for plugin: GPIO
2023-12-15 22:40:20,537 [INFO] BlockDiagram:2759 - set Specific Code input for plugin: RCC
2023-12-15 22:40:20,537 [INFO] BlockDiagram:2759 - set Specific Code input for plugin: I2C
2023-12-15 22:40:20,538 [INFO] CodeGenerator:799 - code generatio: config db path: C:\ST\STM32CubeIDE_1.13.1\STM32CubeIDE\plugins\com.st.stm32cube.common.mx_6.9.1.202307191849\\db\
2023-12-15 22:40:20,548 [WARN] IP:2114 - I2C_Coeff_DF not found: check if there is a RefParameter without a condition.
2023-12-15 22:40:20,549 [WARN] IP:2114 - Analog_Filter not found: check if there is a RefParameter without a condition.
2023-12-15 22:40:20,783 [INFO] CodeEngine:255 - oldGeneratedFile, D:\My-Projects\Git\Temperature-Humidity-Supervisor\LoRa_Sender_Node\MXTmpFiles\license.tmp_save
2023-12-15 22:40:21,085 [INFO] CodeEngine:279 - Generated code: D:\My-Projects\Git\Temperature-Humidity-Supervisor\LoRa_Sender_Node\MXTmpFiles\license.tmp
2023-12-15 22:40:21,228 [INFO] CodeEngine:255 - oldGeneratedFile, D:\My-Projects\Git\Temperature-Humidity-Supervisor\LoRa_Sender_Node\MXTmpFiles\gpio.tmp_save
2023-12-15 22:40:21,414 [INFO] CodeEngine:279 - Generated code: D:\My-Projects\Git\Temperature-Humidity-Supervisor\LoRa_Sender_Node\MXTmpFiles\gpio.tmp
2023-12-15 22:40:21,675 [INFO] CodeEngine:255 - oldGeneratedFile, D:\My-Projects\Git\Temperature-Humidity-Supervisor\LoRa_Sender_Node\Core\Src\stm32f1xx_it.c_save
2023-12-15 22:40:21,851 [INFO] CodeEngine:279 - Generated code: D:\My-Projects\Git\Temperature-Humidity-Supervisor\LoRa_Sender_Node\Core\Src\stm32f1xx_it.c
2023-12-15 22:40:21,887 [INFO] CodeEngine:255 - oldGeneratedFile, D:\My-Projects\Git\Temperature-Humidity-Supervisor\LoRa_Sender_Node\Core\Inc\stm32f1xx_it.h_save
2023-12-15 22:40:21,978 [INFO] CodeEngine:279 - Generated code: D:\My-Projects\Git\Temperature-Humidity-Supervisor\LoRa_Sender_Node\Core\Inc\stm32f1xx_it.h
2023-12-15 22:40:22,004 [INFO] CodeEngine:255 - oldGeneratedFile, D:\My-Projects\Git\Temperature-Humidity-Supervisor\LoRa_Sender_Node\Core\Src\stm32f1xx_hal_msp.c_save
2023-12-15 22:40:22,137 [INFO] CodeEngine:279 - Generated code: D:\My-Projects\Git\Temperature-Humidity-Supervisor\LoRa_Sender_Node\Core\Src\stm32f1xx_hal_msp.c
2023-12-15 22:40:22,145 [INFO] CodeEngine:255 - oldGeneratedFile, D:\My-Projects\Git\Temperature-Humidity-Supervisor\LoRa_Sender_Node\MXTmpFiles\system.tmp_save
2023-12-15 22:40:22,215 [INFO] CodeEngine:279 - Generated code: D:\My-Projects\Git\Temperature-Humidity-Supervisor\LoRa_Sender_Node\MXTmpFiles\system.tmp
2023-12-15 22:40:22,237 [INFO] CodeEngine:311 - oldGeneratedFile, D:\My-Projects\Git\Temperature-Humidity-Supervisor\LoRa_Sender_Node\Core\Inc\stm32f1xx_hal_conf.h_save
2023-12-15 22:40:22,333 [INFO] CodeEngine:335 - Generated code: D:\My-Projects\Git\Temperature-Humidity-Supervisor\LoRa_Sender_Node\Core\Inc\stm32f1xx_hal_conf.h
2023-12-15 22:40:22,363 [WARN] IPConfigManager:3431 - IP not found : TIM
2023-12-15 22:40:22,364 [WARN] CodeGenerator:3760 - IP not found : null
2023-12-15 22:40:22,385 [INFO] CodeEngine:255 - oldGeneratedFile, D:\My-Projects\Git\Temperature-Humidity-Supervisor\LoRa_Sender_Node\Core\Inc\main.h_save
2023-12-15 22:40:22,490 [INFO] CodeEngine:279 - Generated code: D:\My-Projects\Git\Temperature-Humidity-Supervisor\LoRa_Sender_Node\Core\Inc\main.h
2023-12-15 22:40:22,514 [INFO] CodeEngine:255 - oldGeneratedFile, D:\My-Projects\Git\Temperature-Humidity-Supervisor\LoRa_Sender_Node\Core\Src\main.c_save
2023-12-15 22:40:22,654 [INFO] CodeEngine:279 - Generated code: D:\My-Projects\Git\Temperature-Humidity-Supervisor\LoRa_Sender_Node\Core\Src\main.c
2023-12-15 22:40:23,038 [INFO] ProjectBuilder:3064 - Time for Copy HAL[1] : 102mS.
2023-12-15 22:40:23,041 [INFO] ProjectBuilder:4404 - Project Generator version: 4.1.0
2023-12-15 22:40:23,148 [INFO] ConfigFileManager:1457 - The Die is : DIE410
2023-12-15 22:40:23,166 [INFO] ApiDbMcu:507 - Load IP Config File for FATFS
2023-12-15 22:40:23,175 [INFO] ApiDbMcu:507 - Load IP Config File for FREERTOS
2023-12-15 22:40:23,182 [INFO] ApiDbMcu:507 - Load IP Config File for USB_DEVICE
2023-12-15 22:40:24,016 [INFO] LogOutputStream:77 - [STDOUT_REDIRECT] 
2023-12-15 22:40:25,742 [INFO] ProjectBuilder:4626 - Time for Generating toolchain IDE Files: 2700mS.
2023-12-15 22:40:25,743 [INFO] ProjectBuilder:2935 - Time for Copy CMSIS : 0mS.
2023-12-15 22:40:25,743 [INFO] ProjectBuilder:2935 - Time for Copy CMSIS : 0mS.
2023-12-15 22:55:07,572 [INFO] Gpio:273 - dependency for GPIO [I2C1, RCC, SPI2]
2023-12-15 22:57:17,554 [INFO] UtilMem:75 - End SaveConfig() Used Memory: 800412024 Bytes (1073741824)
2023-12-15 22:57:18,563 [INFO] UtilMem:75 - End SaveConfig() Used Memory: 813305736 Bytes (1073741824)
2023-12-15 22:57:19,481 [INFO] UtilMem:75 - End SaveConfig() Used Memory: 866996600 Bytes (1073741824)
2023-12-15 22:57:19,633 [INFO] BlockDiagram:2759 - set Specific Code input for plugin: SPI
2023-12-15 22:57:19,633 [INFO] BlockDiagram:2759 - set Specific Code input for plugin: NVIC
2023-12-15 22:57:19,633 [INFO] BlockDiagram:2759 - set Specific Code input for plugin: TIM1_8F1
2023-12-15 22:57:19,633 [INFO] BlockDiagram:2759 - set Specific Code input for plugin: TIM1_8F1
2023-12-15 22:57:19,634 [INFO] BlockDiagram:2759 - set Specific Code input for plugin: TIM1_8F1
2023-12-15 22:57:19,634 [INFO] BlockDiagram:2759 - set Specific Code input for plugin: SYS
2023-12-15 22:57:19,634 [INFO] BlockDiagram:2759 - set Specific Code input for plugin: GPIO
2023-12-15 22:57:19,634 [INFO] BlockDiagram:2759 - set Specific Code input for plugin: RCC
2023-12-15 22:57:19,634 [INFO] BlockDiagram:2759 - set Specific Code input for plugin: I2C
2023-12-15 22:57:19,634 [INFO] CodeGenerator:799 - code generatio: config db path: C:\ST\STM32CubeIDE_1.13.1\STM32CubeIDE\plugins\com.st.stm32cube.common.mx_6.9.1.202307191849\\db\
2023-12-15 22:57:19,636 [WARN] IP:2114 - I2C_Coeff_DF not found: check if there is a RefParameter without a condition.
2023-12-15 22:57:19,636 [WARN] IP:2114 - Analog_Filter not found: check if there is a RefParameter without a condition.
2023-12-15 22:57:19,741 [INFO] CodeEngine:255 - oldGeneratedFile, D:\My-Projects\Git\Temperature-Humidity-Supervisor\LoRa_Sender_Node\MXTmpFiles\license.tmp_save
2023-12-15 22:57:19,844 [INFO] CodeEngine:279 - Generated code: D:\My-Projects\Git\Temperature-Humidity-Supervisor\LoRa_Sender_Node\MXTmpFiles\license.tmp
2023-12-15 22:57:19,859 [INFO] CodeEngine:255 - oldGeneratedFile, D:\My-Projects\Git\Temperature-Humidity-Supervisor\LoRa_Sender_Node\MXTmpFiles\gpio.tmp_save
2023-12-15 22:57:19,988 [INFO] CodeEngine:279 - Generated code: D:\My-Projects\Git\Temperature-Humidity-Supervisor\LoRa_Sender_Node\MXTmpFiles\gpio.tmp
2023-12-15 22:57:20,114 [INFO] CodeEngine:255 - oldGeneratedFile, D:\My-Projects\Git\Temperature-Humidity-Supervisor\LoRa_Sender_Node\Core\Src\stm32f1xx_it.c_save
2023-12-15 22:57:20,354 [INFO] CodeEngine:279 - Generated code: D:\My-Projects\Git\Temperature-Humidity-Supervisor\LoRa_Sender_Node\Core\Src\stm32f1xx_it.c
2023-12-15 22:57:20,369 [INFO] CodeEngine:255 - oldGeneratedFile, D:\My-Projects\Git\Temperature-Humidity-Supervisor\LoRa_Sender_Node\Core\Inc\stm32f1xx_it.h_save
2023-12-15 22:57:20,406 [INFO] CodeEngine:279 - Generated code: D:\My-Projects\Git\Temperature-Humidity-Supervisor\LoRa_Sender_Node\Core\Inc\stm32f1xx_it.h
2023-12-15 22:57:20,423 [INFO] CodeEngine:255 - oldGeneratedFile, D:\My-Projects\Git\Temperature-Humidity-Supervisor\LoRa_Sender_Node\Core\Src\stm32f1xx_hal_msp.c_save
2023-12-15 22:57:20,517 [INFO] CodeEngine:279 - Generated code: D:\My-Projects\Git\Temperature-Humidity-Supervisor\LoRa_Sender_Node\Core\Src\stm32f1xx_hal_msp.c
2023-12-15 22:57:20,519 [INFO] CodeEngine:255 - oldGeneratedFile, D:\My-Projects\Git\Temperature-Humidity-Supervisor\LoRa_Sender_Node\MXTmpFiles\system.tmp_save
2023-12-15 22:57:20,567 [INFO] CodeEngine:279 - Generated code: D:\My-Projects\Git\Temperature-Humidity-Supervisor\LoRa_Sender_Node\MXTmpFiles\system.tmp
2023-12-15 22:57:20,585 [INFO] CodeEngine:311 - oldGeneratedFile, D:\My-Projects\Git\Temperature-Humidity-Supervisor\LoRa_Sender_Node\Core\Inc\stm32f1xx_hal_conf.h_save
2023-12-15 22:57:20,684 [INFO] CodeEngine:335 - Generated code: D:\My-Projects\Git\Temperature-Humidity-Supervisor\LoRa_Sender_Node\Core\Inc\stm32f1xx_hal_conf.h
2023-12-15 22:57:20,707 [WARN] IPConfigManager:3431 - IP not found : TIM
2023-12-15 22:57:20,707 [WARN] CodeGenerator:3760 - IP not found : null
2023-12-15 22:57:20,725 [INFO] CodeEngine:255 - oldGeneratedFile, D:\My-Projects\Git\Temperature-Humidity-Supervisor\LoRa_Sender_Node\Core\Inc\main.h_save
2023-12-15 22:57:20,843 [INFO] CodeEngine:279 - Generated code: D:\My-Projects\Git\Temperature-Humidity-Supervisor\LoRa_Sender_Node\Core\Inc\main.h
2023-12-15 22:57:20,866 [INFO] CodeEngine:255 - oldGeneratedFile, D:\My-Projects\Git\Temperature-Humidity-Supervisor\LoRa_Sender_Node\Core\Src\main.c_save
2023-12-15 22:57:20,986 [INFO] CodeEngine:279 - Generated code: D:\My-Projects\Git\Temperature-Humidity-Supervisor\LoRa_Sender_Node\Core\Src\main.c
2023-12-15 22:57:21,309 [INFO] ProjectBuilder:3064 - Time for Copy HAL[1] : 74mS.
2023-12-15 22:57:21,312 [INFO] ProjectBuilder:4404 - Project Generator version: 4.1.0
2023-12-15 22:57:21,402 [INFO] ConfigFileManager:1457 - The Die is : DIE410
2023-12-15 22:57:22,210 [INFO] ProjectBuilder:4626 - Time for Generating toolchain IDE Files: 898mS.
2023-12-15 22:57:22,211 [INFO] ProjectBuilder:2935 - Time for Copy CMSIS : 0mS.
2023-12-15 22:57:22,213 [INFO] ProjectBuilder:2935 - Time for Copy CMSIS : 0mS.
2023-12-15 22:59:51,922 [INFO] UtilMem:75 - End SaveConfig() Used Memory: 635020848 Bytes (1073741824)
2023-12-15 22:59:52,807 [INFO] UtilMem:75 - End SaveConfig() Used Memory: 647525120 Bytes (1073741824)
2023-12-15 22:59:54,264 [INFO] UtilMem:75 - End SaveConfig() Used Memory: 672885520 Bytes (1073741824)
2023-12-15 22:59:54,408 [INFO] BlockDiagram:2759 - set Specific Code input for plugin: SPI
2023-12-15 22:59:54,408 [INFO] BlockDiagram:2759 - set Specific Code input for plugin: NVIC
2023-12-15 22:59:54,408 [INFO] BlockDiagram:2759 - set Specific Code input for plugin: TIM1_8F1
2023-12-15 22:59:54,408 [INFO] BlockDiagram:2759 - set Specific Code input for plugin: TIM1_8F1
2023-12-15 22:59:54,408 [INFO] BlockDiagram:2759 - set Specific Code input for plugin: TIM1_8F1
2023-12-15 22:59:54,408 [INFO] BlockDiagram:2759 - set Specific Code input for plugin: SYS
2023-12-15 22:59:54,408 [INFO] BlockDiagram:2759 - set Specific Code input for plugin: GPIO
2023-12-15 22:59:54,408 [INFO] BlockDiagram:2759 - set Specific Code input for plugin: RCC
2023-12-15 22:59:54,408 [INFO] BlockDiagram:2759 - set Specific Code input for plugin: I2C
2023-12-15 22:59:54,409 [INFO] CodeGenerator:799 - code generatio: config db path: C:\ST\STM32CubeIDE_1.13.1\STM32CubeIDE\plugins\com.st.stm32cube.common.mx_6.9.1.202307191849\\db\
2023-12-15 22:59:54,410 [WARN] IP:2114 - I2C_Coeff_DF not found: check if there is a RefParameter without a condition.
2023-12-15 22:59:54,410 [WARN] IP:2114 - Analog_Filter not found: check if there is a RefParameter without a condition.
2023-12-15 22:59:54,479 [INFO] CodeEngine:255 - oldGeneratedFile, D:\My-Projects\Git\Temperature-Humidity-Supervisor\LoRa_Sender_Node\MXTmpFiles\license.tmp_save
2023-12-15 22:59:54,567 [INFO] CodeEngine:279 - Generated code: D:\My-Projects\Git\Temperature-Humidity-Supervisor\LoRa_Sender_Node\MXTmpFiles\license.tmp
2023-12-15 22:59:54,582 [INFO] CodeEngine:255 - oldGeneratedFile, D:\My-Projects\Git\Temperature-Humidity-Supervisor\LoRa_Sender_Node\MXTmpFiles\gpio.tmp_save
2023-12-15 22:59:54,661 [INFO] CodeEngine:279 - Generated code: D:\My-Projects\Git\Temperature-Humidity-Supervisor\LoRa_Sender_Node\MXTmpFiles\gpio.tmp
2023-12-15 22:59:54,736 [INFO] CodeEngine:255 - oldGeneratedFile, D:\My-Projects\Git\Temperature-Humidity-Supervisor\LoRa_Sender_Node\Core\Src\stm32f1xx_it.c_save
2023-12-15 22:59:54,822 [INFO] CodeEngine:279 - Generated code: D:\My-Projects\Git\Temperature-Humidity-Supervisor\LoRa_Sender_Node\Core\Src\stm32f1xx_it.c
2023-12-15 22:59:54,829 [INFO] CodeEngine:255 - oldGeneratedFile, D:\My-Projects\Git\Temperature-Humidity-Supervisor\LoRa_Sender_Node\Core\Inc\stm32f1xx_it.h_save
2023-12-15 22:59:54,861 [INFO] CodeEngine:279 - Generated code: D:\My-Projects\Git\Temperature-Humidity-Supervisor\LoRa_Sender_Node\Core\Inc\stm32f1xx_it.h
2023-12-15 22:59:54,881 [INFO] CodeEngine:255 - oldGeneratedFile, D:\My-Projects\Git\Temperature-Humidity-Supervisor\LoRa_Sender_Node\Core\Src\stm32f1xx_hal_msp.c_save
2023-12-15 22:59:54,998 [INFO] CodeEngine:279 - Generated code: D:\My-Projects\Git\Temperature-Humidity-Supervisor\LoRa_Sender_Node\Core\Src\stm32f1xx_hal_msp.c
2023-12-15 22:59:55,000 [INFO] CodeEngine:255 - oldGeneratedFile, D:\My-Projects\Git\Temperature-Humidity-Supervisor\LoRa_Sender_Node\MXTmpFiles\system.tmp_save
2023-12-15 22:59:55,030 [INFO] CodeEngine:279 - Generated code: D:\My-Projects\Git\Temperature-Humidity-Supervisor\LoRa_Sender_Node\MXTmpFiles\system.tmp
2023-12-15 22:59:55,074 [INFO] CodeEngine:311 - oldGeneratedFile, D:\My-Projects\Git\Temperature-Humidity-Supervisor\LoRa_Sender_Node\Core\Inc\stm32f1xx_hal_conf.h_save
2023-12-15 22:59:55,195 [INFO] CodeEngine:335 - Generated code: D:\My-Projects\Git\Temperature-Humidity-Supervisor\LoRa_Sender_Node\Core\Inc\stm32f1xx_hal_conf.h
2023-12-15 22:59:55,223 [WARN] IPConfigManager:3431 - IP not found : TIM
2023-12-15 22:59:55,224 [WARN] CodeGenerator:3760 - IP not found : null
2023-12-15 22:59:55,241 [INFO] CodeEngine:255 - oldGeneratedFile, D:\My-Projects\Git\Temperature-Humidity-Supervisor\LoRa_Sender_Node\Core\Inc\main.h_save
2023-12-15 22:59:55,323 [INFO] CodeEngine:279 - Generated code: D:\My-Projects\Git\Temperature-Humidity-Supervisor\LoRa_Sender_Node\Core\Inc\main.h
2023-12-15 22:59:55,345 [INFO] CodeEngine:255 - oldGeneratedFile, D:\My-Projects\Git\Temperature-Humidity-Supervisor\LoRa_Sender_Node\Core\Src\main.c_save
2023-12-15 22:59:55,462 [INFO] CodeEngine:279 - Generated code: D:\My-Projects\Git\Temperature-Humidity-Supervisor\LoRa_Sender_Node\Core\Src\main.c
2023-12-15 22:59:55,745 [INFO] ProjectBuilder:3064 - Time for Copy HAL[1] : 62mS.
2023-12-15 22:59:55,747 [INFO] ProjectBuilder:4404 - Project Generator version: 4.1.0
2023-12-15 22:59:55,874 [INFO] ConfigFileManager:1457 - The Die is : DIE410
2023-12-15 22:59:56,563 [INFO] ProjectBuilder:4626 - Time for Generating toolchain IDE Files: 816mS.
2023-12-15 22:59:56,563 [INFO] ProjectBuilder:2935 - Time for Copy CMSIS : 0mS.
2023-12-15 22:59:56,565 [INFO] ProjectBuilder:2935 - Time for Copy CMSIS : 0mS.
2023-12-15 23:14:27,049 [INFO] Gpio:273 - dependency for GPIO [I2C1, RCC, SPI2]
2023-12-15 23:14:48,260 [INFO] UtilMem:75 - End SaveConfig() Used Memory: 616164384 Bytes (1073741824)
2023-12-15 23:14:50,369 [INFO] UtilMem:75 - End SaveConfig() Used Memory: 628658720 Bytes (1073741824)
2023-12-15 23:14:51,097 [INFO] UtilMem:75 - End SaveConfig() Used Memory: 652249632 Bytes (1073741824)
2023-12-15 23:14:51,205 [INFO] BlockDiagram:2759 - set Specific Code input for plugin: SPI
2023-12-15 23:14:51,205 [INFO] BlockDiagram:2759 - set Specific Code input for plugin: NVIC
2023-12-15 23:14:51,205 [INFO] BlockDiagram:2759 - set Specific Code input for plugin: TIM1_8F1
2023-12-15 23:14:51,205 [INFO] BlockDiagram:2759 - set Specific Code input for plugin: TIM1_8F1
2023-12-15 23:14:51,205 [INFO] BlockDiagram:2759 - set Specific Code input for plugin: TIM1_8F1
2023-12-15 23:14:51,205 [INFO] BlockDiagram:2759 - set Specific Code input for plugin: SYS
2023-12-15 23:14:51,205 [INFO] BlockDiagram:2759 - set Specific Code input for plugin: GPIO
2023-12-15 23:14:51,205 [INFO] BlockDiagram:2759 - set Specific Code input for plugin: RCC
2023-12-15 23:14:51,205 [INFO] BlockDiagram:2759 - set Specific Code input for plugin: I2C
2023-12-15 23:14:51,205 [INFO] CodeGenerator:799 - code generatio: config db path: C:\ST\STM32CubeIDE_1.13.1\STM32CubeIDE\plugins\com.st.stm32cube.common.mx_6.9.1.202307191849\\db\
2023-12-15 23:14:51,206 [WARN] IP:2114 - I2C_Coeff_DF not found: check if there is a RefParameter without a condition.
2023-12-15 23:14:51,206 [WARN] IP:2114 - Analog_Filter not found: check if there is a RefParameter without a condition.
2023-12-15 23:14:51,260 [INFO] CodeEngine:255 - oldGeneratedFile, D:\My-Projects\Git\Temperature-Humidity-Supervisor\LoRa_Sender_Node\MXTmpFiles\license.tmp_save
2023-12-15 23:14:51,368 [INFO] CodeEngine:279 - Generated code: D:\My-Projects\Git\Temperature-Humidity-Supervisor\LoRa_Sender_Node\MXTmpFiles\license.tmp
2023-12-15 23:14:51,379 [INFO] CodeEngine:255 - oldGeneratedFile, D:\My-Projects\Git\Temperature-Humidity-Supervisor\LoRa_Sender_Node\MXTmpFiles\gpio.tmp_save
2023-12-15 23:14:51,508 [INFO] CodeEngine:279 - Generated code: D:\My-Projects\Git\Temperature-Humidity-Supervisor\LoRa_Sender_Node\MXTmpFiles\gpio.tmp
2023-12-15 23:14:51,635 [INFO] CodeEngine:255 - oldGeneratedFile, D:\My-Projects\Git\Temperature-Humidity-Supervisor\LoRa_Sender_Node\Core\Src\stm32f1xx_it.c_save
2023-12-15 23:14:51,781 [INFO] CodeEngine:279 - Generated code: D:\My-Projects\Git\Temperature-Humidity-Supervisor\LoRa_Sender_Node\Core\Src\stm32f1xx_it.c
2023-12-15 23:14:51,785 [INFO] CodeEngine:255 - oldGeneratedFile, D:\My-Projects\Git\Temperature-Humidity-Supervisor\LoRa_Sender_Node\Core\Inc\stm32f1xx_it.h_save
2023-12-15 23:14:51,817 [INFO] CodeEngine:279 - Generated code: D:\My-Projects\Git\Temperature-Humidity-Supervisor\LoRa_Sender_Node\Core\Inc\stm32f1xx_it.h
2023-12-15 23:14:51,835 [INFO] CodeEngine:255 - oldGeneratedFile, D:\My-Projects\Git\Temperature-Humidity-Supervisor\LoRa_Sender_Node\Core\Src\stm32f1xx_hal_msp.c_save
2023-12-15 23:14:51,963 [INFO] CodeEngine:279 - Generated code: D:\My-Projects\Git\Temperature-Humidity-Supervisor\LoRa_Sender_Node\Core\Src\stm32f1xx_hal_msp.c
2023-12-15 23:14:51,966 [INFO] CodeEngine:255 - oldGeneratedFile, D:\My-Projects\Git\Temperature-Humidity-Supervisor\LoRa_Sender_Node\MXTmpFiles\system.tmp_save
2023-12-15 23:14:52,014 [INFO] CodeEngine:279 - Generated code: D:\My-Projects\Git\Temperature-Humidity-Supervisor\LoRa_Sender_Node\MXTmpFiles\system.tmp
2023-12-15 23:14:52,052 [INFO] CodeEngine:311 - oldGeneratedFile, D:\My-Projects\Git\Temperature-Humidity-Supervisor\LoRa_Sender_Node\Core\Inc\stm32f1xx_hal_conf.h_save
2023-12-15 23:14:52,147 [INFO] CodeEngine:335 - Generated code: D:\My-Projects\Git\Temperature-Humidity-Supervisor\LoRa_Sender_Node\Core\Inc\stm32f1xx_hal_conf.h
2023-12-15 23:14:52,164 [WARN] IPConfigManager:3431 - IP not found : TIM
2023-12-15 23:14:52,164 [WARN] CodeGenerator:3760 - IP not found : null
2023-12-15 23:14:52,181 [INFO] CodeEngine:255 - oldGeneratedFile, D:\My-Projects\Git\Temperature-Humidity-Supervisor\LoRa_Sender_Node\Core\Inc\main.h_save
2023-12-15 23:14:52,276 [INFO] CodeEngine:279 - Generated code: D:\My-Projects\Git\Temperature-Humidity-Supervisor\LoRa_Sender_Node\Core\Inc\main.h
2023-12-15 23:14:52,296 [INFO] CodeEngine:255 - oldGeneratedFile, D:\My-Projects\Git\Temperature-Humidity-Supervisor\LoRa_Sender_Node\Core\Src\main.c_save
2023-12-15 23:14:52,408 [INFO] CodeEngine:279 - Generated code: D:\My-Projects\Git\Temperature-Humidity-Supervisor\LoRa_Sender_Node\Core\Src\main.c
2023-12-15 23:14:52,711 [INFO] ProjectBuilder:3064 - Time for Copy HAL[1] : 86mS.
2023-12-15 23:14:52,714 [INFO] ProjectBuilder:4404 - Project Generator version: 4.1.0
2023-12-15 23:14:52,856 [INFO] ConfigFileManager:1457 - The Die is : DIE410
2023-12-15 23:14:53,508 [INFO] ProjectBuilder:4626 - Time for Generating toolchain IDE Files: 796mS.
2023-12-15 23:14:53,509 [INFO] ProjectBuilder:2935 - Time for Copy CMSIS : 1mS.
2023-12-15 23:14:53,510 [INFO] ProjectBuilder:2935 - Time for Copy CMSIS : 0mS.
