2023-11-27 12:13:05,824 [INFO] Activator:176 - 


2023-11-27 12:13:05,829 [INFO] Activator:177 - !SESSION log4j initialized
2023-11-27 12:13:12,989 [INFO] LogOutputStream:77 - [STDOUT_REDIRECT] 
2023-11-27 12:13:20,273 [INFO] ApplicationProperties:184 - Using Application install path: C:\ST\STM32CubeIDE_1.13.1\STM32CubeIDE\plugins\com.st.stm32cube.common.mx_6.9.1.202307191849
2023-11-27 12:13:20,315 [INFO] DbMcusXml:78 - Set database path to: C:\ST\STM32CubeIDE_1.13.1\STM32CubeIDE\plugins\com.st.stm32cube.common.mx_6.9.1.202307191849\\db\/mcu/
2023-11-27 12:13:20,315 [INFO] ApiDb:274 - Set plugin database path to: C:\ST\STM32CubeIDE_1.13.1\STM32CubeIDE\plugins\com.st.stm32cube.common.mx_6.9.1.202307191849\\db\/plugins/boardmanager/
2023-11-27 12:13:20,315 [WARN] ApiDb:259 - Overriding images path with different value:  => C:\ST\STM32CubeIDE_1.13.1\STM32CubeIDE\plugins\com.st.stm32cube.common.mx_6.9.1.202307191849\\db\/plugins/mcufinder/images/
2023-11-27 12:13:20,350 [INFO] ApiDb:250 - Set database path to: C:\Users\acer\.stmcufinder\plugins\mcufinder//mcu/
2023-11-27 12:13:20,352 [INFO] DbMcusAds:125 - Set database path to: C:\Users\acer\.stmcufinder\plugins\mcufinder//mcu/
2023-11-27 12:13:20,357 [INFO] CrossReferenceDbSqlite:203 - Set database path to: C:\Users\acer\.stmcufinder\plugins\mcufinder//mcu/cs/
2023-11-27 12:13:20,593 [INFO] RulesReader:64 - Compatibility file has been processed (293 Rules)
2023-11-27 12:13:20,801 [INFO] DbMcusXml:78 - Set database path to: C:\ST\STM32CubeIDE_1.13.1\STM32CubeIDE\plugins\com.st.stm32cube.common.mx_6.9.1.202307191849\\db\/mcu/
2023-11-27 12:13:20,802 [INFO] ApiDb:274 - Set plugin database path to: C:\ST\STM32CubeIDE_1.13.1\STM32CubeIDE\plugins\com.st.stm32cube.common.mx_6.9.1.202307191849\\db\/plugins/boardmanager/
2023-11-27 12:13:20,802 [INFO] ApiDb:261 - Set plugin images path to: C:\ST\STM32CubeIDE_1.13.1\STM32CubeIDE\plugins\com.st.stm32cube.common.mx_6.9.1.202307191849\\db\/plugins/mcufinder/images/
2023-11-27 12:13:20,802 [WARN] DbFile:41 - Overriding database path with different value: C:\Users\acer\.stmcufinder\plugins\mcufinder/ => C:\Users\acer\.stmcufinder\plugins\mcufinder
2023-11-27 12:13:20,802 [INFO] ApiDb:250 - Set database path to: C:\Users\acer\.stmcufinder\plugins\mcufinder//mcu/
2023-11-27 12:13:20,802 [WARN] DbFile:41 - Overriding database path with different value: C:\Users\acer\.stmcufinder\plugins\mcufinder/ => C:\Users\acer\.stmcufinder\plugins\mcufinder
2023-11-27 12:13:20,802 [INFO] DbMcusAds:125 - Set database path to: C:\Users\acer\.stmcufinder\plugins\mcufinder//mcu/
2023-11-27 12:13:20,802 [WARN] DbFile:41 - Overriding database path with different value: C:\Users\acer\.stmcufinder\plugins\mcufinder/ => C:\Users\acer\.stmcufinder\plugins\mcufinder
2023-11-27 12:13:20,802 [WARN] DbFile:41 - Overriding database path with different value: C:\Users\acer\.stmcufinder\plugins\mcufinder/ => C:\Users\acer\.stmcufinder\plugins\mcufinder
2023-11-27 12:13:20,802 [INFO] CrossReferenceDbSqlite:203 - Set database path to: C:\Users\acer\.stmcufinder\plugins\mcufinder//mcu/cs/
2023-11-27 12:13:20,996 [INFO] MainPanel:262 - HeapMemory: 268435456
2023-11-27 12:13:21,199 [INFO] DbMcusXml:78 - Set database path to: C:\ST\STM32CubeIDE_1.13.1\STM32CubeIDE\plugins\com.st.stm32cube.common.mx_6.9.1.202307191849\\db\/mcu/
2023-11-27 12:13:21,199 [INFO] ApiDb:274 - Set plugin database path to: C:\ST\STM32CubeIDE_1.13.1\STM32CubeIDE\plugins\com.st.stm32cube.common.mx_6.9.1.202307191849\\db\/plugins/boardmanager/
2023-11-27 12:13:21,199 [INFO] ApiDb:261 - Set plugin images path to: C:\ST\STM32CubeIDE_1.13.1\STM32CubeIDE\plugins\com.st.stm32cube.common.mx_6.9.1.202307191849\\db\/plugins/mcufinder/images/
2023-11-27 12:13:21,199 [WARN] DbFile:41 - Overriding database path with different value: C:\Users\acer\.stmcufinder\plugins\mcufinder/ => C:\Users\acer\.stmcufinder\plugins\mcufinder
2023-11-27 12:13:21,199 [INFO] ApiDb:250 - Set database path to: C:\Users\acer\.stmcufinder\plugins\mcufinder//mcu/
2023-11-27 12:13:21,199 [WARN] DbFile:41 - Overriding database path with different value: C:\Users\acer\.stmcufinder\plugins\mcufinder/ => C:\Users\acer\.stmcufinder\plugins\mcufinder
2023-11-27 12:13:21,204 [INFO] DbMcusAds:125 - Set database path to: C:\Users\acer\.stmcufinder\plugins\mcufinder//mcu/
2023-11-27 12:13:21,204 [WARN] DbFile:41 - Overriding database path with different value: C:\Users\acer\.stmcufinder\plugins\mcufinder/ => C:\Users\acer\.stmcufinder\plugins\mcufinder
2023-11-27 12:13:21,204 [WARN] DbFile:41 - Overriding database path with different value: C:\Users\acer\.stmcufinder\plugins\mcufinder/ => C:\Users\acer\.stmcufinder\plugins\mcufinder
2023-11-27 12:13:21,204 [INFO] CrossReferenceDbSqlite:203 - Set database path to: C:\Users\acer\.stmcufinder\plugins\mcufinder//mcu/cs/
2023-11-27 12:13:21,246 [INFO] ApplicationProperties:184 - Using Application install path: C:\ST\STM32CubeIDE_1.13.1\STM32CubeIDE\plugins\com.st.stm32cube.common.mx_6.9.1.202307191849
2023-11-27 12:13:21,247 [INFO] PluginManage:196 - Search for loadable plugins [exclusion list=, ]
2023-11-27 12:13:21,252 [INFO] PluginManage:310 - Check plugin analytics
2023-11-27 12:13:26,565 [INFO] AnalyticsPlugin:253 - Accepted Software Licenses: STM32CubeMX.6.9.1
2023-11-27 12:13:26,565 [INFO] AnalyticsPlugin:255 - Accepted CMSIS Pack Licenses: 
2023-11-27 12:13:26,565 [INFO] AnalyticsPlugin:257 - Accepted Firmware Licenses: FW.F4.1.27.0
2023-11-27 12:13:26,579 [INFO] PluginManage:359 - Loaded plugin analytics (category:tool,tabindex:-1)
2023-11-27 12:13:26,579 [INFO] PluginManage:310 - Check plugin cadmodel
2023-11-27 12:13:26,607 [INFO] CADModel:105 - Init CAD model plugin
2023-11-27 12:13:26,607 [INFO] PluginManage:359 - Loaded plugin cadmodel (category:power,tabindex:5)
2023-11-27 12:13:26,607 [INFO] PluginManage:310 - Check plugin clock
2023-11-27 12:13:26,641 [INFO] PluginManage:359 - Loaded plugin clock (category:base,tabindex:2)
2023-11-27 12:13:26,641 [INFO] PluginManage:310 - Check plugin ddr
2023-11-27 12:13:26,648 [INFO] PluginManage:359 - Loaded plugin ddr (category:tool,tabindex:6)
2023-11-27 12:13:26,648 [INFO] PluginManage:310 - Check plugin filemanager
2023-11-27 12:13:26,947 [INFO] PluginManage:359 - Loaded plugin filemanager (category:base,tabindex:10)
2023-11-27 12:13:26,947 [INFO] PluginManage:310 - Check plugin ipmanager
2023-11-27 12:13:26,970 [INFO] PluginManage:359 - Loaded plugin ipmanager (category:base,tabindex:5)
2023-11-27 12:13:26,970 [INFO] PluginManage:310 - Check plugin lpbam
2023-11-27 12:13:26,996 [INFO] PluginManage:359 - Loaded plugin lpbam (category:base,tabindex:0)
2023-11-27 12:13:26,996 [INFO] PluginManage:310 - Check plugin memorymap
2023-11-27 12:13:27,037 [INFO] PluginManage:359 - Loaded plugin memorymap (category:base,tabindex:4)
2023-11-27 12:13:27,037 [INFO] PluginManage:310 - Check plugin pinoutandconfiguration
2023-11-27 12:13:27,079 [INFO] PluginManage:359 - Loaded plugin pinoutandconfiguration (category:base,tabindex:1)
2023-11-27 12:13:27,079 [INFO] PluginManage:310 - Check plugin pinoutconfig
2023-11-27 12:13:27,280 [WARN] SupportedApi:132 - Cannot load RTOS API schema: s4s-elt-must-match.1: The content of 'definitions' must match (annotation?, (simpleType | complexType)?, (unique | key | keyref)*)). A problem was found starting at: attribute.
2023-11-27 12:13:27,598 [INFO] PluginManage:359 - Loaded plugin pinoutconfig (category:base,tabindex:0)
2023-11-27 12:13:27,598 [INFO] PluginManage:310 - Check plugin power
2023-11-27 12:13:27,641 [INFO] PluginManage:359 - Loaded plugin power (category:power,tabindex:4)
2023-11-27 12:13:27,641 [INFO] PluginManage:310 - Check plugin projectmanager
2023-11-27 12:13:27,676 [INFO] PluginManage:359 - Loaded plugin projectmanager (category:projectmanager,tabindex:3)
2023-11-27 12:13:27,676 [INFO] PluginManage:310 - Check plugin thirdparty
2023-11-27 12:13:28,127 [WARN] IntegrityCheckThread:84 - waiting for thirdparty lock release [integrity check]
2023-11-27 12:13:28,127 [INFO] PluginManage:359 - Loaded plugin thirdparty (category:base,tabindex:-1)
2023-11-27 12:13:28,127 [INFO] IntegrityCheckThread:86 - entering critical section [integrity check]
2023-11-27 12:13:28,127 [INFO] PluginManage:310 - Check plugin tools
2023-11-27 12:13:28,127 [INFO] ThirdPartyUpdaterWithRetryManager:70 - Updater plugin not ready yet. [1/15]
2023-11-27 12:13:28,190 [INFO] PluginManage:359 - Loaded plugin tools (category:base,tabindex:7)
2023-11-27 12:13:28,190 [INFO] PluginManage:310 - Check plugin tutovideos
2023-11-27 12:13:28,586 [INFO] PluginManage:359 - Loaded plugin tutovideos (category:base,tabindex:-1)
2023-11-27 12:13:28,586 [INFO] PluginManage:310 - Check plugin updater
2023-11-27 12:13:28,610 [INFO] PluginManage:359 - Loaded plugin updater (category:base,tabindex:12)
2023-11-27 12:13:28,610 [INFO] PluginManage:310 - Check plugin userauth
2023-11-27 12:13:28,620 [INFO] UserAuth:113 - Init User Auth plugin
2023-11-27 12:13:28,620 [INFO] PluginManage:359 - Loaded plugin userauth (category:base,tabindex:14)
2023-11-27 12:13:28,620 [INFO] PluginManage:283 - PluginManage : Loaded plugins [17]
2023-11-27 12:13:29,059 [INFO] PinOutPanel:1499 - setPackage(No Configuration,No Configuration)
2023-11-27 12:13:29,266 [INFO] CADModel:165 - CPN selected for project level
2023-11-27 12:13:29,266 [INFO] CADModel:114 - Register for checkConnection events
2023-11-27 12:13:29,315 [INFO] IPUIPlugin:80 - create IPUIPlugin
2023-11-27 12:13:29,315 [INFO] PluginManager:220 - loadIPPluginJar : add adc
2023-11-27 12:13:29,378 [INFO] IPUIPlugin:80 - create IPUIPlugin
2023-11-27 12:13:29,378 [INFO] PluginManager:220 - loadIPPluginJar : add aes
2023-11-27 12:13:29,454 [INFO] IPUIPlugin:80 - create IPUIPlugin
2023-11-27 12:13:29,454 [INFO] PluginManager:220 - loadIPPluginJar : add can
2023-11-27 12:13:29,495 [INFO] IPUIPlugin:80 - create IPUIPlugin
2023-11-27 12:13:29,495 [INFO] PluginManager:220 - loadIPPluginJar : add comp
2023-11-27 12:13:29,552 [INFO] IPUIPlugin:80 - create IPUIPlugin
2023-11-27 12:13:29,552 [INFO] PluginManager:220 - loadIPPluginJar : add cryp
2023-11-27 12:13:29,613 [INFO] IPUIPlugin:80 - create IPUIPlugin
2023-11-27 12:13:29,613 [INFO] PluginManager:220 - loadIPPluginJar : add dfsdm
2023-11-27 12:13:29,634 [INFO] IPUIPlugin:80 - create IPUIPlugin
2023-11-27 12:13:29,634 [INFO] PluginManager:220 - loadIPPluginJar : add dma
2023-11-27 12:13:29,711 [INFO] IPUIPlugin:80 - create IPUIPlugin
2023-11-27 12:13:29,711 [INFO] PluginManager:220 - loadIPPluginJar : add dma3
2023-11-27 12:13:29,745 [INFO] IPUIPlugin:80 - create IPUIPlugin
2023-11-27 12:13:29,751 [INFO] PluginManager:220 - loadIPPluginJar : add fatfs
2023-11-27 12:13:29,836 [INFO] IPUIPlugin:80 - create IPUIPlugin
2023-11-27 12:13:29,836 [INFO] PluginManager:220 - loadIPPluginJar : add fmc
2023-11-27 12:13:29,863 [INFO] IPUIPlugin:80 - create IPUIPlugin
2023-11-27 12:13:29,863 [INFO] PluginManager:220 - loadIPPluginJar : add freertos
2023-11-27 12:13:29,891 [INFO] IPUIPlugin:80 - create IPUIPlugin
2023-11-27 12:13:29,891 [INFO] PluginManager:220 - loadIPPluginJar : add genericplugin
2023-11-27 12:13:30,072 [INFO] IPUIPlugin:80 - create IPUIPlugin
2023-11-27 12:13:30,072 [INFO] PluginManager:220 - loadIPPluginJar : add gfxmmu
2023-11-27 12:13:30,329 [INFO] IPUIPlugin:80 - create IPUIPlugin
2023-11-27 12:13:30,329 [INFO] PluginManager:220 - loadIPPluginJar : add gic
2023-11-27 12:13:30,357 [INFO] IPUIPlugin:80 - create IPUIPlugin
2023-11-27 12:13:30,357 [INFO] PluginManager:220 - loadIPPluginJar : add gpio
2023-11-27 12:13:30,530 [INFO] IPUIPlugin:80 - create IPUIPlugin
2023-11-27 12:13:30,530 [INFO] PluginManager:220 - loadIPPluginJar : add gtzc
2023-11-27 12:13:30,586 [INFO] IPUIPlugin:80 - create IPUIPlugin
2023-11-27 12:13:30,586 [INFO] PluginManager:220 - loadIPPluginJar : add hash
2023-11-27 12:13:30,690 [INFO] IPUIPlugin:80 - create IPUIPlugin
2023-11-27 12:13:30,690 [INFO] PluginManager:220 - loadIPPluginJar : add i2c
2023-11-27 12:13:30,754 [INFO] IPUIPlugin:80 - create IPUIPlugin
2023-11-27 12:13:30,754 [INFO] PluginManager:220 - loadIPPluginJar : add i2s
2023-11-27 12:13:30,835 [INFO] IPUIPlugin:80 - create IPUIPlugin
2023-11-27 12:13:30,836 [INFO] PluginManager:220 - loadIPPluginJar : add i3c
2023-11-27 12:13:31,038 [INFO] IPUIPlugin:80 - create IPUIPlugin
2023-11-27 12:13:31,038 [INFO] PluginManager:220 - loadIPPluginJar : add ipddr
2023-11-27 12:13:31,134 [INFO] ThirdPartyUpdaterWithRetryManager:70 - Updater plugin not ready yet. [2/15]
2023-11-27 12:13:31,215 [INFO] IPUIPlugin:80 - create IPUIPlugin
2023-11-27 12:13:31,215 [INFO] PluginManager:220 - loadIPPluginJar : add linkedlist
2023-11-27 12:13:31,273 [INFO] IPUIPlugin:80 - create IPUIPlugin
2023-11-27 12:13:31,273 [INFO] PluginManager:220 - loadIPPluginJar : add lorawan
2023-11-27 12:13:31,331 [INFO] IPUIPlugin:80 - create IPUIPlugin
2023-11-27 12:13:31,331 [INFO] PluginManager:220 - loadIPPluginJar : add ltdc
2023-11-27 12:13:31,356 [INFO] IPUIPlugin:80 - create IPUIPlugin
2023-11-27 12:13:31,357 [INFO] PluginManager:220 - loadIPPluginJar : add mdma
2023-11-27 12:13:31,371 [INFO] IPUIPlugin:80 - create IPUIPlugin
2023-11-27 12:13:31,377 [INFO] PluginManager:220 - loadIPPluginJar : add nvic
2023-11-27 12:13:31,440 [INFO] IPUIPlugin:80 - create IPUIPlugin
2023-11-27 12:13:31,440 [INFO] PluginManager:220 - loadIPPluginJar : add opamp
2023-11-27 12:13:31,559 [INFO] IPUIPlugin:80 - create IPUIPlugin
2023-11-27 12:13:31,559 [INFO] PluginManager:220 - loadIPPluginJar : add openamp
2023-11-27 12:13:31,642 [INFO] IPUIPlugin:80 - create IPUIPlugin
2023-11-27 12:13:31,642 [INFO] PluginManager:220 - loadIPPluginJar : add pdm2pcm
2023-11-27 12:13:31,664 [INFO] IPUIPlugin:80 - create IPUIPlugin
2023-11-27 12:13:31,672 [INFO] PluginManager:220 - loadIPPluginJar : add plateformsettings
2023-11-27 12:13:31,706 [INFO] IPUIPlugin:80 - create IPUIPlugin
2023-11-27 12:13:31,706 [INFO] PluginManager:220 - loadIPPluginJar : add quadspi
2023-11-27 12:13:31,731 [INFO] IPUIPlugin:80 - create IPUIPlugin
2023-11-27 12:13:31,731 [INFO] PluginManager:220 - loadIPPluginJar : add resmgrutility
2023-11-27 12:13:31,821 [INFO] IPUIPlugin:80 - create IPUIPlugin
2023-11-27 12:13:31,822 [INFO] PluginManager:220 - loadIPPluginJar : add sai
2023-11-27 12:13:31,891 [INFO] IPUIPlugin:80 - create IPUIPlugin
2023-11-27 12:13:31,891 [INFO] PluginManager:220 - loadIPPluginJar : add spi
2023-11-27 12:13:31,996 [INFO] IPUIPlugin:80 - create IPUIPlugin
2023-11-27 12:13:31,996 [INFO] PluginManager:220 - loadIPPluginJar : add stm32_wpan
2023-11-27 12:13:32,045 [INFO] IPUIPlugin:80 - create IPUIPlugin
2023-11-27 12:13:32,045 [INFO] PluginManager:220 - loadIPPluginJar : add tim
2023-11-27 12:13:32,149 [INFO] IPUIPlugin:80 - create IPUIPlugin
2023-11-27 12:13:32,149 [INFO] PluginManager:220 - loadIPPluginJar : add touchsensing
2023-11-27 12:13:32,193 [INFO] IPUIPlugin:80 - create IPUIPlugin
2023-11-27 12:13:32,196 [INFO] PluginManager:220 - loadIPPluginJar : add tracer_emb
2023-11-27 12:13:32,235 [INFO] IPUIPlugin:80 - create IPUIPlugin
2023-11-27 12:13:32,235 [INFO] PluginManager:220 - loadIPPluginJar : add ts
2023-11-27 12:13:32,284 [INFO] IPUIPlugin:80 - create IPUIPlugin
2023-11-27 12:13:32,284 [INFO] PluginManager:220 - loadIPPluginJar : add tsc
2023-11-27 12:13:32,328 [INFO] IPUIPlugin:80 - create IPUIPlugin
2023-11-27 12:13:32,328 [INFO] PluginManager:220 - loadIPPluginJar : add ucpd
2023-11-27 12:13:32,413 [INFO] IPUIPlugin:80 - create IPUIPlugin
2023-11-27 12:13:32,413 [INFO] PluginManager:220 - loadIPPluginJar : add usart
2023-11-27 12:13:32,491 [INFO] IPUIPlugin:80 - create IPUIPlugin
2023-11-27 12:13:32,491 [INFO] PluginManager:220 - loadIPPluginJar : add usbx
2023-11-27 12:13:32,663 [INFO] CADModel:165 - CPN selected for project level
2023-11-27 12:13:32,663 [INFO] CADModel:114 - Register for checkConnection events
2023-11-27 12:13:32,663 [FATAL] Updater:308 - Updater called before beeing initialized
2023-11-27 12:13:32,663 [ERROR] CADModel:125 - Updater not yet initialized, retry later 
2023-11-27 12:13:32,947 [INFO] CADModel:165 - CPN selected for project level
2023-11-27 12:13:32,947 [INFO] CADModel:114 - Register for checkConnection events
2023-11-27 12:13:32,947 [FATAL] Updater:308 - Updater called before beeing initialized
2023-11-27 12:13:32,947 [ERROR] CADModel:125 - Updater not yet initialized, retry later 
2023-11-27 12:13:32,953 [FATAL] Updater:308 - Updater called before beeing initialized
2023-11-27 12:13:33,238 [FATAL] Updater:308 - Updater called before beeing initialized
2023-11-27 12:13:33,259 [INFO] DbMcusAds:53 - JSON generation date=Tue Mar 07 15:50:55 ICT 2023 (1678179055335)
2023-11-27 12:13:33,259 [FATAL] Updater:308 - Updater called before beeing initialized
2023-11-27 12:13:33,398 [WARN] DetailPanel:346 - Failed to get advertising image, set to default
2023-11-27 12:13:33,620 [FATAL] Updater:308 - Updater called before beeing initialized
2023-11-27 12:13:33,622 [FATAL] Updater:308 - Updater called before beeing initialized
2023-11-27 12:13:33,622 [FATAL] Updater:308 - Updater called before beeing initialized
2023-11-27 12:13:33,622 [WARN] DetailPanel:346 - Failed to get advertising image, set to default
2023-11-27 12:13:33,629 [FATAL] Updater:308 - Updater called before beeing initialized
2023-11-27 12:13:33,781 [ERROR] Updater:1120 - MainUpdater not yet initialized. External WinMGr cannot be set.
2023-11-27 12:13:33,794 [INFO] Updater:1056 - Updater Version found : 6.9.1
2023-11-27 12:13:33,849 [INFO] ApplicationProperties:184 - Using Application install path: C:\ST\STM32CubeIDE_1.13.1\STM32CubeIDE\plugins\com.st.stm32cube.common.mx_6.9.1.202307191849
2023-11-27 12:13:34,141 [INFO] ThirdPartyUpdaterWithRetryManager:70 - Updater plugin not ready yet. [3/15]
2023-11-27 12:13:34,356 [INFO] MainUpdater:2868 - connection check result : 10
2023-11-27 12:13:34,356 [INFO] MainUpdater:285 - Updater Check For Update Now.
2023-11-27 12:13:34,364 [INFO] MicroXplorer:498 - Change Database Version : DB.6.0.91
2023-11-27 12:13:34,399 [INFO] McuFinderGlobals:63 - Set McuFinder mode to 2 (CubeIDE integrated)
2023-11-27 12:13:34,693 [INFO] CheckServerUpdateThread:120 - End of CheckServer Thread
2023-11-27 12:13:37,481 [WARN] PackLoader:240 - Cannot read IP mode file for STMicroelectronics.X-CUBE-SMBUS.2.1.0
2023-11-27 12:13:37,622 [WARN] PackLoader:240 - Cannot read IP mode file for STMicroelectronics.X-CUBE-AZRTOS-F7.1.1.0
2023-11-27 12:13:37,663 [WARN] PackLoader:240 - Cannot read IP mode file for STMicroelectronics.FP-SNS-MOTENV1.4.3.2
2023-11-27 12:13:37,689 [WARN] PackLoader:240 - Cannot read IP mode file for STMicroelectronics.FP-SNS-FLIGHT1.5.0.2
2023-11-27 12:13:37,724 [WARN] PackLoader:240 - Cannot read IP mode file for STMicroelectronics.X-CUBE-DISPLAY.3.0.0
2023-11-27 12:13:37,778 [WARN] PackLoader:240 - Cannot read IP mode file for STMicroelectronics.X-CUBE-BLE1.7.0.0
2023-11-27 12:13:37,803 [WARN] PackLoader:240 - Cannot read IP mode file for emotas.I-CUBE-CANOPEN.1.3.0
2023-11-27 12:13:37,828 [WARN] PackLoader:240 - Cannot read IP mode file for STMicroelectronics.X-CUBE-TOUCHGFX.4.22.0
2023-11-27 12:13:37,844 [WARN] PackLoader:240 - Cannot read IP mode file for STMicroelectronics.X-CUBE-TOUCHGFX.4.22.1
2023-11-27 12:13:37,864 [WARN] PackLoader:240 - Cannot read IP mode file for STMicroelectronics.FP-SNS-SMARTAG2.1.2.0
2023-11-27 12:13:37,905 [INFO] LogOutputStream:77 - [STDOUT_REDIRECT] 1 : Invalid condition id : UX_CORESTACK_Condition cause : null
2023-11-27 12:13:37,905 [INFO] LogOutputStream:77 - [STDOUT_REDIRECT] 1 : Invalid condition id : UX_CORESTACK_Condition cause : null
2023-11-27 12:13:37,905 [INFO] LogOutputStream:77 - [STDOUT_REDIRECT] 1 : Invalid condition id : UX_CORESTACK_Condition cause : null
2023-11-27 12:13:37,912 [INFO] LogOutputStream:77 - [STDOUT_REDIRECT] 1 : Invalid condition id : UX_CORESTACK_Condition cause : null
2023-11-27 12:13:37,912 [INFO] LogOutputStream:77 - [STDOUT_REDIRECT] 1 : Invalid condition id : UX_CORESTACK_Condition cause : null
2023-11-27 12:13:37,920 [WARN] PackLoader:240 - Cannot read IP mode file for STMicroelectronics.X-CUBE-AZRTOS-WL.2.0.0
2023-11-27 12:13:37,951 [WARN] PackLoader:240 - Cannot read IP mode file for WES.I-CUBE-Cesium.1.3.0
2023-11-27 12:13:37,975 [WARN] PackLoader:240 - Cannot read IP mode file for STMicroelectronics.X-CUBE-BLE2.3.3.0
2023-11-27 12:13:38,000 [WARN] PackLoader:240 - Cannot read IP mode file for STMicroelectronics.X-CUBE-ALGOBUILD.1.3.0
2023-11-27 12:13:38,051 [WARN] PackLoader:240 - Cannot read IP mode file for STMicroelectronics.X-CUBE-AZRTOS-G0.1.1.0
2023-11-27 12:13:38,082 [WARN] PackLoader:240 - Cannot read IP mode file for STMicroelectronics.X-CUBE-NFC4.3.0.0
2023-11-27 12:13:38,113 [WARN] PackLoader:240 - Cannot read IP mode file for STMicroelectronics.X-CUBE-BLEMGR.3.0.0
2023-11-27 12:13:38,142 [WARN] PackLoader:240 - Cannot read IP mode file for STMicroelectronics.FP-ATR-SIGFOX1.3.2.0
2023-11-27 12:13:38,231 [WARN] PackLoader:240 - Cannot read IP mode file for SEGGER.I-CUBE-embOS.1.3.1
2023-11-27 12:13:38,364 [WARN] PackLoader:240 - Cannot read IP mode file for STMicroelectronics.X-CUBE-GNSS1.6.0.0
2023-11-27 12:13:38,428 [WARN] PackLoader:240 - Cannot read IP mode file for STMicroelectronics.X-CUBE-AZRTOS-F4.1.1.0
2023-11-27 12:13:38,507 [WARN] PackLoader:240 - Cannot read IP mode file for wolfSSL.I-CUBE-wolfSSL.5.6.3
2023-11-27 12:13:38,578 [WARN] PackLoader:240 - Cannot read IP mode file for STMicroelectronics.X-CUBE-AZRTOS-L5.2.0.0
2023-11-27 12:13:38,676 [WARN] PackLoader:240 - Cannot read IP mode file for STMicroelectronics.X-CUBE-MEMS1.9.6.0
2023-11-27 12:13:39,064 [WARN] PackLoader:240 - Cannot read IP mode file for STMicroelectronics.X-CUBE-EEPRMA1.4.2.0
2023-11-27 12:13:39,166 [WARN] PackLoader:240 - Cannot read IP mode file for ITTIA_DB.I-CUBE-ITTIADB.8.8.0
2023-11-27 12:13:39,197 [WARN] PackLoader:240 - Cannot read IP mode file for STMicroelectronics.X-CUBE-BLEMGR.2.0.0
2023-11-27 12:13:39,288 [WARN] ConditionMgr:438 - getConditionDescription Invalid condition id : UX DEVICE CLASS RTOS Condition cause : null
2023-11-27 12:13:39,288 [WARN] ConditionMgr:438 - getConditionDescription Invalid condition id : UX DEVICE CLASS RTOS Condition cause : null
2023-11-27 12:13:39,296 [WARN] PackLoader:240 - Cannot read IP mode file for STMicroelectronics.X-CUBE-AZRTOS-H7.3.1.0
2023-11-27 12:13:39,301 [WARN] ConditionMgr:1039 - genDependencies : Invalid condition id : UX DEVICE CLASS RTOS Condition cause : null
2023-11-27 12:13:39,301 [WARN] ConditionMgr:1039 - genDependencies : Invalid condition id : UX DEVICE CLASS RTOS Condition cause : null
2023-11-27 12:13:39,301 [WARN] ConditionMgr:1039 - genDependencies : Invalid condition id : UX DEVICE CLASS RTOS Condition cause : null
2023-11-27 12:13:39,305 [WARN] ConditionMgr:1039 - genDependencies : Invalid condition id : UX DEVICE CLASS RTOS Condition cause : null
2023-11-27 12:13:39,305 [WARN] ConditionMgr:1039 - genDependencies : Invalid condition id : UX DEVICE CLASS RTOS Condition cause : null
2023-11-27 12:13:39,330 [WARN] PackLoader:240 - Cannot read IP mode file for STMicroelectronics.X-CUBE-NFC7.1.0.1
2023-11-27 12:13:39,363 [WARN] PackLoader:240 - Cannot read IP mode file for STMicroelectronics.X-CUBE-NFC6.3.0.0
2023-11-27 12:13:39,390 [WARN] PackLoader:240 - Cannot read IP mode file for STMicroelectronics.X-CUBE-EEPRMA1.4.1.0
2023-11-27 12:13:39,412 [WARN] PackLoader:240 - Cannot read IP mode file for STMicroelectronics.X-CUBE-AI.8.1.0
2023-11-27 12:13:39,511 [WARN] ConditionMgr:438 - getConditionDescription Invalid condition id : LAN8742 Phy interface Condition cause : null
2023-11-27 12:13:39,511 [WARN] PackLoader:240 - Cannot read IP mode file for STMicroelectronics.X-CUBE-AZRTOS-L4.2.0.0
2023-11-27 12:13:39,511 [WARN] ConditionMgr:1039 - genDependencies : Invalid condition id : LAN8742 Phy interface Condition cause : null
2023-11-27 12:13:39,516 [WARN] ConditionMgr:1039 - genDependencies : Invalid condition id : LAN8742 Phy interface Condition cause : null
2023-11-27 12:13:39,516 [WARN] ConditionMgr:1039 - genDependencies : Invalid condition id : LAN8742 Phy interface Condition cause : null
2023-11-27 12:13:39,544 [WARN] PackLoader:240 - Cannot read IP mode file for STMicroelectronics.X-CUBE-SFXS2LP1.4.0.0
2023-11-27 12:13:39,571 [WARN] PackLoader:240 - Cannot read IP mode file for STMicroelectronics.X-CUBE-ISPU.1.1.0
2023-11-27 12:13:39,711 [WARN] ConditionMgr:438 - getConditionDescription Invalid condition id : UX DEVICE CLASS RTOS Condition cause : null
2023-11-27 12:13:39,711 [WARN] ConditionMgr:438 - getConditionDescription Invalid condition id : UX DEVICE CLASS RTOS Condition cause : null
2023-11-27 12:13:39,711 [WARN] PackLoader:240 - Cannot read IP mode file for STMicroelectronics.X-CUBE-AZRTOS-WB.2.0.0
2023-11-27 12:13:39,717 [WARN] ConditionMgr:1039 - genDependencies : Invalid condition id : UX DEVICE CLASS RTOS Condition cause : null
2023-11-27 12:13:39,717 [WARN] ConditionMgr:1039 - genDependencies : Invalid condition id : UX DEVICE CLASS RTOS Condition cause : null
2023-11-27 12:13:39,718 [WARN] ConditionMgr:1039 - genDependencies : Invalid condition id : UX DEVICE CLASS RTOS Condition cause : null
2023-11-27 12:13:39,718 [WARN] ConditionMgr:1039 - genDependencies : Invalid condition id : UX DEVICE CLASS RTOS Condition cause : null
2023-11-27 12:13:39,718 [WARN] ConditionMgr:1039 - genDependencies : Invalid condition id : UX DEVICE CLASS RTOS Condition cause : null
2023-11-27 12:13:39,760 [WARN] PackLoader:240 - Cannot read IP mode file for STMicroelectronics.X-CUBE-SUBG2.5.0.0
2023-11-27 12:13:39,919 [WARN] PackLoader:240 - Cannot read IP mode file for STMicroelectronics.X-CUBE-TOF1.3.3.1
2023-11-27 12:13:40,120 [WARN] PackLoader:240 - Cannot read IP mode file for STMicroelectronics.X-CUBE-AZRTOS-G4.2.0.0
2023-11-27 12:13:40,274 [WARN] PackLoader:240 - Cannot read IP mode file for Infineon.AIROC-Wi-Fi-Bluetooth-STM32.1.5.1
2023-11-27 12:13:40,308 [WARN] PackLoader:240 - Cannot read IP mode file for STMicroelectronics.FP-SNS-MOTENVWB1.1.3.0
2023-11-27 12:13:40,634 [WARN] PackLoader:240 - Cannot read IP mode file for STMicroelectronics.X-CUBE-MEMS1.10.0.0
2023-11-27 12:13:41,001 [WARN] PackLoader:240 - Cannot read IP mode file for STMicroelectronics.X-CUBE-FREERTOS.1.1.0
2023-11-27 12:13:41,031 [WARN] PackLoader:240 - Cannot read IP mode file for portGmbH.I-Cube-SoM-uGOAL.1.1.0
2023-11-27 12:13:41,050 [WARN] PackLoader:240 - Cannot read IP mode file for STMicroelectronics.X-CUBE-ALS.1.0.1
2023-11-27 12:13:41,067 [WARN] PackLoader:240 - Cannot read IP mode file for STMicroelectronics.FP-ATR-ASTRA1.2.0.0
2023-11-27 12:13:41,106 [WARN] PackLoader:240 - Cannot read IP mode file for STMicroelectronics.X-CUBE-TOF1.3.4.0
2023-11-27 12:13:41,131 [INFO] ThirdParty:978 - Integrity check success = true
2023-11-27 12:13:41,135 [INFO] IntegrityCheckThread:100 - exiting critical section [integrity check]
2023-11-27 12:13:41,135 [INFO] IntegrityCheckThread:103 - End integrity checks thread
2023-11-27 12:13:56,351 [ERROR] LogOutputStream:75 - [STDERR_REDIRECT] SLF4J: Failed to load class "org.slf4j.impl.StaticLoggerBinder".
2023-11-27 12:13:56,352 [ERROR] LogOutputStream:75 - [STDERR_REDIRECT] SLF4J: Defaulting to no-operation (NOP) logger implementation
2023-11-27 12:13:56,352 [ERROR] LogOutputStream:75 - [STDERR_REDIRECT] SLF4J: See http://www.slf4j.org/codes.html#StaticLoggerBinder for further details.
