2023-11-28 08:36:20,778 [INFO] Activator:176 - 


2023-11-28 08:36:20,782 [INFO] Activator:177 - !SESSION log4j initialized
2023-11-28 08:36:24,942 [INFO] LogOutputStream:77 - [STDOUT_REDIRECT] 
2023-11-28 08:36:31,300 [INFO] ApplicationProperties:184 - Using Application install path: C:\ST\STM32CubeIDE_1.13.1\STM32CubeIDE\plugins\com.st.stm32cube.common.mx_6.9.1.202307191849
2023-11-28 08:36:31,315 [INFO] DbMcusXml:78 - Set database path to: C:\ST\STM32CubeIDE_1.13.1\STM32CubeIDE\plugins\com.st.stm32cube.common.mx_6.9.1.202307191849\\db\/mcu/
2023-11-28 08:36:31,315 [INFO] ApiDb:274 - Set plugin database path to: C:\ST\STM32CubeIDE_1.13.1\STM32CubeIDE\plugins\com.st.stm32cube.common.mx_6.9.1.202307191849\\db\/plugins/boardmanager/
2023-11-28 08:36:31,316 [WARN] ApiDb:259 - Overriding images path with different value:  => C:\ST\STM32CubeIDE_1.13.1\STM32CubeIDE\plugins\com.st.stm32cube.common.mx_6.9.1.202307191849\\db\/plugins/mcufinder/images/
2023-11-28 08:36:31,328 [INFO] ApiDb:250 - Set database path to: C:\Users\acer\.stmcufinder\plugins\mcufinder//mcu/
2023-11-28 08:36:31,329 [INFO] DbMcusAds:125 - Set database path to: C:\Users\acer\.stmcufinder\plugins\mcufinder//mcu/
2023-11-28 08:36:31,330 [INFO] CrossReferenceDbSqlite:203 - Set database path to: C:\Users\acer\.stmcufinder\plugins\mcufinder//mcu/cs/
2023-11-28 08:36:31,453 [INFO] RulesReader:64 - Compatibility file has been processed (293 Rules)
2023-11-28 08:36:31,513 [INFO] DbMcusXml:78 - Set database path to: C:\ST\STM32CubeIDE_1.13.1\STM32CubeIDE\plugins\com.st.stm32cube.common.mx_6.9.1.202307191849\\db\/mcu/
2023-11-28 08:36:31,513 [INFO] ApiDb:274 - Set plugin database path to: C:\ST\STM32CubeIDE_1.13.1\STM32CubeIDE\plugins\com.st.stm32cube.common.mx_6.9.1.202307191849\\db\/plugins/boardmanager/
2023-11-28 08:36:31,515 [INFO] ApiDb:261 - Set plugin images path to: C:\ST\STM32CubeIDE_1.13.1\STM32CubeIDE\plugins\com.st.stm32cube.common.mx_6.9.1.202307191849\\db\/plugins/mcufinder/images/
2023-11-28 08:36:31,515 [WARN] DbFile:41 - Overriding database path with different value: C:\Users\acer\.stmcufinder\plugins\mcufinder/ => C:\Users\acer\.stmcufinder\plugins\mcufinder
2023-11-28 08:36:31,515 [INFO] ApiDb:250 - Set database path to: C:\Users\acer\.stmcufinder\plugins\mcufinder//mcu/
2023-11-28 08:36:31,515 [WARN] DbFile:41 - Overriding database path with different value: C:\Users\acer\.stmcufinder\plugins\mcufinder/ => C:\Users\acer\.stmcufinder\plugins\mcufinder
2023-11-28 08:36:31,515 [INFO] DbMcusAds:125 - Set database path to: C:\Users\acer\.stmcufinder\plugins\mcufinder//mcu/
2023-11-28 08:36:31,515 [WARN] DbFile:41 - Overriding database path with different value: C:\Users\acer\.stmcufinder\plugins\mcufinder/ => C:\Users\acer\.stmcufinder\plugins\mcufinder
2023-11-28 08:36:31,515 [WARN] DbFile:41 - Overriding database path with different value: C:\Users\acer\.stmcufinder\plugins\mcufinder/ => C:\Users\acer\.stmcufinder\plugins\mcufinder
2023-11-28 08:36:31,515 [INFO] CrossReferenceDbSqlite:203 - Set database path to: C:\Users\acer\.stmcufinder\plugins\mcufinder//mcu/cs/
2023-11-28 08:36:31,573 [INFO] MainPanel:262 - HeapMemory: 268435456
2023-11-28 08:36:31,642 [INFO] DbMcusXml:78 - Set database path to: C:\ST\STM32CubeIDE_1.13.1\STM32CubeIDE\plugins\com.st.stm32cube.common.mx_6.9.1.202307191849\\db\/mcu/
2023-11-28 08:36:31,642 [INFO] ApiDb:274 - Set plugin database path to: C:\ST\STM32CubeIDE_1.13.1\STM32CubeIDE\plugins\com.st.stm32cube.common.mx_6.9.1.202307191849\\db\/plugins/boardmanager/
2023-11-28 08:36:31,642 [INFO] ApiDb:261 - Set plugin images path to: C:\ST\STM32CubeIDE_1.13.1\STM32CubeIDE\plugins\com.st.stm32cube.common.mx_6.9.1.202307191849\\db\/plugins/mcufinder/images/
2023-11-28 08:36:31,643 [WARN] DbFile:41 - Overriding database path with different value: C:\Users\acer\.stmcufinder\plugins\mcufinder/ => C:\Users\acer\.stmcufinder\plugins\mcufinder
2023-11-28 08:36:31,643 [INFO] ApiDb:250 - Set database path to: C:\Users\acer\.stmcufinder\plugins\mcufinder//mcu/
2023-11-28 08:36:31,643 [WARN] DbFile:41 - Overriding database path with different value: C:\Users\acer\.stmcufinder\plugins\mcufinder/ => C:\Users\acer\.stmcufinder\plugins\mcufinder
2023-11-28 08:36:31,643 [INFO] DbMcusAds:125 - Set database path to: C:\Users\acer\.stmcufinder\plugins\mcufinder//mcu/
2023-11-28 08:36:31,643 [WARN] DbFile:41 - Overriding database path with different value: C:\Users\acer\.stmcufinder\plugins\mcufinder/ => C:\Users\acer\.stmcufinder\plugins\mcufinder
2023-11-28 08:36:31,643 [WARN] DbFile:41 - Overriding database path with different value: C:\Users\acer\.stmcufinder\plugins\mcufinder/ => C:\Users\acer\.stmcufinder\plugins\mcufinder
2023-11-28 08:36:31,643 [INFO] CrossReferenceDbSqlite:203 - Set database path to: C:\Users\acer\.stmcufinder\plugins\mcufinder//mcu/cs/
2023-11-28 08:36:31,656 [INFO] ApplicationProperties:184 - Using Application install path: C:\ST\STM32CubeIDE_1.13.1\STM32CubeIDE\plugins\com.st.stm32cube.common.mx_6.9.1.202307191849
2023-11-28 08:36:31,657 [INFO] PluginManage:196 - Search for loadable plugins [exclusion list=, ]
2023-11-28 08:36:31,657 [INFO] PluginManage:310 - Check plugin analytics
2023-11-28 08:36:36,734 [INFO] AnalyticsPlugin:253 - Accepted Software Licenses: STM32CubeMX.6.9.1
2023-11-28 08:36:36,734 [INFO] AnalyticsPlugin:255 - Accepted CMSIS Pack Licenses: 
2023-11-28 08:36:36,734 [INFO] AnalyticsPlugin:257 - Accepted Firmware Licenses: FW.F4.1.27.0
2023-11-28 08:36:36,737 [INFO] PluginManage:359 - Loaded plugin analytics (category:tool,tabindex:-1)
2023-11-28 08:36:36,738 [INFO] PluginManage:310 - Check plugin cadmodel
2023-11-28 08:36:36,753 [INFO] CADModel:105 - Init CAD model plugin
2023-11-28 08:36:36,753 [INFO] PluginManage:359 - Loaded plugin cadmodel (category:power,tabindex:5)
2023-11-28 08:36:36,753 [INFO] PluginManage:310 - Check plugin clock
2023-11-28 08:36:36,771 [INFO] PluginManage:359 - Loaded plugin clock (category:base,tabindex:2)
2023-11-28 08:36:36,771 [INFO] PluginManage:310 - Check plugin ddr
2023-11-28 08:36:36,773 [INFO] PluginManage:359 - Loaded plugin ddr (category:tool,tabindex:6)
2023-11-28 08:36:36,773 [INFO] PluginManage:310 - Check plugin filemanager
2023-11-28 08:36:36,885 [INFO] PluginManage:359 - Loaded plugin filemanager (category:base,tabindex:10)
2023-11-28 08:36:36,885 [INFO] PluginManage:310 - Check plugin ipmanager
2023-11-28 08:36:36,891 [INFO] PluginManage:359 - Loaded plugin ipmanager (category:base,tabindex:5)
2023-11-28 08:36:36,892 [INFO] PluginManage:310 - Check plugin lpbam
2023-11-28 08:36:36,910 [INFO] PluginManage:359 - Loaded plugin lpbam (category:base,tabindex:0)
2023-11-28 08:36:36,910 [INFO] PluginManage:310 - Check plugin memorymap
2023-11-28 08:36:36,935 [INFO] PluginManage:359 - Loaded plugin memorymap (category:base,tabindex:4)
2023-11-28 08:36:36,935 [INFO] PluginManage:310 - Check plugin pinoutandconfiguration
2023-11-28 08:36:36,952 [INFO] PluginManage:359 - Loaded plugin pinoutandconfiguration (category:base,tabindex:1)
2023-11-28 08:36:36,952 [INFO] PluginManage:310 - Check plugin pinoutconfig
2023-11-28 08:36:37,022 [WARN] SupportedApi:132 - Cannot load RTOS API schema: s4s-elt-must-match.1: The content of 'definitions' must match (annotation?, (simpleType | complexType)?, (unique | key | keyref)*)). A problem was found starting at: attribute.
2023-11-28 08:36:37,107 [INFO] PluginManage:359 - Loaded plugin pinoutconfig (category:base,tabindex:0)
2023-11-28 08:36:37,107 [INFO] PluginManage:310 - Check plugin power
2023-11-28 08:36:37,121 [INFO] PluginManage:359 - Loaded plugin power (category:power,tabindex:4)
2023-11-28 08:36:37,122 [INFO] PluginManage:310 - Check plugin projectmanager
2023-11-28 08:36:37,131 [INFO] PluginManage:359 - Loaded plugin projectmanager (category:projectmanager,tabindex:3)
2023-11-28 08:36:37,131 [INFO] PluginManage:310 - Check plugin thirdparty
2023-11-28 08:36:37,312 [INFO] PluginManage:359 - Loaded plugin thirdparty (category:base,tabindex:-1)
2023-11-28 08:36:37,312 [INFO] PluginManage:310 - Check plugin tools
2023-11-28 08:36:37,312 [WARN] IntegrityCheckThread:84 - waiting for thirdparty lock release [integrity check]
2023-11-28 08:36:37,312 [INFO] IntegrityCheckThread:86 - entering critical section [integrity check]
2023-11-28 08:36:37,313 [INFO] ThirdPartyUpdaterWithRetryManager:70 - Updater plugin not ready yet. [1/15]
2023-11-28 08:36:37,332 [INFO] PluginManage:359 - Loaded plugin tools (category:base,tabindex:7)
2023-11-28 08:36:37,332 [INFO] PluginManage:310 - Check plugin tutovideos
2023-11-28 08:36:37,487 [INFO] PluginManage:359 - Loaded plugin tutovideos (category:base,tabindex:-1)
2023-11-28 08:36:37,487 [INFO] PluginManage:310 - Check plugin updater
2023-11-28 08:36:37,498 [INFO] PluginManage:359 - Loaded plugin updater (category:base,tabindex:12)
2023-11-28 08:36:37,499 [INFO] PluginManage:310 - Check plugin userauth
2023-11-28 08:36:37,503 [INFO] UserAuth:113 - Init User Auth plugin
2023-11-28 08:36:37,504 [INFO] PluginManage:359 - Loaded plugin userauth (category:base,tabindex:14)
2023-11-28 08:36:37,504 [INFO] PluginManage:283 - PluginManage : Loaded plugins [17]
2023-11-28 08:36:37,672 [INFO] PinOutPanel:1499 - setPackage(No Configuration,No Configuration)
2023-11-28 08:36:37,742 [INFO] CADModel:165 - CPN selected for project level
2023-11-28 08:36:37,742 [INFO] CADModel:114 - Register for checkConnection events
2023-11-28 08:36:37,764 [INFO] IPUIPlugin:80 - create IPUIPlugin
2023-11-28 08:36:37,764 [INFO] PluginManager:220 - loadIPPluginJar : add adc
2023-11-28 08:36:37,820 [INFO] IPUIPlugin:80 - create IPUIPlugin
2023-11-28 08:36:37,820 [INFO] PluginManager:220 - loadIPPluginJar : add aes
2023-11-28 08:36:37,892 [INFO] IPUIPlugin:80 - create IPUIPlugin
2023-11-28 08:36:37,893 [INFO] PluginManager:220 - loadIPPluginJar : add can
2023-11-28 08:36:37,939 [INFO] IPUIPlugin:80 - create IPUIPlugin
2023-11-28 08:36:37,940 [INFO] PluginManager:220 - loadIPPluginJar : add comp
2023-11-28 08:36:38,001 [INFO] IPUIPlugin:80 - create IPUIPlugin
2023-11-28 08:36:38,001 [INFO] PluginManager:220 - loadIPPluginJar : add cryp
2023-11-28 08:36:38,057 [INFO] IPUIPlugin:80 - create IPUIPlugin
2023-11-28 08:36:38,057 [INFO] PluginManager:220 - loadIPPluginJar : add dfsdm
2023-11-28 08:36:38,072 [INFO] IPUIPlugin:80 - create IPUIPlugin
2023-11-28 08:36:38,072 [INFO] PluginManager:220 - loadIPPluginJar : add dma
2023-11-28 08:36:38,127 [INFO] IPUIPlugin:80 - create IPUIPlugin
2023-11-28 08:36:38,127 [INFO] PluginManager:220 - loadIPPluginJar : add dma3
2023-11-28 08:36:38,173 [INFO] IPUIPlugin:80 - create IPUIPlugin
2023-11-28 08:36:38,174 [INFO] PluginManager:220 - loadIPPluginJar : add fatfs
2023-11-28 08:36:38,272 [INFO] IPUIPlugin:80 - create IPUIPlugin
2023-11-28 08:36:38,272 [INFO] PluginManager:220 - loadIPPluginJar : add fmc
2023-11-28 08:36:38,287 [INFO] IPUIPlugin:80 - create IPUIPlugin
2023-11-28 08:36:38,288 [INFO] PluginManager:220 - loadIPPluginJar : add freertos
2023-11-28 08:36:38,320 [INFO] IPUIPlugin:80 - create IPUIPlugin
2023-11-28 08:36:38,320 [INFO] PluginManager:220 - loadIPPluginJar : add genericplugin
2023-11-28 08:36:38,504 [INFO] IPUIPlugin:80 - create IPUIPlugin
2023-11-28 08:36:38,505 [INFO] PluginManager:220 - loadIPPluginJar : add gfxmmu
2023-11-28 08:36:38,772 [INFO] IPUIPlugin:80 - create IPUIPlugin
2023-11-28 08:36:38,773 [INFO] PluginManager:220 - loadIPPluginJar : add gic
2023-11-28 08:36:38,786 [INFO] IPUIPlugin:80 - create IPUIPlugin
2023-11-28 08:36:38,786 [INFO] PluginManager:220 - loadIPPluginJar : add gpio
2023-11-28 08:36:39,008 [INFO] IPUIPlugin:80 - create IPUIPlugin
2023-11-28 08:36:39,008 [INFO] PluginManager:220 - loadIPPluginJar : add gtzc
2023-11-28 08:36:39,090 [INFO] IPUIPlugin:80 - create IPUIPlugin
2023-11-28 08:36:39,090 [INFO] PluginManager:220 - loadIPPluginJar : add hash
2023-11-28 08:36:39,162 [INFO] IPUIPlugin:80 - create IPUIPlugin
2023-11-28 08:36:39,163 [INFO] PluginManager:220 - loadIPPluginJar : add i2c
2023-11-28 08:36:39,207 [INFO] IPUIPlugin:80 - create IPUIPlugin
2023-11-28 08:36:39,207 [INFO] PluginManager:220 - loadIPPluginJar : add i2s
2023-11-28 08:36:39,308 [INFO] IPUIPlugin:80 - create IPUIPlugin
2023-11-28 08:36:39,309 [INFO] PluginManager:220 - loadIPPluginJar : add i3c
2023-11-28 08:36:39,542 [INFO] IPUIPlugin:80 - create IPUIPlugin
2023-11-28 08:36:39,542 [INFO] PluginManager:220 - loadIPPluginJar : add ipddr
2023-11-28 08:36:39,714 [INFO] IPUIPlugin:80 - create IPUIPlugin
2023-11-28 08:36:39,714 [INFO] PluginManager:220 - loadIPPluginJar : add linkedlist
2023-11-28 08:36:39,756 [INFO] IPUIPlugin:80 - create IPUIPlugin
2023-11-28 08:36:39,757 [INFO] PluginManager:220 - loadIPPluginJar : add lorawan
2023-11-28 08:36:39,820 [INFO] IPUIPlugin:80 - create IPUIPlugin
2023-11-28 08:36:39,821 [INFO] PluginManager:220 - loadIPPluginJar : add ltdc
2023-11-28 08:36:39,861 [INFO] IPUIPlugin:80 - create IPUIPlugin
2023-11-28 08:36:39,861 [INFO] PluginManager:220 - loadIPPluginJar : add mdma
2023-11-28 08:36:39,881 [INFO] IPUIPlugin:80 - create IPUIPlugin
2023-11-28 08:36:39,881 [INFO] PluginManager:220 - loadIPPluginJar : add nvic
2023-11-28 08:36:39,906 [INFO] IPUIPlugin:80 - create IPUIPlugin
2023-11-28 08:36:39,906 [INFO] PluginManager:220 - loadIPPluginJar : add opamp
2023-11-28 08:36:40,010 [INFO] IPUIPlugin:80 - create IPUIPlugin
2023-11-28 08:36:40,010 [INFO] PluginManager:220 - loadIPPluginJar : add openamp
2023-11-28 08:36:40,101 [INFO] IPUIPlugin:80 - create IPUIPlugin
2023-11-28 08:36:40,102 [INFO] PluginManager:220 - loadIPPluginJar : add pdm2pcm
2023-11-28 08:36:40,124 [INFO] IPUIPlugin:80 - create IPUIPlugin
2023-11-28 08:36:40,126 [INFO] PluginManager:220 - loadIPPluginJar : add plateformsettings
2023-11-28 08:36:40,168 [INFO] IPUIPlugin:80 - create IPUIPlugin
2023-11-28 08:36:40,169 [INFO] PluginManager:220 - loadIPPluginJar : add quadspi
2023-11-28 08:36:40,191 [INFO] IPUIPlugin:80 - create IPUIPlugin
2023-11-28 08:36:40,191 [INFO] PluginManager:220 - loadIPPluginJar : add resmgrutility
2023-11-28 08:36:40,313 [INFO] ThirdPartyUpdaterWithRetryManager:70 - Updater plugin not ready yet. [2/15]
2023-11-28 08:36:40,341 [INFO] IPUIPlugin:80 - create IPUIPlugin
2023-11-28 08:36:40,342 [INFO] PluginManager:220 - loadIPPluginJar : add sai
2023-11-28 08:36:40,473 [INFO] IPUIPlugin:80 - create IPUIPlugin
2023-11-28 08:36:40,474 [INFO] PluginManager:220 - loadIPPluginJar : add spi
2023-11-28 08:36:40,608 [INFO] IPUIPlugin:80 - create IPUIPlugin
2023-11-28 08:36:40,609 [INFO] PluginManager:220 - loadIPPluginJar : add stm32_wpan
2023-11-28 08:36:40,687 [INFO] IPUIPlugin:80 - create IPUIPlugin
2023-11-28 08:36:40,687 [INFO] PluginManager:220 - loadIPPluginJar : add tim
2023-11-28 08:36:40,877 [INFO] IPUIPlugin:80 - create IPUIPlugin
2023-11-28 08:36:40,877 [INFO] PluginManager:220 - loadIPPluginJar : add touchsensing
2023-11-28 08:36:40,920 [INFO] IPUIPlugin:80 - create IPUIPlugin
2023-11-28 08:36:40,921 [INFO] PluginManager:220 - loadIPPluginJar : add tracer_emb
2023-11-28 08:36:40,936 [INFO] IPUIPlugin:80 - create IPUIPlugin
2023-11-28 08:36:40,936 [INFO] PluginManager:220 - loadIPPluginJar : add ts
2023-11-28 08:36:40,955 [INFO] IPUIPlugin:80 - create IPUIPlugin
2023-11-28 08:36:40,955 [INFO] PluginManager:220 - loadIPPluginJar : add tsc
2023-11-28 08:36:40,988 [INFO] IPUIPlugin:80 - create IPUIPlugin
2023-11-28 08:36:40,989 [INFO] PluginManager:220 - loadIPPluginJar : add ucpd
2023-11-28 08:36:41,027 [INFO] IPUIPlugin:80 - create IPUIPlugin
2023-11-28 08:36:41,027 [INFO] PluginManager:220 - loadIPPluginJar : add usart
2023-11-28 08:36:41,096 [INFO] IPUIPlugin:80 - create IPUIPlugin
2023-11-28 08:36:41,096 [INFO] PluginManager:220 - loadIPPluginJar : add usbx
2023-11-28 08:36:41,219 [INFO] CADModel:165 - CPN selected for project level
2023-11-28 08:36:41,220 [INFO] CADModel:114 - Register for checkConnection events
2023-11-28 08:36:41,220 [FATAL] Updater:308 - Updater called before beeing initialized
2023-11-28 08:36:41,220 [ERROR] CADModel:125 - Updater not yet initialized, retry later 
2023-11-28 08:36:41,320 [INFO] CADModel:165 - CPN selected for project level
2023-11-28 08:36:41,320 [INFO] CADModel:114 - Register for checkConnection events
2023-11-28 08:36:41,320 [FATAL] Updater:308 - Updater called before beeing initialized
2023-11-28 08:36:41,320 [ERROR] CADModel:125 - Updater not yet initialized, retry later 
2023-11-28 08:36:41,323 [FATAL] Updater:308 - Updater called before beeing initialized
2023-11-28 08:36:41,392 [FATAL] Updater:308 - Updater called before beeing initialized
2023-11-28 08:36:41,399 [INFO] DbMcusAds:53 - JSON generation date=Tue Mar 07 15:50:55 ICT 2023 (1678179055335)
2023-11-28 08:36:41,399 [FATAL] Updater:308 - Updater called before beeing initialized
2023-11-28 08:36:41,470 [WARN] DetailPanel:346 - Failed to get advertising image, set to default
2023-11-28 08:36:41,527 [FATAL] Updater:308 - Updater called before beeing initialized
2023-11-28 08:36:41,528 [FATAL] Updater:308 - Updater called before beeing initialized
2023-11-28 08:36:41,528 [FATAL] Updater:308 - Updater called before beeing initialized
2023-11-28 08:36:41,528 [WARN] DetailPanel:346 - Failed to get advertising image, set to default
2023-11-28 08:36:41,529 [FATAL] Updater:308 - Updater called before beeing initialized
2023-11-28 08:36:41,579 [ERROR] Updater:1120 - MainUpdater not yet initialized. External WinMGr cannot be set.
2023-11-28 08:36:41,587 [INFO] Updater:1056 - Updater Version found : 6.9.1
2023-11-28 08:36:41,599 [INFO] ApplicationProperties:184 - Using Application install path: C:\ST\STM32CubeIDE_1.13.1\STM32CubeIDE\plugins\com.st.stm32cube.common.mx_6.9.1.202307191849
2023-11-28 08:36:41,801 [INFO] MainUpdater:2868 - connection check result : 10
2023-11-28 08:36:41,802 [INFO] MainUpdater:285 - Updater Check For Update Now.
2023-11-28 08:36:41,802 [INFO] MicroXplorer:498 - Change Database Version : DB.6.0.91
2023-11-28 08:36:41,811 [INFO] McuFinderGlobals:63 - Set McuFinder mode to 2 (CubeIDE integrated)
2023-11-28 08:36:41,982 [INFO] CheckServerUpdateThread:120 - End of CheckServer Thread
2023-11-28 08:36:43,825 [WARN] PackLoader:240 - Cannot read IP mode file for STMicroelectronics.X-CUBE-SMBUS.2.1.0
2023-11-28 08:36:44,011 [WARN] PackLoader:240 - Cannot read IP mode file for STMicroelectronics.X-CUBE-AZRTOS-F7.1.1.0
2023-11-28 08:36:44,043 [WARN] PackLoader:240 - Cannot read IP mode file for STMicroelectronics.FP-SNS-MOTENV1.4.3.2
2023-11-28 08:36:44,063 [WARN] PackLoader:240 - Cannot read IP mode file for STMicroelectronics.FP-SNS-FLIGHT1.5.0.2
2023-11-28 08:36:44,085 [WARN] PackLoader:240 - Cannot read IP mode file for STMicroelectronics.X-CUBE-DISPLAY.3.0.0
2023-11-28 08:36:44,238 [WARN] PackLoader:240 - Cannot read IP mode file for STMicroelectronics.X-CUBE-BLE1.7.0.0
2023-11-28 08:36:44,266 [WARN] PackLoader:240 - Cannot read IP mode file for emotas.I-CUBE-CANOPEN.1.3.0
2023-11-28 08:36:44,413 [WARN] PackLoader:240 - Cannot read IP mode file for STMicroelectronics.X-CUBE-TOUCHGFX.4.22.0
2023-11-28 08:36:44,426 [WARN] PackLoader:240 - Cannot read IP mode file for STMicroelectronics.X-CUBE-TOUCHGFX.4.22.1
2023-11-28 08:36:44,449 [WARN] PackLoader:240 - Cannot read IP mode file for STMicroelectronics.FP-SNS-SMARTAG2.1.2.0
2023-11-28 08:36:44,484 [INFO] LogOutputStream:77 - [STDOUT_REDIRECT] 1 : Invalid condition id : UX_CORESTACK_Condition cause : null
2023-11-28 08:36:44,509 [INFO] LogOutputStream:77 - [STDOUT_REDIRECT] 1 : Invalid condition id : UX_CORESTACK_Condition cause : null
2023-11-28 08:36:44,524 [INFO] LogOutputStream:77 - [STDOUT_REDIRECT] 1 : Invalid condition id : UX_CORESTACK_Condition cause : null
2023-11-28 08:36:44,530 [INFO] LogOutputStream:77 - [STDOUT_REDIRECT] 1 : Invalid condition id : UX_CORESTACK_Condition cause : null
2023-11-28 08:36:44,532 [INFO] LogOutputStream:77 - [STDOUT_REDIRECT] 1 : Invalid condition id : UX_CORESTACK_Condition cause : null
2023-11-28 08:36:44,537 [WARN] PackLoader:240 - Cannot read IP mode file for STMicroelectronics.X-CUBE-AZRTOS-WL.2.0.0
2023-11-28 08:36:44,628 [WARN] PackLoader:240 - Cannot read IP mode file for WES.I-CUBE-Cesium.1.3.0
2023-11-28 08:36:44,646 [WARN] PackLoader:240 - Cannot read IP mode file for STMicroelectronics.X-CUBE-BLE2.3.3.0
2023-11-28 08:36:44,672 [WARN] PackLoader:240 - Cannot read IP mode file for STMicroelectronics.X-CUBE-ALGOBUILD.1.3.0
2023-11-28 08:36:44,713 [WARN] PackLoader:240 - Cannot read IP mode file for STMicroelectronics.X-CUBE-AZRTOS-G0.1.1.0
2023-11-28 08:36:44,743 [WARN] PackLoader:240 - Cannot read IP mode file for STMicroelectronics.X-CUBE-NFC4.3.0.0
2023-11-28 08:36:44,767 [WARN] PackLoader:240 - Cannot read IP mode file for STMicroelectronics.X-CUBE-BLEMGR.3.0.0
2023-11-28 08:36:44,786 [WARN] PackLoader:240 - Cannot read IP mode file for STMicroelectronics.FP-ATR-SIGFOX1.3.2.0
2023-11-28 08:36:44,899 [WARN] PackLoader:240 - Cannot read IP mode file for SEGGER.I-CUBE-embOS.1.3.1
2023-11-28 08:36:45,018 [WARN] PackLoader:240 - Cannot read IP mode file for STMicroelectronics.X-CUBE-GNSS1.6.0.0
2023-11-28 08:36:45,060 [WARN] PackLoader:240 - Cannot read IP mode file for STMicroelectronics.X-CUBE-AZRTOS-F4.1.1.0
2023-11-28 08:36:45,073 [WARN] PackLoader:240 - Cannot read IP mode file for wolfSSL.I-CUBE-wolfSSL.5.6.3
2023-11-28 08:36:45,106 [WARN] PackLoader:240 - Cannot read IP mode file for STMicroelectronics.X-CUBE-AZRTOS-L5.2.0.0
2023-11-28 08:36:45,166 [WARN] PackLoader:240 - Cannot read IP mode file for STMicroelectronics.X-CUBE-MEMS1.9.6.0
2023-11-28 08:36:45,471 [WARN] PackLoader:240 - Cannot read IP mode file for STMicroelectronics.X-CUBE-EEPRMA1.4.2.0
2023-11-28 08:36:45,494 [WARN] PackLoader:240 - Cannot read IP mode file for ITTIA_DB.I-CUBE-ITTIADB.8.8.0
2023-11-28 08:36:45,520 [WARN] PackLoader:240 - Cannot read IP mode file for STMicroelectronics.X-CUBE-BLEMGR.2.0.0
2023-11-28 08:36:45,555 [WARN] ConditionMgr:438 - getConditionDescription Invalid condition id : UX DEVICE CLASS RTOS Condition cause : null
2023-11-28 08:36:45,555 [WARN] ConditionMgr:438 - getConditionDescription Invalid condition id : UX DEVICE CLASS RTOS Condition cause : null
2023-11-28 08:36:45,560 [WARN] PackLoader:240 - Cannot read IP mode file for STMicroelectronics.X-CUBE-AZRTOS-H7.3.1.0
2023-11-28 08:36:45,561 [WARN] ConditionMgr:1039 - genDependencies : Invalid condition id : UX DEVICE CLASS RTOS Condition cause : null
2023-11-28 08:36:45,561 [WARN] ConditionMgr:1039 - genDependencies : Invalid condition id : UX DEVICE CLASS RTOS Condition cause : null
2023-11-28 08:36:45,562 [WARN] ConditionMgr:1039 - genDependencies : Invalid condition id : UX DEVICE CLASS RTOS Condition cause : null
2023-11-28 08:36:45,562 [WARN] ConditionMgr:1039 - genDependencies : Invalid condition id : UX DEVICE CLASS RTOS Condition cause : null
2023-11-28 08:36:45,562 [WARN] ConditionMgr:1039 - genDependencies : Invalid condition id : UX DEVICE CLASS RTOS Condition cause : null
2023-11-28 08:36:45,583 [WARN] PackLoader:240 - Cannot read IP mode file for STMicroelectronics.X-CUBE-NFC7.1.0.1
2023-11-28 08:36:45,599 [WARN] PackLoader:240 - Cannot read IP mode file for STMicroelectronics.X-CUBE-NFC6.3.0.0
2023-11-28 08:36:45,615 [WARN] PackLoader:240 - Cannot read IP mode file for STMicroelectronics.X-CUBE-EEPRMA1.4.1.0
2023-11-28 08:36:45,631 [WARN] PackLoader:240 - Cannot read IP mode file for STMicroelectronics.X-CUBE-AI.8.1.0
2023-11-28 08:36:45,688 [WARN] ConditionMgr:438 - getConditionDescription Invalid condition id : LAN8742 Phy interface Condition cause : null
2023-11-28 08:36:45,688 [WARN] PackLoader:240 - Cannot read IP mode file for STMicroelectronics.X-CUBE-AZRTOS-L4.2.0.0
2023-11-28 08:36:45,690 [WARN] ConditionMgr:1039 - genDependencies : Invalid condition id : LAN8742 Phy interface Condition cause : null
2023-11-28 08:36:45,690 [WARN] ConditionMgr:1039 - genDependencies : Invalid condition id : LAN8742 Phy interface Condition cause : null
2023-11-28 08:36:45,691 [WARN] ConditionMgr:1039 - genDependencies : Invalid condition id : LAN8742 Phy interface Condition cause : null
2023-11-28 08:36:45,708 [WARN] PackLoader:240 - Cannot read IP mode file for STMicroelectronics.X-CUBE-SFXS2LP1.4.0.0
2023-11-28 08:36:45,724 [WARN] PackLoader:240 - Cannot read IP mode file for STMicroelectronics.X-CUBE-ISPU.1.1.0
2023-11-28 08:36:45,751 [WARN] ConditionMgr:438 - getConditionDescription Invalid condition id : UX DEVICE CLASS RTOS Condition cause : null
2023-11-28 08:36:45,752 [WARN] ConditionMgr:438 - getConditionDescription Invalid condition id : UX DEVICE CLASS RTOS Condition cause : null
2023-11-28 08:36:45,755 [WARN] PackLoader:240 - Cannot read IP mode file for STMicroelectronics.X-CUBE-AZRTOS-WB.2.0.0
2023-11-28 08:36:45,756 [WARN] ConditionMgr:1039 - genDependencies : Invalid condition id : UX DEVICE CLASS RTOS Condition cause : null
2023-11-28 08:36:45,756 [WARN] ConditionMgr:1039 - genDependencies : Invalid condition id : UX DEVICE CLASS RTOS Condition cause : null
2023-11-28 08:36:45,757 [WARN] ConditionMgr:1039 - genDependencies : Invalid condition id : UX DEVICE CLASS RTOS Condition cause : null
2023-11-28 08:36:45,757 [WARN] ConditionMgr:1039 - genDependencies : Invalid condition id : UX DEVICE CLASS RTOS Condition cause : null
2023-11-28 08:36:45,757 [WARN] ConditionMgr:1039 - genDependencies : Invalid condition id : UX DEVICE CLASS RTOS Condition cause : null
2023-11-28 08:36:45,783 [WARN] PackLoader:240 - Cannot read IP mode file for STMicroelectronics.X-CUBE-SUBG2.5.0.0
2023-11-28 08:36:45,816 [WARN] PackLoader:240 - Cannot read IP mode file for STMicroelectronics.X-CUBE-TOF1.3.3.1
2023-11-28 08:36:45,889 [WARN] PackLoader:240 - Cannot read IP mode file for STMicroelectronics.X-CUBE-AZRTOS-G4.2.0.0
2023-11-28 08:36:45,919 [WARN] PackLoader:240 - Cannot read IP mode file for Infineon.AIROC-Wi-Fi-Bluetooth-STM32.1.5.1
2023-11-28 08:36:45,935 [WARN] PackLoader:240 - Cannot read IP mode file for STMicroelectronics.FP-SNS-MOTENVWB1.1.3.0
2023-11-28 08:36:45,986 [WARN] PackLoader:240 - Cannot read IP mode file for STMicroelectronics.X-CUBE-MEMS1.10.0.0
2023-11-28 08:36:46,164 [WARN] PackLoader:240 - Cannot read IP mode file for STMicroelectronics.X-CUBE-FREERTOS.1.1.0
2023-11-28 08:36:46,180 [WARN] PackLoader:240 - Cannot read IP mode file for portGmbH.I-Cube-SoM-uGOAL.1.1.0
2023-11-28 08:36:46,192 [WARN] PackLoader:240 - Cannot read IP mode file for STMicroelectronics.X-CUBE-ALS.1.0.1
2023-11-28 08:36:46,204 [WARN] PackLoader:240 - Cannot read IP mode file for STMicroelectronics.FP-ATR-ASTRA1.2.0.0
2023-11-28 08:36:46,223 [WARN] PackLoader:240 - Cannot read IP mode file for STMicroelectronics.X-CUBE-TOF1.3.4.0
2023-11-28 08:36:46,236 [INFO] ThirdParty:978 - Integrity check success = true
2023-11-28 08:36:46,237 [INFO] IntegrityCheckThread:100 - exiting critical section [integrity check]
2023-11-28 08:36:46,237 [INFO] IntegrityCheckThread:103 - End integrity checks thread
2023-11-28 08:37:03,635 [ERROR] LogOutputStream:75 - [STDERR_REDIRECT] SLF4J: Failed to load class "org.slf4j.impl.StaticLoggerBinder".
2023-11-28 08:37:03,635 [ERROR] LogOutputStream:75 - [STDERR_REDIRECT] SLF4J: Defaulting to no-operation (NOP) logger implementation
2023-11-28 08:37:03,637 [ERROR] LogOutputStream:75 - [STDERR_REDIRECT] SLF4J: See http://www.slf4j.org/codes.html#StaticLoggerBinder for further details.
2023-11-28 09:19:29,560 [INFO] McuFinderGlobals:63 - Set McuFinder mode to 2 (CubeIDE integrated)
2023-11-28 09:19:29,577 [INFO] MainUpdater:2868 - connection check result : 10
2023-11-28 09:19:29,581 [INFO] MainUpdater:2868 - connection check result : 10
2023-11-28 09:19:29,717 [INFO] MicroXplorer:468 - Change Database Path : 
2023-11-28 09:19:29,717 [INFO] MicroXplorer:498 - Change Database Version : DB.6.0.91
2023-11-28 09:19:29,719 [WARN] ThirdParty:871 - waiting for thirdparty lock release [close project]
2023-11-28 09:19:29,719 [INFO] ThirdParty:873 - entering critical section [close project]
2023-11-28 09:19:29,719 [INFO] ThirdParty:883 - exiting critical section [close project]
2023-11-28 09:19:29,720 [INFO] PinOutPanel:1499 - setPackage(No Configuration,No Configuration)
2023-11-28 09:19:29,724 [INFO] UtilMem:75 - Begin LoadConfig() Used Memory: 635446864 Bytes (932184064)
2023-11-28 09:19:29,725 [INFO] MicroXplorer:468 - Change Database Path : 
2023-11-28 09:19:29,725 [INFO] MicroXplorer:498 - Change Database Version : DB.6.0.91
2023-11-28 09:19:29,725 [INFO] OpenFileManager:308 - Change cursor
2023-11-28 09:19:29,761 [INFO] Mcu:1946 - Initializing MCU STM32F103C(8-B)Tx STM32F103C8Tx STM32F103C8T6
2023-11-28 09:19:30,356 [INFO] Context:659 - Trying to add GPIOservice into a context  which must be forbidden
2023-11-28 09:19:30,704 [INFO] RtosManager:555 - Registered RTOS mode: class=CMSIS, group=RTOS, mode=CMSIS_V1, owner=FREERTOS
2023-11-28 09:19:30,705 [INFO] RtosManager:555 - Registered RTOS mode: class=CMSIS, group=RTOS2, mode=CMSIS_V2, owner=FREERTOS
2023-11-28 09:19:30,705 [INFO] RtosManager:555 - Registered RTOS mode: class=RTOS, group=Core, mode=CMSIS_V1, owner=FREERTOS
2023-11-28 09:19:30,705 [INFO] RtosManager:555 - Registered RTOS mode: class=RTOS, group=Core, mode=CMSIS_V2, owner=FREERTOS
2023-11-28 09:19:30,705 [WARN] ModelIntegratedComponent:184 - Missing modes for component STMicroelectronics:FreeRTOS:0.0.1:STMicroelectronics:RTOS:FreeRTOS:Core:::10.2.0:
2023-11-28 09:19:30,713 [WARN] ModelIntegratedComponent:63 - No mode defined for component null
2023-11-28 09:19:30,713 [WARN] ModelIntegratedComponent:63 - No mode defined for component null
2023-11-28 09:19:30,713 [WARN] ModelIntegratedComponent:63 - No mode defined for component null
2023-11-28 09:19:30,713 [WARN] ModelIntegratedComponent:63 - No mode defined for component null
2023-11-28 09:19:30,713 [WARN] ModelIntegratedComponent:63 - No mode defined for component null
2023-11-28 09:19:30,713 [WARN] ModelIntegratedComponent:63 - No mode defined for component null
2023-11-28 09:19:30,713 [WARN] ModelIntegratedComponent:63 - No mode defined for component null
2023-11-28 09:19:30,713 [WARN] ModelIntegratedComponent:63 - No mode defined for component null
2023-11-28 09:19:30,713 [WARN] ModelIntegratedComponent:63 - No mode defined for component null
2023-11-28 09:19:30,713 [WARN] ModelIntegratedComponent:63 - No mode defined for component null
2023-11-28 09:19:30,713 [WARN] ModelIntegratedComponent:63 - No mode defined for component null
2023-11-28 09:19:30,713 [WARN] ModelIntegratedComponent:63 - No mode defined for component null
2023-11-28 09:19:30,713 [WARN] ModelIntegratedComponent:63 - No mode defined for component null
2023-11-28 09:19:30,713 [WARN] ModelIntegratedComponent:63 - No mode defined for component null
2023-11-28 09:19:30,713 [WARN] ModelIntegratedComponent:63 - No mode defined for component null
2023-11-28 09:19:30,713 [WARN] ModelIntegratedComponent:63 - No mode defined for component null
2023-11-28 09:19:30,713 [WARN] ModelIntegratedComponent:63 - No mode defined for component null
2023-11-28 09:19:30,713 [WARN] ModelIntegratedComponent:63 - No mode defined for component null
2023-11-28 09:19:30,713 [WARN] ModelIntegratedComponent:63 - No mode defined for component null
2023-11-28 09:19:30,713 [WARN] ModelIntegratedComponent:63 - No mode defined for component null
2023-11-28 09:19:30,713 [WARN] ModelIntegratedComponent:63 - No mode defined for component null
2023-11-28 09:19:30,713 [WARN] ModelIntegratedComponent:63 - No mode defined for component null
2023-11-28 09:19:30,713 [WARN] ModelIntegratedComponent:63 - No mode defined for component null
2023-11-28 09:19:30,713 [WARN] ModelIntegratedComponent:63 - No mode defined for component null
2023-11-28 09:19:30,713 [WARN] ModelIntegratedComponent:63 - No mode defined for component null
2023-11-28 09:19:30,713 [WARN] ModelIntegratedComponent:63 - No mode defined for component null
2023-11-28 09:19:30,713 [WARN] ModelIntegratedComponent:63 - No mode defined for component null
2023-11-28 09:19:30,713 [WARN] ModelIntegratedComponent:63 - No mode defined for component null
2023-11-28 09:19:30,713 [WARN] ModelIntegratedComponent:63 - No mode defined for component null
2023-11-28 09:19:30,713 [WARN] ModelIntegratedComponent:63 - No mode defined for component null
2023-11-28 09:19:30,713 [WARN] ModelIntegratedComponent:63 - No mode defined for component null
2023-11-28 09:19:30,713 [WARN] ModelIntegratedComponent:63 - No mode defined for component null
2023-11-28 09:19:30,713 [WARN] ModelIntegratedComponent:63 - No mode defined for component null
2023-11-28 09:19:30,770 [INFO] ThirdPartyModel:298 - Start build external matchings
2023-11-28 09:19:31,112 [INFO] ThirdPartyModel:316 - End build external matchings
2023-11-28 09:19:31,277 [INFO] UtilMem:75 - End LoadConfig() Used Memory: 554002992 Bytes (1073741824)
2023-11-28 09:19:31,416 [INFO] ApiDb:581 - Connected to CubeFinder SQLite database (C:\Users\acer\.stmcufinder\plugins\mcufinder\mcu\cube-finder-db.db)
2023-11-28 09:19:31,469 [INFO] ApiDb:668 - CubeFinder database Data Model version=2.1
2023-11-28 09:19:31,469 [INFO] ApiDb:669 - CubeFinder database Configuration version=3.0.37
2023-11-28 09:19:31,470 [INFO] ApiDb:670 - CubeFinder database generation date=2023-10-13 (1697197505)
2023-11-28 09:19:31,470 [INFO] ApiDb:671 - CubeFinder database FW Pack versions=[FP-ATR-ASTRA1_V2.0.0, FP-SNS-FLIGHT1_V5.0.1, FP-SNS-FLIGHT1_V5.0.2, FP-SNS-MOTENV1_V4.3.1, FP-SNS-MOTENV1_V4.3.2, FP-SNS-SMARTAG2_V1.2.0, I-CUBE-ITTIADB_V8.6.3-1, STM32Cube_FW_C0_V1.1.0, STM32Cube_FW_F4_V1.27.1, STM32Cube_FW_F7_V1.17.0, STM32Cube_FW_G0_V1.6.1, STM32Cube_FW_G4_V1.5.1, STM32Cube_FW_H5_V0.5.1, STM32Cube_FW_H5_V1.1.1, STM32Cube_FW_H7_V1.11.0, STM32Cube_FW_L0_V1.12.2, STM32Cube_FW_L5_V1.5.0, STM32Cube_FW_U5_V1.3.0, STM32Cube_FW_U5_V1.3.0RC4, STM32Cube_FW_WBA_V1.0.0RC1, STM32Cube_FW_WBA_V1.1.0RC1, STM32Cube_FW_WBA_V1.1.1, STM32Cube_FW_WB_V1.15.0RC1, STM32Cube_FW_WB_V1.16.0, STM32Cube_FW_WB_V1.16.0RC2, STM32Cube_FW_WB_V1.17.3, STM32Cube_FW_WL_V1.3.0, X-CUBE-ALGOBUILD_V1.3.0, X-CUBE-ALS_V1.0.1, X-CUBE-AZRTOS-F4_V1.1.0, X-CUBE-AZRTOS-F7_V1.1.0, X-CUBE-AZRTOS-G0_V1.1.0, X-CUBE-AZRTOS-G4_V2.0.0, X-CUBE-AZRTOS-H7_V3.1.0, X-CUBE-AZRTOS-L4_V1.0.0, X-CUBE-AZRTOS-L4_V2.0.0, X-CUBE-AZRTOS-L5_V1.1.0, X-CUBE-AZRTOS-WB_V2.0.0, X-CUBE-AZRTOS-WL_V2.0.0, X-CUBE-BLE1_V7.0.0, X-CUBE-BLE2_V3.3.0, X-CUBE-BLEMGR_V2.0.0, X-CUBE-EEPRMA1_V4.1.0, X-CUBE-FREERTOS_V1.1.0, X-CUBE-GNSS1_V6.0.0, X-CUBE-MEMS1_V10.0.0, X-CUBE-MEMS1_V9.1.0, X-CUBE-MEMS1_V9.4.0, X-CUBE-MEMS1_V9.6.0, X-CUBE-NFC4_V3.0.0, X-CUBE-NFC7_V1.0.1, X-CUBE-SFXS2LP1_V4.0.0, X-CUBE-SUBG2_V5.0.0, X-CUBE-TOF1_V3.3.1]
2023-11-28 09:19:33,102 [INFO] ApiDb:240 - Found 323 in-development CPN: [B-G473E-ZEST1S, B-WB1M-WPAN1, B-WL5M-SUBG1, NUCLEO-C031C6, NUCLEO-H503RB, NUCLEO-H563ZI, NUCLEO-U545RE-Q, NUCLEO-U5A5ZJ-Q, NUCLEO-WBA52CG, STEVAL-PROTEUS1, STEVAL-SMARTAG2, STEVAL-STWINBX1, STM320518-EVAL, STM32C0116-DK, STM32C011D6Y3TR, STM32C011D6Y6TR, STM32C011F4P3, STM32C011F4P6, STM32C011F4U3, STM32C011F4U6TR, STM32C011F6P3, STM32C011F6P6, STM32C011F6U3, STM32C011F6U6TR, STM32C011J4M3, STM32C011J4M6, STM32C011J6M3, STM32C011J6M6, STM32C0316-DK, STM32C031C4T3, STM32C031C4T6, STM32C031C4U3, STM32C031C4U6, STM32C031C6T3, STM32C031C6T6, STM32C031C6U3, STM32C031C6U6, STM32C031F4P3, STM32C031F4P6, STM32C031F6P3, STM32C031F6P6, STM32C031G4U3, STM32C031G4U6, STM32C031G6U3, STM32C031G6U6, STM32C031K4T3, STM32C031K4T6, STM32C031K4U3, STM32C031K4U6, STM32C031K6T3, STM32C031K6T6, STM32C031K6U3, STM32C031K6U6, STM32G071K8TXN, STM32G071K8UXN, STM32G081GBU6N, STM32G081KBT6N, STM32G081KBUXN, STM32G0B1CCT6N, STM32G0B1KCT6, STM32G0B1NEY6TR, STM32G0B1RCT6N, STM32G0C1CCT6, STM32G0C1CCT6N, STM32G0C1CCU6N, STM32G0C1CET6N, STM32G0C1CEU6N, STM32G0C1KCT6, STM32G0C1NEY6TR, STM32G0C1RCI6N, STM32G0C1RCT6N, STM32G0C1REI6N, STM32G0C1RET6N, STM32G0C1VCI6, STM32G0C1VEI6, STM32G471CCT6, STM32G471CCU6, STM32G471CET3, STM32G471CET6, STM32G471CEU3, STM32G471CEU6, STM32G471MCT6, STM32G471MET3, STM32G471MET6, STM32G471MEY6TR, STM32G471QCT6, STM32G471QET3, STM32G471RCT6, STM32G471RET3, STM32G471RET6, STM32G471VCH6, STM32G471VCI6, STM32G471VCT6, STM32G471VEH3, STM32G471VEH6, STM32G471VEI3, STM32G471VEI6, STM32G471VET3, STM32G471VET6, STM32G474CCT6, STM32H503CBT6, STM32H503CBU6, STM32H503EBY6TR, STM32H503KBU6, STM32H503RBT6, STM32H562AGI6, STM32H562AII6, STM32H562IGK6, STM32H562IGT6, STM32H562IIK6, STM32H562IIT6, STM32H562RGT6, STM32H562RGV6, STM32H562RIT6, STM32H562RIV6, STM32H562VGT6, STM32H562VIT6, STM32H562ZGT6, STM32H562ZIT6, STM32H563AGI6, STM32H563AII3Q, STM32H563AII6, STM32H563IGK6, STM32H563IGT6, STM32H563IIK3Q, STM32H563IIK6, STM32H563IIT3Q, STM32H563IIT6, STM32H563MIY3QTR, STM32H563RGT6, STM32H563RGV6, STM32H563RIT6, STM32H563RIV6, STM32H563VGT6, STM32H563VIT3Q, STM32H563VIT6, STM32H563ZGT6, STM32H563ZIT3Q, STM32H563ZIT6, STM32H573AII3Q, STM32H573AII6, STM32H573I-DK, STM32H573IIK3Q, STM32H573IIK6, STM32H573IIT3Q, STM32H573IIT6, STM32H573MIY3QTR, STM32H573RIT6, STM32H573RIV6, STM32H573VIT3Q, STM32H573VIT6, STM32H573ZIT3Q, STM32H573ZIT6, STM32L4R5QGI6STR, STM32MP131AAE3, STM32MP131AAF3, STM32MP131AAG3, STM32MP131CAE3, STM32MP131CAF3, STM32MP131CAG3, STM32MP131DAE7, STM32MP131DAF7, STM32MP131DAG7, STM32MP131FAE7, STM32MP131FAF7, STM32MP131FAG7, STM32MP133AAE3, STM32MP133AAF3, STM32MP133AAG3, STM32MP133CAE3, STM32MP133CAF3, STM32MP133CAG3, STM32MP133DAE7, STM32MP133DAF7, STM32MP133DAG7, STM32MP133FAE7, STM32MP133FAF7, STM32MP133FAG7, STM32MP135AAE3, STM32MP135AAF3, STM32MP135AAG3, STM32MP135CAE3, STM32MP135CAF3, STM32MP135CAG3, STM32MP135DAE7, STM32MP135DAF7, STM32MP135DAG7, STM32MP135F-DK, STM32MP135FAE7, STM32MP135FAF7, STM32MP135FAF7T, STM32MP135FAF7U, STM32MP135FAG7, STM32U535CBT6, STM32U535CBT6Q, STM32U535CBU6, STM32U535CBU6Q, STM32U535CCT6, STM32U535CCT6Q, STM32U535CCU6, STM32U535CCU6Q, STM32U535CET6, STM32U535CET6Q, STM32U535CEU6, STM32U535CEU6Q, STM32U535JEY6QTR, STM32U535NCY6QTR, STM32U535NEY6QTR, STM32U535RBI6, STM32U535RBI6Q, STM32U535RBT6, STM32U535RBT6Q, STM32U535RCI6, STM32U535RCI6Q, STM32U535RCT6, STM32U535RCT6Q, STM32U535REI6, STM32U535REI6Q, STM32U535RET6, STM32U535RET6Q, STM32U535VCI6, STM32U535VCI6Q, STM32U535VCT6, STM32U535VCT6Q, STM32U535VEI6, STM32U535VEI6Q, STM32U535VET6, STM32U535VET6Q, STM32U545CET6, STM32U545CET6Q, STM32U545CEU6, STM32U545CEU6Q, STM32U545JEY6QTR, STM32U545NEY6QTR, STM32U545REI6, STM32U545REI6Q, STM32U545RET6, STM32U545RET6Q, STM32U545VEI6, STM32U545VEI6Q, STM32U545VET6, STM32U545VET6Q, STM32U595AIH6, STM32U595AIH6Q, STM32U595AJH6, STM32U595AJH6Q, STM32U595QII6, STM32U595QII6Q, STM32U595QJI6, STM32U595QJI6Q, STM32U595RIT6, STM32U595RIT6Q, STM32U595RJT6, STM32U595RJT6Q, STM32U595VIT6, STM32U595VIT6Q, STM32U595VJT6, STM32U595VJT6Q, STM32U595ZIT6, STM32U595ZIT6Q, STM32U595ZIY6QTR, STM32U595ZJT6, STM32U595ZJT6Q, STM32U595ZJY6QTR, STM32U599BJY6QTR, STM32U599NIH6Q, STM32U599NJH6Q, STM32U599VIT6Q, STM32U599VJT6, STM32U599VJT6Q, STM32U599ZIT6Q, STM32U599ZIY6QTR, STM32U599ZJT6Q, STM32U599ZJY6QTR, STM32U5A5AJH6, STM32U5A5AJH6Q, STM32U5A5QJI6, STM32U5A5QJI6Q, STM32U5A5RJT6, STM32U5A5RJT6Q, STM32U5A5VJT6, STM32U5A5VJT6Q, STM32U5A5ZJT6, STM32U5A5ZJT6Q, STM32U5A5ZJY6QTR, STM32U5A9BJY6QTR, STM32U5A9J-DK, STM32U5A9NJH6Q, STM32U5A9VJT6Q, STM32U5A9ZJT6Q, STM32U5A9ZJY6QTR, STM32U5F7VIT6, STM32U5F7VIT6Q, STM32U5F7VJT6, STM32U5F7VJT6Q, STM32U5F9BJY6QTR, STM32U5F9NJH6Q, STM32U5F9VIT6Q, STM32U5F9VJT6Q, STM32U5F9ZIJ6QTR, STM32U5F9ZIT6Q, STM32U5F9ZJJ6QTR, STM32U5F9ZJT6Q, STM32U5G7VJT6, STM32U5G7VJT6Q, STM32U5G9BJY6QTR, STM32U5G9J-DK1, STM32U5G9J-DK2, STM32U5G9NJH6Q, STM32U5G9VJT6Q, STM32U5G9ZJJ6QTR, STM32U5G9ZJT6Q, STM32WB1MMCH6, STM32WBA52CEU6, STM32WBA52CEU6T, STM32WBA52CGU6, STM32WBA52CGU6T, STM32WBA52KEU6, STM32WBA52KEU6T, STM32WBA52KGU6, STM32WBA52KGU6T, STM32WL5MOCH6, STM32WL5MOCH6TR]
2023-11-28 09:19:33,110 [INFO] DbMcus:217 - Found 3848 MCUs, 3848 are supported
2023-11-28 09:19:33,112 [INFO] ApiDb:423 - Load user favorites file C:\Users\acer/.stm32cubeide/favorites.mcus.txt: 0 item(s)
2023-11-28 09:19:33,112 [INFO] ApiDb:427 - User favorites MCUs=[]
2023-11-28 09:19:33,112 [INFO] DbMcus:223 - Set 0 / 0 favorites MCUs
2023-11-28 09:19:33,332 [WARN] ThirdParty:833 - waiting for thirdparty lock release [change project]
2023-11-28 09:19:33,333 [INFO] ThirdParty:835 - entering critical section [change project]
2023-11-28 09:19:33,333 [INFO] ThirdParty:1030 - CMSIS Pack Vendor :STMicroelectronics X-CUBE-ISPU 1.1.0
2023-11-28 09:19:33,333 [INFO] ThirdParty:1030 - CMSIS Pack Vendor :STMicroelectronics USBPD 4.1
2023-11-28 09:19:33,333 [INFO] ThirdParty:1030 - CMSIS Pack Vendor :STMicroelectronics X-CUBE-GNSS1 6.0.0
2023-11-28 09:19:33,333 [INFO] ThirdParty:1030 - CMSIS Pack Vendor :STMicroelectronics USB_HOST 2.0.0
2023-11-28 09:19:33,333 [INFO] ThirdParty:1030 - CMSIS Pack Vendor :STMicroelectronics X-CUBE-AZRTOS-F4 1.1.0
2023-11-28 09:19:33,333 [INFO] ThirdParty:1030 - CMSIS Pack Vendor :STMicroelectronics LIBJPEG 8.0.0
2023-11-28 09:19:33,333 [INFO] ThirdParty:1030 - CMSIS Pack Vendor :wolfSSL I-CUBE-wolfSSL 5.6.3
2023-11-28 09:19:33,333 [INFO] ThirdParty:1030 - CMSIS Pack Vendor :STMicroelectronics X-CUBE-SMBUS 2.1.0
2023-11-28 09:19:33,333 [INFO] ThirdParty:1030 - CMSIS Pack Vendor :STMicroelectronics USB_DEVICE 3.0.0
2023-11-28 09:19:33,333 [INFO] ThirdParty:1030 - CMSIS Pack Vendor :STMicroelectronics X-CUBE-AZRTOS-WB 2.0.0
2023-11-28 09:19:33,333 [INFO] ThirdParty:1030 - CMSIS Pack Vendor :STMicroelectronics X-CUBE-AZRTOS-F7 1.1.0
2023-11-28 09:19:33,333 [INFO] ThirdParty:1030 - CMSIS Pack Vendor :STMicroelectronics X-CUBE-AZRTOS-L5 2.0.0
2023-11-28 09:19:33,333 [INFO] ThirdParty:1030 - CMSIS Pack Vendor :STMicroelectronics USB_DEVICE 2.0.0
2023-11-28 09:19:33,333 [INFO] ThirdParty:1030 - CMSIS Pack Vendor :STMicroelectronics X-CUBE-MEMS1 9.6.0
2023-11-28 09:19:33,333 [INFO] ThirdParty:1030 - CMSIS Pack Vendor :STMicroelectronics X-CUBE-EEPRMA1 4.2.0
2023-11-28 09:19:33,333 [INFO] ThirdParty:1030 - CMSIS Pack Vendor :ITTIA_DB I-CUBE-ITTIADB 8.8.0
2023-11-28 09:19:33,333 [INFO] ThirdParty:1030 - CMSIS Pack Vendor :STMicroelectronics FP-SNS-MOTENV1 4.3.2
2023-11-28 09:19:33,333 [INFO] ThirdParty:1030 - CMSIS Pack Vendor :STMicroelectronics X-CUBE-ALGOBUILD 1.3.0
2023-11-28 09:19:33,333 [INFO] ThirdParty:1030 - CMSIS Pack Vendor :STMicroelectronics FreeRTOS 0.0.1
2023-11-28 09:19:33,333 [INFO] ThirdParty:1030 - CMSIS Pack Vendor :STMicroelectronics X-CUBE-AZRTOS-G0 1.1.0
2023-11-28 09:19:33,333 [INFO] ThirdParty:1030 - CMSIS Pack Vendor :STMicroelectronics X-CUBE-BLEMGR 2.0.0
2023-11-28 09:19:33,333 [INFO] ThirdParty:1030 - CMSIS Pack Vendor :STMicroelectronics X-CUBE-NFC4 3.0.0
2023-11-28 09:19:33,333 [INFO] ThirdParty:1030 - CMSIS Pack Vendor :STMicroelectronics X-CUBE-SUBG2 5.0.0
2023-11-28 09:19:33,333 [INFO] ThirdParty:1030 - CMSIS Pack Vendor :STMicroelectronics STM32_WPAN 1.0.0
2023-11-28 09:19:33,333 [INFO] ThirdParty:1030 - CMSIS Pack Vendor :STMicroelectronics lwIP 2.0.3
2023-11-28 09:19:33,333 [INFO] ThirdParty:1030 - CMSIS Pack Vendor :STMicroelectronics FP-SNS-FLIGHT1 5.0.2
2023-11-28 09:19:33,333 [INFO] ThirdParty:1030 - CMSIS Pack Vendor :STMicroelectronics USB_HOST 1.0.0
2023-11-28 09:19:33,333 [INFO] ThirdParty:1030 - CMSIS Pack Vendor :STMicroelectronics X-CUBE-TOF1 3.3.1
2023-11-28 09:19:33,333 [INFO] ThirdParty:1030 - CMSIS Pack Vendor :STMicroelectronics X-CUBE-AZRTOS-G4 2.0.0
2023-11-28 09:19:33,333 [INFO] ThirdParty:1030 - CMSIS Pack Vendor :STMicroelectronics PDM2PCM 3.1.0
2023-11-28 09:19:33,333 [INFO] ThirdParty:1030 - CMSIS Pack Vendor :STMicroelectronics X-CUBE-AZRTOS-H7 3.1.0
2023-11-28 09:19:33,333 [INFO] ThirdParty:1030 - CMSIS Pack Vendor :Infineon AIROC-Wi-Fi-Bluetooth-STM32 1.5.1
2023-11-28 09:19:33,333 [INFO] ThirdParty:1030 - CMSIS Pack Vendor :STMicroelectronics X-CUBE-BLEMGR 3.0.0
2023-11-28 09:19:33,333 [INFO] ThirdParty:1030 - CMSIS Pack Vendor :STMicroelectronics PDM2PCM 3.3.0
2023-11-28 09:19:33,333 [INFO] ThirdParty:1030 - CMSIS Pack Vendor :STMicroelectronics X-CUBE-DISPLAY 3.0.0
2023-11-28 09:19:33,333 [INFO] ThirdParty:1030 - CMSIS Pack Vendor :STMicroelectronics FP-SNS-MOTENVWB1 1.3.0
2023-11-28 09:19:33,333 [INFO] ThirdParty:1030 - CMSIS Pack Vendor :STMicroelectronics X-CUBE-BLE1 7.0.0
2023-11-28 09:19:33,333 [INFO] ThirdParty:1030 - CMSIS Pack Vendor :STMicroelectronics FP-ATR-SIGFOX1 3.2.0
2023-11-28 09:19:33,333 [INFO] ThirdParty:1030 - CMSIS Pack Vendor :STMicroelectronics HAL Drivers 0.0.0
2023-11-28 09:19:33,333 [INFO] ThirdParty:1030 - CMSIS Pack Vendor :STMicroelectronics MBEDTLS 2.16.2
2023-11-28 09:19:33,333 [INFO] ThirdParty:1030 - CMSIS Pack Vendor :emotas I-CUBE-CANOPEN 1.3.0
2023-11-28 09:19:33,333 [INFO] ThirdParty:1030 - CMSIS Pack Vendor :STMicroelectronics X-CUBE-MEMS1 10.0.0
2023-11-28 09:19:33,333 [INFO] ThirdParty:1030 - CMSIS Pack Vendor :STMicroelectronics X-CUBE-FREERTOS 1.1.0
2023-11-28 09:19:33,333 [INFO] ThirdParty:1030 - CMSIS Pack Vendor :STMicroelectronics X-CUBE-TOUCHGFX 4.22.0
2023-11-28 09:19:33,334 [INFO] ThirdParty:1030 - CMSIS Pack Vendor :STMicroelectronics X-CUBE-NFC7 1.0.1
2023-11-28 09:19:33,334 [INFO] ThirdParty:1030 - CMSIS Pack Vendor :STMicroelectronics MBEDTLS 2.14.1
2023-11-28 09:19:33,334 [INFO] ThirdParty:1030 - CMSIS Pack Vendor :STMicroelectronics X-CUBE-TOUCHGFX 4.22.1
2023-11-28 09:19:33,334 [INFO] ThirdParty:1030 - CMSIS Pack Vendor :STMicroelectronics X-CUBE-NFC6 3.0.0
2023-11-28 09:19:33,334 [INFO] ThirdParty:1030 - CMSIS Pack Vendor :STMicroelectronics X-CUBE-EEPRMA1 4.1.0
2023-11-28 09:19:33,334 [INFO] ThirdParty:1030 - CMSIS Pack Vendor :portGmbH I-Cube-SoM-uGOAL 1.1.0
2023-11-28 09:19:33,334 [INFO] ThirdParty:1030 - CMSIS Pack Vendor :STMicroelectronics X-CUBE-ALS 1.0.1
2023-11-28 09:19:33,334 [INFO] ThirdParty:1030 - CMSIS Pack Vendor :STMicroelectronics ThreadX 1.0.0
2023-11-28 09:19:33,334 [INFO] ThirdParty:1030 - CMSIS Pack Vendor :STMicroelectronics FP-SNS-SMARTAG2 1.2.0
2023-11-28 09:19:33,334 [INFO] ThirdParty:1030 - CMSIS Pack Vendor :STMicroelectronics X-CUBE-AZRTOS-WL 2.0.0
2023-11-28 09:19:33,334 [INFO] ThirdParty:1030 - CMSIS Pack Vendor :SEGGER I-CUBE-embOS 1.3.1
2023-11-28 09:19:33,334 [INFO] ThirdParty:1030 - CMSIS Pack Vendor :STMicroelectronics USB_DEVICE 1.0.0
2023-11-28 09:19:33,334 [INFO] ThirdParty:1030 - CMSIS Pack Vendor :STMicroelectronics X-CUBE-AI 8.1.0
2023-11-28 09:19:33,334 [INFO] ThirdParty:1030 - CMSIS Pack Vendor :STMicroelectronics X-CUBE-AZRTOS-L4 2.0.0
2023-11-28 09:19:33,334 [INFO] ThirdParty:1030 - CMSIS Pack Vendor :STMicroelectronics ThreadX 0.0.2
2023-11-28 09:19:33,334 [INFO] ThirdParty:1030 - CMSIS Pack Vendor :WES I-CUBE-Cesium 1.3.0
2023-11-28 09:19:33,334 [INFO] ThirdParty:1030 - CMSIS Pack Vendor :STMicroelectronics FP-ATR-ASTRA1 2.0.0
2023-11-28 09:19:33,334 [INFO] ThirdParty:1030 - CMSIS Pack Vendor :STMicroelectronics lwIP 2.1.2
2023-11-28 09:19:33,334 [INFO] ThirdParty:1030 - CMSIS Pack Vendor :STMicroelectronics X-CUBE-SFXS2LP1 4.0.0
2023-11-28 09:19:33,334 [INFO] ThirdParty:1030 - CMSIS Pack Vendor :STMicroelectronics X-CUBE-BLE2 3.3.0
2023-11-28 09:19:33,334 [INFO] ThirdParty:1030 - CMSIS Pack Vendor :STMicroelectronics X-CUBE-TOF1 3.4.0
2023-11-28 09:19:33,334 [INFO] ThirdParty:1030 - CMSIS Pack Vendor :STMicroelectronics PDM2PCM 3.2.0
2023-11-28 09:19:33,334 [INFO] ThirdParty:841 - exiting critical section [change project]
2023-11-28 09:19:33,549 [INFO] PinOutPanel:1499 - setPackage(No Configuration,No Configuration)
2023-11-28 09:19:33,550 [INFO] PinOutPanel:1499 - setPackage(STM32F103C8Tx,LQFP48)
2023-11-28 09:19:33,916 [INFO] UtilMem:75 - Before build in PCC Used Memory: 536783040 Bytes (1073741824)
2023-11-28 09:19:34,720 [INFO] UtilMem:75 - After build in PCC Used Memory: 599055936 Bytes (1073741824)
2023-11-28 09:19:34,755 [INFO] IPUIPlugin:80 - create IPUIPlugin
2023-11-28 09:19:34,756 [INFO] IPUIPlugin:80 - create IPUIPlugin
2023-11-28 09:19:34,756 [INFO] IPUIPlugin:80 - create IPUIPlugin
2023-11-28 09:19:34,756 [INFO] IPUIPlugin:80 - create IPUIPlugin
2023-11-28 09:19:34,756 [INFO] IPUIPlugin:80 - create IPUIPlugin
2023-11-28 09:19:34,756 [INFO] IPUIPlugin:80 - create IPUIPlugin
2023-11-28 09:19:34,756 [INFO] IPUIPlugin:80 - create IPUIPlugin
2023-11-28 09:19:34,756 [INFO] IPUIPlugin:80 - create IPUIPlugin
2023-11-28 09:19:34,756 [INFO] IPUIPlugin:80 - create IPUIPlugin
2023-11-28 09:19:34,756 [INFO] IPUIPlugin:80 - create IPUIPlugin
2023-11-28 09:19:34,756 [INFO] IPUIPlugin:80 - create IPUIPlugin
2023-11-28 09:19:34,756 [INFO] IPUIPlugin:80 - create IPUIPlugin
2023-11-28 09:19:34,756 [INFO] IPUIPlugin:80 - create IPUIPlugin
2023-11-28 09:19:34,757 [INFO] IPUIPlugin:80 - create IPUIPlugin
2023-11-28 09:19:34,757 [INFO] IPUIPlugin:80 - create IPUIPlugin
2023-11-28 09:19:34,757 [INFO] IPUIPlugin:80 - create IPUIPlugin
2023-11-28 09:19:34,758 [INFO] IPUIPlugin:80 - create IPUIPlugin
2023-11-28 09:19:34,758 [INFO] IPUIPlugin:80 - create IPUIPlugin
2023-11-28 09:19:34,758 [INFO] IPUIPlugin:80 - create IPUIPlugin
2023-11-28 09:19:34,758 [INFO] IPUIPlugin:80 - create IPUIPlugin
2023-11-28 09:19:34,758 [INFO] IPUIPlugin:80 - create IPUIPlugin
2023-11-28 09:19:34,759 [INFO] IPUIPlugin:80 - create IPUIPlugin
2023-11-28 09:19:34,759 [INFO] IPUIPlugin:80 - create IPUIPlugin
2023-11-28 09:19:34,759 [INFO] IPUIPlugin:80 - create IPUIPlugin
2023-11-28 09:19:34,759 [INFO] IPUIPlugin:80 - create IPUIPlugin
2023-11-28 09:19:34,760 [INFO] IPUIPlugin:80 - create IPUIPlugin
2023-11-28 09:19:34,760 [INFO] IPUIPlugin:80 - create IPUIPlugin
2023-11-28 09:19:34,773 [WARN] IP:2114 - I2C_Coeff_DF not found: check if there is a RefParameter without a condition.
2023-11-28 09:19:34,773 [WARN] IP:2114 - Analog_Filter not found: check if there is a RefParameter without a condition.
2023-11-28 09:19:34,967 [INFO] CADModel:165 - CPN selected for project levelSTM32F103C8T6
2023-11-28 09:19:34,967 [INFO] CADModel:114 - Register for checkConnection events
2023-11-28 09:19:35,014 [INFO] OpenFileManager:328 - Restore cursor
2023-11-28 09:19:35,133 [WARN] IP:2114 - I2C_Coeff_DF not found: check if there is a RefParameter without a condition.
2023-11-28 09:19:35,133 [WARN] IP:2114 - Analog_Filter not found: check if there is a RefParameter without a condition.
2023-11-28 09:19:35,134 [WARN] IP:2114 - I2C_Coeff_DF not found: check if there is a RefParameter without a condition.
2023-11-28 09:19:35,134 [WARN] IP:2114 - Analog_Filter not found: check if there is a RefParameter without a condition.
2023-11-28 09:20:01,072 [WARN] IP:2114 - I2C_Coeff_DF not found: check if there is a RefParameter without a condition.
2023-11-28 09:20:01,072 [WARN] IP:2114 - Analog_Filter not found: check if there is a RefParameter without a condition.
2023-11-28 09:20:01,072 [WARN] IP:2114 - I2C_Coeff_DF not found: check if there is a RefParameter without a condition.
2023-11-28 09:20:01,072 [WARN] IP:2114 - Analog_Filter not found: check if there is a RefParameter without a condition.
2023-11-28 09:20:10,499 [WARN] IP:2114 - I2C_Coeff_DF not found: check if there is a RefParameter without a condition.
2023-11-28 09:20:10,499 [WARN] IP:2114 - Analog_Filter not found: check if there is a RefParameter without a condition.
2023-11-28 09:20:10,499 [WARN] IP:2114 - I2C_Coeff_DF not found: check if there is a RefParameter without a condition.
2023-11-28 09:20:10,499 [WARN] IP:2114 - Analog_Filter not found: check if there is a RefParameter without a condition.
2023-11-28 09:20:41,573 [INFO] NvicIntPanel:101 - NVIC parent = com.st.microxplorer.plugins.ip.nvic.MultiNvicIntPanel[,0,0,0x0,invalid,layout=javax.swing.BoxLayout,alignmentX=0.0,alignmentY=0.0,border=,flags=9,maximumSize=,minimumSize=,preferredSize=]
2023-11-28 09:20:56,835 [INFO] NvicIntPanel:101 - NVIC parent = com.st.microxplorer.plugins.ip.nvic.MultiNvicIntPanel[,0,0,0x0,invalid,layout=javax.swing.BoxLayout,alignmentX=0.0,alignmentY=0.0,border=,flags=9,maximumSize=,minimumSize=,preferredSize=]
2023-11-28 09:23:04,892 [WARN] IP:2114 - I2C_Coeff_DF not found: check if there is a RefParameter without a condition.
2023-11-28 09:23:04,892 [WARN] IP:2114 - Analog_Filter not found: check if there is a RefParameter without a condition.
2023-11-28 09:23:04,893 [WARN] IP:2114 - I2C_Coeff_DF not found: check if there is a RefParameter without a condition.
2023-11-28 09:23:04,893 [WARN] IP:2114 - Analog_Filter not found: check if there is a RefParameter without a condition.
2023-11-28 09:23:14,713 [WARN] IP:2114 - I2C_Coeff_DF not found: check if there is a RefParameter without a condition.
2023-11-28 09:23:14,713 [WARN] IP:2114 - Analog_Filter not found: check if there is a RefParameter without a condition.
2023-11-28 09:23:14,713 [WARN] IP:2114 - I2C_Coeff_DF not found: check if there is a RefParameter without a condition.
2023-11-28 09:23:14,713 [WARN] IP:2114 - Analog_Filter not found: check if there is a RefParameter without a condition.
2023-11-28 09:23:58,190 [INFO] NvicIntPanel:101 - NVIC parent = com.st.microxplorer.plugins.ip.nvic.MultiNvicIntPanel[,0,0,0x0,invalid,layout=javax.swing.BoxLayout,alignmentX=0.0,alignmentY=0.0,border=,flags=9,maximumSize=,minimumSize=,preferredSize=]
2023-11-28 09:24:10,967 [INFO] NvicIntPanel:101 - NVIC parent = com.st.microxplorer.plugins.ip.nvic.MultiNvicIntPanel[,0,0,0x0,invalid,layout=javax.swing.BoxLayout,alignmentX=0.0,alignmentY=0.0,border=,flags=9,maximumSize=,minimumSize=,preferredSize=]
2023-11-28 09:25:40,927 [INFO] NvicIntPanel:101 - NVIC parent = com.st.microxplorer.plugins.ip.nvic.MultiNvicIntPanel[,0,0,0x0,invalid,layout=javax.swing.BoxLayout,alignmentX=0.0,alignmentY=0.0,border=,flags=9,maximumSize=,minimumSize=,preferredSize=]
2023-11-28 09:25:45,589 [INFO] NvicIntPanel:101 - NVIC parent = com.st.microxplorer.plugins.ip.nvic.MultiNvicIntPanel[,0,0,0x0,invalid,layout=javax.swing.BoxLayout,alignmentX=0.0,alignmentY=0.0,border=,flags=9,maximumSize=,minimumSize=,preferredSize=]
2023-11-28 09:26:07,273 [INFO] NvicIntPanel:101 - NVIC parent = com.st.microxplorer.plugins.ip.nvic.MultiNvicIntPanel[,0,0,0x0,invalid,layout=javax.swing.BoxLayout,alignmentX=0.0,alignmentY=0.0,border=,flags=9,maximumSize=,minimumSize=,preferredSize=]
2023-11-28 09:26:39,145 [INFO] NvicIntPanel:101 - NVIC parent = com.st.microxplorer.plugins.ip.nvic.MultiNvicIntPanel[,0,0,0x0,invalid,layout=javax.swing.BoxLayout,alignmentX=0.0,alignmentY=0.0,border=,flags=9,maximumSize=,minimumSize=,preferredSize=]
2023-11-28 09:27:11,477 [INFO] UtilMem:75 - End SaveConfig() Used Memory: 865296992 Bytes (1073741824)
2023-11-28 09:27:13,610 [INFO] UtilMem:75 - End SaveConfig() Used Memory: 879035904 Bytes (1073741824)
2023-11-28 09:27:14,833 [INFO] UtilMem:75 - End SaveConfig() Used Memory: 911541760 Bytes (1073741824)
2023-11-28 09:27:15,149 [INFO] BlockDiagram:2759 - set Specific Code input for plugin: SPI
2023-11-28 09:27:15,150 [INFO] BlockDiagram:2759 - set Specific Code input for plugin: NVIC
2023-11-28 09:27:15,150 [INFO] BlockDiagram:2759 - set Specific Code input for plugin: TIM1_8F1
2023-11-28 09:27:15,150 [INFO] BlockDiagram:2759 - set Specific Code input for plugin: TIM1_8F1
2023-11-28 09:27:15,150 [INFO] BlockDiagram:2759 - set Specific Code input for plugin: TIM1_8F1
2023-11-28 09:27:15,150 [INFO] BlockDiagram:2759 - set Specific Code input for plugin: SYS
2023-11-28 09:27:15,150 [INFO] BlockDiagram:2759 - set Specific Code input for plugin: GPIO
2023-11-28 09:27:15,150 [INFO] BlockDiagram:2759 - set Specific Code input for plugin: RCC
2023-11-28 09:27:15,150 [INFO] BlockDiagram:2759 - set Specific Code input for plugin: I2C
2023-11-28 09:27:15,152 [INFO] CodeGenerator:799 - code generatio: config db path: C:\ST\STM32CubeIDE_1.13.1\STM32CubeIDE\plugins\com.st.stm32cube.common.mx_6.9.1.202307191849\\db\
2023-11-28 09:27:15,166 [WARN] IP:2114 - I2C_Coeff_DF not found: check if there is a RefParameter without a condition.
2023-11-28 09:27:15,166 [WARN] IP:2114 - Analog_Filter not found: check if there is a RefParameter without a condition.
2023-11-28 09:27:15,409 [INFO] CodeEngine:255 - oldGeneratedFile, D:\My-Projects\Git\Temperature-Humidity-Supervisor\LoRa_Sender_Node\MXTmpFiles\license.tmp_save
2023-11-28 09:27:15,784 [INFO] CodeEngine:279 - Generated code: D:\My-Projects\Git\Temperature-Humidity-Supervisor\LoRa_Sender_Node\MXTmpFiles\license.tmp
2023-11-28 09:27:15,886 [INFO] CodeEngine:255 - oldGeneratedFile, D:\My-Projects\Git\Temperature-Humidity-Supervisor\LoRa_Sender_Node\MXTmpFiles\gpio.tmp_save
2023-11-28 09:27:16,082 [INFO] CodeEngine:279 - Generated code: D:\My-Projects\Git\Temperature-Humidity-Supervisor\LoRa_Sender_Node\MXTmpFiles\gpio.tmp
2023-11-28 09:27:16,366 [INFO] CodeEngine:255 - oldGeneratedFile, D:\My-Projects\Git\Temperature-Humidity-Supervisor\LoRa_Sender_Node\Core\Src\stm32f1xx_it.c_save
2023-11-28 09:27:16,532 [INFO] CodeEngine:279 - Generated code: D:\My-Projects\Git\Temperature-Humidity-Supervisor\LoRa_Sender_Node\Core\Src\stm32f1xx_it.c
2023-11-28 09:27:16,552 [INFO] CodeEngine:255 - oldGeneratedFile, D:\My-Projects\Git\Temperature-Humidity-Supervisor\LoRa_Sender_Node\Core\Inc\stm32f1xx_it.h_save
2023-11-28 09:27:16,638 [INFO] CodeEngine:279 - Generated code: D:\My-Projects\Git\Temperature-Humidity-Supervisor\LoRa_Sender_Node\Core\Inc\stm32f1xx_it.h
2023-11-28 09:27:16,663 [INFO] CodeEngine:255 - oldGeneratedFile, D:\My-Projects\Git\Temperature-Humidity-Supervisor\LoRa_Sender_Node\Core\Src\stm32f1xx_hal_msp.c_save
2023-11-28 09:27:16,778 [INFO] CodeEngine:279 - Generated code: D:\My-Projects\Git\Temperature-Humidity-Supervisor\LoRa_Sender_Node\Core\Src\stm32f1xx_hal_msp.c
2023-11-28 09:27:16,785 [INFO] CodeEngine:255 - oldGeneratedFile, D:\My-Projects\Git\Temperature-Humidity-Supervisor\LoRa_Sender_Node\MXTmpFiles\system.tmp_save
2023-11-28 09:27:16,842 [INFO] CodeEngine:279 - Generated code: D:\My-Projects\Git\Temperature-Humidity-Supervisor\LoRa_Sender_Node\MXTmpFiles\system.tmp
2023-11-28 09:27:16,871 [INFO] CodeEngine:311 - oldGeneratedFile, D:\My-Projects\Git\Temperature-Humidity-Supervisor\LoRa_Sender_Node\Core\Inc\stm32f1xx_hal_conf.h_save
2023-11-28 09:27:17,016 [INFO] CodeEngine:335 - Generated code: D:\My-Projects\Git\Temperature-Humidity-Supervisor\LoRa_Sender_Node\Core\Inc\stm32f1xx_hal_conf.h
2023-11-28 09:27:17,053 [WARN] IPConfigManager:3431 - IP not found : TIM
2023-11-28 09:27:17,054 [WARN] CodeGenerator:3760 - IP not found : null
2023-11-28 09:27:17,079 [INFO] CodeEngine:255 - oldGeneratedFile, D:\My-Projects\Git\Temperature-Humidity-Supervisor\LoRa_Sender_Node\Core\Inc\main.h_save
2023-11-28 09:27:17,200 [INFO] CodeEngine:279 - Generated code: D:\My-Projects\Git\Temperature-Humidity-Supervisor\LoRa_Sender_Node\Core\Inc\main.h
2023-11-28 09:27:17,223 [INFO] CodeEngine:255 - oldGeneratedFile, D:\My-Projects\Git\Temperature-Humidity-Supervisor\LoRa_Sender_Node\Core\Src\main.c_save
2023-11-28 09:27:17,390 [INFO] CodeEngine:279 - Generated code: D:\My-Projects\Git\Temperature-Humidity-Supervisor\LoRa_Sender_Node\Core\Src\main.c
2023-11-28 09:27:17,728 [INFO] ProjectBuilder:3064 - Time for Copy HAL[1] : 97mS.
2023-11-28 09:27:17,730 [INFO] ProjectBuilder:4404 - Project Generator version: 4.1.0
2023-11-28 09:27:17,830 [INFO] ConfigFileManager:1457 - The Die is : DIE410
2023-11-28 09:27:17,846 [INFO] ApiDbMcu:507 - Load IP Config File for FATFS
2023-11-28 09:27:17,854 [INFO] ApiDbMcu:507 - Load IP Config File for FREERTOS
2023-11-28 09:27:17,862 [INFO] ApiDbMcu:507 - Load IP Config File for USB_DEVICE
2023-11-28 09:27:18,581 [INFO] LogOutputStream:77 - [STDOUT_REDIRECT] 
2023-11-28 09:27:19,859 [INFO] ProjectBuilder:4626 - Time for Generating toolchain IDE Files: 2127mS.
2023-11-28 09:27:19,860 [INFO] ProjectBuilder:2935 - Time for Copy CMSIS : 0mS.
2023-11-28 09:27:19,862 [INFO] ProjectBuilder:2935 - Time for Copy CMSIS : 0mS.
2023-11-28 09:31:33,048 [INFO] NvicIntPanel:101 - NVIC parent = com.st.microxplorer.plugins.ip.nvic.MultiNvicIntPanel[,0,0,0x0,invalid,layout=javax.swing.BoxLayout,alignmentX=0.0,alignmentY=0.0,border=,flags=9,maximumSize=,minimumSize=,preferredSize=]
2023-11-28 09:31:35,492 [INFO] UtilMem:75 - End SaveConfig() Used Memory: 588261336 Bytes (1073741824)
2023-11-28 09:31:37,173 [INFO] UtilMem:75 - End SaveConfig() Used Memory: 601892824 Bytes (1073741824)
2023-11-28 09:31:38,522 [INFO] UtilMem:75 - End SaveConfig() Used Memory: 645933016 Bytes (1073741824)
2023-11-28 09:31:38,639 [INFO] BlockDiagram:2759 - set Specific Code input for plugin: SPI
2023-11-28 09:31:38,639 [INFO] BlockDiagram:2759 - set Specific Code input for plugin: NVIC
2023-11-28 09:31:38,639 [INFO] BlockDiagram:2759 - set Specific Code input for plugin: TIM1_8F1
2023-11-28 09:31:38,639 [INFO] BlockDiagram:2759 - set Specific Code input for plugin: TIM1_8F1
2023-11-28 09:31:38,639 [INFO] BlockDiagram:2759 - set Specific Code input for plugin: TIM1_8F1
2023-11-28 09:31:38,639 [INFO] BlockDiagram:2759 - set Specific Code input for plugin: SYS
2023-11-28 09:31:38,639 [INFO] BlockDiagram:2759 - set Specific Code input for plugin: GPIO
2023-11-28 09:31:38,639 [INFO] BlockDiagram:2759 - set Specific Code input for plugin: RCC
2023-11-28 09:31:38,639 [INFO] BlockDiagram:2759 - set Specific Code input for plugin: I2C
2023-11-28 09:31:38,640 [INFO] CodeGenerator:799 - code generatio: config db path: C:\ST\STM32CubeIDE_1.13.1\STM32CubeIDE\plugins\com.st.stm32cube.common.mx_6.9.1.202307191849\\db\
2023-11-28 09:31:38,640 [WARN] IP:2114 - I2C_Coeff_DF not found: check if there is a RefParameter without a condition.
2023-11-28 09:31:38,640 [WARN] IP:2114 - Analog_Filter not found: check if there is a RefParameter without a condition.
2023-11-28 09:31:38,705 [INFO] CodeEngine:255 - oldGeneratedFile, D:\My-Projects\Git\Temperature-Humidity-Supervisor\LoRa_Sender_Node\MXTmpFiles\license.tmp_save
2023-11-28 09:31:38,809 [INFO] CodeEngine:279 - Generated code: D:\My-Projects\Git\Temperature-Humidity-Supervisor\LoRa_Sender_Node\MXTmpFiles\license.tmp
2023-11-28 09:31:38,826 [INFO] CodeEngine:255 - oldGeneratedFile, D:\My-Projects\Git\Temperature-Humidity-Supervisor\LoRa_Sender_Node\MXTmpFiles\gpio.tmp_save
2023-11-28 09:31:38,923 [INFO] CodeEngine:279 - Generated code: D:\My-Projects\Git\Temperature-Humidity-Supervisor\LoRa_Sender_Node\MXTmpFiles\gpio.tmp
2023-11-28 09:31:39,014 [INFO] CodeEngine:255 - oldGeneratedFile, D:\My-Projects\Git\Temperature-Humidity-Supervisor\LoRa_Sender_Node\Core\Src\stm32f1xx_it.c_save
2023-11-28 09:31:39,117 [INFO] CodeEngine:279 - Generated code: D:\My-Projects\Git\Temperature-Humidity-Supervisor\LoRa_Sender_Node\Core\Src\stm32f1xx_it.c
2023-11-28 09:31:39,146 [INFO] CodeEngine:255 - oldGeneratedFile, D:\My-Projects\Git\Temperature-Humidity-Supervisor\LoRa_Sender_Node\Core\Inc\stm32f1xx_it.h_save
2023-11-28 09:31:39,180 [INFO] CodeEngine:279 - Generated code: D:\My-Projects\Git\Temperature-Humidity-Supervisor\LoRa_Sender_Node\Core\Inc\stm32f1xx_it.h
2023-11-28 09:31:39,201 [INFO] CodeEngine:255 - oldGeneratedFile, D:\My-Projects\Git\Temperature-Humidity-Supervisor\LoRa_Sender_Node\Core\Src\stm32f1xx_hal_msp.c_save
2023-11-28 09:31:39,296 [INFO] CodeEngine:279 - Generated code: D:\My-Projects\Git\Temperature-Humidity-Supervisor\LoRa_Sender_Node\Core\Src\stm32f1xx_hal_msp.c
2023-11-28 09:31:39,298 [INFO] CodeEngine:255 - oldGeneratedFile, D:\My-Projects\Git\Temperature-Humidity-Supervisor\LoRa_Sender_Node\MXTmpFiles\system.tmp_save
2023-11-28 09:31:39,332 [INFO] CodeEngine:279 - Generated code: D:\My-Projects\Git\Temperature-Humidity-Supervisor\LoRa_Sender_Node\MXTmpFiles\system.tmp
2023-11-28 09:31:39,352 [INFO] CodeEngine:311 - oldGeneratedFile, D:\My-Projects\Git\Temperature-Humidity-Supervisor\LoRa_Sender_Node\Core\Inc\stm32f1xx_hal_conf.h_save
2023-11-28 09:31:39,491 [INFO] CodeEngine:335 - Generated code: D:\My-Projects\Git\Temperature-Humidity-Supervisor\LoRa_Sender_Node\Core\Inc\stm32f1xx_hal_conf.h
2023-11-28 09:31:39,542 [WARN] IPConfigManager:3431 - IP not found : TIM
2023-11-28 09:31:39,542 [WARN] CodeGenerator:3760 - IP not found : null
2023-11-28 09:31:39,563 [INFO] CodeEngine:255 - oldGeneratedFile, D:\My-Projects\Git\Temperature-Humidity-Supervisor\LoRa_Sender_Node\Core\Inc\main.h_save
2023-11-28 09:31:39,686 [INFO] CodeEngine:279 - Generated code: D:\My-Projects\Git\Temperature-Humidity-Supervisor\LoRa_Sender_Node\Core\Inc\main.h
2023-11-28 09:31:39,708 [INFO] CodeEngine:255 - oldGeneratedFile, D:\My-Projects\Git\Temperature-Humidity-Supervisor\LoRa_Sender_Node\Core\Src\main.c_save
2023-11-28 09:31:39,837 [INFO] CodeEngine:279 - Generated code: D:\My-Projects\Git\Temperature-Humidity-Supervisor\LoRa_Sender_Node\Core\Src\main.c
2023-11-28 09:31:40,139 [INFO] ProjectBuilder:3064 - Time for Copy HAL[1] : 74mS.
2023-11-28 09:31:40,140 [INFO] ProjectBuilder:4404 - Project Generator version: 4.1.0
2023-11-28 09:31:40,229 [INFO] ConfigFileManager:1457 - The Die is : DIE410
2023-11-28 09:31:41,062 [INFO] ProjectBuilder:4626 - Time for Generating toolchain IDE Files: 922mS.
2023-11-28 09:31:41,063 [INFO] ProjectBuilder:2935 - Time for Copy CMSIS : 1mS.
2023-11-28 09:31:41,063 [INFO] ProjectBuilder:2935 - Time for Copy CMSIS : 0mS.
2023-11-28 10:37:38,519 [INFO] NvicIntPanel:101 - NVIC parent = com.st.microxplorer.plugins.ip.nvic.MultiNvicIntPanel[,0,0,0x0,invalid,layout=javax.swing.BoxLayout,alignmentX=0.0,alignmentY=0.0,border=,flags=9,maximumSize=,minimumSize=,preferredSize=]
2023-11-28 10:37:39,510 [INFO] UtilMem:75 - End SaveConfig() Used Memory: 866930840 Bytes (1073741824)
2023-11-28 10:37:40,381 [INFO] UtilMem:75 - End SaveConfig() Used Memory: 881393696 Bytes (1073741824)
2023-11-28 10:37:41,076 [INFO] UtilMem:75 - End SaveConfig() Used Memory: 935496304 Bytes (1073741824)
2023-11-28 10:37:41,225 [INFO] BlockDiagram:2759 - set Specific Code input for plugin: SPI
2023-11-28 10:37:41,225 [INFO] BlockDiagram:2759 - set Specific Code input for plugin: NVIC
2023-11-28 10:37:41,225 [INFO] BlockDiagram:2759 - set Specific Code input for plugin: TIM1_8F1
2023-11-28 10:37:41,225 [INFO] BlockDiagram:2759 - set Specific Code input for plugin: TIM1_8F1
2023-11-28 10:37:41,225 [INFO] BlockDiagram:2759 - set Specific Code input for plugin: TIM1_8F1
2023-11-28 10:37:41,226 [INFO] BlockDiagram:2759 - set Specific Code input for plugin: SYS
2023-11-28 10:37:41,226 [INFO] BlockDiagram:2759 - set Specific Code input for plugin: GPIO
2023-11-28 10:37:41,226 [INFO] BlockDiagram:2759 - set Specific Code input for plugin: RCC
2023-11-28 10:37:41,226 [INFO] BlockDiagram:2759 - set Specific Code input for plugin: I2C
2023-11-28 10:37:41,226 [INFO] CodeGenerator:799 - code generatio: config db path: C:\ST\STM32CubeIDE_1.13.1\STM32CubeIDE\plugins\com.st.stm32cube.common.mx_6.9.1.202307191849\\db\
2023-11-28 10:37:41,228 [WARN] IP:2114 - I2C_Coeff_DF not found: check if there is a RefParameter without a condition.
2023-11-28 10:37:41,228 [WARN] IP:2114 - Analog_Filter not found: check if there is a RefParameter without a condition.
2023-11-28 10:37:41,300 [INFO] CodeEngine:255 - oldGeneratedFile, D:\My-Projects\Git\Temperature-Humidity-Supervisor\LoRa_Sender_Node\MXTmpFiles\license.tmp_save
2023-11-28 10:37:41,379 [INFO] CodeEngine:279 - Generated code: D:\My-Projects\Git\Temperature-Humidity-Supervisor\LoRa_Sender_Node\MXTmpFiles\license.tmp
2023-11-28 10:37:41,397 [INFO] CodeEngine:255 - oldGeneratedFile, D:\My-Projects\Git\Temperature-Humidity-Supervisor\LoRa_Sender_Node\MXTmpFiles\gpio.tmp_save
2023-11-28 10:37:41,485 [INFO] CodeEngine:279 - Generated code: D:\My-Projects\Git\Temperature-Humidity-Supervisor\LoRa_Sender_Node\MXTmpFiles\gpio.tmp
2023-11-28 10:37:41,586 [INFO] CodeEngine:255 - oldGeneratedFile, D:\My-Projects\Git\Temperature-Humidity-Supervisor\LoRa_Sender_Node\Core\Src\stm32f1xx_it.c_save
2023-11-28 10:37:41,757 [INFO] CodeEngine:279 - Generated code: D:\My-Projects\Git\Temperature-Humidity-Supervisor\LoRa_Sender_Node\Core\Src\stm32f1xx_it.c
2023-11-28 10:37:41,762 [INFO] CodeEngine:255 - oldGeneratedFile, D:\My-Projects\Git\Temperature-Humidity-Supervisor\LoRa_Sender_Node\Core\Inc\stm32f1xx_it.h_save
2023-11-28 10:37:41,809 [INFO] CodeEngine:279 - Generated code: D:\My-Projects\Git\Temperature-Humidity-Supervisor\LoRa_Sender_Node\Core\Inc\stm32f1xx_it.h
2023-11-28 10:37:41,831 [INFO] CodeEngine:255 - oldGeneratedFile, D:\My-Projects\Git\Temperature-Humidity-Supervisor\LoRa_Sender_Node\Core\Src\stm32f1xx_hal_msp.c_save
2023-11-28 10:37:41,957 [INFO] CodeEngine:279 - Generated code: D:\My-Projects\Git\Temperature-Humidity-Supervisor\LoRa_Sender_Node\Core\Src\stm32f1xx_hal_msp.c
2023-11-28 10:37:41,959 [INFO] CodeEngine:255 - oldGeneratedFile, D:\My-Projects\Git\Temperature-Humidity-Supervisor\LoRa_Sender_Node\MXTmpFiles\system.tmp_save
2023-11-28 10:37:42,005 [INFO] CodeEngine:279 - Generated code: D:\My-Projects\Git\Temperature-Humidity-Supervisor\LoRa_Sender_Node\MXTmpFiles\system.tmp
2023-11-28 10:37:42,030 [INFO] CodeEngine:311 - oldGeneratedFile, D:\My-Projects\Git\Temperature-Humidity-Supervisor\LoRa_Sender_Node\Core\Inc\stm32f1xx_hal_conf.h_save
2023-11-28 10:37:42,120 [INFO] CodeEngine:335 - Generated code: D:\My-Projects\Git\Temperature-Humidity-Supervisor\LoRa_Sender_Node\Core\Inc\stm32f1xx_hal_conf.h
2023-11-28 10:37:42,145 [WARN] IPConfigManager:3431 - IP not found : TIM
2023-11-28 10:37:42,145 [WARN] CodeGenerator:3760 - IP not found : null
2023-11-28 10:37:42,163 [INFO] CodeEngine:255 - oldGeneratedFile, D:\My-Projects\Git\Temperature-Humidity-Supervisor\LoRa_Sender_Node\Core\Inc\main.h_save
2023-11-28 10:37:42,259 [INFO] CodeEngine:279 - Generated code: D:\My-Projects\Git\Temperature-Humidity-Supervisor\LoRa_Sender_Node\Core\Inc\main.h
2023-11-28 10:37:42,284 [INFO] CodeEngine:255 - oldGeneratedFile, D:\My-Projects\Git\Temperature-Humidity-Supervisor\LoRa_Sender_Node\Core\Src\main.c_save
2023-11-28 10:37:42,408 [INFO] CodeEngine:279 - Generated code: D:\My-Projects\Git\Temperature-Humidity-Supervisor\LoRa_Sender_Node\Core\Src\main.c
2023-11-28 10:37:42,724 [INFO] ProjectBuilder:3064 - Time for Copy HAL[1] : 103mS.
2023-11-28 10:37:42,725 [INFO] ProjectBuilder:4404 - Project Generator version: 4.1.0
2023-11-28 10:37:42,833 [INFO] ConfigFileManager:1457 - The Die is : DIE410
2023-11-28 10:37:43,589 [INFO] ProjectBuilder:4626 - Time for Generating toolchain IDE Files: 864mS.
2023-11-28 10:37:43,590 [INFO] ProjectBuilder:2935 - Time for Copy CMSIS : 1mS.
2023-11-28 10:37:43,591 [INFO] ProjectBuilder:2935 - Time for Copy CMSIS : 0mS.
2023-11-28 10:41:17,840 [INFO] NvicIntPanel:101 - NVIC parent = com.st.microxplorer.plugins.ip.nvic.MultiNvicIntPanel[,0,0,0x0,invalid,layout=javax.swing.BoxLayout,alignmentX=0.0,alignmentY=0.0,border=,flags=9,maximumSize=,minimumSize=,preferredSize=]
2023-11-28 10:41:18,667 [INFO] UtilMem:75 - End SaveConfig() Used Memory: 672346224 Bytes (1073741824)
2023-11-28 10:41:19,453 [INFO] UtilMem:75 - End SaveConfig() Used Memory: 686773248 Bytes (1073741824)
2023-11-28 10:41:20,136 [INFO] UtilMem:75 - End SaveConfig() Used Memory: 742098480 Bytes (1073741824)
2023-11-28 10:41:20,244 [INFO] BlockDiagram:2759 - set Specific Code input for plugin: SPI
2023-11-28 10:41:20,244 [INFO] BlockDiagram:2759 - set Specific Code input for plugin: NVIC
2023-11-28 10:41:20,244 [INFO] BlockDiagram:2759 - set Specific Code input for plugin: TIM1_8F1
2023-11-28 10:41:20,244 [INFO] BlockDiagram:2759 - set Specific Code input for plugin: TIM1_8F1
2023-11-28 10:41:20,244 [INFO] BlockDiagram:2759 - set Specific Code input for plugin: TIM1_8F1
2023-11-28 10:41:20,244 [INFO] BlockDiagram:2759 - set Specific Code input for plugin: SYS
2023-11-28 10:41:20,244 [INFO] BlockDiagram:2759 - set Specific Code input for plugin: GPIO
2023-11-28 10:41:20,244 [INFO] BlockDiagram:2759 - set Specific Code input for plugin: RCC
2023-11-28 10:41:20,244 [INFO] BlockDiagram:2759 - set Specific Code input for plugin: I2C
2023-11-28 10:41:20,244 [INFO] CodeGenerator:799 - code generatio: config db path: C:\ST\STM32CubeIDE_1.13.1\STM32CubeIDE\plugins\com.st.stm32cube.common.mx_6.9.1.202307191849\\db\
2023-11-28 10:41:20,245 [WARN] IP:2114 - I2C_Coeff_DF not found: check if there is a RefParameter without a condition.
2023-11-28 10:41:20,245 [WARN] IP:2114 - Analog_Filter not found: check if there is a RefParameter without a condition.
2023-11-28 10:41:20,302 [INFO] CodeEngine:255 - oldGeneratedFile, D:\My-Projects\Git\Temperature-Humidity-Supervisor\LoRa_Sender_Node\MXTmpFiles\license.tmp_save
2023-11-28 10:41:20,404 [INFO] CodeEngine:279 - Generated code: D:\My-Projects\Git\Temperature-Humidity-Supervisor\LoRa_Sender_Node\MXTmpFiles\license.tmp
2023-11-28 10:41:20,441 [INFO] CodeEngine:255 - oldGeneratedFile, D:\My-Projects\Git\Temperature-Humidity-Supervisor\LoRa_Sender_Node\MXTmpFiles\gpio.tmp_save
2023-11-28 10:41:20,550 [INFO] CodeEngine:279 - Generated code: D:\My-Projects\Git\Temperature-Humidity-Supervisor\LoRa_Sender_Node\MXTmpFiles\gpio.tmp
2023-11-28 10:41:20,640 [INFO] CodeEngine:255 - oldGeneratedFile, D:\My-Projects\Git\Temperature-Humidity-Supervisor\LoRa_Sender_Node\Core\Src\stm32f1xx_it.c_save
2023-11-28 10:41:20,742 [INFO] CodeEngine:279 - Generated code: D:\My-Projects\Git\Temperature-Humidity-Supervisor\LoRa_Sender_Node\Core\Src\stm32f1xx_it.c
2023-11-28 10:41:20,747 [INFO] CodeEngine:255 - oldGeneratedFile, D:\My-Projects\Git\Temperature-Humidity-Supervisor\LoRa_Sender_Node\Core\Inc\stm32f1xx_it.h_save
2023-11-28 10:41:20,777 [INFO] CodeEngine:279 - Generated code: D:\My-Projects\Git\Temperature-Humidity-Supervisor\LoRa_Sender_Node\Core\Inc\stm32f1xx_it.h
2023-11-28 10:41:20,804 [INFO] CodeEngine:255 - oldGeneratedFile, D:\My-Projects\Git\Temperature-Humidity-Supervisor\LoRa_Sender_Node\Core\Src\stm32f1xx_hal_msp.c_save
2023-11-28 10:41:20,895 [INFO] CodeEngine:279 - Generated code: D:\My-Projects\Git\Temperature-Humidity-Supervisor\LoRa_Sender_Node\Core\Src\stm32f1xx_hal_msp.c
2023-11-28 10:41:20,897 [INFO] CodeEngine:255 - oldGeneratedFile, D:\My-Projects\Git\Temperature-Humidity-Supervisor\LoRa_Sender_Node\MXTmpFiles\system.tmp_save
2023-11-28 10:41:20,926 [INFO] CodeEngine:279 - Generated code: D:\My-Projects\Git\Temperature-Humidity-Supervisor\LoRa_Sender_Node\MXTmpFiles\system.tmp
2023-11-28 10:41:20,945 [INFO] CodeEngine:311 - oldGeneratedFile, D:\My-Projects\Git\Temperature-Humidity-Supervisor\LoRa_Sender_Node\Core\Inc\stm32f1xx_hal_conf.h_save
2023-11-28 10:41:21,076 [INFO] CodeEngine:335 - Generated code: D:\My-Projects\Git\Temperature-Humidity-Supervisor\LoRa_Sender_Node\Core\Inc\stm32f1xx_hal_conf.h
2023-11-28 10:41:21,106 [WARN] IPConfigManager:3431 - IP not found : TIM
2023-11-28 10:41:21,107 [WARN] CodeGenerator:3760 - IP not found : null
2023-11-28 10:41:21,150 [INFO] CodeEngine:255 - oldGeneratedFile, D:\My-Projects\Git\Temperature-Humidity-Supervisor\LoRa_Sender_Node\Core\Inc\main.h_save
2023-11-28 10:41:21,238 [INFO] CodeEngine:279 - Generated code: D:\My-Projects\Git\Temperature-Humidity-Supervisor\LoRa_Sender_Node\Core\Inc\main.h
2023-11-28 10:41:21,258 [INFO] CodeEngine:255 - oldGeneratedFile, D:\My-Projects\Git\Temperature-Humidity-Supervisor\LoRa_Sender_Node\Core\Src\main.c_save
2023-11-28 10:41:21,386 [INFO] CodeEngine:279 - Generated code: D:\My-Projects\Git\Temperature-Humidity-Supervisor\LoRa_Sender_Node\Core\Src\main.c
2023-11-28 10:41:21,635 [INFO] ProjectBuilder:3064 - Time for Copy HAL[1] : 53mS.
2023-11-28 10:41:21,636 [INFO] ProjectBuilder:4404 - Project Generator version: 4.1.0
2023-11-28 10:41:21,772 [INFO] ConfigFileManager:1457 - The Die is : DIE410
2023-11-28 10:41:22,478 [INFO] ProjectBuilder:4626 - Time for Generating toolchain IDE Files: 842mS.
2023-11-28 10:41:22,479 [INFO] ProjectBuilder:2935 - Time for Copy CMSIS : 1mS.
2023-11-28 10:41:22,479 [INFO] ProjectBuilder:2935 - Time for Copy CMSIS : 0mS.
2023-11-28 11:57:43,647 [INFO] UtilMem:75 - End SaveConfig() Used Memory: 765784912 Bytes (1073741824)
2023-11-28 11:57:44,649 [INFO] UtilMem:75 - End SaveConfig() Used Memory: 779936808 Bytes (1073741824)
2023-11-28 11:57:45,945 [INFO] UtilMem:75 - End SaveConfig() Used Memory: 811395920 Bytes (1073741824)
2023-11-28 11:57:46,054 [INFO] BlockDiagram:2759 - set Specific Code input for plugin: SPI
2023-11-28 11:57:46,054 [INFO] BlockDiagram:2759 - set Specific Code input for plugin: NVIC
2023-11-28 11:57:46,054 [INFO] BlockDiagram:2759 - set Specific Code input for plugin: TIM1_8F1
2023-11-28 11:57:46,054 [INFO] BlockDiagram:2759 - set Specific Code input for plugin: TIM1_8F1
2023-11-28 11:57:46,054 [INFO] BlockDiagram:2759 - set Specific Code input for plugin: TIM1_8F1
2023-11-28 11:57:46,054 [INFO] BlockDiagram:2759 - set Specific Code input for plugin: SYS
2023-11-28 11:57:46,054 [INFO] BlockDiagram:2759 - set Specific Code input for plugin: GPIO
2023-11-28 11:57:46,054 [INFO] BlockDiagram:2759 - set Specific Code input for plugin: RCC
2023-11-28 11:57:46,054 [INFO] BlockDiagram:2759 - set Specific Code input for plugin: I2C
2023-11-28 11:57:46,055 [INFO] CodeGenerator:799 - code generatio: config db path: C:\ST\STM32CubeIDE_1.13.1\STM32CubeIDE\plugins\com.st.stm32cube.common.mx_6.9.1.202307191849\\db\
2023-11-28 11:57:46,056 [WARN] IP:2114 - I2C_Coeff_DF not found: check if there is a RefParameter without a condition.
2023-11-28 11:57:46,056 [WARN] IP:2114 - Analog_Filter not found: check if there is a RefParameter without a condition.
2023-11-28 11:57:46,127 [INFO] CodeEngine:255 - oldGeneratedFile, D:\My-Projects\Git\Temperature-Humidity-Supervisor\LoRa_Sender_Node\MXTmpFiles\license.tmp_save
2023-11-28 11:57:46,298 [INFO] CodeEngine:279 - Generated code: D:\My-Projects\Git\Temperature-Humidity-Supervisor\LoRa_Sender_Node\MXTmpFiles\license.tmp
2023-11-28 11:57:46,314 [INFO] CodeEngine:255 - oldGeneratedFile, D:\My-Projects\Git\Temperature-Humidity-Supervisor\LoRa_Sender_Node\MXTmpFiles\gpio.tmp_save
2023-11-28 11:57:46,502 [INFO] CodeEngine:279 - Generated code: D:\My-Projects\Git\Temperature-Humidity-Supervisor\LoRa_Sender_Node\MXTmpFiles\gpio.tmp
2023-11-28 11:57:46,575 [INFO] CodeEngine:255 - oldGeneratedFile, D:\My-Projects\Git\Temperature-Humidity-Supervisor\LoRa_Sender_Node\Core\Src\stm32f1xx_it.c_save
2023-11-28 11:57:46,766 [INFO] CodeEngine:279 - Generated code: D:\My-Projects\Git\Temperature-Humidity-Supervisor\LoRa_Sender_Node\Core\Src\stm32f1xx_it.c
2023-11-28 11:57:46,771 [INFO] CodeEngine:255 - oldGeneratedFile, D:\My-Projects\Git\Temperature-Humidity-Supervisor\LoRa_Sender_Node\Core\Inc\stm32f1xx_it.h_save
2023-11-28 11:57:46,816 [INFO] CodeEngine:279 - Generated code: D:\My-Projects\Git\Temperature-Humidity-Supervisor\LoRa_Sender_Node\Core\Inc\stm32f1xx_it.h
2023-11-28 11:57:46,837 [INFO] CodeEngine:255 - oldGeneratedFile, D:\My-Projects\Git\Temperature-Humidity-Supervisor\LoRa_Sender_Node\Core\Src\stm32f1xx_hal_msp.c_save
2023-11-28 11:57:46,951 [INFO] CodeEngine:279 - Generated code: D:\My-Projects\Git\Temperature-Humidity-Supervisor\LoRa_Sender_Node\Core\Src\stm32f1xx_hal_msp.c
2023-11-28 11:57:46,953 [INFO] CodeEngine:255 - oldGeneratedFile, D:\My-Projects\Git\Temperature-Humidity-Supervisor\LoRa_Sender_Node\MXTmpFiles\system.tmp_save
2023-11-28 11:57:47,000 [INFO] CodeEngine:279 - Generated code: D:\My-Projects\Git\Temperature-Humidity-Supervisor\LoRa_Sender_Node\MXTmpFiles\system.tmp
2023-11-28 11:57:47,024 [INFO] CodeEngine:311 - oldGeneratedFile, D:\My-Projects\Git\Temperature-Humidity-Supervisor\LoRa_Sender_Node\Core\Inc\stm32f1xx_hal_conf.h_save
2023-11-28 11:57:47,163 [INFO] CodeEngine:335 - Generated code: D:\My-Projects\Git\Temperature-Humidity-Supervisor\LoRa_Sender_Node\Core\Inc\stm32f1xx_hal_conf.h
2023-11-28 11:57:47,193 [WARN] IPConfigManager:3431 - IP not found : TIM
2023-11-28 11:57:47,194 [WARN] CodeGenerator:3760 - IP not found : null
2023-11-28 11:57:47,224 [INFO] CodeEngine:255 - oldGeneratedFile, D:\My-Projects\Git\Temperature-Humidity-Supervisor\LoRa_Sender_Node\Core\Inc\main.h_save
2023-11-28 11:57:47,348 [INFO] CodeEngine:279 - Generated code: D:\My-Projects\Git\Temperature-Humidity-Supervisor\LoRa_Sender_Node\Core\Inc\main.h
2023-11-28 11:57:47,374 [INFO] CodeEngine:255 - oldGeneratedFile, D:\My-Projects\Git\Temperature-Humidity-Supervisor\LoRa_Sender_Node\Core\Src\main.c_save
2023-11-28 11:57:47,487 [INFO] CodeEngine:279 - Generated code: D:\My-Projects\Git\Temperature-Humidity-Supervisor\LoRa_Sender_Node\Core\Src\main.c
2023-11-28 11:57:47,805 [INFO] ProjectBuilder:3064 - Time for Copy HAL[1] : 95mS.
2023-11-28 11:57:47,807 [INFO] ProjectBuilder:4404 - Project Generator version: 4.1.0
2023-11-28 11:57:47,954 [INFO] ConfigFileManager:1457 - The Die is : DIE410
2023-11-28 11:57:48,613 [INFO] ProjectBuilder:4626 - Time for Generating toolchain IDE Files: 805mS.
2023-11-28 11:57:48,613 [INFO] ProjectBuilder:2935 - Time for Copy CMSIS : 0mS.
2023-11-28 11:57:48,615 [INFO] ProjectBuilder:2935 - Time for Copy CMSIS : 0mS.
